TN:
SF:backend\src\core\powerflow\contingency\evaluator.js
FN:14,calculateFlows
FN:18,anonymous_1
FN:57,evaluateViolations
FN:72,anonymous_3
FN:94,anonymous_4
FN:95,anonymous_5
FN:125,rankContingencies
FN:126,anonymous_7
FN:138,anonymous_8
FN:146,getSecurityIndex
FN:149,anonymous_10
FN:163,getCriticalContingencies
FN:164,anonymous_12
FNDA:10,calculateFlows
FNDA:62,anonymous_1
FNDA:10,evaluateViolations
FNDA:50,anonymous_3
FNDA:62,anonymous_4
FNDA:224,anonymous_5
FNDA:2,rankContingencies
FNDA:18,anonymous_7
FNDA:29,anonymous_8
FNDA:4,getSecurityIndex
FNDA:36,anonymous_10
FNDA:3,getCriticalContingencies
FNDA:27,anonymous_12
FNF:13
FNH:13
BRDA:1,0,0,1
BRDA:14,1,0,10
BRDA:18,2,0,62
BRDA:57,3,0,10
BRDA:72,4,0,50
BRDA:75,5,0,0
BRDA:82,6,0,49
BRDA:82,7,0,1
BRDA:86,8,0,0
BRDA:94,9,0,62
BRDA:96,10,0,0
BRDA:95,11,0,224
BRDA:125,12,0,2
BRDA:126,13,0,18
BRDA:127,14,0,17
BRDA:131,15,0,8
BRDA:131,16,0,10
BRDA:132,17,0,8
BRDA:132,18,0,10
BRDA:133,19,0,1
BRDA:133,20,0,17
BRDA:138,21,0,29
BRDA:146,22,0,4
BRDA:147,23,0,0
BRDA:149,24,0,36
BRDA:150,25,0,20
BRDA:151,26,0,20
BRDA:163,27,0,3
BRDA:164,28,0,27
BRDA:165,29,0,11
BRF:30
BRH:26
DA:1,1
DA:2,1
DA:3,1
DA:4,1
DA:5,1
DA:6,1
DA:7,1
DA:8,1
DA:9,1
DA:10,1
DA:11,1
DA:12,1
DA:13,1
DA:14,10
DA:15,10
DA:16,10
DA:17,10
DA:18,10
DA:19,62
DA:20,62
DA:21,62
DA:22,62
DA:23,62
DA:24,62
DA:25,62
DA:26,62
DA:27,62
DA:28,62
DA:29,62
DA:30,62
DA:31,62
DA:32,62
DA:33,62
DA:34,62
DA:35,62
DA:36,62
DA:37,62
DA:38,62
DA:39,62
DA:40,62
DA:41,62
DA:42,62
DA:43,62
DA:44,62
DA:45,10
DA:46,10
DA:47,10
DA:48,10
DA:49,1
DA:50,1
DA:51,1
DA:52,1
DA:53,1
DA:54,1
DA:55,1
DA:56,1
DA:57,10
DA:58,10
DA:59,10
DA:60,10
DA:61,10
DA:62,10
DA:63,10
DA:64,10
DA:65,10
DA:66,10
DA:67,10
DA:68,10
DA:69,10
DA:70,10
DA:71,10
DA:72,10
DA:73,50
DA:74,50
DA:75,50
DA:76,0
DA:77,0
DA:78,0
DA:79,0
DA:80,0
DA:81,0
DA:82,50
DA:83,1
DA:84,1
DA:85,1
DA:86,1
DA:87,1
DA:88,1
DA:89,1
DA:90,10
DA:91,10
DA:92,10
DA:93,10
DA:94,10
DA:95,62
DA:96,62
DA:97,0
DA:98,0
DA:99,0
DA:100,0
DA:101,0
DA:102,0
DA:103,0
DA:104,0
DA:105,0
DA:106,0
DA:107,0
DA:108,0
DA:109,0
DA:110,0
DA:111,0
DA:112,0
DA:113,0
DA:114,0
DA:115,10
DA:116,10
DA:117,10
DA:118,10
DA:119,1
DA:120,1
DA:121,1
DA:122,1
DA:123,1
DA:124,1
DA:125,2
DA:126,2
DA:127,18
DA:128,18
DA:129,18
DA:130,18
DA:131,18
DA:132,18
DA:133,18
DA:134,18
DA:135,18
DA:136,18
DA:137,2
DA:138,2
DA:139,2
DA:140,1
DA:141,1
DA:142,1
DA:143,1
DA:144,1
DA:145,1
DA:146,4
DA:147,4
DA:148,4
DA:149,4
DA:150,36
DA:151,36
DA:152,20
DA:153,4
DA:154,4
DA:155,4
DA:156,4
DA:157,1
DA:158,1
DA:159,1
DA:160,1
DA:161,1
DA:162,1
DA:163,3
DA:164,3
DA:165,27
DA:166,3
DA:167,3
DA:168,1
DA:169,1
DA:170,1
DA:171,1
DA:172,1
DA:173,1
DA:174,1
DA:175,1
LH:151
LF:175
end_of_record
SF:backend\src\core\powerflow\contingency\generator.js
FN:13,generateN1Contingencies
FN:17,anonymous_1
FN:23,apply
FN:28,anonymous_3
FN:33,apply
FN:46,cloneModel
FN:56,removeLine
FN:58,anonymous_7
FN:68,removeGenerator
FN:70,anonymous_9
FN:84,generateN2Contingencies
FNDA:2,generateN1Contingencies
FNDA:14,anonymous_1
FNDA:14,apply
FNDA:10,anonymous_3
FNDA:4,apply
FNDA:18,cloneModel
FNDA:14,removeLine
FNDA:98,anonymous_7
FNDA:4,removeGenerator
FNDA:10,anonymous_9
FNDA:0,generateN2Contingencies
FNF:11
FNH:10
BRDA:1,0,0,1
BRDA:13,1,0,2
BRDA:17,2,0,14
BRDA:23,3,0,14
BRDA:28,4,0,10
BRDA:29,5,0,4
BRDA:29,6,0,4
BRDA:33,7,0,4
BRDA:46,8,0,18
BRDA:56,9,0,14
BRDA:58,10,0,98
BRDA:68,11,0,4
BRDA:70,12,0,10
BRF:13
BRH:13
DA:1,1
DA:2,1
DA:3,1
DA:4,1
DA:5,1
DA:6,1
DA:7,1
DA:8,1
DA:9,1
DA:10,1
DA:11,1
DA:12,1
DA:13,2
DA:14,2
DA:15,2
DA:16,2
DA:17,2
DA:18,14
DA:19,14
DA:20,14
DA:21,14
DA:22,14
DA:23,14
DA:24,14
DA:25,2
DA:26,2
DA:27,2
DA:28,2
DA:29,10
DA:30,4
DA:31,4
DA:32,4
DA:33,4
DA:34,4
DA:35,4
DA:36,2
DA:37,2
DA:38,2
DA:39,2
DA:40,1
DA:41,1
DA:42,1
DA:43,1
DA:44,1
DA:45,1
DA:46,18
DA:47,18
DA:48,18
DA:49,1
DA:50,1
DA:51,1
DA:52,1
DA:53,1
DA:54,1
DA:55,1
DA:56,14
DA:57,14
DA:58,14
DA:59,14
DA:60,14
DA:61,1
DA:62,1
DA:63,1
DA:64,1
DA:65,1
DA:66,1
DA:67,1
DA:68,4
DA:69,4
DA:70,4
DA:71,4
DA:72,4
DA:73,4
DA:74,4
DA:75,4
DA:76,4
DA:77,1
DA:78,1
DA:79,1
DA:80,1
DA:81,1
DA:82,1
DA:83,1
DA:84,0
DA:85,0
DA:86,0
DA:87,0
DA:88,0
DA:89,0
DA:90,0
DA:91,0
DA:92,0
DA:93,0
DA:94,0
DA:95,0
DA:96,0
DA:97,0
DA:98,0
DA:99,0
DA:100,0
DA:101,0
DA:102,0
DA:103,0
DA:104,0
DA:105,0
DA:106,0
DA:107,0
DA:108,0
DA:109,0
DA:110,0
DA:111,0
DA:112,0
DA:113,0
DA:114,0
DA:115,0
DA:116,0
DA:117,0
DA:118,0
DA:119,0
DA:120,0
DA:121,0
DA:122,0
DA:123,0
DA:124,0
DA:125,0
DA:126,0
DA:127,0
DA:128,0
DA:129,0
DA:130,0
DA:131,0
DA:132,0
DA:133,0
DA:134,0
DA:135,1
DA:136,1
DA:137,1
DA:138,1
DA:139,1
DA:140,1
DA:141,1
DA:142,1
LH:91
LF:142
end_of_record
SF:backend\src\core\powerflow\contingency\index.js
FNF:0
FNH:0
BRDA:1,0,0,1
BRF:1
BRH:1
DA:1,1
DA:2,1
DA:3,1
DA:4,1
DA:5,1
DA:6,1
DA:7,1
DA:8,1
DA:9,1
DA:10,1
DA:11,1
DA:12,1
DA:13,1
DA:14,1
DA:15,1
DA:16,1
DA:17,1
DA:18,1
DA:19,1
DA:20,1
DA:21,1
DA:22,1
DA:23,1
DA:24,1
DA:25,1
DA:26,1
DA:27,1
DA:28,1
DA:29,1
DA:30,1
DA:31,1
DA:32,1
DA:33,1
LH:33
LF:33
end_of_record
SF:backend\src\core\powerflow\contingency\runner.js
FN:19,runN1Contingency
FN:87,anonymous_1
FN:88,anonymous_2
FN:89,anonymous_3
FN:102,runN2Contingency
FNDA:18,runN1Contingency
FNDA:18,anonymous_1
FNDA:18,anonymous_2
FNDA:18,anonymous_3
FNDA:0,runN2Contingency
FNF:5
FNH:4
BRDA:1,0,0,1
BRDA:19,1,0,2
BRDA:31,2,0,1
BRDA:32,3,0,1
BRDA:39,4,0,18
BRDA:47,5,0,9
BRDA:48,6,0,9
BRDA:50,7,0,8
BRDA:54,8,0,0
BRDA:61,9,0,10
BRDA:62,10,0,8
BRDA:87,11,0,18
BRDA:87,12,0,10
BRDA:88,13,0,18
BRDA:88,14,0,1
BRDA:89,15,0,18
BRDA:89,16,0,10
BRDA:89,17,0,10
BRF:18
BRH:17
DA:1,1
DA:2,1
DA:3,1
DA:4,1
DA:5,1
DA:6,1
DA:7,1
DA:8,1
DA:9,1
DA:10,1
DA:11,1
DA:12,1
DA:13,1
DA:14,1
DA:15,1
DA:16,1
DA:17,1
DA:18,1
DA:19,2
DA:20,2
DA:21,2
DA:22,2
DA:23,2
DA:24,2
DA:25,2
DA:26,2
DA:27,2
DA:28,2
DA:29,2
DA:30,2
DA:31,2
DA:32,2
DA:33,2
DA:34,2
DA:35,2
DA:36,2
DA:37,2
DA:38,2
DA:39,2
DA:40,18
DA:41,18
DA:42,18
DA:43,18
DA:44,18
DA:45,18
DA:46,18
DA:47,18
DA:48,18
DA:49,18
DA:50,18
DA:51,8
DA:52,8
DA:53,18
DA:54,18
DA:55,0
DA:56,0
DA:57,0
DA:58,18
DA:59,18
DA:60,18
DA:61,18
DA:62,18
DA:63,18
DA:64,18
DA:65,18
DA:66,18
DA:67,18
DA:68,18
DA:69,18
DA:70,18
DA:71,18
DA:72,18
DA:73,18
DA:74,18
DA:75,18
DA:76,18
DA:77,2
DA:78,2
DA:79,2
DA:80,2
DA:81,2
DA:82,2
DA:83,2
DA:84,2
DA:85,2
DA:86,2
DA:87,2
DA:88,2
DA:89,2
DA:90,2
DA:91,2
DA:92,2
DA:93,2
DA:94,2
DA:95,1
DA:96,1
DA:97,1
DA:98,1
DA:99,1
DA:100,1
DA:101,1
DA:102,0
DA:103,0
DA:104,0
DA:105,0
DA:106,0
DA:107,0
DA:108,0
DA:109,0
DA:110,0
DA:111,0
DA:112,0
DA:113,0
DA:114,0
DA:115,0
DA:116,0
DA:117,0
DA:118,0
DA:119,0
DA:120,0
DA:121,0
DA:122,0
DA:123,0
DA:124,0
DA:125,0
DA:126,0
DA:127,0
DA:128,0
DA:129,0
DA:130,0
DA:131,0
DA:132,0
DA:133,0
DA:134,0
DA:135,0
DA:136,0
DA:137,0
DA:138,0
DA:139,0
DA:140,0
DA:141,0
DA:142,0
DA:143,0
DA:144,0
DA:145,0
DA:146,0
DA:147,0
DA:148,0
DA:149,0
DA:150,0
DA:151,0
DA:152,0
DA:153,0
DA:154,0
DA:155,0
DA:156,0
DA:157,0
DA:158,0
DA:159,0
DA:160,0
DA:161,0
DA:162,0
DA:163,0
DA:164,0
DA:165,0
DA:166,0
DA:167,0
DA:168,0
DA:169,0
DA:170,0
DA:171,0
DA:172,0
DA:173,0
DA:174,1
DA:175,1
DA:176,1
DA:177,1
DA:178,1
LH:103
LF:178
end_of_record
SF:backend\src\core\powerflow\dynamics\integrators\rk4.js
FN:15,rk4Step
FN:19,anonymous_1
FN:22,anonymous_2
FN:25,anonymous_3
FN:29,anonymous_4
FN:42,rk4Adaptive
FN:48,anonymous_6
FN:76,integrate
FNDA:400,rk4Step
FNDA:800,anonymous_1
FNDA:800,anonymous_2
FNDA:800,anonymous_3
FNDA:800,anonymous_4
FNDA:200,rk4Adaptive
FNDA:400,anonymous_6
FNDA:0,integrate
FNF:8
FNH:7
BRDA:1,0,0,1
BRDA:15,1,0,400
BRDA:19,2,0,800
BRDA:22,3,0,800
BRDA:25,4,0,800
BRDA:29,5,0,800
BRDA:42,6,0,200
BRDA:56,7,0,0
BRDA:48,8,0,400
BRF:9
BRH:8
DA:1,1
DA:2,1
DA:3,1
DA:4,1
DA:5,1
DA:6,1
DA:7,1
DA:8,1
DA:9,1
DA:10,1
DA:11,1
DA:12,1
DA:13,1
DA:14,1
DA:15,400
DA:16,400
DA:17,400
DA:18,400
DA:19,400
DA:20,400
DA:21,400
DA:22,400
DA:23,400
DA:24,400
DA:25,400
DA:26,400
DA:27,400
DA:28,400
DA:29,400
DA:30,800
DA:31,400
DA:32,400
DA:33,1
DA:34,1
DA:35,1
DA:36,1
DA:37,1
DA:38,1
DA:39,1
DA:40,1
DA:41,1
DA:42,200
DA:43,200
DA:44,200
DA:45,200
DA:46,200
DA:47,200
DA:48,200
DA:49,400
DA:50,200
DA:51,200
DA:52,200
DA:53,200
DA:54,200
DA:55,200
DA:56,200
DA:57,0
DA:58,0
DA:59,200
DA:60,200
DA:61,200
DA:62,200
DA:63,200
DA:64,200
DA:65,200
DA:66,1
DA:67,1
DA:68,1
DA:69,1
DA:70,1
DA:71,1
DA:72,1
DA:73,1
DA:74,1
DA:75,1
DA:76,0
DA:77,0
DA:78,0
DA:79,0
DA:80,0
DA:81,0
DA:82,0
DA:83,0
DA:84,0
DA:85,0
DA:86,0
DA:87,0
DA:88,0
DA:89,0
DA:90,0
DA:91,0
DA:92,0
DA:93,0
DA:94,0
DA:95,0
DA:96,0
DA:97,0
DA:98,0
DA:99,1
DA:100,1
DA:101,1
DA:102,1
DA:103,1
DA:104,1
LH:79
LF:104
end_of_record
SF:backend\src\core\powerflow\dynamics\models\generator.js
FN:21,Generator
FN:40,calculateElectricalPower
FN:52,derivatives
FN:71,updateEuler
FN:85,updateRK4
FN:119,isUnstable
FN:127,getState
FN:139,reset
FNDA:1,Generator
FNDA:200,calculateElectricalPower
FNDA:200,derivatives
FNDA:0,updateEuler
FNDA:0,updateRK4
FNDA:400,isUnstable
FNDA:200,getState
FNDA:0,reset
FNF:8
FNH:5
BRDA:1,0,0,1
BRDA:21,1,0,1
BRDA:40,2,0,200
BRDA:52,3,0,200
BRDA:119,4,0,400
BRDA:127,5,0,200
BRF:6
BRH:6
DA:1,1
DA:2,1
DA:3,1
DA:4,1
DA:5,1
DA:6,1
DA:7,1
DA:8,1
DA:9,1
DA:10,1
DA:11,1
DA:12,1
DA:13,1
DA:14,1
DA:15,1
DA:16,1
DA:17,1
DA:18,1
DA:19,1
DA:20,1
DA:21,1
DA:22,1
DA:23,1
DA:24,1
DA:25,1
DA:26,1
DA:27,1
DA:28,1
DA:29,1
DA:30,1
DA:31,1
DA:32,1
DA:33,1
DA:34,1
DA:35,1
DA:36,1
DA:37,1
DA:38,1
DA:39,1
DA:40,1
DA:41,200
DA:42,200
DA:43,200
DA:44,1
DA:45,1
DA:46,1
DA:47,1
DA:48,1
DA:49,1
DA:50,1
DA:51,1
DA:52,1
DA:53,200
DA:54,200
DA:55,200
DA:56,200
DA:57,200
DA:58,200
DA:59,200
DA:60,200
DA:61,200
DA:62,200
DA:63,1
DA:64,1
DA:65,1
DA:66,1
DA:67,1
DA:68,1
DA:69,1
DA:70,1
DA:71,1
DA:72,0
DA:73,0
DA:74,0
DA:75,0
DA:76,0
DA:77,1
DA:78,1
DA:79,1
DA:80,1
DA:81,1
DA:82,1
DA:83,1
DA:84,1
DA:85,1
DA:86,0
DA:87,0
DA:88,0
DA:89,0
DA:90,0
DA:91,0
DA:92,0
DA:93,0
DA:94,0
DA:95,0
DA:96,0
DA:97,0
DA:98,0
DA:99,0
DA:100,0
DA:101,0
DA:102,0
DA:103,0
DA:104,0
DA:105,0
DA:106,0
DA:107,0
DA:108,0
DA:109,0
DA:110,0
DA:111,0
DA:112,0
DA:113,0
DA:114,1
DA:115,1
DA:116,1
DA:117,1
DA:118,1
DA:119,1
DA:120,400
DA:121,400
DA:122,1
DA:123,1
DA:124,1
DA:125,1
DA:126,1
DA:127,1
DA:128,200
DA:129,200
DA:130,200
DA:131,200
DA:132,200
DA:133,200
DA:134,200
DA:135,1
DA:136,1
DA:137,1
DA:138,1
DA:139,1
DA:140,0
DA:141,0
DA:142,0
DA:143,0
DA:144,1
DA:145,1
DA:146,1
LH:109
LF:146
end_of_record
SF:backend\src\core\powerflow\dynamics\solver\dynamicSolver.js
FN:19,DynamicPowerFlowSolver
FN:34,anonymous_1
FN:53,updateNetworkFromGenerators
FN:54,anonymous_3
FN:55,anonymous_4
FN:72,solvePowerFlow
FN:88,calculateDerivatives
FN:92,anonymous_7
FN:103,anonymous_8
FN:132,checkStability
FN:133,anonymous_10
FN:140,run
FN:152,anonymous_12
FN:170,anonymous_13
FN:173,anonymous_14
FN:177,anonymous_15
FN:191,anonymous_16
FN:192,anonymous_17
FN:209,getFinalState
FN:221,applyFault
FN:223,anonymous_20
FN:234,clearFault
FN:245,rk4Step
FNDA:1,DynamicPowerFlowSolver
FNDA:4,anonymous_1
FNDA:200,updateNetworkFromGenerators
FNDA:200,anonymous_3
FNDA:200,anonymous_4
FNDA:401,solvePowerFlow
FNDA:201,calculateDerivatives
FNDA:201,anonymous_7
FNDA:200,anonymous_8
FNDA:200,checkStability
FNDA:200,anonymous_10
FNDA:200,run
FNDA:1,anonymous_12
FNDA:1600,anonymous_13
FNDA:0,anonymous_14
FNDA:200,anonymous_15
FNDA:200,anonymous_16
FNDA:200,anonymous_17
FNDA:0,getFinalState
FNDA:1,applyFault
FNDA:2,anonymous_20
FNDA:0,clearFault
FNDA:0,rk4Step
FNF:23
FNH:19
BRDA:1,0,0,1
BRDA:19,1,0,1
BRDA:34,2,0,4
BRDA:35,3,0,1
BRDA:35,4,0,1
BRDA:37,5,0,0
BRDA:38,6,0,0
BRDA:40,7,0,0
BRDA:53,8,0,200
BRDA:54,9,0,200
BRDA:60,10,0,0
BRDA:55,11,0,200
BRDA:72,12,0,401
BRDA:77,13,0,0
BRDA:88,14,0,201
BRDA:92,15,0,201
BRDA:105,16,0,200
BRDA:105,17,0,200
BRDA:114,18,0,0
BRDA:118,19,0,0
BRDA:103,20,0,200
BRDA:132,21,0,200
BRDA:133,22,0,200
BRDA:140,23,0,1
BRDA:160,24,0,200
BRDA:160,25,0,200
BRDA:172,26,0,0
BRDA:183,27,0,0
BRDA:152,28,0,1
BRDA:170,29,0,1600
BRDA:177,30,0,200
BRDA:191,31,0,200
BRDA:192,32,0,200
BRDA:221,33,0,1
BRDA:223,34,0,2
BRF:35
BRH:26
DA:1,1
DA:2,1
DA:3,1
DA:4,1
DA:5,1
DA:6,1
DA:7,1
DA:8,1
DA:9,1
DA:10,1
DA:11,1
DA:12,1
DA:13,1
DA:14,1
DA:15,1
DA:16,1
DA:17,1
DA:18,1
DA:19,1
DA:20,1
DA:21,1
DA:22,1
DA:23,1
DA:24,1
DA:25,1
DA:26,1
DA:27,1
DA:28,1
DA:29,1
DA:30,1
DA:31,1
DA:32,1
DA:33,1
DA:34,1
DA:35,4
DA:36,1
DA:37,1
DA:38,1
DA:39,1
DA:40,1
DA:41,1
DA:42,1
DA:43,1
DA:44,1
DA:45,1
DA:46,1
DA:47,1
DA:48,1
DA:49,1
DA:50,1
DA:51,1
DA:52,1
DA:53,1
DA:54,200
DA:55,200
DA:56,200
DA:57,200
DA:58,200
DA:59,200
DA:60,200
DA:61,200
DA:62,200
DA:63,200
DA:64,200
DA:65,200
DA:66,1
DA:67,1
DA:68,1
DA:69,1
DA:70,1
DA:71,1
DA:72,1
DA:73,401
DA:74,401
DA:75,401
DA:76,401
DA:77,401
DA:78,0
DA:79,0
DA:80,401
DA:81,1
DA:82,1
DA:83,1
DA:84,1
DA:85,1
DA:86,1
DA:87,1
DA:88,1
DA:89,201
DA:90,201
DA:91,201
DA:92,201
DA:93,201
DA:94,201
DA:95,201
DA:96,201
DA:97,201
DA:98,201
DA:99,201
DA:100,201
DA:101,201
DA:102,201
DA:103,201
DA:104,201
DA:105,201
DA:106,200
DA:107,200
DA:108,200
DA:109,200
DA:110,200
DA:111,200
DA:112,200
DA:113,200
DA:114,201
DA:115,0
DA:116,0
DA:117,0
DA:118,201
DA:119,0
DA:120,0
DA:121,0
DA:122,201
DA:123,201
DA:124,201
DA:125,201
DA:126,1
DA:127,1
DA:128,1
DA:129,1
DA:130,1
DA:131,1
DA:132,1
DA:133,200
DA:134,200
DA:135,1
DA:136,1
DA:137,1
DA:138,1
DA:139,1
DA:140,1
DA:141,1
DA:142,1
DA:143,1
DA:144,1
DA:145,1
DA:146,1
DA:147,1
DA:148,1
DA:149,1
DA:150,1
DA:151,1
DA:152,1
DA:153,1
DA:154,1
DA:155,1
DA:156,1
DA:157,1
DA:158,1
DA:159,1
DA:160,1
DA:161,200
DA:162,200
DA:163,200
DA:164,200
DA:165,200
DA:166,200
DA:167,200
DA:168,200
DA:169,200
DA:170,200
DA:171,200
DA:172,200
DA:173,0
DA:174,0
DA:175,200
DA:176,200
DA:177,200
DA:178,200
DA:179,200
DA:180,200
DA:181,200
DA:182,200
DA:183,200
DA:184,0
DA:185,0
DA:186,0
DA:187,0
DA:188,200
DA:189,200
DA:190,200
DA:191,200
DA:192,200
DA:193,200
DA:194,200
DA:195,200
DA:196,200
DA:197,200
DA:198,200
DA:199,200
DA:200,200
DA:201,1
DA:202,1
DA:203,1
DA:204,1
DA:205,1
DA:206,1
DA:207,1
DA:208,1
DA:209,1
DA:210,0
DA:211,0
DA:212,0
DA:213,0
DA:214,0
DA:215,0
DA:216,1
DA:217,1
DA:218,1
DA:219,1
DA:220,1
DA:221,1
DA:222,1
DA:223,1
DA:224,1
DA:225,1
DA:226,1
DA:227,1
DA:228,1
DA:229,1
DA:230,1
DA:231,1
DA:232,1
DA:233,1
DA:234,1
DA:235,0
DA:236,0
DA:237,0
DA:238,0
DA:239,0
DA:240,0
DA:241,0
DA:242,1
DA:243,1
DA:244,1
DA:245,0
DA:246,0
DA:247,0
DA:248,0
DA:249,0
DA:250,0
DA:251,0
DA:252,0
DA:253,0
DA:254,0
DA:255,0
DA:256,0
DA:257,0
DA:258,1
DA:259,1
LH:219
LF:259
end_of_record
SF:backend\src\core\powerflow\fastDecoupled.js
FN:17,buildBprime
FN:26,anonymous_1
FN:43,buildBdoubleprime
FN:45,anonymous_3
FN:64,solveFDLF
FN:79,anonymous_5
FN:94,anonymous_6
FN:105,getV
FN:106,getTheta
FN:214,solveLinearSystem
FN:216,anonymous_10
FNDA:4601,buildBprime
FNDA:1451,anonymous_1
FNDA:1858,buildBdoubleprime
FNDA:927,anonymous_3
FNDA:107576,solveFDLF
FNDA:1914,anonymous_5
FNDA:1914,anonymous_6
FNDA:163249,getV
FNDA:163249,getTheta
FNDA:92638,solveLinearSystem
FNDA:29789,anonymous_10
FNF:11
FNH:11
BRDA:1,0,0,5
BRDA:17,1,0,463
BRDA:21,2,0,1914
BRDA:22,3,0,1451
BRDA:28,4,0,1451
BRDA:29,5,0,4601
BRDA:26,6,0,1451
BRDA:43,7,0,463
BRDA:47,8,0,926
BRDA:48,9,0,1858
BRDA:45,10,0,927
BRDA:64,11,0,464
BRDA:113,12,0,6269
BRDA:120,13,0,25884
BRDA:124,14,0,107576
BRDA:139,15,0,25884
BRDA:140,16,0,19615
BRDA:146,17,0,12539
BRDA:154,18,0,463
BRDA:157,19,0,5806
BRDA:169,20,0,23970
BRDA:170,21,0,18164
BRDA:170,22,0,18164
BRDA:180,23,0,5794
BRDA:184,24,0,11613
BRDA:196,25,0,5794
BRDA:85,26,0,400
BRDA:197,27,0,400
BRDA:85,28,0,0
BRDA:180,29,0,12
BRDA:79,30,0,1914
BRDA:80,31,0,463
BRDA:80,32,0,1451
BRDA:81,33,0,104
BRDA:81,34,0,420
BRDA:81,35,0,823
BRDA:94,36,0,1914
BRDA:95,37,0,463
BRDA:99,38,0,1451
BRDA:97,39,0,4
BRDA:96,40,0,0
BRDA:105,41,0,163249
BRDA:106,42,0,163249
BRDA:214,43,0,11612
BRDA:219,44,0,29789
BRDA:220,45,0,80789
BRDA:227,46,0,29789
BRDA:231,47,0,25500
BRDA:249,48,0,25500
BRDA:251,49,0,92638
BRDA:259,50,0,29789
BRDA:261,51,0,25500
BRDA:232,52,0,0
BRDA:239,53,0,0
BRDA:244,54,0,0
BRDA:216,55,0,29789
BRF:56
BRH:51
DA:1,5
DA:2,5
DA:3,5
DA:4,5
DA:5,5
DA:6,5
DA:7,5
DA:8,5
DA:9,5
DA:10,5
DA:11,5
DA:12,5
DA:13,5
DA:14,5
DA:15,5
DA:16,5
DA:17,463
DA:18,463
DA:19,463
DA:20,463
DA:21,463
DA:22,1914
DA:23,1914
DA:24,463
DA:25,463
DA:26,463
DA:27,463
DA:28,463
DA:29,1451
DA:30,4601
DA:31,4601
DA:32,1451
DA:33,463
DA:34,463
DA:35,463
DA:36,5
DA:37,5
DA:38,5
DA:39,5
DA:40,5
DA:41,5
DA:42,5
DA:43,463
DA:44,463
DA:45,463
DA:46,463
DA:47,463
DA:48,926
DA:49,1858
DA:50,1858
DA:51,926
DA:52,463
DA:53,463
DA:54,463
DA:55,5
DA:56,5
DA:57,5
DA:58,5
DA:59,5
DA:60,5
DA:61,5
DA:62,5
DA:63,5
DA:64,464
DA:65,464
DA:66,464
DA:67,464
DA:68,464
DA:69,464
DA:70,464
DA:71,464
DA:72,464
DA:73,464
DA:74,464
DA:75,464
DA:76,464
DA:77,464
DA:78,464
DA:79,464
DA:80,1914
DA:81,1451
DA:82,823
DA:83,464
DA:84,464
DA:85,464
DA:86,464
DA:87,464
DA:88,464
DA:89,464
DA:90,464
DA:91,464
DA:92,464
DA:93,464
DA:94,464
DA:95,1914
DA:96,463
DA:97,463
DA:98,463
DA:99,1914
DA:100,1451
DA:101,1451
DA:102,464
DA:103,464
DA:104,464
DA:105,464
DA:106,464
DA:107,464
DA:108,464
DA:109,464
DA:110,464
DA:111,464
DA:112,464
DA:113,464
DA:114,6269
DA:115,6269
DA:116,6269
DA:117,6269
DA:118,6269
DA:119,6269
DA:120,6269
DA:121,25884
DA:122,25884
DA:123,25884
DA:124,25884
DA:125,107576
DA:126,107576
DA:127,107576
DA:128,107576
DA:129,107576
DA:130,107576
DA:131,107576
DA:132,25884
DA:133,6269
DA:134,6269
DA:135,6269
DA:136,6269
DA:137,6269
DA:138,6269
DA:139,6269
DA:140,25884
DA:141,19615
DA:142,19615
DA:143,25884
DA:144,6269
DA:145,6269
DA:146,6269
DA:147,12539
DA:148,12539
DA:149,12539
DA:150,6269
DA:151,6269
DA:152,6269
DA:153,6269
DA:154,6269
DA:155,463
DA:156,463
DA:157,463
DA:158,5806
DA:159,5806
DA:160,5806
DA:161,5806
DA:162,5806
DA:163,5806
DA:164,5806
DA:165,5806
DA:166,5806
DA:167,5806
DA:168,5806
DA:169,6269
DA:170,23970
DA:171,18164
DA:172,18164
DA:173,18164
DA:174,18164
DA:175,18164
DA:176,18164
DA:177,18164
DA:178,18164
DA:179,18164
DA:180,23970
DA:181,12
DA:182,12
DA:183,12
DA:184,12
DA:185,12
DA:186,12
DA:187,12
DA:188,12
DA:189,12
DA:190,12
DA:191,12
DA:192,12
DA:193,12
DA:194,12
DA:195,12
DA:196,12
DA:197,12
DA:198,400
DA:199,400
DA:200,400
DA:201,400
DA:202,400
DA:203,400
DA:204,400
DA:205,400
DA:206,464
DA:207,5
DA:208,5
DA:209,5
DA:210,5
DA:211,5
DA:212,5
DA:213,5
DA:214,11612
DA:215,11612
DA:216,11612
DA:217,11612
DA:218,11612
DA:219,11612
DA:220,29789
DA:221,80789
DA:222,80789
DA:223,29789
DA:224,29789
DA:225,11612
DA:226,11612
DA:227,11612
DA:228,29789
DA:229,29789
DA:230,29789
DA:231,29789
DA:232,25500
DA:233,0
DA:234,0
DA:235,0
DA:236,25500
DA:237,29789
DA:238,29789
DA:239,29789
DA:240,0
DA:241,0
DA:242,29789
DA:243,29789
DA:244,29789
DA:245,0
DA:246,0
DA:247,29789
DA:248,29789
DA:249,29789
DA:250,25500
DA:251,25500
DA:252,92638
DA:253,92638
DA:254,25500
DA:255,29789
DA:256,11612
DA:257,11612
DA:258,11612
DA:259,11612
DA:260,29789
DA:261,29789
DA:262,25500
DA:263,25500
DA:264,29789
DA:265,29789
DA:266,11612
DA:267,11612
DA:268,11612
DA:269,5
DA:270,5
LH:263
LF:270
end_of_record
SF:backend\src\core\powerflow\jacobian.js
FN:35,buildJacobian
FN:43,anonymous_1
FN:54,getV
FN:55,getTheta
FN:67,anonymous_4
FNDA:7668,buildJacobian
FNDA:2061,anonymous_1
FNDA:46170,getV
FNDA:56292,getTheta
FNDA:2418,anonymous_4
FNF:5
FNH:5
BRDA:1,0,0,5
BRDA:35,1,0,441
BRDA:59,2,0,2061
BRDA:60,3,0,1620
BRDA:74,4,0,1620
BRDA:78,5,0,6048
BRDA:81,6,0,1620
BRDA:84,7,0,7668
BRDA:85,8,0,1620
BRDA:85,9,0,6048
BRDA:97,10,0,4428
BRDA:115,11,0,2616
BRDA:121,12,0,798
BRDA:124,13,0,3846
BRDA:134,14,0,2250
BRDA:152,15,0,654
BRDA:156,16,0,3048
BRDA:159,17,0,798
BRDA:162,18,0,3846
BRDA:163,19,0,798
BRDA:163,20,0,3048
BRDA:175,21,0,2250
BRDA:193,22,0,1488
BRDA:199,23,0,654
BRDA:202,24,0,3846
BRDA:212,25,0,834
BRDA:49,26,0,0
BRDA:43,27,0,2061
BRDA:44,28,0,441
BRDA:44,29,0,1620
BRDA:45,30,0,798
BRDA:45,31,0,822
BRDA:54,32,0,46170
BRDA:55,33,0,56292
BRDA:67,34,0,2418
BRF:35
BRH:34
DA:1,5
DA:2,5
DA:3,5
DA:4,5
DA:5,5
DA:6,5
DA:7,5
DA:8,5
DA:9,5
DA:10,5
DA:11,5
DA:12,5
DA:13,5
DA:14,5
DA:15,5
DA:16,5
DA:17,5
DA:18,5
DA:19,5
DA:20,5
DA:21,5
DA:22,5
DA:23,5
DA:24,5
DA:25,5
DA:26,5
DA:27,5
DA:28,5
DA:29,5
DA:30,5
DA:31,5
DA:32,5
DA:33,5
DA:34,5
DA:35,441
DA:36,441
DA:37,441
DA:38,441
DA:39,441
DA:40,441
DA:41,441
DA:42,441
DA:43,441
DA:44,2061
DA:45,1620
DA:46,822
DA:47,441
DA:48,441
DA:49,441
DA:50,441
DA:51,441
DA:52,441
DA:53,441
DA:54,441
DA:55,441
DA:56,441
DA:57,441
DA:58,441
DA:59,441
DA:60,2061
DA:61,2061
DA:62,441
DA:63,441
DA:64,441
DA:65,441
DA:66,441
DA:67,441
DA:68,441
DA:69,441
DA:70,441
DA:71,441
DA:72,441
DA:73,441
DA:74,441
DA:75,1620
DA:76,1620
DA:77,1620
DA:78,1620
DA:79,6048
DA:80,6048
DA:81,6048
DA:82,1620
DA:83,1620
DA:84,1620
DA:85,7668
DA:86,6048
DA:87,6048
DA:88,6048
DA:89,6048
DA:90,6048
DA:91,6048
DA:92,6048
DA:93,6048
DA:94,6048
DA:95,6048
DA:96,1620
DA:97,6048
DA:98,4428
DA:99,4428
DA:100,4428
DA:101,4428
DA:102,4428
DA:103,4428
DA:104,4428
DA:105,4428
DA:106,4428
DA:107,4428
DA:108,6048
DA:109,6048
DA:110,6048
DA:111,1620
DA:112,1620
DA:113,1620
DA:114,1620
DA:115,1620
DA:116,2616
DA:117,2616
DA:118,2616
DA:119,2616
DA:120,2616
DA:121,2616
DA:122,798
DA:123,798
DA:124,798
DA:125,3846
DA:126,3846
DA:127,3846
DA:128,3846
DA:129,3846
DA:130,3846
DA:131,3846
DA:132,3846
DA:133,798
DA:134,2616
DA:135,2250
DA:136,2250
DA:137,2250
DA:138,2250
DA:139,2250
DA:140,2250
DA:141,2250
DA:142,2250
DA:143,2250
DA:144,2616
DA:145,1620
DA:146,1620
DA:147,1620
DA:148,441
DA:149,441
DA:150,441
DA:151,441
DA:152,441
DA:153,654
DA:154,654
DA:155,654
DA:156,654
DA:157,3048
DA:158,3048
DA:159,3048
DA:160,798
DA:161,798
DA:162,798
DA:163,3846
DA:164,3048
DA:165,3048
DA:166,3048
DA:167,3048
DA:168,3048
DA:169,3048
DA:170,3048
DA:171,3048
DA:172,3048
DA:173,3048
DA:174,798
DA:175,3048
DA:176,2250
DA:177,2250
DA:178,2250
DA:179,2250
DA:180,2250
DA:181,2250
DA:182,2250
DA:183,2250
DA:184,2250
DA:185,2250
DA:186,3048
DA:187,3048
DA:188,3048
DA:189,654
DA:190,654
DA:191,654
DA:192,654
DA:193,654
DA:194,1488
DA:195,1488
DA:196,1488
DA:197,1488
DA:198,1488
DA:199,1488
DA:200,654
DA:201,654
DA:202,654
DA:203,3846
DA:204,3846
DA:205,3846
DA:206,3846
DA:207,3846
DA:208,3846
DA:209,3846
DA:210,3846
DA:211,654
DA:212,1488
DA:213,834
DA:214,834
DA:215,834
DA:216,834
DA:217,834
DA:218,834
DA:219,834
DA:220,1488
DA:221,654
DA:222,654
DA:223,654
DA:224,441
DA:225,441
DA:226,441
DA:227,5
DA:228,5
LH:228
LF:228
end_of_record
SF:backend\src\core\powerflow\lineSearch.js
FN:16,lineSearch
FN:41,applyUpdate
FNDA:0,lineSearch
FNDA:0,applyUpdate
FNF:2
FNH:0
BRDA:1,0,0,5
BRF:1
BRH:1
DA:1,5
DA:2,5
DA:3,5
DA:4,5
DA:5,5
DA:6,5
DA:7,5
DA:8,5
DA:9,5
DA:10,5
DA:11,5
DA:12,5
DA:13,5
DA:14,5
DA:15,5
DA:16,0
DA:17,0
DA:18,0
DA:19,0
DA:20,0
DA:21,0
DA:22,0
DA:23,0
DA:24,0
DA:25,0
DA:26,0
DA:27,0
DA:28,0
DA:29,0
DA:30,0
DA:31,0
DA:32,0
DA:33,5
DA:34,5
DA:35,5
DA:36,5
DA:37,5
DA:38,5
DA:39,5
DA:40,5
DA:41,0
DA:42,0
DA:43,0
DA:44,0
DA:45,0
DA:46,0
DA:47,0
DA:48,0
DA:49,0
DA:50,0
DA:51,0
DA:52,0
DA:53,0
DA:54,0
DA:55,0
DA:56,0
DA:57,0
DA:58,0
DA:59,0
DA:60,0
DA:61,5
DA:62,5
LH:25
LF:62
end_of_record
SF:backend\src\core\powerflow\mismatch.js
FN:19,calcMismatch
FN:57,anonymous_1
FN:63,anonymous_2
FNDA:9850,calcMismatch
FNDA:2090,anonymous_1
FNDA:2090,anonymous_2
FNF:3
FNH:3
BRDA:1,0,0,5
BRDA:19,1,0,448
BRDA:26,2,0,2090
BRDA:31,3,0,9850
BRDA:57,4,0,2090
BRDA:58,5,0,1642
BRDA:63,6,0,2090
BRDA:64,7,0,806
BRF:8
BRH:8
DA:1,5
DA:2,5
DA:3,5
DA:4,5
DA:5,5
DA:6,5
DA:7,5
DA:8,5
DA:9,5
DA:10,5
DA:11,5
DA:12,5
DA:13,5
DA:14,5
DA:15,5
DA:16,5
DA:17,5
DA:18,5
DA:19,448
DA:20,448
DA:21,448
DA:22,448
DA:23,448
DA:24,448
DA:25,448
DA:26,448
DA:27,2090
DA:28,2090
DA:29,2090
DA:30,2090
DA:31,2090
DA:32,9850
DA:33,9850
DA:34,9850
DA:35,9850
DA:36,9850
DA:37,9850
DA:38,9850
DA:39,9850
DA:40,9850
DA:41,9850
DA:42,9850
DA:43,9850
DA:44,9850
DA:45,9850
DA:46,9850
DA:47,9850
DA:48,9850
DA:49,9850
DA:50,9850
DA:51,2090
DA:52,448
DA:53,448
DA:54,448
DA:55,448
DA:56,448
DA:57,448
DA:58,2090
DA:59,1642
DA:60,1642
DA:61,448
DA:62,448
DA:63,448
DA:64,2090
DA:65,806
DA:66,806
DA:67,448
DA:68,448
DA:69,448
DA:70,448
DA:71,5
DA:72,5
LH:72
LF:72
end_of_record
SF:backend\src\core\powerflow\opf\constraints.js
FN:15,powerBalanceMismatch
FN:27,enforcePowerBalance
FN:46,checkGenerationLimits
FN:49,anonymous_3
FN:84,checkVoltageLimits
FN:87,anonymous_5
FN:123,checkLineFlowLimits
FN:150,calculatePenalty
FN:154,anonymous_8
FN:170,checkAllConstraints
FN:185,anonymous_10
FN:187,anonymous_11
FN:126,anonymous_12
FNDA:0,powerBalanceMismatch
FNDA:0,enforcePowerBalance
FNDA:2,checkGenerationLimits
FNDA:4,anonymous_3
FNDA:2,checkVoltageLimits
FNDA:10,anonymous_5
FNDA:1,checkLineFlowLimits
FNDA:2,calculatePenalty
FNDA:0,anonymous_8
FNDA:2,checkAllConstraints
FNDA:8,anonymous_10
FNDA:7,anonymous_11
FNDA:0,anonymous_12
FNF:13
FNH:9
BRDA:1,0,0,2
BRDA:46,1,0,2
BRDA:49,2,0,4
BRDA:50,3,0,0
BRDA:60,4,0,0
BRDA:84,5,0,2
BRDA:87,6,0,10
BRDA:90,7,0,0
BRDA:100,8,0,0
BRDA:123,9,0,1
BRDA:150,10,0,2
BRDA:170,11,0,2
BRDA:185,12,0,8
BRDA:187,13,0,7
BRF:14
BRH:10
DA:1,2
DA:2,2
DA:3,2
DA:4,2
DA:5,2
DA:6,2
DA:7,2
DA:8,2
DA:9,2
DA:10,2
DA:11,2
DA:12,2
DA:13,2
DA:14,2
DA:15,0
DA:16,0
DA:17,0
DA:18,0
DA:19,0
DA:20,2
DA:21,2
DA:22,2
DA:23,2
DA:24,2
DA:25,2
DA:26,2
DA:27,0
DA:28,0
DA:29,0
DA:30,0
DA:31,0
DA:32,0
DA:33,0
DA:34,0
DA:35,0
DA:36,0
DA:37,0
DA:38,0
DA:39,0
DA:40,2
DA:41,2
DA:42,2
DA:43,2
DA:44,2
DA:45,2
DA:46,2
DA:47,2
DA:48,2
DA:49,2
DA:50,4
DA:51,0
DA:52,0
DA:53,0
DA:54,0
DA:55,0
DA:56,0
DA:57,0
DA:58,0
DA:59,4
DA:60,4
DA:61,0
DA:62,0
DA:63,0
DA:64,0
DA:65,0
DA:66,0
DA:67,0
DA:68,0
DA:69,2
DA:70,2
DA:71,2
DA:72,2
DA:73,2
DA:74,2
DA:75,2
DA:76,2
DA:77,2
DA:78,2
DA:79,2
DA:80,2
DA:81,2
DA:82,2
DA:83,2
DA:84,2
DA:85,2
DA:86,2
DA:87,2
DA:88,10
DA:89,10
DA:90,10
DA:91,0
DA:92,0
DA:93,0
DA:94,0
DA:95,0
DA:96,0
DA:97,0
DA:98,0
DA:99,10
DA:100,10
DA:101,0
DA:102,0
DA:103,0
DA:104,0
DA:105,0
DA:106,0
DA:107,0
DA:108,0
DA:109,2
DA:110,2
DA:111,2
DA:112,2
DA:113,2
DA:114,2
DA:115,2
DA:116,2
DA:117,2
DA:118,2
DA:119,2
DA:120,2
DA:121,2
DA:122,2
DA:123,1
DA:124,1
DA:125,1
DA:126,1
DA:127,0
DA:128,0
DA:129,0
DA:130,0
DA:131,0
DA:132,0
DA:133,0
DA:134,0
DA:135,0
DA:136,1
DA:137,1
DA:138,1
DA:139,1
DA:140,1
DA:141,1
DA:142,1
DA:143,2
DA:144,2
DA:145,2
DA:146,2
DA:147,2
DA:148,2
DA:149,2
DA:150,2
DA:151,2
DA:152,2
DA:153,2
DA:154,2
DA:155,0
DA:156,2
DA:157,2
DA:158,2
DA:159,2
DA:160,2
DA:161,2
DA:162,2
DA:163,2
DA:164,2
DA:165,2
DA:166,2
DA:167,2
DA:168,2
DA:169,2
DA:170,2
DA:171,2
DA:172,2
DA:173,2
DA:174,2
DA:175,2
DA:176,2
DA:177,2
DA:178,2
DA:179,2
DA:180,2
DA:181,2
DA:182,2
DA:183,2
DA:184,2
DA:185,2
DA:186,2
DA:187,2
DA:188,2
DA:189,2
DA:190,2
DA:191,2
DA:192,2
DA:193,2
DA:194,2
DA:195,2
DA:196,2
DA:197,2
DA:198,2
DA:199,2
DA:200,2
DA:201,2
DA:202,2
DA:203,2
DA:204,2
DA:205,2
DA:206,2
DA:207,2
DA:208,2
DA:209,2
DA:210,2
DA:211,2
DA:212,2
DA:213,2
DA:214,2
DA:215,2
LH:155
LF:215
end_of_record
SF:backend\src\core\powerflow\opf\generator.js
FN:24,Generator
FN:47,getCost
FN:57,getMarginalCost
FN:67,setGeneration
FN:76,isWithinLimits
FN:84,getState
FN:101,reset
FNDA:4,Generator
FNDA:8,getCost
FNDA:104,getMarginalCost
FNDA:100,setGeneration
FNDA:4,isWithinLimits
FNDA:0,getState
FNDA:0,reset
FNF:7
FNH:5
BRDA:1,0,0,2
BRDA:24,1,0,4
BRDA:32,2,0,0
BRDA:33,3,0,0
BRDA:34,4,0,0
BRDA:47,5,0,8
BRDA:57,6,0,104
BRDA:67,7,0,100
BRDA:76,8,0,4
BRF:9
BRH:6
DA:1,2
DA:2,2
DA:3,2
DA:4,2
DA:5,2
DA:6,2
DA:7,2
DA:8,2
DA:9,2
DA:10,2
DA:11,2
DA:12,2
DA:13,2
DA:14,2
DA:15,2
DA:16,2
DA:17,2
DA:18,2
DA:19,2
DA:20,2
DA:21,2
DA:22,2
DA:23,2
DA:24,2
DA:25,4
DA:26,4
DA:27,4
DA:28,4
DA:29,4
DA:30,4
DA:31,4
DA:32,4
DA:33,4
DA:34,4
DA:35,4
DA:36,4
DA:37,4
DA:38,4
DA:39,4
DA:40,4
DA:41,2
DA:42,2
DA:43,2
DA:44,2
DA:45,2
DA:46,2
DA:47,2
DA:48,8
DA:49,8
DA:50,8
DA:51,2
DA:52,2
DA:53,2
DA:54,2
DA:55,2
DA:56,2
DA:57,2
DA:58,104
DA:59,104
DA:60,104
DA:61,2
DA:62,2
DA:63,2
DA:64,2
DA:65,2
DA:66,2
DA:67,2
DA:68,100
DA:69,100
DA:70,100
DA:71,2
DA:72,2
DA:73,2
DA:74,2
DA:75,2
DA:76,2
DA:77,4
DA:78,4
DA:79,2
DA:80,2
DA:81,2
DA:82,2
DA:83,2
DA:84,2
DA:85,0
DA:86,0
DA:87,0
DA:88,0
DA:89,0
DA:90,0
DA:91,0
DA:92,0
DA:93,0
DA:94,0
DA:95,0
DA:96,0
DA:97,2
DA:98,2
DA:99,2
DA:100,2
DA:101,2
DA:102,0
DA:103,0
DA:104,0
DA:105,2
DA:106,2
DA:107,2
LH:92
LF:107
end_of_record
SF:backend\src\core\powerflow\opf\objective.js
FN:13,totalCost
FN:14,anonymous_1
FN:24,costGradient
FN:25,anonymous_3
FN:35,costHessian
FN:53,incrementalCost
FN:71,isConvex
FN:81,costReduction
FNDA:2,totalCost
FNDA:4,anonymous_1
FNDA:50,costGradient
FNDA:100,anonymous_3
FNDA:0,costHessian
FNDA:0,incrementalCost
FNDA:0,isConvex
FNDA:0,costReduction
FNF:8
FNH:4
BRDA:1,0,0,2
BRDA:13,1,0,2
BRDA:14,2,0,4
BRDA:24,3,0,50
BRDA:25,4,0,100
BRF:5
BRH:5
DA:1,2
DA:2,2
DA:3,2
DA:4,2
DA:5,2
DA:6,2
DA:7,2
DA:8,2
DA:9,2
DA:10,2
DA:11,2
DA:12,2
DA:13,2
DA:14,2
DA:15,4
DA:16,2
DA:17,2
DA:18,2
DA:19,2
DA:20,2
DA:21,2
DA:22,2
DA:23,2
DA:24,50
DA:25,50
DA:26,100
DA:27,50
DA:28,50
DA:29,2
DA:30,2
DA:31,2
DA:32,2
DA:33,2
DA:34,2
DA:35,0
DA:36,0
DA:37,0
DA:38,0
DA:39,0
DA:40,0
DA:41,0
DA:42,0
DA:43,0
DA:44,0
DA:45,0
DA:46,2
DA:47,2
DA:48,2
DA:49,2
DA:50,2
DA:51,2
DA:52,2
DA:53,0
DA:54,0
DA:55,0
DA:56,0
DA:57,0
DA:58,0
DA:59,0
DA:60,0
DA:61,0
DA:62,0
DA:63,0
DA:64,0
DA:65,2
DA:66,2
DA:67,2
DA:68,2
DA:69,2
DA:70,2
DA:71,0
DA:72,0
DA:73,0
DA:74,2
DA:75,2
DA:76,2
DA:77,2
DA:78,2
DA:79,2
DA:80,2
DA:81,0
DA:82,0
DA:83,0
DA:84,0
DA:85,0
DA:86,0
DA:87,0
DA:88,0
DA:89,0
DA:90,0
DA:91,0
DA:92,0
DA:93,0
DA:94,2
DA:95,2
DA:96,2
DA:97,2
DA:98,2
DA:99,2
DA:100,2
DA:101,2
DA:102,2
LH:63
LF:102
end_of_record
SF:backend\src\core\powerflow\opf\scopf\contingencyGenerator.js
FN:13,generateN1Contingencies
FN:17,anonymous_1
FN:29,anonymous_2
FN:50,applyContingency
FN:76,generateRankedContingencies
FN:137,filterContingencies
FNDA:1,generateN1Contingencies
FNDA:7,anonymous_1
FNDA:5,anonymous_2
FNDA:0,applyContingency
FNDA:0,generateRankedContingencies
FNDA:0,filterContingencies
FNF:6
FNH:3
BRDA:1,0,0,1
BRDA:13,1,0,1
BRDA:17,2,0,7
BRDA:29,3,0,5
BRDA:30,4,0,2
BRDA:30,5,0,2
BRF:6
BRH:6
DA:1,1
DA:2,1
DA:3,1
DA:4,1
DA:5,1
DA:6,1
DA:7,1
DA:8,1
DA:9,1
DA:10,1
DA:11,1
DA:12,1
DA:13,1
DA:14,1
DA:15,1
DA:16,1
DA:17,1
DA:18,7
DA:19,7
DA:20,7
DA:21,7
DA:22,7
DA:23,7
DA:24,7
DA:25,7
DA:26,1
DA:27,1
DA:28,1
DA:29,1
DA:30,5
DA:31,2
DA:32,2
DA:33,2
DA:34,2
DA:35,2
DA:36,2
DA:37,2
DA:38,2
DA:39,1
DA:40,1
DA:41,1
DA:42,1
DA:43,1
DA:44,1
DA:45,1
DA:46,1
DA:47,1
DA:48,1
DA:49,1
DA:50,0
DA:51,0
DA:52,0
DA:53,0
DA:54,0
DA:55,0
DA:56,0
DA:57,0
DA:58,0
DA:59,0
DA:60,0
DA:61,0
DA:62,0
DA:63,0
DA:64,0
DA:65,0
DA:66,0
DA:67,0
DA:68,0
DA:69,1
DA:70,1
DA:71,1
DA:72,1
DA:73,1
DA:74,1
DA:75,1
DA:76,0
DA:77,0
DA:78,0
DA:79,0
DA:80,0
DA:81,0
DA:82,0
DA:83,0
DA:84,0
DA:85,0
DA:86,0
DA:87,0
DA:88,0
DA:89,0
DA:90,0
DA:91,0
DA:92,0
DA:93,0
DA:94,0
DA:95,0
DA:96,0
DA:97,0
DA:98,0
DA:99,0
DA:100,0
DA:101,0
DA:102,0
DA:103,0
DA:104,0
DA:105,0
DA:106,0
DA:107,0
DA:108,0
DA:109,0
DA:110,0
DA:111,0
DA:112,0
DA:113,0
DA:114,0
DA:115,0
DA:116,0
DA:117,0
DA:118,0
DA:119,0
DA:120,0
DA:121,0
DA:122,0
DA:123,0
DA:124,0
DA:125,0
DA:126,0
DA:127,0
DA:128,0
DA:129,0
DA:130,1
DA:131,1
DA:132,1
DA:133,1
DA:134,1
DA:135,1
DA:136,1
DA:137,0
DA:138,0
DA:139,0
DA:140,0
DA:141,0
DA:142,0
DA:143,0
DA:144,0
DA:145,0
DA:146,0
DA:147,0
DA:148,0
DA:149,0
DA:150,0
DA:151,0
DA:152,0
DA:153,0
DA:154,0
DA:155,1
DA:156,1
DA:157,1
DA:158,1
DA:159,1
DA:160,1
DA:161,1
LH:70
LF:161
end_of_record
SF:backend\src\core\powerflow\opf\scopf\scopfSolver.js
FN:23,SCOPFSolver
FN:57,solve
FN:140,applySecurityConstraints
FN:172,solveWithSecurityConstraints
FN:203,getSummary
FN:217,evaluateContingencyImpact
FN:239,countVoltageViolations
FN:256,countOverloads
FN:274,assessSeverity
FNDA:1,SCOPFSolver
FNDA:1,solve
FNDA:0,applySecurityConstraints
FNDA:0,solveWithSecurityConstraints
FNDA:0,getSummary
FNDA:0,evaluateContingencyImpact
FNDA:0,countVoltageViolations
FNDA:0,countOverloads
FNDA:0,assessSeverity
FNF:9
FNH:2
BRDA:1,0,0,1
BRDA:23,1,0,1
BRDA:57,2,0,1
BRDA:85,3,0,0
BRDA:128,4,0,0
BRF:5
BRH:3
DA:1,1
DA:2,1
DA:3,1
DA:4,1
DA:5,1
DA:6,1
DA:7,1
DA:8,1
DA:9,1
DA:10,1
DA:11,1
DA:12,1
DA:13,1
DA:14,1
DA:15,1
DA:16,1
DA:17,1
DA:18,1
DA:19,1
DA:20,1
DA:21,1
DA:22,1
DA:23,1
DA:24,1
DA:25,1
DA:26,1
DA:27,1
DA:28,1
DA:29,1
DA:30,1
DA:31,1
DA:32,1
DA:33,1
DA:34,1
DA:35,1
DA:36,1
DA:37,1
DA:38,1
DA:39,1
DA:40,1
DA:41,1
DA:42,1
DA:43,1
DA:44,1
DA:45,1
DA:46,1
DA:47,1
DA:48,1
DA:49,1
DA:50,1
DA:51,1
DA:52,1
DA:53,1
DA:54,1
DA:55,1
DA:56,1
DA:57,1
DA:58,1
DA:59,1
DA:60,1
DA:61,1
DA:62,1
DA:63,1
DA:64,1
DA:65,1
DA:66,1
DA:67,1
DA:68,1
DA:69,1
DA:70,1
DA:71,1
DA:72,1
DA:73,1
DA:74,1
DA:75,1
DA:76,1
DA:77,1
DA:78,1
DA:79,1
DA:80,1
DA:81,1
DA:82,1
DA:83,1
DA:84,1
DA:85,1
DA:86,0
DA:87,0
DA:88,0
DA:89,0
DA:90,0
DA:91,0
DA:92,0
DA:93,0
DA:94,0
DA:95,0
DA:96,0
DA:97,0
DA:98,0
DA:99,0
DA:100,0
DA:101,0
DA:102,0
DA:103,0
DA:104,0
DA:105,0
DA:106,0
DA:107,0
DA:108,0
DA:109,0
DA:110,0
DA:111,0
DA:112,0
DA:113,0
DA:114,0
DA:115,0
DA:116,0
DA:117,0
DA:118,0
DA:119,0
DA:120,0
DA:121,0
DA:122,0
DA:123,0
DA:124,0
DA:125,0
DA:126,0
DA:127,0
DA:128,1
DA:129,1
DA:130,1
DA:131,1
DA:132,1
DA:133,1
DA:134,1
DA:135,1
DA:136,1
DA:137,1
DA:138,1
DA:139,1
DA:140,1
DA:141,0
DA:142,0
DA:143,0
DA:144,0
DA:145,0
DA:146,0
DA:147,0
DA:148,0
DA:149,0
DA:150,0
DA:151,0
DA:152,0
DA:153,0
DA:154,0
DA:155,0
DA:156,0
DA:157,0
DA:158,0
DA:159,0
DA:160,0
DA:161,0
DA:162,0
DA:163,0
DA:164,0
DA:165,0
DA:166,1
DA:167,1
DA:168,1
DA:169,1
DA:170,1
DA:171,1
DA:172,1
DA:173,0
DA:174,0
DA:175,0
DA:176,0
DA:177,0
DA:178,0
DA:179,0
DA:180,0
DA:181,0
DA:182,0
DA:183,0
DA:184,0
DA:185,0
DA:186,0
DA:187,0
DA:188,0
DA:189,0
DA:190,0
DA:191,0
DA:192,0
DA:193,0
DA:194,0
DA:195,0
DA:196,0
DA:197,0
DA:198,1
DA:199,1
DA:200,1
DA:201,1
DA:202,1
DA:203,1
DA:204,0
DA:205,0
DA:206,0
DA:207,0
DA:208,0
DA:209,0
DA:210,0
DA:211,1
DA:212,1
DA:213,1
DA:214,1
DA:215,1
DA:216,1
DA:217,1
DA:218,0
DA:219,0
DA:220,0
DA:221,0
DA:222,0
DA:223,0
DA:224,0
DA:225,0
DA:226,0
DA:227,0
DA:228,0
DA:229,0
DA:230,0
DA:231,0
DA:232,0
DA:233,1
DA:234,1
DA:235,1
DA:236,1
DA:237,1
DA:238,1
DA:239,1
DA:240,0
DA:241,0
DA:242,0
DA:243,0
DA:244,0
DA:245,0
DA:246,0
DA:247,0
DA:248,0
DA:249,1
DA:250,1
DA:251,1
DA:252,1
DA:253,1
DA:254,1
DA:255,1
DA:256,1
DA:257,0
DA:258,0
DA:259,0
DA:260,0
DA:261,0
DA:262,0
DA:263,0
DA:264,0
DA:265,0
DA:266,0
DA:267,0
DA:268,1
DA:269,1
DA:270,1
DA:271,1
DA:272,1
DA:273,1
DA:274,1
DA:275,0
DA:276,0
DA:277,0
DA:278,0
DA:279,0
DA:280,0
DA:281,0
DA:282,0
DA:283,0
DA:284,0
DA:285,1
DA:286,1
DA:287,1
LH:143
LF:287
end_of_record
SF:backend\src\core\powerflow\opf\scopf\securityConstraints.js
FN:19,evaluateSecurityConstraints
FN:66,evaluateContingency
FN:120,applyContingency
FN:143,updateSystemGeneration
FN:159,checkVoltageViolations
FN:196,checkLineFlowViolations
FN:235,checkGenerationViolations
FN:269,calculateLineFlows
FN:312,determineSeverity
FNDA:0,evaluateSecurityConstraints
FNDA:0,evaluateContingency
FNDA:0,applyContingency
FNDA:0,updateSystemGeneration
FNDA:0,checkVoltageViolations
FNDA:0,checkLineFlowViolations
FNDA:0,checkGenerationViolations
FNDA:0,calculateLineFlows
FNDA:0,determineSeverity
FNF:9
FNH:0
BRDA:1,0,0,1
BRF:1
BRH:1
DA:1,1
DA:2,1
DA:3,1
DA:4,1
DA:5,1
DA:6,1
DA:7,1
DA:8,1
DA:9,1
DA:10,1
DA:11,1
DA:12,1
DA:13,1
DA:14,1
DA:15,1
DA:16,1
DA:17,1
DA:18,1
DA:19,0
DA:20,0
DA:21,0
DA:22,0
DA:23,0
DA:24,0
DA:25,0
DA:26,0
DA:27,0
DA:28,0
DA:29,0
DA:30,0
DA:31,0
DA:32,0
DA:33,0
DA:34,0
DA:35,0
DA:36,0
DA:37,0
DA:38,0
DA:39,0
DA:40,0
DA:41,0
DA:42,0
DA:43,0
DA:44,0
DA:45,0
DA:46,0
DA:47,0
DA:48,0
DA:49,0
DA:50,0
DA:51,0
DA:52,0
DA:53,0
DA:54,0
DA:55,0
DA:56,0
DA:57,1
DA:58,1
DA:59,1
DA:60,1
DA:61,1
DA:62,1
DA:63,1
DA:64,1
DA:65,1
DA:66,0
DA:67,0
DA:68,0
DA:69,0
DA:70,0
DA:71,0
DA:72,0
DA:73,0
DA:74,0
DA:75,0
DA:76,0
DA:77,0
DA:78,0
DA:79,0
DA:80,0
DA:81,0
DA:82,0
DA:83,0
DA:84,0
DA:85,0
DA:86,0
DA:87,0
DA:88,0
DA:89,0
DA:90,0
DA:91,0
DA:92,0
DA:93,0
DA:94,0
DA:95,0
DA:96,0
DA:97,0
DA:98,0
DA:99,0
DA:100,0
DA:101,0
DA:102,0
DA:103,0
DA:104,0
DA:105,0
DA:106,0
DA:107,0
DA:108,0
DA:109,0
DA:110,0
DA:111,0
DA:112,0
DA:113,1
DA:114,1
DA:115,1
DA:116,1
DA:117,1
DA:118,1
DA:119,1
DA:120,0
DA:121,0
DA:122,0
DA:123,0
DA:124,0
DA:125,0
DA:126,0
DA:127,0
DA:128,0
DA:129,0
DA:130,0
DA:131,0
DA:132,0
DA:133,0
DA:134,0
DA:135,0
DA:136,0
DA:137,1
DA:138,1
DA:139,1
DA:140,1
DA:141,1
DA:142,1
DA:143,0
DA:144,0
DA:145,0
DA:146,0
DA:147,0
DA:148,0
DA:149,0
DA:150,0
DA:151,0
DA:152,1
DA:153,1
DA:154,1
DA:155,1
DA:156,1
DA:157,1
DA:158,1
DA:159,0
DA:160,0
DA:161,0
DA:162,0
DA:163,0
DA:164,0
DA:165,0
DA:166,0
DA:167,0
DA:168,0
DA:169,0
DA:170,0
DA:171,0
DA:172,0
DA:173,0
DA:174,0
DA:175,0
DA:176,0
DA:177,0
DA:178,0
DA:179,0
DA:180,0
DA:181,0
DA:182,0
DA:183,0
DA:184,0
DA:185,0
DA:186,0
DA:187,0
DA:188,1
DA:189,1
DA:190,1
DA:191,1
DA:192,1
DA:193,1
DA:194,1
DA:195,1
DA:196,0
DA:197,0
DA:198,0
DA:199,0
DA:200,0
DA:201,0
DA:202,0
DA:203,0
DA:204,0
DA:205,0
DA:206,0
DA:207,0
DA:208,0
DA:209,0
DA:210,0
DA:211,0
DA:212,0
DA:213,0
DA:214,0
DA:215,0
DA:216,0
DA:217,0
DA:218,0
DA:219,0
DA:220,0
DA:221,0
DA:222,0
DA:223,0
DA:224,0
DA:225,0
DA:226,0
DA:227,0
DA:228,1
DA:229,1
DA:230,1
DA:231,1
DA:232,1
DA:233,1
DA:234,1
DA:235,0
DA:236,0
DA:237,0
DA:238,0
DA:239,0
DA:240,0
DA:241,0
DA:242,0
DA:243,0
DA:244,0
DA:245,0
DA:246,0
DA:247,0
DA:248,0
DA:249,0
DA:250,0
DA:251,0
DA:252,0
DA:253,0
DA:254,0
DA:255,0
DA:256,0
DA:257,0
DA:258,0
DA:259,0
DA:260,0
DA:261,0
DA:262,1
DA:263,1
DA:264,1
DA:265,1
DA:266,1
DA:267,1
DA:268,1
DA:269,0
DA:270,0
DA:271,0
DA:272,0
DA:273,0
DA:274,0
DA:275,0
DA:276,0
DA:277,0
DA:278,0
DA:279,0
DA:280,0
DA:281,0
DA:282,0
DA:283,0
DA:284,0
DA:285,0
DA:286,0
DA:287,0
DA:288,0
DA:289,0
DA:290,0
DA:291,0
DA:292,0
DA:293,0
DA:294,0
DA:295,0
DA:296,0
DA:297,0
DA:298,0
DA:299,0
DA:300,0
DA:301,0
DA:302,0
DA:303,0
DA:304,0
DA:305,0
DA:306,1
DA:307,1
DA:308,1
DA:309,1
DA:310,1
DA:311,1
DA:312,0
DA:313,0
DA:314,0
DA:315,0
DA:316,0
DA:317,0
DA:318,0
DA:319,0
DA:320,1
DA:321,1
DA:322,1
DA:323,1
DA:324,1
DA:325,1
DA:326,1
DA:327,1
DA:328,1
DA:329,1
DA:330,1
DA:331,1
LH:87
LF:331
end_of_record
SF:backend\src\core\powerflow\opf\solver.js
FN:24,NewtonOPFSolver
FN:37,anonymous_1
FN:59,solvePowerFlow
FN:63,anonymous_3
FN:64,anonymous_4
FN:82,buildOPFJacobian
FN:85,anonymous_6
FN:87,anonymous_7
FN:88,anonymous_8
FN:117,buildGradient
FN:125,anonymous_10
FN:126,anonymous_11
FN:126,anonymous_12
FN:127,anonymous_13
FN:128,anonymous_14
FN:150,newtonStep
FN:171,updateGeneration
FN:172,anonymous_17
FN:183,checkConvergence
FN:184,anonymous_19
FN:185,anonymous_20
FN:195,solve
FN:226,anonymous_22
FN:227,anonymous_23
FN:227,anonymous_24
FN:228,anonymous_25
FN:229,anonymous_26
FN:248,anonymous_27
FN:274,getCurrentState
FNDA:2,NewtonOPFSolver
FNDA:10,anonymous_1
FNDA:52,solvePowerFlow
FNDA:104,anonymous_3
FNDA:260,anonymous_4
FNDA:200,buildOPFJacobian
FNDA:100,anonymous_6
FNDA:100,anonymous_7
FNDA:100,anonymous_8
FNDA:100,buildGradient
FNDA:100,anonymous_10
FNDA:250,anonymous_11
FNDA:100,anonymous_12
FNDA:100,anonymous_13
FNDA:100,anonymous_14
FNDA:100,newtonStep
FNDA:50,updateGeneration
FNDA:100,anonymous_17
FNDA:50,checkConvergence
FNDA:100,anonymous_19
FNDA:100,anonymous_20
FNDA:50,solve
FNDA:20,anonymous_22
FNDA:50,anonymous_23
FNDA:20,anonymous_24
FNDA:20,anonymous_25
FNDA:20,anonymous_26
FNDA:4,anonymous_27
FNDA:0,getCurrentState
FNF:29
FNH:28
BRDA:1,0,0,2
BRDA:24,1,0,2
BRDA:37,2,0,10
BRDA:38,3,0,4
BRDA:38,4,0,4
BRDA:41,5,0,0
BRDA:42,6,0,0
BRDA:43,7,0,0
BRDA:59,8,0,52
BRDA:72,9,0,0
BRDA:63,10,0,104
BRDA:64,11,0,260
BRDA:82,12,0,50
BRDA:92,13,0,100
BRDA:93,14,0,200
BRDA:95,15,0,100
BRDA:95,16,0,100
BRDA:100,17,0,100
BRDA:104,18,0,0
BRDA:85,19,0,100
BRDA:87,20,0,100
BRDA:88,21,0,100
BRDA:117,22,0,50
BRDA:130,23,0,100
BRDA:135,24,0,0
BRDA:137,25,0,0
BRDA:125,26,0,100
BRDA:126,27,0,250
BRDA:126,28,0,100
BRDA:127,29,0,100
BRDA:128,30,0,100
BRDA:150,31,0,50
BRDA:158,32,0,100
BRDA:171,33,0,50
BRDA:172,34,0,100
BRDA:183,35,0,50
BRDA:184,36,0,100
BRDA:185,37,0,100
BRDA:195,38,0,2
BRDA:207,39,0,50
BRDA:225,40,0,10
BRDA:241,41,0,50
BRDA:218,42,0,0
BRDA:264,43,0,0
BRDA:226,44,0,20
BRDA:227,45,0,50
BRDA:227,46,0,20
BRDA:228,47,0,20
BRDA:229,48,0,20
BRDA:248,49,0,4
BRF:50
BRH:41
DA:1,2
DA:2,2
DA:3,2
DA:4,2
DA:5,2
DA:6,2
DA:7,2
DA:8,2
DA:9,2
DA:10,2
DA:11,2
DA:12,2
DA:13,2
DA:14,2
DA:15,2
DA:16,2
DA:17,2
DA:18,2
DA:19,2
DA:20,2
DA:21,2
DA:22,2
DA:23,2
DA:24,2
DA:25,2
DA:26,2
DA:27,2
DA:28,2
DA:29,2
DA:30,2
DA:31,2
DA:32,2
DA:33,2
DA:34,2
DA:35,2
DA:36,2
DA:37,2
DA:38,10
DA:39,4
DA:40,4
DA:41,4
DA:42,4
DA:43,4
DA:44,4
DA:45,4
DA:46,4
DA:47,2
DA:48,2
DA:49,2
DA:50,2
DA:51,2
DA:52,2
DA:53,2
DA:54,2
DA:55,2
DA:56,2
DA:57,2
DA:58,2
DA:59,2
DA:60,52
DA:61,52
DA:62,52
DA:63,52
DA:64,104
DA:65,104
DA:66,104
DA:67,104
DA:68,52
DA:69,52
DA:70,52
DA:71,52
DA:72,52
DA:73,0
DA:74,0
DA:75,52
DA:76,2
DA:77,2
DA:78,2
DA:79,2
DA:80,2
DA:81,2
DA:82,2
DA:83,50
DA:84,50
DA:85,50
DA:86,50
DA:87,50
DA:88,50
DA:89,50
DA:90,50
DA:91,50
DA:92,50
DA:93,100
DA:94,200
DA:95,200
DA:96,200
DA:97,100
DA:98,50
DA:99,50
DA:100,50
DA:101,100
DA:102,100
DA:103,100
DA:104,100
DA:105,0
DA:106,0
DA:107,100
DA:108,50
DA:109,50
DA:110,50
DA:111,2
DA:112,2
DA:113,2
DA:114,2
DA:115,2
DA:116,2
DA:117,2
DA:118,50
DA:119,50
DA:120,50
DA:121,50
DA:122,50
DA:123,50
DA:124,50
DA:125,50
DA:126,50
DA:127,50
DA:128,50
DA:129,50
DA:130,50
DA:131,100
DA:132,100
DA:133,100
DA:134,100
DA:135,100
DA:136,0
DA:137,100
DA:138,0
DA:139,0
DA:140,100
DA:141,50
DA:142,50
DA:143,50
DA:144,2
DA:145,2
DA:146,2
DA:147,2
DA:148,2
DA:149,2
DA:150,2
DA:151,50
DA:152,50
DA:153,50
DA:154,50
DA:155,50
DA:156,50
DA:157,50
DA:158,50
DA:159,100
DA:160,100
DA:161,100
DA:162,100
DA:163,50
DA:164,50
DA:165,50
DA:166,2
DA:167,2
DA:168,2
DA:169,2
DA:170,2
DA:171,2
DA:172,50
DA:173,100
DA:174,50
DA:175,50
DA:176,2
DA:177,2
DA:178,2
DA:179,2
DA:180,2
DA:181,2
DA:182,2
DA:183,2
DA:184,50
DA:185,50
DA:186,50
DA:187,50
DA:188,50
DA:189,50
DA:190,2
DA:191,2
DA:192,2
DA:193,2
DA:194,2
DA:195,2
DA:196,2
DA:197,2
DA:198,2
DA:199,2
DA:200,2
DA:201,2
DA:202,2
DA:203,2
DA:204,2
DA:205,2
DA:206,2
DA:207,2
DA:208,50
DA:209,50
DA:210,50
DA:211,50
DA:212,50
DA:213,50
DA:214,50
DA:215,50
DA:216,50
DA:217,50
DA:218,50
DA:219,0
DA:220,0
DA:221,0
DA:222,0
DA:223,50
DA:224,50
DA:225,50
DA:226,10
DA:227,10
DA:228,10
DA:229,10
DA:230,10
DA:231,10
DA:232,10
DA:233,10
DA:234,10
DA:235,10
DA:236,10
DA:237,10
DA:238,10
DA:239,50
DA:240,50
DA:241,50
DA:242,50
DA:243,50
DA:244,50
DA:245,50
DA:246,50
DA:247,50
DA:248,50
DA:249,4
DA:250,4
DA:251,4
DA:252,4
DA:253,4
DA:254,4
DA:255,50
DA:256,50
DA:257,50
DA:258,50
DA:259,50
DA:260,50
DA:261,50
DA:262,50
DA:263,50
DA:264,2
DA:265,2
DA:266,2
DA:267,2
DA:268,2
DA:269,2
DA:270,2
DA:271,2
DA:272,2
DA:273,2
DA:274,2
DA:275,0
DA:276,0
DA:277,0
DA:278,0
DA:279,0
DA:280,0
DA:281,0
DA:282,2
DA:283,2
DA:284,2
LH:266
LF:284
end_of_record
SF:backend\src\core\powerflow\pvControl.js
FN:16,enforcePVLimits
FNDA:0,enforcePVLimits
FNF:1
FNH:0
BRDA:1,0,0,5
BRF:1
BRH:1
DA:1,5
DA:2,5
DA:3,5
DA:4,5
DA:5,5
DA:6,5
DA:7,5
DA:8,5
DA:9,5
DA:10,5
DA:11,5
DA:12,5
DA:13,5
DA:14,5
DA:15,5
DA:16,0
DA:17,0
DA:18,0
DA:19,0
DA:20,0
DA:21,0
DA:22,0
DA:23,0
DA:24,0
DA:25,0
DA:26,0
DA:27,0
DA:28,0
DA:29,0
DA:30,0
DA:31,0
DA:32,0
DA:33,0
DA:34,0
DA:35,0
DA:36,0
DA:37,0
DA:38,0
DA:39,0
DA:40,0
DA:41,0
DA:42,0
DA:43,0
DA:44,0
DA:45,0
DA:46,0
DA:47,0
DA:48,0
DA:49,0
DA:50,0
DA:51,0
DA:52,0
DA:53,0
DA:54,0
DA:55,0
DA:56,0
DA:57,0
DA:58,0
DA:59,0
DA:60,0
DA:61,0
DA:62,5
DA:63,5
LH:17
LF:63
end_of_record
SF:backend\src\core\powerflow\solver.js
FN:26,solveLinearSystem
FN:87,initializeVoltages
FN:121,applyCorrections
FN:181,solve
FN:28,anonymous_4
FN:88,anonymous_5
FN:122,anonymous_6
FN:130,anonymous_7
FN:155,anonymous_8
FN:199,anonymous_9
FN:246,computeMismatch
FN:253,anonymous_11
FN:256,anonymous_12
FNDA:31869,solveLinearSystem
FNDA:16,initializeVoltages
FNDA:2061,applyCorrections
FNDA:448,solve
FNDA:2418,anonymous_4
FNDA:74,anonymous_5
FNDA:2061,anonymous_6
FNDA:2061,anonymous_7
FNDA:798,anonymous_8
FNDA:74,anonymous_9
FNDA:0,computeMismatch
FNDA:0,anonymous_11
FNDA:2418,anonymous_12
FNF:13
FNH:11
BRDA:1,0,0,5
BRDA:26,1,0,441
BRDA:31,2,0,2418
BRDA:32,3,0,13776
BRDA:39,4,0,2418
BRDA:43,5,0,5679
BRDA:44,6,0,319
BRDA:51,7,0,260
BRDA:61,8,0,5679
BRDA:63,9,0,31869
BRDA:71,10,0,2418
BRDA:73,11,0,5679
BRDA:56,12,0,0
BRDA:87,13,0,16
BRDA:121,14,0,441
BRDA:139,15,0,2061
BRDA:140,16,0,441
BRDA:140,17,0,1620
BRDA:136,18,0,0
BRDA:181,19,0,16
BRDA:212,20,0,448
BRDA:228,21,0,7
BRDA:231,22,0,441
BRDA:242,23,0,441
BRDA:254,24,0,441
BRDA:259,25,0,448
BRDA:221,26,0,0
BRDA:240,27,0,0
BRDA:245,28,0,0
BRDA:28,29,0,2418
BRDA:88,30,0,74
BRDA:89,31,0,16
BRDA:98,32,0,58
BRDA:98,33,0,30
BRDA:107,34,0,28
BRDA:90,35,0,0
BRDA:99,36,0,0
BRDA:122,37,0,2061
BRDA:130,38,0,2061
BRDA:131,39,0,441
BRDA:131,40,0,1620
BRDA:132,41,0,798
BRDA:132,42,0,822
BRDA:155,43,0,798
BRDA:199,44,0,74
BRDA:200,45,0,18
BRDA:200,46,0,32
BRDA:201,47,0,28
BRDA:200,48,0,12
BRDA:256,49,0,2418
BRF:50
BRH:43
DA:1,5
DA:2,5
DA:3,5
DA:4,5
DA:5,5
DA:6,5
DA:7,5
DA:8,5
DA:9,5
DA:10,5
DA:11,5
DA:12,5
DA:13,5
DA:14,5
DA:15,5
DA:16,5
DA:17,5
DA:18,5
DA:19,5
DA:20,5
DA:21,5
DA:22,5
DA:23,5
DA:24,5
DA:25,5
DA:26,441
DA:27,441
DA:28,441
DA:29,441
DA:30,441
DA:31,441
DA:32,2418
DA:33,13776
DA:34,13776
DA:35,2418
DA:36,2418
DA:37,441
DA:38,441
DA:39,441
DA:40,2418
DA:41,2418
DA:42,2418
DA:43,2418
DA:44,5679
DA:45,319
DA:46,319
DA:47,319
DA:48,5679
DA:49,2418
DA:50,2418
DA:51,2418
DA:52,260
DA:53,260
DA:54,2418
DA:55,2418
DA:56,2418
DA:57,0
DA:58,0
DA:59,2418
DA:60,2418
DA:61,2418
DA:62,5679
DA:63,5679
DA:64,31869
DA:65,31869
DA:66,5679
DA:67,2418
DA:68,441
DA:69,441
DA:70,441
DA:71,441
DA:72,2418
DA:73,2418
DA:74,5679
DA:75,5679
DA:76,2418
DA:77,2418
DA:78,441
DA:79,441
DA:80,441
DA:81,5
DA:82,5
DA:83,5
DA:84,5
DA:85,5
DA:86,5
DA:87,16
DA:88,16
DA:89,74
DA:90,16
DA:91,16
DA:92,16
DA:93,16
DA:94,16
DA:95,16
DA:96,16
DA:97,16
DA:98,74
DA:99,30
DA:100,30
DA:101,30
DA:102,30
DA:103,30
DA:104,30
DA:105,30
DA:106,30
DA:107,58
DA:108,28
DA:109,28
DA:110,28
DA:111,16
DA:112,16
DA:113,5
DA:114,5
DA:115,5
DA:116,5
DA:117,5
DA:118,5
DA:119,5
DA:120,5
DA:121,441
DA:122,441
DA:123,441
DA:124,441
DA:125,441
DA:126,441
DA:127,441
DA:128,441
DA:129,441
DA:130,441
DA:131,2061
DA:132,1620
DA:133,822
DA:134,441
DA:135,441
DA:136,441
DA:137,441
DA:138,441
DA:139,441
DA:140,2061
DA:141,1620
DA:142,1620
DA:143,1620
DA:144,1620
DA:145,1620
DA:146,1620
DA:147,1620
DA:148,1620
DA:149,1620
DA:150,1620
DA:151,1620
DA:152,2061
DA:153,441
DA:154,441
DA:155,441
DA:156,798
DA:157,798
DA:158,798
DA:159,798
DA:160,798
DA:161,798
DA:162,798
DA:163,798
DA:164,798
DA:165,798
DA:166,441
DA:167,441
DA:168,441
DA:169,441
DA:170,5
DA:171,5
DA:172,5
DA:173,5
DA:174,5
DA:175,5
DA:176,5
DA:177,5
DA:178,5
DA:179,5
DA:180,5
DA:181,16
DA:182,16
DA:183,16
DA:184,16
DA:185,16
DA:186,16
DA:187,16
DA:188,16
DA:189,16
DA:190,16
DA:191,16
DA:192,16
DA:193,16
DA:194,16
DA:195,16
DA:196,16
DA:197,16
DA:198,16
DA:199,16
DA:200,74
DA:201,12
DA:202,16
DA:203,16
DA:204,16
DA:205,16
DA:206,16
DA:207,16
DA:208,16
DA:209,16
DA:210,16
DA:211,16
DA:212,16
DA:213,448
DA:214,448
DA:215,448
DA:216,448
DA:217,448
DA:218,448
DA:219,448
DA:220,448
DA:221,448
DA:222,0
DA:223,0
DA:224,0
DA:225,0
DA:226,448
DA:227,448
DA:228,448
DA:229,7
DA:230,7
DA:231,7
DA:232,441
DA:233,441
DA:234,441
DA:235,441
DA:236,441
DA:237,441
DA:238,441
DA:239,441
DA:240,448
DA:241,0
DA:242,0
DA:243,441
DA:244,441
DA:245,448
DA:246,0
DA:247,0
DA:248,0
DA:249,0
DA:250,0
DA:251,0
DA:252,0
DA:253,0
DA:254,448
DA:255,441
DA:256,441
DA:257,441
DA:258,441
DA:259,448
DA:260,448
DA:261,448
DA:262,448
DA:263,448
DA:264,448
DA:265,448
DA:266,448
DA:267,448
DA:268,16
DA:269,5
DA:270,5
LH:254
LF:270
end_of_record
SF:backend\src\core\powerflow\solvers\fastDecoupled.js
FN:8,FastDecoupledSolver
FN:14,solve
FN:53,calculateShortCircuit
FN:62,solveOPF
FN:81,initializeVoltages
FN:106,buildDecoupledMatrices
FN:132,calculateMismatches
FN:150,calculateRealPower
FN:161,calculateReactivePower
FN:172,updateAngles
FN:184,updateMagnitudes
FN:199,formatVoltages
FN:208,calculateFlows
FN:231,get defaultOptions
FN:239,calculatePreFaultVoltages
FN:247,calculateOptimalDispatch
FN:257,calculateTotalCost
FNDA:0,FastDecoupledSolver
FNDA:0,solve
FNDA:0,calculateShortCircuit
FNDA:0,solveOPF
FNDA:0,initializeVoltages
FNDA:0,buildDecoupledMatrices
FNDA:0,calculateMismatches
FNDA:0,calculateRealPower
FNDA:0,calculateReactivePower
FNDA:0,updateAngles
FNDA:0,updateMagnitudes
FNDA:0,formatVoltages
FNDA:0,calculateFlows
FNDA:0,get defaultOptions
FNDA:0,calculatePreFaultVoltages
FNDA:0,calculateOptimalDispatch
FNDA:0,calculateTotalCost
FNF:17
FNH:0
BRDA:1,0,0,2
BRF:1
BRH:1
DA:1,2
DA:2,2
DA:3,2
DA:4,2
DA:5,2
DA:6,2
DA:7,2
DA:8,2
DA:9,0
DA:10,0
DA:11,0
DA:12,0
DA:13,2
DA:14,2
DA:15,0
DA:16,0
DA:17,0
DA:18,0
DA:19,0
DA:20,0
DA:21,0
DA:22,0
DA:23,0
DA:24,0
DA:25,0
DA:26,0
DA:27,0
DA:28,0
DA:29,0
DA:30,0
DA:31,0
DA:32,0
DA:33,0
DA:34,0
DA:35,0
DA:36,0
DA:37,0
DA:38,0
DA:39,0
DA:40,0
DA:41,0
DA:42,0
DA:43,0
DA:44,0
DA:45,0
DA:46,0
DA:47,0
DA:48,0
DA:49,0
DA:50,0
DA:51,0
DA:52,2
DA:53,2
DA:54,0
DA:55,0
DA:56,0
DA:57,0
DA:58,0
DA:59,0
DA:60,0
DA:61,2
DA:62,2
DA:63,0
DA:64,0
DA:65,0
DA:66,0
DA:67,0
DA:68,0
DA:69,0
DA:70,0
DA:71,0
DA:72,0
DA:73,0
DA:74,0
DA:75,0
DA:76,0
DA:77,0
DA:78,0
DA:79,0
DA:80,2
DA:81,2
DA:82,0
DA:83,0
DA:84,0
DA:85,0
DA:86,0
DA:87,0
DA:88,0
DA:89,0
DA:90,0
DA:91,0
DA:92,0
DA:93,0
DA:94,0
DA:95,0
DA:96,0
DA:97,0
DA:98,0
DA:99,0
DA:100,0
DA:101,0
DA:102,0
DA:103,0
DA:104,0
DA:105,2
DA:106,2
DA:107,0
DA:108,0
DA:109,0
DA:110,0
DA:111,0
DA:112,0
DA:113,0
DA:114,0
DA:115,0
DA:116,0
DA:117,0
DA:118,0
DA:119,0
DA:120,0
DA:121,0
DA:122,0
DA:123,0
DA:124,0
DA:125,0
DA:126,0
DA:127,0
DA:128,0
DA:129,0
DA:130,0
DA:131,2
DA:132,2
DA:133,0
DA:134,0
DA:135,0
DA:136,0
DA:137,0
DA:138,0
DA:139,0
DA:140,0
DA:141,0
DA:142,0
DA:143,0
DA:144,0
DA:145,0
DA:146,0
DA:147,0
DA:148,0
DA:149,2
DA:150,2
DA:151,0
DA:152,0
DA:153,0
DA:154,0
DA:155,0
DA:156,0
DA:157,0
DA:158,0
DA:159,0
DA:160,2
DA:161,2
DA:162,0
DA:163,0
DA:164,0
DA:165,0
DA:166,0
DA:167,0
DA:168,0
DA:169,0
DA:170,0
DA:171,2
DA:172,2
DA:173,0
DA:174,0
DA:175,0
DA:176,0
DA:177,0
DA:178,0
DA:179,0
DA:180,0
DA:181,0
DA:182,0
DA:183,2
DA:184,2
DA:185,0
DA:186,0
DA:187,0
DA:188,0
DA:189,0
DA:190,0
DA:191,0
DA:192,0
DA:193,0
DA:194,0
DA:195,0
DA:196,0
DA:197,0
DA:198,2
DA:199,2
DA:200,0
DA:201,0
DA:202,0
DA:203,0
DA:204,0
DA:205,0
DA:206,0
DA:207,2
DA:208,2
DA:209,0
DA:210,0
DA:211,0
DA:212,0
DA:213,0
DA:214,0
DA:215,0
DA:216,0
DA:217,0
DA:218,0
DA:219,0
DA:220,0
DA:221,0
DA:222,0
DA:223,0
DA:224,0
DA:225,0
DA:226,0
DA:227,0
DA:228,0
DA:229,0
DA:230,2
DA:231,2
DA:232,0
DA:233,0
DA:234,0
DA:235,0
DA:236,0
DA:237,0
DA:238,2
DA:239,2
DA:240,0
DA:241,0
DA:242,0
DA:243,0
DA:244,0
DA:245,0
DA:246,2
DA:247,2
DA:248,0
DA:249,0
DA:250,0
DA:251,0
DA:252,0
DA:253,0
DA:254,0
DA:255,0
DA:256,2
DA:257,2
DA:258,0
DA:259,0
DA:260,0
DA:261,0
DA:262,0
DA:263,2
DA:264,2
DA:265,2
LH:43
LF:265
end_of_record
SF:backend\src\core\powerflow\solvers\index.js
FN:12,PowerFlowSolver
FN:29,solve
FN:33,calculateShortCircuit
FN:37,solveOPF
FN:41,get defaultOptions
FNDA:1,PowerFlowSolver
FNDA:0,solve
FNDA:0,calculateShortCircuit
FNDA:0,solveOPF
FNDA:0,get defaultOptions
FNF:5
FNH:1
BRDA:1,0,0,2
BRDA:12,1,0,1
BRDA:21,2,0,0
BRDA:24,3,0,0
BRF:4
BRH:2
DA:1,2
DA:2,2
DA:3,2
DA:4,2
DA:5,2
DA:6,2
DA:7,2
DA:8,2
DA:9,2
DA:10,2
DA:11,2
DA:12,2
DA:13,1
DA:14,1
DA:15,1
DA:16,1
DA:17,1
DA:18,1
DA:19,1
DA:20,1
DA:21,1
DA:22,0
DA:23,0
DA:24,1
DA:25,0
DA:26,1
DA:27,1
DA:28,2
DA:29,2
DA:30,0
DA:31,0
DA:32,2
DA:33,2
DA:34,0
DA:35,0
DA:36,2
DA:37,2
DA:38,0
DA:39,0
DA:40,2
DA:41,2
DA:42,0
DA:43,0
DA:44,0
DA:45,0
DA:46,0
DA:47,0
DA:48,2
DA:49,2
DA:50,2
DA:51,2
DA:52,2
DA:53,2
DA:54,2
LH:39
LF:54
end_of_record
SF:backend\src\core\powerflow\solvers\newtonRaphson.js
FN:8,NewtonRaphsonSolver
FN:14,solve
FN:82,calculateShortCircuit
FN:102,solveOPF
FN:125,initializeVoltages
FN:150,buildYBus
FN:179,calculateMismatches
FN:213,buildJacobian
FN:237,solveLinearSystem
FN:277,updateVoltages
FN:293,formatVoltages
FN:302,calculateFlows
FN:341,get defaultOptions
FN:349,calculateJacobianSize
FN:359,admittance
FN:368,polarToComplex
FN:375,addComplex
FN:382,subtractComplex
FN:389,multiplyComplex
FN:396,conjugateComplex
FN:403,calculateFaultCurrent
FN:411,calculatePreFaultVoltages
FN:419,calculatePostFaultVoltages
FN:424,calculateOptimalDispatch
FN:435,calculateTotalCost
FN:442,calculateLosses
FNDA:1,NewtonRaphsonSolver
FNDA:0,solve
FNDA:0,calculateShortCircuit
FNDA:0,solveOPF
FNDA:0,initializeVoltages
FNDA:0,buildYBus
FNDA:0,calculateMismatches
FNDA:0,buildJacobian
FNDA:0,solveLinearSystem
FNDA:0,updateVoltages
FNDA:0,formatVoltages
FNDA:0,calculateFlows
FNDA:0,get defaultOptions
FNDA:0,calculateJacobianSize
FNDA:0,admittance
FNDA:0,polarToComplex
FNDA:0,addComplex
FNDA:0,subtractComplex
FNDA:0,multiplyComplex
FNDA:0,conjugateComplex
FNDA:0,calculateFaultCurrent
FNDA:0,calculatePreFaultVoltages
FNDA:0,calculatePostFaultVoltages
FNDA:0,calculateOptimalDispatch
FNDA:0,calculateTotalCost
FNDA:0,calculateLosses
FNF:26
FNH:1
BRDA:1,0,0,2
BRDA:8,1,0,1
BRF:2
BRH:2
DA:1,2
DA:2,2
DA:3,2
DA:4,2
DA:5,2
DA:6,2
DA:7,2
DA:8,2
DA:9,1
DA:10,1
DA:11,1
DA:12,1
DA:13,2
DA:14,2
DA:15,0
DA:16,0
DA:17,0
DA:18,0
DA:19,0
DA:20,0
DA:21,0
DA:22,0
DA:23,0
DA:24,0
DA:25,0
DA:26,0
DA:27,0
DA:28,0
DA:29,0
DA:30,0
DA:31,0
DA:32,0
DA:33,0
DA:34,0
DA:35,0
DA:36,0
DA:37,0
DA:38,0
DA:39,0
DA:40,0
DA:41,0
DA:42,0
DA:43,0
DA:44,0
DA:45,0
DA:46,0
DA:47,0
DA:48,0
DA:49,0
DA:50,0
DA:51,0
DA:52,0
DA:53,0
DA:54,0
DA:55,0
DA:56,0
DA:57,0
DA:58,0
DA:59,0
DA:60,0
DA:61,0
DA:62,0
DA:63,0
DA:64,0
DA:65,0
DA:66,0
DA:67,0
DA:68,0
DA:69,0
DA:70,0
DA:71,0
DA:72,0
DA:73,0
DA:74,0
DA:75,0
DA:76,0
DA:77,0
DA:78,0
DA:79,0
DA:80,0
DA:81,2
DA:82,2
DA:83,0
DA:84,0
DA:85,0
DA:86,0
DA:87,0
DA:88,0
DA:89,0
DA:90,0
DA:91,0
DA:92,0
DA:93,0
DA:94,0
DA:95,0
DA:96,0
DA:97,0
DA:98,0
DA:99,0
DA:100,0
DA:101,2
DA:102,2
DA:103,0
DA:104,0
DA:105,0
DA:106,0
DA:107,0
DA:108,0
DA:109,0
DA:110,0
DA:111,0
DA:112,0
DA:113,0
DA:114,0
DA:115,0
DA:116,0
DA:117,0
DA:118,0
DA:119,0
DA:120,0
DA:121,0
DA:122,0
DA:123,0
DA:124,2
DA:125,2
DA:126,0
DA:127,0
DA:128,0
DA:129,0
DA:130,0
DA:131,0
DA:132,0
DA:133,0
DA:134,0
DA:135,0
DA:136,0
DA:137,0
DA:138,0
DA:139,0
DA:140,0
DA:141,0
DA:142,0
DA:143,0
DA:144,0
DA:145,0
DA:146,0
DA:147,0
DA:148,0
DA:149,2
DA:150,2
DA:151,0
DA:152,0
DA:153,0
DA:154,0
DA:155,0
DA:156,0
DA:157,0
DA:158,0
DA:159,0
DA:160,0
DA:161,0
DA:162,0
DA:163,0
DA:164,0
DA:165,0
DA:166,0
DA:167,0
DA:168,0
DA:169,0
DA:170,0
DA:171,0
DA:172,0
DA:173,0
DA:174,0
DA:175,0
DA:176,0
DA:177,0
DA:178,2
DA:179,2
DA:180,0
DA:181,0
DA:182,0
DA:183,0
DA:184,0
DA:185,0
DA:186,0
DA:187,0
DA:188,0
DA:189,0
DA:190,0
DA:191,0
DA:192,0
DA:193,0
DA:194,0
DA:195,0
DA:196,0
DA:197,0
DA:198,0
DA:199,0
DA:200,0
DA:201,0
DA:202,0
DA:203,0
DA:204,0
DA:205,0
DA:206,0
DA:207,0
DA:208,0
DA:209,0
DA:210,0
DA:211,0
DA:212,2
DA:213,2
DA:214,0
DA:215,0
DA:216,0
DA:217,0
DA:218,0
DA:219,0
DA:220,0
DA:221,0
DA:222,0
DA:223,0
DA:224,0
DA:225,0
DA:226,0
DA:227,0
DA:228,0
DA:229,0
DA:230,0
DA:231,0
DA:232,0
DA:233,0
DA:234,0
DA:235,0
DA:236,2
DA:237,2
DA:238,0
DA:239,0
DA:240,0
DA:241,0
DA:242,0
DA:243,0
DA:244,0
DA:245,0
DA:246,0
DA:247,0
DA:248,0
DA:249,0
DA:250,0
DA:251,0
DA:252,0
DA:253,0
DA:254,0
DA:255,0
DA:256,0
DA:257,0
DA:258,0
DA:259,0
DA:260,0
DA:261,0
DA:262,0
DA:263,0
DA:264,0
DA:265,0
DA:266,0
DA:267,0
DA:268,0
DA:269,0
DA:270,0
DA:271,0
DA:272,0
DA:273,0
DA:274,0
DA:275,0
DA:276,2
DA:277,2
DA:278,0
DA:279,0
DA:280,0
DA:281,0
DA:282,0
DA:283,0
DA:284,0
DA:285,0
DA:286,0
DA:287,0
DA:288,0
DA:289,0
DA:290,0
DA:291,0
DA:292,2
DA:293,2
DA:294,0
DA:295,0
DA:296,0
DA:297,0
DA:298,0
DA:299,0
DA:300,0
DA:301,2
DA:302,2
DA:303,0
DA:304,0
DA:305,0
DA:306,0
DA:307,0
DA:308,0
DA:309,0
DA:310,0
DA:311,0
DA:312,0
DA:313,0
DA:314,0
DA:315,0
DA:316,0
DA:317,0
DA:318,0
DA:319,0
DA:320,0
DA:321,0
DA:322,0
DA:323,0
DA:324,0
DA:325,0
DA:326,0
DA:327,0
DA:328,0
DA:329,0
DA:330,0
DA:331,0
DA:332,0
DA:333,0
DA:334,0
DA:335,0
DA:336,0
DA:337,0
DA:338,0
DA:339,2
DA:340,2
DA:341,2
DA:342,0
DA:343,0
DA:344,0
DA:345,0
DA:346,0
DA:347,0
DA:348,2
DA:349,2
DA:350,0
DA:351,0
DA:352,0
DA:353,0
DA:354,0
DA:355,0
DA:356,0
DA:357,0
DA:358,2
DA:359,2
DA:360,0
DA:361,0
DA:362,0
DA:363,0
DA:364,0
DA:365,0
DA:366,0
DA:367,2
DA:368,2
DA:369,0
DA:370,0
DA:371,0
DA:372,0
DA:373,0
DA:374,2
DA:375,2
DA:376,0
DA:377,0
DA:378,0
DA:379,0
DA:380,0
DA:381,2
DA:382,2
DA:383,0
DA:384,0
DA:385,0
DA:386,0
DA:387,0
DA:388,2
DA:389,2
DA:390,0
DA:391,0
DA:392,0
DA:393,0
DA:394,0
DA:395,2
DA:396,2
DA:397,0
DA:398,0
DA:399,0
DA:400,0
DA:401,0
DA:402,2
DA:403,2
DA:404,0
DA:405,0
DA:406,0
DA:407,0
DA:408,0
DA:409,0
DA:410,2
DA:411,2
DA:412,0
DA:413,0
DA:414,0
DA:415,0
DA:416,0
DA:417,0
DA:418,2
DA:419,2
DA:420,0
DA:421,0
DA:422,0
DA:423,2
DA:424,2
DA:425,0
DA:426,0
DA:427,0
DA:428,0
DA:429,0
DA:430,0
DA:431,0
DA:432,0
DA:433,0
DA:434,2
DA:435,2
DA:436,0
DA:437,0
DA:438,0
DA:439,0
DA:440,0
DA:441,2
DA:442,2
DA:443,0
DA:444,0
DA:445,0
DA:446,2
DA:447,2
DA:448,2
LH:66
LF:448
end_of_record
SF:backend\src\core\powerflow\solvers\powerFlowSolver.js
FN:8,PowerFlowSolver
FN:14,solve
FN:52,calculateShortCircuit
FN:61,solveOPF
FN:80,validateSystem
FN:103,initializeVoltages
FN:128,calculateMismatches
FN:146,calculateRealPower
FN:157,calculateReactivePower
FN:168,updateVoltages
FN:181,formatVoltages
FN:190,calculateFlows
FN:207,get defaultOptions
FN:215,calculatePreFaultVoltages
FN:223,calculateOptimalDispatch
FN:233,calculateTotalCost
FNDA:0,PowerFlowSolver
FNDA:0,solve
FNDA:0,calculateShortCircuit
FNDA:0,solveOPF
FNDA:0,validateSystem
FNDA:0,initializeVoltages
FNDA:0,calculateMismatches
FNDA:0,calculateRealPower
FNDA:0,calculateReactivePower
FNDA:0,updateVoltages
FNDA:0,formatVoltages
FNDA:0,calculateFlows
FNDA:0,get defaultOptions
FNDA:0,calculatePreFaultVoltages
FNDA:0,calculateOptimalDispatch
FNDA:0,calculateTotalCost
FNF:16
FNH:0
BRDA:1,0,0,2
BRF:1
BRH:1
DA:1,2
DA:2,2
DA:3,2
DA:4,2
DA:5,2
DA:6,2
DA:7,2
DA:8,2
DA:9,0
DA:10,0
DA:11,0
DA:12,0
DA:13,2
DA:14,2
DA:15,0
DA:16,0
DA:17,0
DA:18,0
DA:19,0
DA:20,0
DA:21,0
DA:22,0
DA:23,0
DA:24,0
DA:25,0
DA:26,0
DA:27,0
DA:28,0
DA:29,0
DA:30,0
DA:31,0
DA:32,0
DA:33,0
DA:34,0
DA:35,0
DA:36,0
DA:37,0
DA:38,0
DA:39,0
DA:40,0
DA:41,0
DA:42,0
DA:43,0
DA:44,0
DA:45,0
DA:46,0
DA:47,0
DA:48,0
DA:49,0
DA:50,0
DA:51,2
DA:52,2
DA:53,0
DA:54,0
DA:55,0
DA:56,0
DA:57,0
DA:58,0
DA:59,0
DA:60,2
DA:61,2
DA:62,0
DA:63,0
DA:64,0
DA:65,0
DA:66,0
DA:67,0
DA:68,0
DA:69,0
DA:70,0
DA:71,0
DA:72,0
DA:73,0
DA:74,0
DA:75,0
DA:76,0
DA:77,0
DA:78,0
DA:79,2
DA:80,2
DA:81,0
DA:82,0
DA:83,0
DA:84,0
DA:85,0
DA:86,0
DA:87,0
DA:88,0
DA:89,0
DA:90,0
DA:91,0
DA:92,0
DA:93,0
DA:94,0
DA:95,0
DA:96,0
DA:97,0
DA:98,0
DA:99,0
DA:100,0
DA:101,0
DA:102,2
DA:103,2
DA:104,0
DA:105,0
DA:106,0
DA:107,0
DA:108,0
DA:109,0
DA:110,0
DA:111,0
DA:112,0
DA:113,0
DA:114,0
DA:115,0
DA:116,0
DA:117,0
DA:118,0
DA:119,0
DA:120,0
DA:121,0
DA:122,0
DA:123,0
DA:124,0
DA:125,0
DA:126,0
DA:127,2
DA:128,2
DA:129,0
DA:130,0
DA:131,0
DA:132,0
DA:133,0
DA:134,0
DA:135,0
DA:136,0
DA:137,0
DA:138,0
DA:139,0
DA:140,0
DA:141,0
DA:142,0
DA:143,0
DA:144,0
DA:145,2
DA:146,2
DA:147,0
DA:148,0
DA:149,0
DA:150,0
DA:151,0
DA:152,0
DA:153,0
DA:154,0
DA:155,0
DA:156,2
DA:157,2
DA:158,0
DA:159,0
DA:160,0
DA:161,0
DA:162,0
DA:163,0
DA:164,0
DA:165,0
DA:166,0
DA:167,2
DA:168,2
DA:169,0
DA:170,0
DA:171,0
DA:172,0
DA:173,0
DA:174,0
DA:175,0
DA:176,0
DA:177,0
DA:178,0
DA:179,0
DA:180,2
DA:181,2
DA:182,0
DA:183,0
DA:184,0
DA:185,0
DA:186,0
DA:187,0
DA:188,0
DA:189,2
DA:190,2
DA:191,0
DA:192,0
DA:193,0
DA:194,0
DA:195,0
DA:196,0
DA:197,0
DA:198,0
DA:199,0
DA:200,0
DA:201,0
DA:202,0
DA:203,0
DA:204,0
DA:205,0
DA:206,2
DA:207,2
DA:208,0
DA:209,0
DA:210,0
DA:211,0
DA:212,0
DA:213,0
DA:214,2
DA:215,2
DA:216,0
DA:217,0
DA:218,0
DA:219,0
DA:220,0
DA:221,0
DA:222,2
DA:223,2
DA:224,0
DA:225,0
DA:226,0
DA:227,0
DA:228,0
DA:229,0
DA:230,0
DA:231,0
DA:232,2
DA:233,2
DA:234,0
DA:235,0
DA:236,0
DA:237,0
DA:238,0
DA:239,2
DA:240,2
DA:241,2
LH:41
LF:241
end_of_record
SF:backend\src\core\powerflow\trustRegion.js
FN:14,applyTrustRegion
FNDA:0,applyTrustRegion
FNF:1
FNH:0
BRDA:1,0,0,5
BRF:1
BRH:1
DA:1,5
DA:2,5
DA:3,5
DA:4,5
DA:5,5
DA:6,5
DA:7,5
DA:8,5
DA:9,5
DA:10,5
DA:11,5
DA:12,5
DA:13,5
DA:14,0
DA:15,0
DA:16,0
DA:17,0
DA:18,0
DA:19,0
DA:20,0
DA:21,0
DA:22,0
DA:23,0
DA:24,0
DA:25,0
DA:26,5
DA:27,5
LH:15
LF:27
end_of_record
SF:backend\src\core\ybus\buildYbus.js
FN:19,buildYbus
FN:23,anonymous_1
FN:36,anonymous_2
FN:37,anonymous_3
FN:41,anonymous_4
FN:72,anonymous_5
FN:73,anonymous_6
FNDA:8312,buildYbus
FNDA:2525,anonymous_1
FNDA:1988,anonymous_2
FNDA:8312,anonymous_3
FNDA:2525,anonymous_4
FNDA:1988,anonymous_5
FNDA:1988,anonymous_6
FNF:7
FNH:7
BRDA:1,0,0,5
BRDA:19,1,0,480
BRDA:75,2,0,1988
BRDA:76,3,0,8312
BRDA:80,4,0,400
BRDA:23,5,0,2525
BRDA:26,6,0,0
BRDA:30,7,0,0
BRDA:30,8,0,0
BRDA:36,9,0,1988
BRDA:37,10,0,8312
BRDA:41,11,0,2525
BRDA:45,12,0,0
BRDA:72,13,0,1988
BRDA:73,14,0,1988
BRF:15
BRH:11
DA:1,5
DA:2,5
DA:3,5
DA:4,5
DA:5,5
DA:6,5
DA:7,5
DA:8,5
DA:9,5
DA:10,5
DA:11,5
DA:12,5
DA:13,5
DA:14,5
DA:15,5
DA:16,5
DA:17,5
DA:18,5
DA:19,480
DA:20,480
DA:21,480
DA:22,480
DA:23,480
DA:24,2525
DA:25,2525
DA:26,2525
DA:27,0
DA:28,0
DA:29,2525
DA:30,2525
DA:31,0
DA:32,0
DA:33,480
DA:34,480
DA:35,480
DA:36,480
DA:37,1988
DA:38,480
DA:39,480
DA:40,480
DA:41,480
DA:42,2525
DA:43,2525
DA:44,2525
DA:45,2525
DA:46,0
DA:47,0
DA:48,2525
DA:49,2525
DA:50,2525
DA:51,2525
DA:52,2525
DA:53,2525
DA:54,2525
DA:55,2525
DA:56,2525
DA:57,2525
DA:58,2525
DA:59,2525
DA:60,2525
DA:61,2525
DA:62,2525
DA:63,2525
DA:64,2525
DA:65,2525
DA:66,2525
DA:67,2525
DA:68,2525
DA:69,480
DA:70,480
DA:71,480
DA:72,480
DA:73,480
DA:74,480
DA:75,480
DA:76,1988
DA:77,8312
DA:78,8312
DA:79,8312
DA:80,1988
DA:81,400
DA:82,400
DA:83,480
DA:84,5
DA:85,5
LH:79
LF:85
end_of_record
SF:backend\src\shared\math\Complex.js
FN:8,Complex
FN:13,get magnitude
FN:17,get angle
FN:21,fromPolar
FN:28,add
FN:32,subtract
FN:36,multiply
FN:46,divide
FN:58,conjugate
FN:62,reciprocal
FN:67,pow
FN:77,sqrt
FN:81,equals
FN:86,toString
FN:93,toJSON
FN:102,fromJSON
FN:106,zero
FN:110,one
FN:114,i
FNDA:0,Complex
FNDA:0,get magnitude
FNDA:0,get angle
FNDA:0,fromPolar
FNDA:0,add
FNDA:0,subtract
FNDA:0,multiply
FNDA:0,divide
FNDA:0,conjugate
FNDA:0,reciprocal
FNDA:0,pow
FNDA:0,sqrt
FNDA:0,equals
FNDA:0,toString
FNDA:0,toJSON
FNDA:0,fromJSON
FNDA:0,zero
FNDA:0,one
FNDA:0,i
FNF:19
FNH:0
BRDA:1,0,0,2
BRF:1
BRH:1
DA:1,2
DA:2,2
DA:3,2
DA:4,2
DA:5,2
DA:6,2
DA:7,2
DA:8,2
DA:9,0
DA:10,0
DA:11,0
DA:12,2
DA:13,2
DA:14,0
DA:15,0
DA:16,2
DA:17,2
DA:18,0
DA:19,0
DA:20,2
DA:21,2
DA:22,0
DA:23,0
DA:24,0
DA:25,0
DA:26,0
DA:27,2
DA:28,2
DA:29,0
DA:30,0
DA:31,2
DA:32,2
DA:33,0
DA:34,0
DA:35,2
DA:36,2
DA:37,0
DA:38,0
DA:39,0
DA:40,0
DA:41,0
DA:42,0
DA:43,0
DA:44,0
DA:45,2
DA:46,2
DA:47,0
DA:48,0
DA:49,0
DA:50,0
DA:51,0
DA:52,0
DA:53,0
DA:54,0
DA:55,0
DA:56,0
DA:57,2
DA:58,2
DA:59,0
DA:60,0
DA:61,2
DA:62,2
DA:63,0
DA:64,0
DA:65,0
DA:66,2
DA:67,2
DA:68,0
DA:69,0
DA:70,0
DA:71,0
DA:72,0
DA:73,0
DA:74,0
DA:75,0
DA:76,2
DA:77,2
DA:78,0
DA:79,0
DA:80,2
DA:81,2
DA:82,0
DA:83,0
DA:84,0
DA:85,2
DA:86,2
DA:87,0
DA:88,0
DA:89,0
DA:90,0
DA:91,0
DA:92,2
DA:93,2
DA:94,0
DA:95,0
DA:96,0
DA:97,0
DA:98,0
DA:99,0
DA:100,0
DA:101,2
DA:102,2
DA:103,0
DA:104,0
DA:105,2
DA:106,2
DA:107,0
DA:108,0
DA:109,2
DA:110,2
DA:111,0
DA:112,0
DA:113,2
DA:114,2
DA:115,0
DA:116,0
DA:117,2
DA:118,2
DA:119,2
LH:47
LF:119
end_of_record
SF:backend\src\shared\utils\electricalUtils.js
FN:13,toElectricalPrecision
FN:28,calculateVoltageDrop
FN:60,calculatePowerLoss
FN:78,calculateShortCircuitCurrent
FN:113,calculatePowerFactor
FN:132,calculateApparentPower
FN:151,convertPowerUnits
FN:187,validateElectricalParams
FN:234,calculateThreePhasePower
FN:253,calculatePerUnit
FN:272,convertPerUnitToActual
FNDA:0,toElectricalPrecision
FNDA:0,calculateVoltageDrop
FNDA:0,calculatePowerLoss
FNDA:0,calculateShortCircuitCurrent
FNDA:0,calculatePowerFactor
FNDA:0,calculateApparentPower
FNDA:0,convertPowerUnits
FNDA:0,validateElectricalParams
FNDA:0,calculateThreePhasePower
FNDA:0,calculatePerUnit
FNDA:0,convertPerUnitToActual
FNF:11
FNH:0
BRDA:1,0,0,3
BRF:1
BRH:1
DA:1,3
DA:2,3
DA:3,3
DA:4,3
DA:5,3
DA:6,3
DA:7,3
DA:8,3
DA:9,3
DA:10,3
DA:11,3
DA:12,3
DA:13,0
DA:14,0
DA:15,0
DA:16,0
DA:17,0
DA:18,0
DA:19,3
DA:20,3
DA:21,3
DA:22,3
DA:23,3
DA:24,3
DA:25,3
DA:26,3
DA:27,3
DA:28,0
DA:29,0
DA:30,0
DA:31,0
DA:32,0
DA:33,0
DA:34,0
DA:35,0
DA:36,0
DA:37,0
DA:38,0
DA:39,0
DA:40,0
DA:41,0
DA:42,0
DA:43,0
DA:44,0
DA:45,0
DA:46,0
DA:47,0
DA:48,0
DA:49,0
DA:50,0
DA:51,0
DA:52,0
DA:53,3
DA:54,3
DA:55,3
DA:56,3
DA:57,3
DA:58,3
DA:59,3
DA:60,0
DA:61,0
DA:62,0
DA:63,0
DA:64,0
DA:65,0
DA:66,0
DA:67,0
DA:68,0
DA:69,0
DA:70,0
DA:71,3
DA:72,3
DA:73,3
DA:74,3
DA:75,3
DA:76,3
DA:77,3
DA:78,0
DA:79,0
DA:80,0
DA:81,0
DA:82,0
DA:83,0
DA:84,0
DA:85,0
DA:86,0
DA:87,0
DA:88,0
DA:89,0
DA:90,0
DA:91,0
DA:92,0
DA:93,0
DA:94,0
DA:95,0
DA:96,0
DA:97,0
DA:98,0
DA:99,0
DA:100,0
DA:101,0
DA:102,0
DA:103,0
DA:104,0
DA:105,0
DA:106,3
DA:107,3
DA:108,3
DA:109,3
DA:110,3
DA:111,3
DA:112,3
DA:113,0
DA:114,0
DA:115,0
DA:116,0
DA:117,0
DA:118,0
DA:119,0
DA:120,0
DA:121,0
DA:122,0
DA:123,0
DA:124,0
DA:125,3
DA:126,3
DA:127,3
DA:128,3
DA:129,3
DA:130,3
DA:131,3
DA:132,0
DA:133,0
DA:134,0
DA:135,0
DA:136,0
DA:137,0
DA:138,0
DA:139,0
DA:140,0
DA:141,0
DA:142,0
DA:143,3
DA:144,3
DA:145,3
DA:146,3
DA:147,3
DA:148,3
DA:149,3
DA:150,3
DA:151,0
DA:152,0
DA:153,0
DA:154,0
DA:155,0
DA:156,0
DA:157,0
DA:158,0
DA:159,0
DA:160,0
DA:161,0
DA:162,0
DA:163,0
DA:164,0
DA:165,0
DA:166,0
DA:167,0
DA:168,0
DA:169,0
DA:170,0
DA:171,0
DA:172,0
DA:173,0
DA:174,0
DA:175,0
DA:176,0
DA:177,0
DA:178,0
DA:179,0
DA:180,0
DA:181,3
DA:182,3
DA:183,3
DA:184,3
DA:185,3
DA:186,3
DA:187,0
DA:188,0
DA:189,0
DA:190,0
DA:191,0
DA:192,0
DA:193,0
DA:194,0
DA:195,0
DA:196,0
DA:197,0
DA:198,0
DA:199,0
DA:200,0
DA:201,0
DA:202,0
DA:203,0
DA:204,0
DA:205,0
DA:206,0
DA:207,0
DA:208,0
DA:209,0
DA:210,0
DA:211,0
DA:212,0
DA:213,0
DA:214,0
DA:215,0
DA:216,0
DA:217,0
DA:218,0
DA:219,0
DA:220,0
DA:221,0
DA:222,0
DA:223,0
DA:224,0
DA:225,0
DA:226,3
DA:227,3
DA:228,3
DA:229,3
DA:230,3
DA:231,3
DA:232,3
DA:233,3
DA:234,0
DA:235,0
DA:236,0
DA:237,0
DA:238,0
DA:239,0
DA:240,0
DA:241,0
DA:242,0
DA:243,0
DA:244,0
DA:245,0
DA:246,3
DA:247,3
DA:248,3
DA:249,3
DA:250,3
DA:251,3
DA:252,3
DA:253,0
DA:254,0
DA:255,0
DA:256,0
DA:257,0
DA:258,0
DA:259,0
DA:260,0
DA:261,0
DA:262,0
DA:263,0
DA:264,0
DA:265,3
DA:266,3
DA:267,3
DA:268,3
DA:269,3
DA:270,3
DA:271,3
DA:272,0
DA:273,0
DA:274,0
DA:275,0
DA:276,0
DA:277,0
DA:278,0
DA:279,0
DA:280,0
DA:281,3
DA:282,3
DA:283,3
DA:284,3
DA:285,3
DA:286,3
DA:287,3
DA:288,3
DA:289,3
DA:290,3
DA:291,3
DA:292,3
DA:293,3
DA:294,3
DA:295,3
DA:296,3
DA:297,3
DA:298,3
DA:299,3
LH:104
LF:299
end_of_record
SF:backend\src\shared\utils\electricalUtilsMissing.js
FN:7,toElectricalPrecision
FN:22,convertVoltage
FN:58,convertCurrent
FN:81,convertPower
FN:108,convertImpedance
FN:143,calculateReactivePower
FN:163,validateElectricalValue
FN:224,formatElectricalValue
FNDA:0,toElectricalPrecision
FNDA:0,convertVoltage
FNDA:0,convertCurrent
FNDA:0,convertPower
FNDA:0,convertImpedance
FNDA:0,calculateReactivePower
FNDA:0,validateElectricalValue
FNDA:0,formatElectricalValue
FNF:8
FNH:0
BRDA:1,0,0,3
BRF:1
BRH:1
DA:1,3
DA:2,3
DA:3,3
DA:4,3
DA:5,3
DA:6,3
DA:7,0
DA:8,0
DA:9,0
DA:10,0
DA:11,0
DA:12,0
DA:13,3
DA:14,3
DA:15,3
DA:16,3
DA:17,3
DA:18,3
DA:19,3
DA:20,3
DA:21,3
DA:22,0
DA:23,0
DA:24,0
DA:25,0
DA:26,0
DA:27,0
DA:28,0
DA:29,0
DA:30,0
DA:31,0
DA:32,0
DA:33,0
DA:34,0
DA:35,0
DA:36,0
DA:37,0
DA:38,0
DA:39,0
DA:40,0
DA:41,0
DA:42,0
DA:43,0
DA:44,0
DA:45,0
DA:46,0
DA:47,0
DA:48,0
DA:49,0
DA:50,3
DA:51,3
DA:52,3
DA:53,3
DA:54,3
DA:55,3
DA:56,3
DA:57,3
DA:58,0
DA:59,0
DA:60,0
DA:61,0
DA:62,0
DA:63,0
DA:64,0
DA:65,0
DA:66,0
DA:67,0
DA:68,0
DA:69,0
DA:70,0
DA:71,0
DA:72,0
DA:73,3
DA:74,3
DA:75,3
DA:76,3
DA:77,3
DA:78,3
DA:79,3
DA:80,3
DA:81,0
DA:82,0
DA:83,0
DA:84,0
DA:85,0
DA:86,0
DA:87,0
DA:88,0
DA:89,0
DA:90,0
DA:91,0
DA:92,0
DA:93,0
DA:94,0
DA:95,0
DA:96,0
DA:97,0
DA:98,0
DA:99,3
DA:100,3
DA:101,3
DA:102,3
DA:103,3
DA:104,3
DA:105,3
DA:106,3
DA:107,3
DA:108,0
DA:109,0
DA:110,0
DA:111,0
DA:112,0
DA:113,0
DA:114,0
DA:115,0
DA:116,0
DA:117,0
DA:118,0
DA:119,0
DA:120,0
DA:121,0
DA:122,0
DA:123,0
DA:124,0
DA:125,0
DA:126,0
DA:127,0
DA:128,0
DA:129,0
DA:130,0
DA:131,0
DA:132,0
DA:133,0
DA:134,0
DA:135,0
DA:136,3
DA:137,3
DA:138,3
DA:139,3
DA:140,3
DA:141,3
DA:142,3
DA:143,0
DA:144,0
DA:145,0
DA:146,0
DA:147,0
DA:148,0
DA:149,0
DA:150,0
DA:151,0
DA:152,0
DA:153,0
DA:154,0
DA:155,3
DA:156,3
DA:157,3
DA:158,3
DA:159,3
DA:160,3
DA:161,3
DA:162,3
DA:163,0
DA:164,0
DA:165,0
DA:166,0
DA:167,0
DA:168,0
DA:169,0
DA:170,0
DA:171,0
DA:172,0
DA:173,0
DA:174,0
DA:175,0
DA:176,0
DA:177,0
DA:178,0
DA:179,0
DA:180,0
DA:181,0
DA:182,0
DA:183,0
DA:184,0
DA:185,0
DA:186,0
DA:187,0
DA:188,0
DA:189,0
DA:190,0
DA:191,0
DA:192,0
DA:193,0
DA:194,0
DA:195,0
DA:196,0
DA:197,0
DA:198,0
DA:199,0
DA:200,0
DA:201,0
DA:202,0
DA:203,0
DA:204,0
DA:205,0
DA:206,0
DA:207,0
DA:208,0
DA:209,0
DA:210,0
DA:211,0
DA:212,0
DA:213,0
DA:214,0
DA:215,0
DA:216,3
DA:217,3
DA:218,3
DA:219,3
DA:220,3
DA:221,3
DA:222,3
DA:223,3
DA:224,0
DA:225,0
DA:226,0
DA:227,0
DA:228,0
DA:229,0
DA:230,0
DA:231,3
DA:232,3
DA:233,3
DA:234,3
DA:235,3
DA:236,3
DA:237,3
DA:238,3
DA:239,3
DA:240,3
LH:73
LF:240
end_of_record
SF:backend\tests\coverageConfig.js
FN:18,getTimeLimits
FN:30,skipIfCoverage
FN:35,adjustForCoverage
FNDA:0,getTimeLimits
FNDA:0,skipIfCoverage
FNDA:0,adjustForCoverage
FNF:3
FNH:0
BRDA:1,0,0,1
BRDA:8,1,0,0
BRF:2
BRH:1
DA:1,1
DA:2,1
DA:3,1
DA:4,1
DA:5,1
DA:6,1
DA:7,1
DA:8,1
DA:9,0
DA:10,0
DA:11,1
DA:12,1
DA:13,1
DA:14,1
DA:15,1
DA:16,1
DA:17,1
DA:18,1
DA:19,0
DA:20,0
DA:21,0
DA:22,0
DA:23,0
DA:24,0
DA:25,0
DA:26,0
DA:27,1
DA:28,1
DA:29,1
DA:30,1
DA:31,0
DA:32,1
DA:33,1
DA:34,1
DA:35,1
DA:36,0
DA:37,0
DA:38,1
LH:25
LF:38
end_of_record
