TN:
SF:src\ampacityTable.js
FN:52,getAmpacity
FN:65,getTerminalLimit
FN:74,calculateCorrectedAmpacity
FNF:3
FNH:0
FNDA:0,getAmpacity
FNDA:0,getTerminalLimit
FNDA:0,calculateCorrectedAmpacity
DA:4,0
DA:29,0
DA:53,0
DA:54,0
DA:57,0
DA:58,0
DA:59,0
DA:60,0
DA:62,0
DA:66,0
DA:67,0
DA:68,0
DA:69,0
DA:71,0
DA:75,0
DA:76,0
DA:79,0
DA:80,0
DA:83,0
DA:85,0
DA:86,0
DA:88,0
DA:98,0
LF:23
LH:0
BRDA:52,0,0,0
BRDA:52,1,0,0
BRDA:53,2,0,0
BRDA:53,2,1,0
BRDA:58,3,0,0
BRDA:58,3,1,0
BRDA:67,4,0,0
BRDA:67,4,1,0
BRDA:74,5,0,0
BRDA:76,6,0,0
BRDA:76,6,1,0
BRDA:80,7,0,0
BRDA:80,7,1,0
BRDA:83,8,0,0
BRDA:83,8,1,0
BRF:15
BRH:0
end_of_record
TN:
SF:src\app.js
FNF:0
FNH:0
DA:1,0
DA:2,0
DA:4,0
DA:6,0
DA:7,0
DA:9,0
LF:6
LH:0
BRF:0
BRH:0
end_of_record
TN:
SF:src\cache.js
FN:17,getCached
FN:34,setCached
FN:40,(anonymous_2)
FN:66,clearCache
FN:75,deleteCachedPattern
FN:92,getCacheStats
FNF:6
FNH:0
FNDA:0,getCached
FNDA:0,setCached
FNDA:0,(anonymous_2)
FNDA:0,clearCache
FNDA:0,deleteCachedPattern
FNDA:0,getCacheStats
DA:8,0
DA:9,0
DA:10,0
DA:18,0
DA:21,0
DA:22,0
DA:25,0
DA:35,0
DA:38,0
DA:40,0
DA:41,0
DA:44,0
DA:46,0
DA:48,0
DA:49,0
DA:50,0
DA:51,0
DA:55,0
DA:59,0
DA:67,0
DA:76,0
DA:78,0
DA:79,0
DA:80,0
DA:81,0
DA:82,0
DA:85,0
DA:93,0
DA:99,0
LF:29
LH:0
BRDA:18,0,0,0
BRDA:18,0,1,0
BRDA:18,1,0,0
BRDA:18,1,1,0
BRDA:35,2,0,0
BRDA:35,2,1,0
BRDA:35,3,0,0
BRDA:35,3,1,0
BRDA:38,4,0,0
BRDA:38,4,1,0
BRDA:48,5,0,0
BRDA:48,5,1,0
BRDA:50,6,0,0
BRDA:50,6,1,0
BRDA:76,7,0,0
BRDA:76,7,1,0
BRDA:76,8,0,0
BRDA:76,8,1,0
BRDA:80,9,0,0
BRDA:80,9,1,0
BRF:20
BRH:0
end_of_record
TN:
SF:src\calculationEngine.js
FN:5,validateAmpacity
FN:29,suggestCalibre
FN:40,validateGroundFaultProtection
FNF:3
FNH:0
FNDA:0,validateAmpacity
FNDA:0,suggestCalibre
FNDA:0,validateGroundFaultProtection
DA:1,0
DA:2,0
DA:6,0
DA:8,0
DA:9,0
DA:16,0
DA:18,0
DA:30,0
DA:31,0
DA:32,0
DA:33,0
DA:36,0
DA:41,0
DA:43,0
DA:45,0
DA:46,0
DA:54,0
DA:60,0
LF:18
LH:0
BRDA:8,0,0,0
BRDA:8,0,1,0
BRDA:25,1,0,0
BRDA:25,1,1,0
BRDA:33,2,0,0
BRDA:33,2,1,0
BRDA:41,3,0,0
BRDA:41,4,0,0
BRDA:41,5,0,0
BRDA:45,6,0,0
BRDA:45,6,1,0
BRDA:45,7,0,0
BRDA:45,7,1,0
BRDA:55,8,0,0
BRDA:55,8,1,0
BRF:15
BRH:0
end_of_record
TN:
SF:src\express-server.js
FN:12,(anonymous_0)
FN:34,(anonymous_1)
FN:39,(anonymous_2)
FNF:3
FNH:0
FNDA:0,(anonymous_0)
FNDA:0,(anonymous_1)
FNDA:0,(anonymous_2)
DA:8,0
DA:9,0
DA:12,0
DA:13,0
DA:14,0
DA:15,0
DA:16,0
DA:17,0
DA:18,0
DA:19,0
DA:20,0
DA:21,0
DA:22,0
DA:23,0
DA:24,0
DA:25,0
DA:26,0
DA:27,0
DA:28,0
DA:29,0
DA:30,0
DA:34,0
DA:35,0
DA:36,0
DA:39,0
DA:40,0
DA:41,0
DA:44,0
LF:28
LH:0
BRDA:9,0,0,0
BRDA:9,0,1,0
BRF:2
BRH:0
end_of_record
TN:
SF:src\fix-voltage-calculation.js
FN:4,calculateIsc3Phase
FNF:1
FNH:0
FNDA:0,calculateIsc3Phase
DA:5,0
DA:6,0
DA:7,0
DA:10,0
DA:11,0
DA:14,0
DA:15,0
DA:16,0
DA:17,0
DA:18,0
DA:21,0
DA:31,0
LF:12
LH:0
BRDA:5,0,0,0
BRDA:5,0,1,0
BRDA:14,1,0,0
BRDA:14,1,1,0
BRDA:24,2,0,0
BRDA:24,2,1,0
BRF:6
BRH:0
end_of_record
TN:
SF:src\gfpProtection.js
FN:5,(anonymous_0)
FN:14,(anonymous_1)
FN:31,(anonymous_2)
FN:66,(anonymous_3)
FN:78,(anonymous_4)
FN:111,autoConfigureGfp
FNF:6
FNH:0
FNDA:0,(anonymous_0)
FNDA:0,(anonymous_1)
FNDA:0,(anonymous_2)
FNDA:0,(anonymous_3)
FNDA:0,(anonymous_4)
FNDA:0,autoConfigureGfp
DA:6,0
DA:7,0
DA:8,0
DA:9,0
DA:10,0
DA:16,0
DA:17,0
DA:18,0
DA:22,0
DA:23,0
DA:24,0
DA:27,0
DA:32,0
DA:35,0
DA:61,0
DA:62,0
DA:67,0
DA:69,0
DA:79,0
DA:81,0
DA:82,0
DA:89,0
DA:90,0
DA:92,0
DA:112,0
DA:118,0
DA:121,0
LF:27
LH:0
BRDA:6,0,0,0
BRDA:6,0,1,0
BRDA:7,1,0,0
BRDA:7,1,1,0
BRDA:8,2,0,0
BRDA:8,2,1,0
BRDA:16,3,0,0
BRDA:16,3,1,0
BRDA:16,4,0,0
BRDA:16,4,1,0
BRDA:22,5,0,0
BRDA:22,5,1,0
BRDA:32,6,0,0
BRDA:32,6,1,0
BRDA:72,7,0,0
BRDA:72,7,1,0
BRDA:73,8,0,0
BRDA:73,8,1,0
BRDA:81,9,0,0
BRDA:81,9,1,0
BRDA:98,10,0,0
BRDA:98,10,1,0
BRF:22
BRH:0
end_of_record
TN:
SF:src\api\controllers\breakerSelector.controller.js
FN:16,(anonymous_0)
FN:65,(anonymous_1)
FN:105,(anonymous_2)
FN:135,(anonymous_3)
FN:172,(anonymous_4)
FN:208,(anonymous_5)
FN:253,(anonymous_6)
FNF:7
FNH:0
FNDA:0,(anonymous_0)
FNDA:0,(anonymous_1)
FNDA:0,(anonymous_2)
FNDA:0,(anonymous_3)
FNDA:0,(anonymous_4)
FNDA:0,(anonymous_5)
FNDA:0,(anonymous_6)
DA:7,0
DA:9,0
DA:11,0
DA:17,0
DA:24,0
DA:27,0
DA:28,0
DA:39,0
DA:47,0
DA:53,0
DA:54,0
DA:66,0
DA:72,0
DA:74,0
DA:75,0
DA:80,0
DA:87,0
DA:93,0
DA:94,0
DA:106,0
DA:107,0
DA:109,0
DA:110,0
DA:115,0
DA:117,0
DA:123,0
DA:124,0
DA:136,0
DA:137,0
DA:139,0
DA:141,0
DA:160,0
DA:161,0
DA:173,0
DA:174,0
DA:176,0
DA:177,0
DA:188,0
DA:190,0
DA:196,0
DA:197,0
DA:209,0
DA:210,0
DA:212,0
DA:213,0
DA:219,0
DA:221,0
DA:222,0
DA:229,0
DA:241,0
DA:242,0
DA:254,0
DA:255,0
DA:257,0
DA:263,0
DA:264,0
DA:272,0
LF:57
LH:0
BRDA:21,0,0,0
BRDA:22,1,0,0
BRDA:23,2,0,0
BRDA:27,3,0,0
BRDA:27,3,1,0
BRDA:27,4,0,0
BRDA:27,4,1,0
BRDA:27,4,2,0
BRDA:70,5,0,0
BRDA:71,6,0,0
BRDA:74,7,0,0
BRDA:74,7,1,0
BRDA:74,8,0,0
BRDA:74,8,1,0
BRDA:74,8,2,0
BRDA:107,9,0,0
BRDA:109,10,0,0
BRDA:109,10,1,0
BRDA:109,11,0,0
BRDA:109,11,1,0
BRDA:109,11,2,0
BRDA:174,12,0,0
BRDA:176,13,0,0
BRDA:176,13,1,0
BRDA:176,14,0,0
BRDA:176,14,1,0
BRDA:210,15,0,0
BRDA:212,16,0,0
BRDA:212,16,1,0
BRDA:212,17,0,0
BRDA:212,17,1,0
BRDA:221,18,0,0
BRDA:221,18,1,0
BRF:33
BRH:0
end_of_record
TN:
SF:src\api\controllers\coordination.controller.js
FN:15,(anonymous_0)
FN:37,(anonymous_1)
FN:41,(anonymous_2)
FN:66,(anonymous_3)
FN:104,(anonymous_4)
FN:130,(anonymous_5)
FN:143,(anonymous_6)
FN:160,(anonymous_7)
FN:181,(anonymous_8)
FN:215,(anonymous_9)
FNF:10
FNH:0
FNDA:0,(anonymous_0)
FNDA:0,(anonymous_1)
FNDA:0,(anonymous_2)
FNDA:0,(anonymous_3)
FNDA:0,(anonymous_4)
FNDA:0,(anonymous_5)
FNDA:0,(anonymous_6)
FNDA:0,(anonymous_7)
FNDA:0,(anonymous_8)
FNDA:0,(anonymous_9)
DA:7,0
DA:8,0
DA:10,0
DA:16,0
DA:17,0
DA:19,0
DA:20,0
DA:32,0
DA:33,0
DA:36,0
DA:37,0
DA:41,0
DA:45,0
DA:54,0
DA:55,0
DA:67,0
DA:68,0
DA:70,0
DA:71,0
DA:76,0
DA:77,0
DA:80,0
DA:86,0
DA:87,0
DA:88,0
DA:90,0
DA:91,0
DA:93,0
DA:95,0
DA:103,0
DA:104,0
DA:108,0
DA:112,0
DA:118,0
DA:119,0
DA:131,0
DA:132,0
DA:134,0
DA:135,0
DA:136,0
DA:138,0
DA:143,0
DA:148,0
DA:149,0
DA:161,0
DA:162,0
DA:164,0
DA:165,0
DA:167,0
DA:168,0
DA:169,0
DA:171,0
DA:181,0
DA:182,0
DA:183,0
DA:185,0
DA:186,0
DA:188,0
DA:191,0
DA:203,0
DA:204,0
DA:216,0
DA:250,0
LF:63
LH:0
BRDA:17,0,0,0
BRDA:19,1,0,0
BRDA:19,1,1,0
BRDA:19,2,0,0
BRDA:19,2,1,0
BRDA:19,2,2,0
BRDA:68,3,0,0
BRDA:70,4,0,0
BRDA:70,4,1,0
BRDA:70,5,0,0
BRDA:70,5,1,0
BRDA:96,6,0,0
BRDA:96,6,1,0
BRDA:97,7,0,0
BRDA:97,7,1,0
BRDA:99,8,0,0
BRDA:99,8,1,0
BRDA:100,9,0,0
BRDA:100,9,1,0
BRDA:103,10,0,0
BRDA:103,10,1,0
BRDA:162,11,0,0
BRDA:182,12,0,0
BRDA:182,12,1,0
BRDA:182,13,0,0
BRDA:182,13,1,0
BRDA:185,14,0,0
BRDA:185,14,1,0
BRDA:185,15,0,0
BRDA:185,15,1,0
BRDA:196,16,0,0
BRDA:196,16,1,0
BRF:32
BRH:0
end_of_record
TN:
SF:src\api\controllers\distributed.controller.js
FN:17,(anonymous_0)
FN:48,(anonymous_1)
FN:100,(anonymous_2)
FN:152,(anonymous_3)
FN:200,(anonymous_4)
FN:248,(anonymous_5)
FN:275,(anonymous_6)
FN:302,(anonymous_7)
FN:327,(anonymous_8)
FN:354,generateMonteCarloScenarios
FN:373,(anonymous_10)
FN:384,(anonymous_11)
FN:394,(anonymous_12)
FN:416,generateStabilityEvents
FNF:14
FNH:0
FNDA:0,(anonymous_0)
FNDA:0,(anonymous_1)
FNDA:0,(anonymous_2)
FNDA:0,(anonymous_3)
FNDA:0,(anonymous_4)
FNDA:0,(anonymous_5)
FNDA:0,(anonymous_6)
FNDA:0,(anonymous_7)
FNDA:0,(anonymous_8)
FNDA:0,generateMonteCarloScenarios
FNDA:0,(anonymous_10)
FNDA:0,(anonymous_11)
FNDA:0,(anonymous_12)
FNDA:0,generateStabilityEvents
DA:7,0
DA:10,0
DA:17,0
DA:18,0
DA:19,0
DA:20,0
DA:27,0
DA:30,0
DA:36,0
DA:48,0
DA:49,0
DA:50,0
DA:51,0
DA:54,0
DA:57,0
DA:70,0
DA:79,0
DA:88,0
DA:100,0
DA:101,0
DA:102,0
DA:103,0
DA:106,0
DA:109,0
DA:122,0
DA:131,0
DA:140,0
DA:152,0
DA:153,0
DA:154,0
DA:155,0
DA:158,0
DA:161,0
DA:170,0
DA:179,0
DA:188,0
DA:200,0
DA:201,0
DA:202,0
DA:203,0
DA:206,0
DA:209,0
DA:218,0
DA:227,0
DA:236,0
DA:248,0
DA:249,0
DA:250,0
DA:252,0
DA:253,0
DA:256,0
DA:258,0
DA:263,0
DA:275,0
DA:276,0
DA:277,0
DA:279,0
DA:280,0
DA:283,0
DA:285,0
DA:290,0
DA:302,0
DA:303,0
DA:304,0
DA:305,0
DA:308,0
DA:310,0
DA:315,0
DA:327,0
DA:328,0
DA:329,0
DA:330,0
DA:333,0
DA:334,0
DA:336,0
DA:341,0
DA:360,0
DA:362,0
DA:364,0
DA:365,0
DA:373,0
DA:374,0
DA:376,0
DA:384,0
DA:385,0
DA:386,0
DA:394,0
DA:395,0
DA:396,0
DA:404,0
DA:407,0
DA:422,0
DA:424,0
DA:426,0
DA:427,0
DA:429,0
DA:431,0
DA:433,0
DA:440,0
DA:441,0
DA:442,0
DA:443,0
DA:444,0
DA:445,0
DA:448,0
DA:451,0
LF:106
LH:0
BRDA:19,0,0,0
BRDA:19,0,1,0
BRDA:21,1,0,0
BRDA:21,1,1,0
BRDA:22,2,0,0
BRDA:22,2,1,0
BRDA:23,3,0,0
BRDA:23,3,1,0
BRDA:24,4,0,0
BRDA:24,4,1,0
BRDA:50,5,0,0
BRDA:50,5,1,0
BRDA:54,6,0,0
BRDA:64,7,0,0
BRDA:64,7,1,0
BRDA:67,8,0,0
BRDA:67,8,1,0
BRDA:75,9,0,0
BRDA:75,9,1,0
BRDA:102,10,0,0
BRDA:102,10,1,0
BRDA:106,11,0,0
BRDA:116,12,0,0
BRDA:116,12,1,0
BRDA:119,13,0,0
BRDA:119,13,1,0
BRDA:127,14,0,0
BRDA:127,14,1,0
BRDA:154,15,0,0
BRDA:154,15,1,0
BRDA:158,16,0,0
BRDA:165,17,0,0
BRDA:165,17,1,0
BRDA:167,18,0,0
BRDA:167,18,1,0
BRDA:175,19,0,0
BRDA:175,19,1,0
BRDA:202,20,0,0
BRDA:202,20,1,0
BRDA:206,21,0,0
BRDA:213,22,0,0
BRDA:213,22,1,0
BRDA:215,23,0,0
BRDA:215,23,1,0
BRDA:223,24,0,0
BRDA:223,24,1,0
BRDA:252,25,0,0
BRDA:252,25,1,0
BRDA:279,26,0,0
BRDA:279,26,1,0
BRDA:304,27,0,0
BRDA:304,27,1,0
BRDA:329,28,0,0
BRDA:329,28,1,0
BRDA:354,29,0,0
BRDA:356,30,0,0
BRDA:357,31,0,0
BRDA:358,32,0,0
BRDA:359,33,0,0
BRDA:374,34,0,0
BRDA:374,34,1,0
BRDA:385,35,0,0
BRDA:385,35,1,0
BRDA:395,36,0,0
BRDA:395,36,1,0
BRDA:395,37,0,0
BRDA:395,37,1,0
BRDA:416,38,0,0
BRDA:418,39,0,0
BRDA:419,40,0,0
BRDA:420,41,0,0
BRDA:421,42,0,0
BRDA:440,43,0,0
BRDA:440,43,1,0
BRDA:443,44,0,0
BRDA:443,44,1,0
BRF:76
BRH:0
end_of_record
TN:
SF:src\api\controllers\graphSystem.controller.js
FN:17,(anonymous_0)
FN:92,(anonymous_1)
FN:129,(anonymous_2)
FN:130,(anonymous_3)
FN:147,(anonymous_4)
FN:149,(anonymous_5)
FN:150,(anonymous_6)
FN:226,(anonymous_7)
FN:231,(anonymous_8)
FN:236,(anonymous_9)
FN:244,(anonymous_10)
FN:245,(anonymous_11)
FN:256,(anonymous_12)
FN:276,(anonymous_13)
FN:288,(anonymous_14)
FNF:15
FNH:0
FNDA:0,(anonymous_0)
FNDA:0,(anonymous_1)
FNDA:0,(anonymous_2)
FNDA:0,(anonymous_3)
FNDA:0,(anonymous_4)
FNDA:0,(anonymous_5)
FNDA:0,(anonymous_6)
FNDA:0,(anonymous_7)
FNDA:0,(anonymous_8)
FNDA:0,(anonymous_9)
FNDA:0,(anonymous_10)
FNDA:0,(anonymous_11)
FNDA:0,(anonymous_12)
FNDA:0,(anonymous_13)
FNDA:0,(anonymous_14)
DA:1,0
DA:8,0
DA:9,0
DA:10,0
DA:18,0
DA:23,0
DA:24,0
DA:27,0
DA:30,0
DA:33,0
DA:35,0
DA:38,0
DA:45,0
DA:47,0
DA:54,0
DA:70,0
DA:71,0
DA:76,0
DA:78,0
DA:93,0
DA:94,0
DA:97,0
DA:98,0
DA:101,0
DA:102,0
DA:106,0
DA:107,0
DA:108,0
DA:111,0
DA:112,0
DA:116,0
DA:117,0
DA:118,0
DA:123,0
DA:124,0
DA:125,0
DA:129,0
DA:130,0
DA:132,0
DA:133,0
DA:136,0
DA:137,0
DA:141,0
DA:149,0
DA:150,0
DA:152,0
DA:153,0
DA:156,0
DA:157,0
DA:161,0
DA:162,0
DA:165,0
DA:166,0
DA:169,0
DA:170,0
DA:171,0
DA:175,0
DA:176,0
DA:177,0
DA:178,0
DA:183,0
DA:213,0
DA:220,0
DA:228,0
DA:231,0
DA:236,0
DA:244,0
DA:245,0
DA:250,0
DA:257,0
DA:259,0
DA:260,0
DA:261,0
DA:264,0
DA:265,0
DA:266,0
DA:267,0
DA:270,0
DA:277,0
DA:289,0
DA:350,0
LF:81
LH:0
BRDA:39,0,0,0
BRDA:39,0,1,0
BRDA:51,1,0,0
BRDA:51,1,1,0
BRDA:64,2,0,0
BRDA:64,2,1,0
BRDA:93,3,0,0
BRDA:93,3,1,0
BRDA:97,4,0,0
BRDA:97,4,1,0
BRDA:97,5,0,0
BRDA:97,5,1,0
BRDA:101,6,0,0
BRDA:101,6,1,0
BRDA:107,7,0,0
BRDA:107,7,1,0
BRDA:111,8,0,0
BRDA:111,8,1,0
BRDA:117,9,0,0
BRDA:117,9,1,0
BRDA:124,10,0,0
BRDA:124,10,1,0
BRDA:124,11,0,0
BRDA:124,11,1,0
BRDA:132,12,0,0
BRDA:132,12,1,0
BRDA:136,13,0,0
BRDA:136,13,1,0
BRDA:152,14,0,0
BRDA:152,14,1,0
BRDA:156,15,0,0
BRDA:156,15,1,0
BRDA:165,16,0,0
BRDA:165,16,1,0
BRDA:166,17,0,0
BRDA:166,17,1,0
BRDA:171,18,0,0
BRDA:171,18,1,0
BRDA:177,19,0,0
BRDA:177,19,1,0
BRDA:177,20,0,0
BRDA:177,20,1,0
BRDA:188,21,0,0
BRDA:188,21,1,0
BRDA:192,22,0,0
BRDA:192,22,1,0
BRDA:193,23,0,0
BRDA:193,23,1,0
BRDA:194,24,0,0
BRDA:194,24,1,0
BRDA:195,25,0,0
BRDA:195,25,1,0
BRDA:196,26,0,0
BRDA:196,26,1,0
BRDA:197,27,0,0
BRDA:197,27,1,0
BRDA:259,28,0,0
BRDA:259,28,1,0
BRDA:260,29,0,0
BRDA:260,29,1,0
BRDA:261,30,0,0
BRDA:261,30,1,0
BRDA:264,31,0,0
BRDA:264,31,1,0
BRDA:265,32,0,0
BRDA:265,32,1,0
BRDA:266,33,0,0
BRDA:266,33,1,0
BRDA:267,34,0,0
BRDA:267,34,1,0
BRDA:278,35,0,0
BRDA:278,35,1,0
BRDA:279,36,0,0
BRDA:279,36,1,0
BRDA:280,37,0,0
BRDA:280,37,1,0
BRDA:280,38,0,0
BRDA:280,38,1,0
BRDA:281,39,0,0
BRDA:281,39,1,0
BRF:80
BRH:0
end_of_record
TN:
SF:src\api\controllers\realtime.controller.js
FN:12,(anonymous_0)
FN:22,(anonymous_1)
FN:45,(anonymous_2)
FN:132,(anonymous_3)
FN:205,(anonymous_4)
FN:227,(anonymous_5)
FN:229,(anonymous_6)
FN:230,(anonymous_7)
FN:247,(anonymous_8)
FN:252,(anonymous_9)
FN:261,(anonymous_10)
FN:284,(anonymous_11)
FN:301,(anonymous_12)
FN:304,(anonymous_13)
FN:305,(anonymous_14)
FN:315,(anonymous_15)
FN:316,(anonymous_16)
FN:317,(anonymous_17)
FN:344,(anonymous_18)
FN:349,(anonymous_19)
FN:361,(anonymous_20)
FNF:21
FNH:0
FNDA:0,(anonymous_0)
FNDA:0,(anonymous_1)
FNDA:0,(anonymous_2)
FNDA:0,(anonymous_3)
FNDA:0,(anonymous_4)
FNDA:0,(anonymous_5)
FNDA:0,(anonymous_6)
FNDA:0,(anonymous_7)
FNDA:0,(anonymous_8)
FNDA:0,(anonymous_9)
FNDA:0,(anonymous_10)
FNDA:0,(anonymous_11)
FNDA:0,(anonymous_12)
FNDA:0,(anonymous_13)
FNDA:0,(anonymous_14)
FNDA:0,(anonymous_15)
FNDA:0,(anonymous_16)
FNDA:0,(anonymous_17)
FNDA:0,(anonymous_18)
FNDA:0,(anonymous_19)
FNDA:0,(anonymous_20)
DA:7,0
DA:8,0
DA:9,0
DA:13,0
DA:14,0
DA:15,0
DA:23,0
DA:28,0
DA:29,0
DA:30,0
DA:31,0
DA:34,0
DA:37,0
DA:40,0
DA:41,0
DA:45,0
DA:46,0
DA:47,0
DA:50,0
DA:53,0
DA:56,0
DA:62,0
DA:69,0
DA:71,0
DA:74,0
DA:75,0
DA:83,0
DA:86,0
DA:93,0
DA:111,0
DA:112,0
DA:117,0
DA:133,0
DA:138,0
DA:139,0
DA:140,0
DA:143,0
DA:145,0
DA:146,0
DA:152,0
DA:167,0
DA:173,0
DA:188,0
DA:189,0
DA:194,0
DA:206,0
DA:209,0
DA:217,0
DA:220,0
DA:227,0
DA:228,0
DA:229,0
DA:230,0
DA:233,0
DA:234,0
DA:236,0
DA:247,0
DA:248,0
DA:249,0
DA:252,0
DA:253,0
DA:254,0
DA:262,0
DA:263,0
DA:266,0
DA:267,0
DA:268,0
DA:273,0
DA:274,0
DA:275,0
DA:278,0
DA:285,0
DA:286,0
DA:289,0
DA:290,0
DA:293,0
DA:294,0
DA:302,0
DA:303,0
DA:304,0
DA:305,0
DA:309,0
DA:316,0
DA:317,0
DA:319,0
DA:320,0
DA:323,0
DA:324,0
DA:326,0
DA:345,0
DA:349,0
DA:358,0
DA:361,0
DA:362,0
DA:365,0
LF:95
LH:0
BRDA:30,0,0,0
BRDA:30,0,1,0
BRDA:31,1,0,0
BRDA:31,1,1,0
BRDA:40,2,0,0
BRDA:40,2,1,0
BRDA:140,3,0,0
BRDA:140,3,1,0
BRDA:145,4,0,0
BRDA:145,4,1,0
BRDA:145,5,0,0
BRDA:145,5,1,0
BRDA:206,6,0,0
BRDA:206,6,1,0
BRDA:233,7,0,0
BRDA:233,7,1,0
BRDA:241,8,0,0
BRDA:241,8,1,0
BRDA:267,9,0,0
BRDA:267,9,1,0
BRDA:285,10,0,0
BRDA:285,10,1,0
BRDA:285,11,0,0
BRDA:285,11,1,0
BRDA:285,11,2,0
BRDA:289,12,0,0
BRDA:289,12,1,0
BRDA:293,13,0,0
BRDA:293,13,1,0
BRDA:319,14,0,0
BRDA:319,14,1,0
BRDA:319,15,0,0
BRDA:319,15,1,0
BRDA:327,16,0,0
BRDA:327,16,1,0
BRDA:328,17,0,0
BRDA:328,17,1,0
BRDA:330,18,0,0
BRDA:330,18,1,0
BRDA:332,19,0,0
BRDA:332,19,1,0
BRDA:333,20,0,0
BRDA:333,20,1,0
BRDA:334,21,0,0
BRDA:334,21,1,0
BRDA:335,22,0,0
BRDA:335,22,1,0
BRDA:336,23,0,0
BRDA:336,23,1,0
BRDA:337,24,0,0
BRDA:337,24,1,0
BRF:51
BRH:0
end_of_record
TN:
SF:src\api\controllers\simulation.controller.js
FN:15,(anonymous_0)
FN:48,(anonymous_1)
FN:82,(anonymous_2)
FN:121,(anonymous_3)
FNF:4
FNH:0
FNDA:0,(anonymous_0)
FNDA:0,(anonymous_1)
FNDA:0,(anonymous_2)
FNDA:0,(anonymous_3)
DA:7,0
DA:8,0
DA:10,0
DA:16,0
DA:17,0
DA:20,0
DA:21,0
DA:27,0
DA:28,0
DA:30,0
DA:36,0
DA:37,0
DA:49,0
DA:50,0
DA:52,0
DA:53,0
DA:59,0
DA:60,0
DA:63,0
DA:64,0
DA:67,0
DA:70,0
DA:71,0
DA:83,0
DA:84,0
DA:86,0
DA:87,0
DA:92,0
DA:93,0
DA:95,0
DA:96,0
DA:97,0
DA:103,0
DA:109,0
DA:110,0
DA:123,0
DA:130,0
LF:37
LH:0
BRDA:20,0,0,0
BRDA:20,0,1,0
BRDA:20,1,0,0
BRDA:20,1,1,0
BRDA:52,2,0,0
BRDA:52,2,1,0
BRDA:65,3,0,0
BRDA:65,3,1,0
BRDA:86,4,0,0
BRDA:86,4,1,0
BRDA:86,5,0,0
BRDA:86,5,1,0
BRDA:98,6,0,0
BRDA:98,6,1,0
BRF:14
BRH:0
end_of_record
TN:
SF:src\api\controllers\tcc.controller.js
FN:14,(anonymous_0)
FN:66,(anonymous_1)
FN:113,(anonymous_2)
FN:128,(anonymous_3)
FN:132,(anonymous_4)
FN:197,(anonymous_5)
FN:210,(anonymous_6)
FN:228,(anonymous_7)
FN:245,getCurveColor
FNF:9
FNH:0
FNDA:0,(anonymous_0)
FNDA:0,(anonymous_1)
FNDA:0,(anonymous_2)
FNDA:0,(anonymous_3)
FNDA:0,(anonymous_4)
FNDA:0,(anonymous_5)
FNDA:0,(anonymous_6)
FNDA:0,(anonymous_7)
FNDA:0,getCurveColor
DA:7,0
DA:9,0
DA:15,0
DA:16,0
DA:18,0
DA:19,0
DA:24,0
DA:27,0
DA:28,0
DA:29,0
DA:36,0
DA:39,0
DA:40,0
DA:41,0
DA:44,0
DA:54,0
DA:55,0
DA:67,0
DA:68,0
DA:70,0
DA:71,0
DA:76,0
DA:79,0
DA:80,0
DA:83,0
DA:89,0
DA:101,0
DA:102,0
DA:114,0
DA:115,0
DA:117,0
DA:118,0
DA:123,0
DA:124,0
DA:125,0
DA:128,0
DA:129,0
DA:132,0
DA:133,0
DA:135,0
DA:136,0
DA:145,0
DA:158,0
DA:159,0
DA:160,0
DA:165,0
DA:175,0
DA:185,0
DA:186,0
DA:198,0
DA:200,0
DA:211,0
DA:212,0
DA:214,0
DA:215,0
DA:220,0
DA:221,0
DA:222,0
DA:224,0
DA:228,0
DA:233,0
DA:234,0
DA:246,0
DA:256,0
DA:259,0
LF:65
LH:0
BRDA:18,0,0,0
BRDA:18,0,1,0
BRDA:18,1,0,0
BRDA:18,1,1,0
BRDA:28,2,0,0
BRDA:28,2,1,0
BRDA:40,3,0,0
BRDA:40,3,1,0
BRDA:68,4,0,0
BRDA:70,5,0,0
BRDA:70,5,1,0
BRDA:70,6,0,0
BRDA:70,6,1,0
BRDA:117,7,0,0
BRDA:117,7,1,0
BRDA:117,8,0,0
BRDA:117,8,1,0
BRDA:129,9,0,0
BRDA:129,9,1,0
BRDA:133,10,0,0
BRDA:133,10,1,0
BRDA:135,11,0,0
BRDA:135,11,1,0
BRDA:135,12,0,0
BRDA:135,12,1,0
BRDA:138,13,0,0
BRDA:138,13,1,0
BRDA:139,14,0,0
BRDA:139,14,1,0
BRDA:140,15,0,0
BRDA:140,15,1,0
BRDA:147,16,0,0
BRDA:147,16,1,0
BRDA:148,17,0,0
BRDA:148,17,1,0
BRDA:149,18,0,0
BRDA:149,18,1,0
BRDA:214,19,0,0
BRDA:214,19,1,0
BRDA:214,20,0,0
BRDA:214,20,1,0
BRF:41
BRH:0
end_of_record
TN:
SF:src\api\middlewares\errorHandler.js
FN:23,(anonymous_0)
FN:74,(anonymous_1)
FN:75,(anonymous_2)
FN:85,(anonymous_3)
FNF:4
FNH:0
FNDA:0,(anonymous_0)
FNDA:0,(anonymous_1)
FNDA:0,(anonymous_2)
FNDA:0,(anonymous_3)
DA:14,0
DA:23,0
DA:25,0
DA:26,0
DA:27,0
DA:28,0
DA:32,0
DA:36,0
DA:37,0
DA:46,0
DA:47,0
DA:56,0
DA:58,0
DA:62,0
DA:74,0
DA:75,0
DA:76,0
DA:85,0
DA:86,0
DA:93,0
LF:20
LH:0
BRDA:26,0,0,0
BRDA:26,0,1,0
BRDA:27,1,0,0
BRDA:27,1,1,0
BRDA:27,2,0,0
BRDA:27,2,1,0
BRDA:36,3,0,0
BRDA:36,3,1,0
BRDA:46,4,0,0
BRDA:46,4,1,0
BRDA:46,5,0,0
BRDA:46,5,1,0
BRDA:51,6,0,0
BRDA:51,6,1,0
BRDA:56,7,0,0
BRDA:56,7,1,0
BRDA:58,8,0,0
BRDA:58,8,1,0
BRDA:59,9,0,0
BRDA:59,9,1,0
BRF:20
BRH:0
end_of_record
TN:
SF:src\api\routes\distributed.routes.js
FNF:0
FNH:0
DA:7,0
DA:8,0
DA:13,0
DA:14,0
DA:15,0
DA:20,0
DA:21,0
DA:26,0
DA:27,0
DA:28,0
DA:29,0
DA:34,0
LF:12
LH:0
BRF:0
BRH:0
end_of_record
TN:
SF:src\api\routes\icc.routes.js
FN:14,(anonymous_0)
FN:72,(anonymous_1)
FNF:2
FNH:0
FNDA:0,(anonymous_0)
FNDA:0,(anonymous_1)
DA:7,0
DA:8,0
DA:14,0
DA:15,0
DA:16,0
DA:19,0
DA:20,0
DA:26,0
DA:27,0
DA:33,0
DA:34,0
DA:41,0
DA:44,0
DA:59,0
DA:60,0
DA:72,0
DA:73,0
DA:81,0
LF:18
LH:0
BRDA:19,0,0,0
BRDA:19,0,1,0
BRDA:19,1,0,0
BRDA:19,1,1,0
BRDA:26,2,0,0
BRDA:26,2,1,0
BRDA:26,3,0,0
BRDA:26,3,1,0
BRDA:33,4,0,0
BRDA:33,4,1,0
BRF:10
BRH:0
end_of_record
TN:
SF:src\application\icc.service.js
FN:20,runICC
FN:28,(anonymous_1)
FN:54,runProfessionalICC
FN:104,runSimpleICC
FN:156,findWorstFaultBus
FN:160,(anonymous_5)
FN:169,(anonymous_6)
FNF:7
FNH:7
FNDA:30,runICC
FNDA:1,(anonymous_1)
FNDA:3,runProfessionalICC
FNDA:36,runSimpleICC
FNDA:3,findWorstFaultBus
FNDA:10,(anonymous_5)
FNDA:10,(anonymous_6)
DA:8,2
DA:9,2
DA:10,2
DA:21,30
DA:22,30
DA:24,30
DA:26,30
DA:28,1
DA:29,1
DA:33,1
DA:34,0
DA:39,30
DA:43,0
DA:56,3
DA:59,3
DA:67,3
DA:70,3
DA:73,3
DA:74,0
DA:78,3
DA:79,3
DA:80,3
DA:82,3
DA:106,36
DA:107,36
DA:108,36
DA:111,36
DA:112,36
DA:114,36
DA:115,0
DA:116,0
DA:117,0
DA:118,0
DA:121,36
DA:123,36
DA:125,2
DA:126,2
DA:130,0
DA:131,0
DA:134,36
DA:158,3
DA:160,3
DA:161,10
DA:162,10
DA:166,3
DA:167,3
DA:169,3
DA:170,10
DA:171,4
DA:172,4
DA:176,3
DA:179,2
LF:52
LH:43
BRDA:22,0,0,30
BRDA:22,0,1,1
BRDA:26,1,0,1
BRDA:26,1,1,29
BRDA:26,2,0,30
BRDA:26,2,1,5
BRDA:26,2,2,4
BRDA:26,2,3,4
BRDA:26,2,4,1
BRDA:29,3,0,1
BRDA:29,3,1,0
BRDA:29,3,2,0
BRDA:29,3,3,0
BRDA:33,4,0,0
BRDA:33,4,1,1
BRDA:73,5,0,0
BRDA:73,5,1,3
BRDA:73,6,0,3
BRDA:73,6,1,3
BRDA:104,7,0,36
BRDA:106,8,0,36
BRDA:106,8,1,0
BRDA:114,9,0,0
BRDA:114,9,1,36
BRDA:123,10,0,2
BRDA:123,10,1,34
BRDA:140,11,0,0
BRDA:140,11,1,36
BRDA:142,12,0,0
BRDA:142,12,1,36
BRDA:144,13,0,0
BRDA:144,13,1,36
BRDA:161,14,0,10
BRDA:161,14,1,3
BRDA:162,15,0,10
BRDA:162,15,1,7
BRDA:170,16,0,4
BRDA:170,16,1,6
BRDA:176,17,0,3
BRDA:176,17,1,2
BRF:40
BRH:30
end_of_record
TN:
SF:src\application\services\opf.js
FN:16,runOPF
FNF:1
FNH:0
FNDA:0,runOPF
DA:7,0
DA:8,0
DA:22,0
DA:25,0
DA:28,0
DA:30,0
DA:31,0
DA:35,0
DA:43,0
DA:51,0
DA:53,0
DA:67,0
LF:12
LH:0
BRDA:16,0,0,0
BRDA:18,1,0,0
BRDA:19,2,0,0
BRDA:20,3,0,0
BRDA:21,4,0,0
BRDA:30,5,0,0
BRDA:30,5,1,0
BRDA:45,6,0,0
BRDA:45,6,1,0
BRF:9
BRH:0
end_of_record
TN:
SF:src\application\services\powerflow.js
FN:15,runPowerFlow
FNF:1
FNH:0
FNDA:0,runPowerFlow
DA:7,0
DA:16,0
DA:19,0
DA:22,0
DA:24,0
DA:25,0
DA:27,0
DA:28,0
DA:30,0
DA:34,0
DA:42,0
DA:54,0
LF:12
LH:0
BRDA:15,0,0,0
BRDA:16,1,0,0
BRDA:16,2,0,0
BRDA:16,3,0,0
BRDA:22,4,0,0
BRDA:22,4,1,0
BRDA:22,4,2,0
BRDA:36,5,0,0
BRDA:36,5,1,0
BRF:9
BRH:0
end_of_record
TN:
SF:src\application\services\systemCalculation.service.js
FN:17,(anonymous_0)
FN:28,(anonymous_1)
FN:79,(anonymous_2)
FN:85,(anonymous_3)
FN:115,(anonymous_4)
FN:147,(anonymous_5)
FN:188,(anonymous_6)
FN:240,(anonymous_7)
FN:269,(anonymous_8)
FN:308,(anonymous_9)
FN:319,(anonymous_10)
FN:364,(anonymous_11)
FN:393,(anonymous_12)
FN:394,(anonymous_13)
FN:395,(anonymous_14)
FN:396,(anonymous_15)
FN:397,(anonymous_16)
FNF:17
FNH:0
FNDA:0,(anonymous_0)
FNDA:0,(anonymous_1)
FNDA:0,(anonymous_2)
FNDA:0,(anonymous_3)
FNDA:0,(anonymous_4)
FNDA:0,(anonymous_5)
FNDA:0,(anonymous_6)
FNDA:0,(anonymous_7)
FNDA:0,(anonymous_8)
FNDA:0,(anonymous_9)
FNDA:0,(anonymous_10)
FNDA:0,(anonymous_11)
FNDA:0,(anonymous_12)
FNDA:0,(anonymous_13)
FNDA:0,(anonymous_14)
FNDA:0,(anonymous_15)
FNDA:0,(anonymous_16)
DA:1,0
DA:8,0
DA:9,0
DA:10,0
DA:11,0
DA:12,0
DA:13,0
DA:14,0
DA:18,0
DA:19,0
DA:29,0
DA:31,0
DA:32,0
DA:33,0
DA:36,0
DA:40,0
DA:42,0
DA:43,0
DA:45,0
DA:46,0
DA:48,0
DA:49,0
DA:51,0
DA:52,0
DA:54,0
DA:57,0
DA:59,0
DA:70,0
DA:71,0
DA:72,0
DA:80,0
DA:83,0
DA:87,0
DA:88,0
DA:89,0
DA:91,0
DA:103,0
DA:116,0
DA:119,0
DA:121,0
DA:122,0
DA:126,0
DA:127,0
DA:128,0
DA:132,0
DA:135,0
DA:148,0
DA:151,0
DA:160,0
DA:161,0
DA:165,0
DA:166,0
DA:167,0
DA:172,0
DA:175,0
DA:189,0
DA:192,0
DA:193,0
DA:202,0
DA:215,0
DA:224,0
DA:225,0
DA:228,0
DA:241,0
DA:243,0
DA:244,0
DA:246,0
DA:248,0
DA:260,0
DA:261,0
DA:262,0
DA:270,0
DA:271,0
DA:273,0
DA:274,0
DA:282,0
DA:283,0
DA:284,0
DA:287,0
DA:300,0
DA:301,0
DA:309,0
DA:311,0
DA:312,0
DA:320,0
DA:365,0
DA:366,0
DA:367,0
DA:369,0
DA:379,0
DA:380,0
DA:390,0
DA:392,0
DA:393,0
DA:394,0
DA:395,0
DA:396,0
DA:397,0
LF:98
LH:0
BRDA:28,0,0,0
BRDA:32,1,0,0
BRDA:32,1,1,0
BRDA:40,2,0,0
BRDA:40,2,1,0
BRDA:40,2,2,0
BRDA:40,2,3,0
BRDA:40,2,4,0
BRDA:87,3,0,0
BRDA:87,3,1,0
BRDA:88,4,0,0
BRDA:88,4,1,0
BRDA:121,5,0,0
BRDA:121,5,1,0
BRDA:122,6,0,0
BRDA:122,6,1,0
BRDA:127,7,0,0
BRDA:127,7,1,0
BRDA:160,8,0,0
BRDA:160,8,1,0
BRDA:161,9,0,0
BRDA:161,9,1,0
BRDA:166,10,0,0
BRDA:166,10,1,0
BRDA:192,11,0,0
BRDA:192,11,1,0
BRDA:196,12,0,0
BRDA:196,12,1,0
BRDA:197,13,0,0
BRDA:197,13,1,0
BRDA:198,14,0,0
BRDA:198,14,1,0
BRDA:224,15,0,0
BRDA:224,15,1,0
BRDA:225,16,0,0
BRDA:225,16,1,0
BRDA:240,17,0,0
BRDA:255,18,0,0
BRDA:255,18,1,0
BRDA:273,19,0,0
BRDA:273,19,1,0
BRDA:283,20,0,0
BRDA:283,20,1,0
BRDA:283,21,0,0
BRDA:283,21,1,0
BRDA:296,22,0,0
BRDA:296,22,1,0
BRDA:311,23,0,0
BRDA:311,23,1,0
BRF:49
BRH:0
end_of_record
TN:
SF:src\core\motorElectrico.wrapper.js
FN:7,(anonymous_0)
FN:26,(anonymous_1)
FN:34,(anonymous_2)
FN:38,(anonymous_3)
FN:49,(anonymous_4)
FN:67,(anonymous_5)
FN:86,(anonymous_6)
FN:98,(anonymous_7)
FNF:8
FNH:0
FNDA:0,(anonymous_0)
FNDA:0,(anonymous_1)
FNDA:0,(anonymous_2)
FNDA:0,(anonymous_3)
FNDA:0,(anonymous_4)
FNDA:0,(anonymous_5)
FNDA:0,(anonymous_6)
FNDA:0,(anonymous_7)
DA:8,0
DA:19,0
DA:20,0
DA:27,0
DA:30,0
DA:33,0
DA:36,0
DA:38,0
DA:39,0
DA:40,0
DA:41,0
DA:45,0
DA:46,0
DA:49,0
DA:50,0
DA:51,0
DA:53,0
DA:61,0
DA:68,0
DA:69,0
DA:72,0
DA:75,0
DA:76,0
DA:80,0
DA:87,0
DA:98,0
DA:104,0
LF:27
LH:0
BRDA:7,0,0,0
BRDA:27,1,0,0
BRDA:27,1,1,0
BRDA:39,2,0,0
BRDA:39,2,1,0
BRDA:50,3,0,0
BRDA:50,3,1,0
BRDA:67,4,0,0
BRDA:68,5,0,0
BRDA:68,5,1,0
BRDA:72,6,0,0
BRDA:75,7,0,0
BRDA:75,7,1,0
BRF:13
BRH:0
end_of_record
TN:
SF:src\core\adapters\motorAdapter.js
FN:14,initMotores
FN:29,(anonymous_1)
FN:34,(anonymous_2)
FN:45,(anonymous_3)
FN:58,(anonymous_4)
FN:63,(anonymous_5)
FN:74,(anonymous_6)
FN:87,(anonymous_7)
FNF:8
FNH:0
FNDA:0,initMotores
FNDA:0,(anonymous_1)
FNDA:0,(anonymous_2)
FNDA:0,(anonymous_3)
FNDA:0,(anonymous_4)
FNDA:0,(anonymous_5)
FNDA:0,(anonymous_6)
FNDA:0,(anonymous_7)
DA:6,0
DA:7,0
DA:8,0
DA:16,0
DA:23,0
DA:31,0
DA:34,0
DA:35,0
DA:36,0
DA:39,0
DA:41,0
DA:42,0
DA:45,0
DA:46,0
DA:47,0
DA:49,0
DA:60,0
DA:63,0
DA:64,0
DA:65,0
DA:68,0
DA:70,0
DA:71,0
DA:74,0
DA:75,0
DA:76,0
DA:78,0
DA:87,0
DA:97,0
LF:29
LH:0
BRDA:46,0,0,0
BRDA:46,0,1,0
BRDA:75,1,0,0
BRDA:75,1,1,0
BRF:4
BRH:0
end_of_record
TN:
SF:src\core\powerflow\fastDecoupled.js
FN:18,buildBprime
FN:29,(anonymous_1)
FN:46,buildBdoubleprime
FN:50,(anonymous_3)
FN:69,solveFDLF
FN:84,(anonymous_5)
FN:99,(anonymous_6)
FN:115,(anonymous_7)
FN:116,(anonymous_8)
FN:226,solveLinearSystem
FN:228,(anonymous_10)
FNF:11
FNH:0
FNDA:0,buildBprime
FNDA:0,(anonymous_1)
FNDA:0,buildBdoubleprime
FNDA:0,(anonymous_3)
FNDA:0,solveFDLF
FNDA:0,(anonymous_5)
FNDA:0,(anonymous_6)
FNDA:0,(anonymous_7)
FNDA:0,(anonymous_8)
FNDA:0,solveLinearSystem
FNDA:0,(anonymous_10)
DA:9,0
DA:10,0
DA:19,0
DA:20,0
DA:22,0
DA:23,0
DA:26,0
DA:27,0
DA:29,0
DA:31,0
DA:32,0
DA:33,0
DA:37,0
DA:47,0
DA:48,0
DA:50,0
DA:52,0
DA:53,0
DA:54,0
DA:58,0
DA:74,0
DA:77,0
DA:80,0
DA:81,0
DA:82,0
DA:84,0
DA:85,0
DA:86,0
DA:87,0
DA:90,0
DA:91,0
DA:92,0
DA:95,0
DA:96,0
DA:99,0
DA:100,0
DA:101,0
DA:102,0
DA:105,0
DA:110,0
DA:115,0
DA:116,0
DA:119,0
DA:120,0
DA:121,0
DA:123,0
DA:124,0
DA:127,0
DA:128,0
DA:130,0
DA:131,0
DA:132,0
DA:134,0
DA:135,0
DA:136,0
DA:137,0
DA:139,0
DA:141,0
DA:147,0
DA:148,0
DA:151,0
DA:152,0
DA:153,0
DA:158,0
DA:159,0
DA:160,0
DA:163,0
DA:164,0
DA:166,0
DA:167,0
DA:168,0
DA:173,0
DA:176,0
DA:180,0
DA:181,0
DA:182,0
DA:183,0
DA:184,0
DA:185,0
DA:186,0
DA:188,0
DA:189,0
DA:190,0
DA:195,0
DA:196,0
DA:197,0
DA:198,0
DA:199,0
DA:200,0
DA:201,0
DA:202,0
DA:204,0
DA:205,0
DA:206,0
DA:211,0
DA:227,0
DA:228,0
DA:231,0
DA:232,0
DA:233,0
DA:235,0
DA:239,0
DA:241,0
DA:242,0
DA:243,0
DA:244,0
DA:245,0
DA:246,0
DA:251,0
DA:252,0
DA:256,0
DA:257,0
DA:261,0
DA:262,0
DA:263,0
DA:264,0
DA:270,0
DA:271,0
DA:272,0
DA:273,0
DA:274,0
DA:276,0
DA:279,0
DA:282,0
LF:124
LH:0
BRDA:23,0,0,0
BRDA:23,0,1,0
BRDA:69,1,0,0
BRDA:71,2,0,0
BRDA:72,3,0,0
BRDA:73,4,0,0
BRDA:85,5,0,0
BRDA:85,5,1,0
BRDA:86,6,0,0
BRDA:86,6,1,0
BRDA:87,7,0,0
BRDA:87,7,1,0
BRDA:90,8,0,0
BRDA:90,8,1,0
BRDA:100,9,0,0
BRDA:100,9,1,0
BRDA:101,10,0,0
BRDA:101,10,1,0
BRDA:103,11,0,0
BRDA:103,11,1,0
BRDA:152,12,0,0
BRDA:152,12,1,0
BRDA:166,13,0,0
BRDA:166,13,1,0
BRDA:182,14,0,0
BRDA:182,14,1,0
BRDA:182,15,0,0
BRDA:182,15,1,0
BRDA:197,16,0,0
BRDA:197,16,1,0
BRDA:244,17,0,0
BRDA:244,17,1,0
BRDA:251,18,0,0
BRDA:251,18,1,0
BRDA:256,19,0,0
BRDA:256,19,1,0
BRDA:257,20,0,0
BRDA:257,20,1,0
BRF:38
BRH:0
end_of_record
TN:
SF:src\core\powerflow\jacobian.js
FN:35,buildJacobian
FN:43,(anonymous_1)
FN:54,(anonymous_2)
FN:55,(anonymous_3)
FN:67,(anonymous_4)
FNF:5
FNH:0
FNDA:0,buildJacobian
FNDA:0,(anonymous_1)
FNDA:0,(anonymous_2)
FNDA:0,(anonymous_3)
FNDA:0,(anonymous_4)
DA:36,0
DA:39,0
DA:40,0
DA:41,0
DA:43,0
DA:44,0
DA:45,0
DA:46,0
DA:49,0
DA:50,0
DA:51,0
DA:54,0
DA:55,0
DA:58,0
DA:59,0
DA:60,0
DA:64,0
DA:66,0
DA:67,0
DA:69,0
DA:74,0
DA:75,0
DA:76,0
DA:78,0
DA:79,0
DA:81,0
DA:83,0
DA:84,0
DA:85,0
DA:87,0
DA:88,0
DA:89,0
DA:91,0
DA:94,0
DA:97,0
DA:98,0
DA:99,0
DA:101,0
DA:105,0
DA:111,0
DA:112,0
DA:114,0
DA:115,0
DA:117,0
DA:119,0
DA:120,0
DA:121,0
DA:122,0
DA:124,0
DA:126,0
DA:129,0
DA:131,0
DA:136,0
DA:142,0
DA:143,0
DA:144,0
DA:146,0
DA:147,0
DA:149,0
DA:151,0
DA:152,0
DA:153,0
DA:155,0
DA:156,0
DA:157,0
DA:159,0
DA:162,0
DA:165,0
DA:166,0
DA:167,0
DA:169,0
DA:173,0
DA:179,0
DA:180,0
DA:182,0
DA:183,0
DA:185,0
DA:187,0
DA:188,0
DA:189,0
DA:190,0
DA:192,0
DA:194,0
DA:197,0
DA:202,0
DA:205,0
DA:208,0
LF:87
LH:0
BRDA:44,0,0,0
BRDA:44,0,1,0
BRDA:45,1,0,0
BRDA:45,1,1,0
BRDA:46,2,0,0
BRDA:46,2,1,0
BRDA:49,3,0,0
BRDA:49,3,1,0
BRDA:60,4,0,0
BRDA:60,4,1,0
BRDA:81,5,0,0
BRDA:81,5,1,0
BRDA:85,6,0,0
BRDA:85,6,1,0
BRDA:117,7,0,0
BRDA:117,7,1,0
BRDA:149,8,0,0
BRDA:149,8,1,0
BRDA:153,9,0,0
BRDA:153,9,1,0
BRDA:185,10,0,0
BRDA:185,10,1,0
BRF:22
BRH:0
end_of_record
TN:
SF:src\core\powerflow\lineSearch.js
FN:17,lineSearch
FN:42,applyUpdate
FN:43,(anonymous_2)
FNF:3
FNH:0
FNDA:0,lineSearch
FNDA:0,applyUpdate
FNDA:0,(anonymous_2)
DA:1,0
DA:18,0
DA:19,0
DA:21,0
DA:22,0
DA:23,0
DA:25,0
DA:26,0
DA:29,0
DA:32,0
DA:43,0
DA:44,0
DA:47,0
DA:48,0
DA:49,0
DA:50,0
DA:51,0
DA:52,0
DA:54,0
DA:55,0
DA:56,0
DA:60,0
DA:63,0
LF:23
LH:0
BRDA:17,0,0,0
BRDA:25,1,0,0
BRDA:25,1,1,0
BRDA:48,2,0,0
BRDA:48,2,1,0
BRF:5
BRH:0
end_of_record
TN:
SF:src\core\powerflow\mismatch.js
FN:19,calcMismatch
FN:51,(anonymous_1)
FN:57,(anonymous_2)
FNF:3
FNH:0
FNDA:0,calcMismatch
FNDA:0,(anonymous_1)
FNDA:0,(anonymous_2)
DA:20,0
DA:23,0
DA:24,0
DA:26,0
DA:27,0
DA:28,0
DA:29,0
DA:31,0
DA:32,0
DA:33,0
DA:34,0
DA:36,0
DA:37,0
DA:39,0
DA:41,0
DA:43,0
DA:48,0
DA:49,0
DA:51,0
DA:52,0
DA:53,0
DA:57,0
DA:58,0
DA:59,0
DA:63,0
DA:66,0
LF:26
LH:0
BRDA:52,0,0,0
BRDA:52,0,1,0
BRDA:58,1,0,0
BRDA:58,1,1,0
BRF:4
BRH:0
end_of_record
TN:
SF:src\core\powerflow\pvControl.js
FN:16,enforcePVLimits
FN:21,(anonymous_1)
FN:43,(anonymous_2)
FNF:3
FNH:0
FNDA:0,enforcePVLimits
FNDA:0,(anonymous_1)
FNDA:0,(anonymous_2)
DA:17,0
DA:18,0
DA:21,0
DA:22,0
DA:23,0
DA:25,0
DA:27,0
DA:28,0
DA:29,0
DA:30,0
DA:32,0
DA:33,0
DA:34,0
DA:37,0
DA:42,0
DA:43,0
DA:44,0
DA:45,0
DA:46,0
DA:47,0
DA:49,0
DA:50,0
DA:51,0
DA:53,0
DA:56,0
DA:60,0
DA:63,0
LF:27
LH:0
BRDA:25,0,0,0
BRDA:25,0,1,0
BRDA:30,1,0,0
BRDA:30,1,1,0
BRDA:45,2,0,0
BRDA:45,2,1,0
BRDA:45,3,0,0
BRDA:45,3,1,0
BRDA:47,4,0,0
BRDA:47,4,1,0
BRDA:47,5,0,0
BRDA:47,5,1,0
BRF:12
BRH:0
end_of_record
TN:
SF:src\core\powerflow\solver.js
FN:27,solveLinearSystem
FN:29,(anonymous_1)
FN:88,initializeVoltages
FN:89,(anonymous_3)
FN:126,applyCorrections
FN:127,(anonymous_5)
FN:135,(anonymous_6)
FN:160,(anonymous_7)
FN:190,solve
FN:208,(anonymous_9)
FN:255,(anonymous_10)
FN:262,(anonymous_11)
FN:265,(anonymous_12)
FNF:13
FNH:0
FNDA:0,solveLinearSystem
FNDA:0,(anonymous_1)
FNDA:0,initializeVoltages
FNDA:0,(anonymous_3)
FNDA:0,applyCorrections
FNDA:0,(anonymous_5)
FNDA:0,(anonymous_6)
FNDA:0,(anonymous_7)
FNDA:0,solve
FNDA:0,(anonymous_9)
FNDA:0,(anonymous_10)
FNDA:0,(anonymous_11)
FNDA:0,(anonymous_12)
DA:13,0
DA:14,0
DA:15,0
DA:16,0
DA:17,0
DA:18,0
DA:19,0
DA:28,0
DA:29,0
DA:32,0
DA:33,0
DA:34,0
DA:36,0
DA:40,0
DA:42,0
DA:43,0
DA:44,0
DA:45,0
DA:46,0
DA:47,0
DA:52,0
DA:53,0
DA:57,0
DA:58,0
DA:62,0
DA:63,0
DA:64,0
DA:65,0
DA:71,0
DA:72,0
DA:73,0
DA:74,0
DA:75,0
DA:77,0
DA:80,0
DA:89,0
DA:90,0
DA:91,0
DA:93,0
DA:97,0
DA:101,0
DA:102,0
DA:104,0
DA:108,0
DA:114,0
DA:127,0
DA:128,0
DA:131,0
DA:132,0
DA:133,0
DA:135,0
DA:136,0
DA:137,0
DA:138,0
DA:141,0
DA:144,0
DA:145,0
DA:147,0
DA:148,0
DA:149,0
DA:150,0
DA:151,0
DA:153,0
DA:154,0
DA:155,0
DA:160,0
DA:161,0
DA:162,0
DA:163,0
DA:166,0
DA:169,0
DA:171,0
DA:172,0
DA:173,0
DA:177,0
DA:199,0
DA:202,0
DA:205,0
DA:206,0
DA:208,0
DA:209,0
DA:210,0
DA:214,0
DA:217,0
DA:218,0
DA:219,0
DA:221,0
DA:222,0
DA:225,0
DA:226,0
DA:227,0
DA:230,0
DA:231,0
DA:232,0
DA:233,0
DA:237,0
DA:238,0
DA:239,0
DA:243,0
DA:246,0
DA:249,0
DA:250,0
DA:254,0
DA:255,0
DA:256,0
DA:257,0
DA:260,0
DA:261,0
DA:262,0
DA:265,0
DA:266,0
DA:270,0
DA:279,0
LF:113
LH:0
BRDA:45,0,0,0
BRDA:45,0,1,0
BRDA:52,1,0,0
BRDA:52,1,1,0
BRDA:57,2,0,0
BRDA:57,2,1,0
BRDA:58,3,0,0
BRDA:58,3,1,0
BRDA:90,4,0,0
BRDA:90,4,1,0
BRDA:91,5,0,0
BRDA:91,5,1,0
BRDA:94,6,0,0
BRDA:94,6,1,0
BRDA:101,7,0,0
BRDA:101,7,1,0
BRDA:102,8,0,0
BRDA:102,8,1,0
BRDA:105,9,0,0
BRDA:105,9,1,0
BRDA:136,10,0,0
BRDA:136,10,1,0
BRDA:137,11,0,0
BRDA:137,11,1,0
BRDA:138,12,0,0
BRDA:138,12,1,0
BRDA:141,13,0,0
BRDA:141,13,1,0
BRDA:145,14,0,0
BRDA:145,14,1,0
BRDA:147,15,0,0
BRDA:147,15,1,0
BRDA:161,16,0,0
BRDA:161,16,1,0
BRDA:190,17,0,0
BRDA:192,18,0,0
BRDA:193,19,0,0
BRDA:194,20,0,0
BRDA:195,21,0,0
BRDA:196,22,0,0
BRDA:197,23,0,0
BRDA:198,24,0,0
BRDA:209,25,0,0
BRDA:209,25,1,0
BRDA:210,26,0,0
BRDA:210,26,1,0
BRDA:230,27,0,0
BRDA:230,27,1,0
BRDA:237,28,0,0
BRDA:237,28,1,0
BRDA:249,29,0,0
BRDA:249,29,1,0
BRDA:254,30,0,0
BRDA:254,30,1,0
BRF:54
BRH:0
end_of_record
TN:
SF:src\core\powerflow\trustRegion.js
FN:14,applyTrustRegion
FN:16,(anonymous_1)
FN:21,(anonymous_2)
FNF:3
FNH:0
FNDA:0,applyTrustRegion
FNDA:0,(anonymous_1)
FNDA:0,(anonymous_2)
DA:16,0
DA:18,0
DA:20,0
DA:21,0
DA:24,0
DA:27,0
LF:6
LH:0
BRDA:14,0,0,0
BRDA:18,1,0,0
BRDA:18,1,1,0
BRF:3
BRH:0
end_of_record
TN:
SF:src\core\powerflow\contingency\evaluator.js
FN:14,calculateFlows
FN:18,(anonymous_1)
FN:57,evaluateViolations
FN:68,(anonymous_3)
FN:93,(anonymous_4)
FN:94,(anonymous_5)
FN:124,rankContingencies
FN:126,(anonymous_7)
FN:139,(anonymous_8)
FN:147,getSecurityIndex
FN:151,(anonymous_10)
FN:162,getCriticalContingencies
FN:163,(anonymous_12)
FNF:13
FNH:0
FNDA:0,calculateFlows
FNDA:0,(anonymous_1)
FNDA:0,evaluateViolations
FNDA:0,(anonymous_3)
FNDA:0,(anonymous_4)
FNDA:0,(anonymous_5)
FNDA:0,rankContingencies
FNDA:0,(anonymous_7)
FNDA:0,(anonymous_8)
FNDA:0,getSecurityIndex
FNDA:0,(anonymous_10)
FNDA:0,getCriticalContingencies
FNDA:0,(anonymous_12)
DA:15,0
DA:16,0
DA:18,0
DA:19,0
DA:20,0
DA:22,0
DA:23,0
DA:24,0
DA:25,0
DA:26,0
DA:29,0
DA:30,0
DA:35,0
DA:36,0
DA:38,0
DA:47,0
DA:58,0
DA:60,0
DA:68,0
DA:69,0
DA:71,0
DA:72,0
DA:80,0
DA:81,0
DA:82,0
DA:87,0
DA:92,0
DA:93,0
DA:94,0
DA:95,0
DA:96,0
DA:98,0
DA:99,0
DA:104,0
DA:105,0
DA:106,0
DA:111,0
DA:116,0
DA:125,0
DA:128,0
DA:132,0
DA:137,0
DA:139,0
DA:148,0
DA:150,0
DA:151,0
DA:154,0
DA:163,0
DA:166,0
LF:49
LH:0
BRDA:57,0,0,0
BRDA:58,1,0,0
BRDA:58,2,0,0
BRDA:58,3,0,0
BRDA:71,4,0,0
BRDA:71,4,1,0
BRDA:71,5,0,0
BRDA:71,5,1,0
BRDA:76,6,0,0
BRDA:76,6,1,0
BRDA:81,7,0,0
BRDA:81,7,1,0
BRDA:81,8,0,0
BRDA:81,8,1,0
BRDA:85,9,0,0
BRDA:85,9,1,0
BRDA:95,10,0,0
BRDA:95,10,1,0
BRDA:95,11,0,0
BRDA:95,11,1,0
BRDA:98,12,0,0
BRDA:98,12,1,0
BRDA:105,13,0,0
BRDA:105,13,1,0
BRDA:128,14,0,0
BRDA:128,14,1,0
BRDA:129,15,0,0
BRDA:129,15,1,0
BRDA:132,16,0,0
BRDA:132,16,1,0
BRDA:133,17,0,0
BRDA:133,17,1,0
BRDA:134,18,0,0
BRDA:134,18,1,0
BRDA:148,19,0,0
BRDA:148,19,1,0
BRDA:151,20,0,0
BRDA:151,20,1,0
BRDA:151,20,2,0
BRDA:163,21,0,0
BRDA:163,21,1,0
BRF:41
BRH:0
end_of_record
TN:
SF:src\core\powerflow\contingency\generator.js
FN:13,generateN1Contingencies
FN:17,(anonymous_1)
FN:23,(anonymous_2)
FN:28,(anonymous_3)
FN:33,(anonymous_4)
FN:46,cloneModel
FN:56,removeLine
FN:58,(anonymous_7)
FN:68,removeGenerator
FN:70,(anonymous_9)
FN:84,generateN2Contingencies
FN:87,(anonymous_11)
FN:97,(anonymous_12)
FN:100,(anonymous_13)
FN:117,(anonymous_14)
FN:119,(anonymous_15)
FN:120,(anonymous_16)
FNF:17
FNH:0
FNDA:0,generateN1Contingencies
FNDA:0,(anonymous_1)
FNDA:0,(anonymous_2)
FNDA:0,(anonymous_3)
FNDA:0,(anonymous_4)
FNDA:0,cloneModel
FNDA:0,removeLine
FNDA:0,(anonymous_7)
FNDA:0,removeGenerator
FNDA:0,(anonymous_9)
FNDA:0,generateN2Contingencies
FNDA:0,(anonymous_11)
FNDA:0,(anonymous_12)
FNDA:0,(anonymous_13)
FNDA:0,(anonymous_14)
FNDA:0,(anonymous_15)
FNDA:0,(anonymous_16)
DA:14,0
DA:17,0
DA:18,0
DA:23,0
DA:28,0
DA:29,0
DA:30,0
DA:33,0
DA:38,0
DA:47,0
DA:57,0
DA:58,0
DA:59,0
DA:69,0
DA:70,0
DA:71,0
DA:72,0
DA:73,0
DA:75,0
DA:85,0
DA:86,0
DA:87,0
DA:89,0
DA:92,0
DA:93,0
DA:94,0
DA:98,0
DA:99,0
DA:100,0
DA:102,0
DA:105,0
DA:110,0
DA:111,0
DA:112,0
DA:114,0
DA:118,0
DA:119,0
DA:120,0
DA:121,0
DA:122,0
DA:123,0
DA:125,0
DA:128,0
DA:130,0
DA:133,0
DA:136,0
LF:46
LH:0
BRDA:29,0,0,0
BRDA:29,0,1,0
BRDA:29,1,0,0
BRDA:29,1,1,0
BRDA:71,2,0,0
BRDA:71,2,1,0
BRDA:84,3,0,0
BRDA:87,4,0,0
BRDA:87,4,1,0
BRDA:92,5,0,0
BRDA:92,5,1,0
BRDA:93,6,0,0
BRDA:93,6,1,0
BRDA:100,7,0,0
BRDA:100,7,1,0
BRDA:112,8,0,0
BRDA:112,8,1,0
BRDA:121,9,0,0
BRDA:121,9,1,0
BRDA:130,10,0,0
BRDA:130,10,1,0
BRF:21
BRH:0
end_of_record
TN:
SF:src\core\powerflow\contingency\runner.js
FN:27,runN1Contingency
FN:101,(anonymous_1)
FN:104,(anonymous_2)
FN:107,(anonymous_3)
FN:122,runN2Contingency
FN:192,(anonymous_5)
FN:195,(anonymous_6)
FN:198,(anonymous_7)
FNF:8
FNH:0
FNDA:0,runN1Contingency
FNDA:0,(anonymous_1)
FNDA:0,(anonymous_2)
FNDA:0,(anonymous_3)
FNDA:0,runN2Contingency
FNDA:0,(anonymous_5)
FNDA:0,(anonymous_6)
FNDA:0,(anonymous_7)
DA:8,0
DA:9,0
DA:13,0
DA:19,0
DA:35,0
DA:39,0
DA:44,0
DA:45,0
DA:48,0
DA:49,0
DA:52,0
DA:54,0
DA:55,0
DA:60,0
DA:61,0
DA:64,0
DA:65,0
DA:69,0
DA:77,0
DA:92,0
DA:94,0
DA:101,0
DA:104,0
DA:108,0
DA:131,0
DA:135,0
DA:140,0
DA:141,0
DA:144,0
DA:145,0
DA:148,0
DA:150,0
DA:151,0
DA:156,0
DA:157,0
DA:160,0
DA:161,0
DA:164,0
DA:172,0
DA:183,0
DA:185,0
DA:192,0
DA:195,0
DA:199,0
DA:207,0
LF:45
LH:0
BRDA:27,0,0,0
BRDA:29,1,0,0
BRDA:30,2,0,0
BRDA:31,3,0,0
BRDA:32,4,0,0
BRDA:33,5,0,0
BRDA:34,6,0,0
BRDA:39,7,0,0
BRDA:39,7,1,0
BRDA:56,8,0,0
BRDA:56,8,1,0
BRDA:60,9,0,0
BRDA:60,9,1,0
BRDA:69,10,0,0
BRDA:69,10,1,0
BRDA:101,11,0,0
BRDA:101,11,1,0
BRDA:104,12,0,0
BRDA:104,12,1,0
BRDA:108,13,0,0
BRDA:108,13,1,0
BRDA:108,13,2,0
BRDA:122,14,0,0
BRDA:124,15,0,0
BRDA:125,16,0,0
BRDA:126,17,0,0
BRDA:127,18,0,0
BRDA:128,19,0,0
BRDA:129,20,0,0
BRDA:130,21,0,0
BRDA:135,22,0,0
BRDA:135,22,1,0
BRDA:152,23,0,0
BRDA:152,23,1,0
BRDA:156,24,0,0
BRDA:156,24,1,0
BRDA:164,25,0,0
BRDA:164,25,1,0
BRDA:192,26,0,0
BRDA:192,26,1,0
BRDA:195,27,0,0
BRDA:195,27,1,0
BRDA:199,28,0,0
BRDA:199,28,1,0
BRDA:199,28,2,0
BRF:45
BRH:0
end_of_record
TN:
SF:src\core\powerflow\dynamics\integrators\rk4.js
FN:15,rk4Step
FN:19,(anonymous_1)
FN:22,(anonymous_2)
FN:25,(anonymous_3)
FN:30,(anonymous_4)
FN:42,rk4Adaptive
FN:48,(anonymous_6)
FN:74,integrate
FNF:8
FNH:0
FNDA:0,rk4Step
FNDA:0,(anonymous_1)
FNDA:0,(anonymous_2)
FNDA:0,(anonymous_3)
FNDA:0,(anonymous_4)
FNDA:0,rk4Adaptive
FNDA:0,(anonymous_6)
FNDA:0,integrate
DA:17,0
DA:19,0
DA:20,0
DA:22,0
DA:23,0
DA:25,0
DA:26,0
DA:29,0
DA:30,0
DA:44,0
DA:45,0
DA:48,0
DA:51,0
DA:52,0
DA:53,0
DA:54,0
DA:55,0
DA:58,0
DA:75,0
DA:76,0
DA:77,0
DA:78,0
DA:80,0
DA:81,0
DA:83,0
DA:90,0
DA:91,0
DA:92,0
DA:95,0
DA:98,0
LF:30
LH:0
BRDA:42,0,0,0
BRDA:52,1,0,0
BRDA:52,1,1,0
BRDA:54,2,0,0
BRDA:54,2,1,0
BRDA:74,3,0,0
BRF:6
BRH:0
end_of_record
TN:
SF:src\core\powerflow\dynamics\models\generator.js
FN:21,(anonymous_0)
FN:40,(anonymous_1)
FN:52,(anonymous_2)
FN:72,(anonymous_3)
FN:86,(anonymous_4)
FN:122,(anonymous_5)
FN:130,(anonymous_6)
FN:142,(anonymous_7)
FNF:8
FNH:0
FNDA:0,(anonymous_0)
FNDA:0,(anonymous_1)
FNDA:0,(anonymous_2)
FNDA:0,(anonymous_3)
FNDA:0,(anonymous_4)
FNDA:0,(anonymous_5)
FNDA:0,(anonymous_6)
FNDA:0,(anonymous_7)
DA:22,0
DA:23,0
DA:24,0
DA:25,0
DA:28,0
DA:29,0
DA:30,0
DA:41,0
DA:42,0
DA:54,0
DA:57,0
DA:60,0
DA:62,0
DA:73,0
DA:75,0
DA:76,0
DA:88,0
DA:90,0
DA:95,0
DA:97,0
DA:102,0
DA:104,0
DA:109,0
DA:112,0
DA:114,0
DA:123,0
DA:131,0
DA:143,0
DA:144,0
DA:145,0
DA:149,0
LF:31
LH:0
BRF:0
BRH:0
end_of_record
TN:
SF:src\core\powerflow\dynamics\solver\dynamicSolver.js
FN:19,(anonymous_0)
FN:34,(anonymous_1)
FN:55,(anonymous_2)
FN:56,(anonymous_3)
FN:57,(anonymous_4)
FN:74,(anonymous_5)
FN:90,(anonymous_6)
FN:94,(anonymous_7)
FN:105,(anonymous_8)
FN:134,(anonymous_9)
FN:135,(anonymous_10)
FN:142,(anonymous_11)
FN:154,(anonymous_12)
FN:174,(anonymous_13)
FN:180,(anonymous_14)
FN:184,(anonymous_15)
FN:198,(anonymous_16)
FN:199,(anonymous_17)
FN:216,(anonymous_18)
FN:218,(anonymous_19)
FN:219,(anonymous_20)
FN:228,(anonymous_21)
FN:230,(anonymous_22)
FN:241,(anonymous_23)
FN:243,(anonymous_24)
FN:252,rk4Step
FN:254,(anonymous_26)
FN:256,(anonymous_27)
FN:258,(anonymous_28)
FN:262,(anonymous_29)
FNF:30
FNH:0
FNDA:0,(anonymous_0)
FNDA:0,(anonymous_1)
FNDA:0,(anonymous_2)
FNDA:0,(anonymous_3)
FNDA:0,(anonymous_4)
FNDA:0,(anonymous_5)
FNDA:0,(anonymous_6)
FNDA:0,(anonymous_7)
FNDA:0,(anonymous_8)
FNDA:0,(anonymous_9)
FNDA:0,(anonymous_10)
FNDA:0,(anonymous_11)
FNDA:0,(anonymous_12)
FNDA:0,(anonymous_13)
FNDA:0,(anonymous_14)
FNDA:0,(anonymous_15)
FNDA:0,(anonymous_16)
FNDA:0,(anonymous_17)
FNDA:0,(anonymous_18)
FNDA:0,(anonymous_19)
FNDA:0,(anonymous_20)
FNDA:0,(anonymous_21)
FNDA:0,(anonymous_22)
FNDA:0,(anonymous_23)
FNDA:0,(anonymous_24)
FNDA:0,rk4Step
FNDA:0,(anonymous_26)
FNDA:0,(anonymous_27)
FNDA:0,(anonymous_28)
FNDA:0,(anonymous_29)
DA:9,0
DA:10,0
DA:11,0
DA:12,0
DA:20,0
DA:21,0
DA:32,0
DA:33,0
DA:34,0
DA:35,0
DA:36,0
DA:44,0
DA:45,0
DA:56,0
DA:57,0
DA:58,0
DA:60,0
DA:61,0
DA:75,0
DA:77,0
DA:78,0
DA:80,0
DA:91,0
DA:94,0
DA:96,0
DA:97,0
DA:98,0
DA:104,0
DA:105,0
DA:107,0
DA:108,0
DA:109,0
DA:110,0
DA:113,0
DA:114,0
DA:115,0
DA:117,0
DA:118,0
DA:121,0
DA:122,0
DA:126,0
DA:135,0
DA:143,0
DA:153,0
DA:154,0
DA:155,0
DA:156,0
DA:159,0
DA:160,0
DA:162,0
DA:164,0
DA:167,0
DA:171,0
DA:172,0
DA:174,0
DA:178,0
DA:180,0
DA:184,0
DA:185,0
DA:186,0
DA:190,0
DA:191,0
DA:192,0
DA:193,0
DA:197,0
DA:198,0
DA:199,0
DA:202,0
DA:203,0
DA:205,0
DA:206,0
DA:209,0
DA:217,0
DA:218,0
DA:219,0
DA:229,0
DA:230,0
DA:231,0
DA:232,0
DA:242,0
DA:243,0
DA:244,0
DA:245,0
DA:253,0
DA:254,0
DA:255,0
DA:256,0
DA:257,0
DA:258,0
DA:259,0
DA:261,0
DA:262,0
DA:266,0
LF:93
LH:0
BRDA:19,0,0,0
BRDA:35,1,0,0
BRDA:35,1,1,0
BRDA:35,2,0,0
BRDA:35,2,1,0
BRDA:38,3,0,0
BRDA:38,3,1,0
BRDA:39,4,0,0
BRDA:39,4,1,0
BRDA:41,5,0,0
BRDA:41,5,1,0
BRDA:58,6,0,0
BRDA:58,6,1,0
BRDA:62,7,0,0
BRDA:62,7,1,0
BRDA:77,8,0,0
BRDA:77,8,1,0
BRDA:97,9,0,0
BRDA:97,9,1,0
BRDA:107,10,0,0
BRDA:107,10,1,0
BRDA:107,11,0,0
BRDA:107,11,1,0
BRDA:162,12,0,0
BRDA:162,12,1,0
BRDA:171,13,0,0
BRDA:171,13,1,0
BRDA:190,14,0,0
BRDA:190,14,1,0
BRDA:229,15,0,0
BRDA:229,15,1,0
BRDA:231,16,0,0
BRDA:231,16,1,0
BRDA:242,17,0,0
BRDA:242,17,1,0
BRDA:244,18,0,0
BRDA:244,18,1,0
BRF:37
BRH:0
end_of_record
TN:
SF:src\core\powerflow\opf\constraints.js
FN:15,powerBalanceMismatch
FN:16,(anonymous_1)
FN:17,(anonymous_2)
FN:27,enforcePowerBalance
FN:28,(anonymous_4)
FN:29,(anonymous_5)
FN:48,checkGenerationLimits
FN:51,(anonymous_7)
FN:86,checkVoltageLimits
FN:89,(anonymous_9)
FN:125,checkLineFlowLimits
FN:128,(anonymous_11)
FN:152,calculatePenalty
FN:156,(anonymous_13)
FN:172,checkAllConstraints
FN:183,(anonymous_15)
FN:185,(anonymous_16)
FNF:17
FNH:0
FNDA:0,powerBalanceMismatch
FNDA:0,(anonymous_1)
FNDA:0,(anonymous_2)
FNDA:0,enforcePowerBalance
FNDA:0,(anonymous_4)
FNDA:0,(anonymous_5)
FNDA:0,checkGenerationLimits
FNDA:0,(anonymous_7)
FNDA:0,checkVoltageLimits
FNDA:0,(anonymous_9)
FNDA:0,checkLineFlowLimits
FNDA:0,(anonymous_11)
FNDA:0,calculatePenalty
FNDA:0,(anonymous_13)
FNDA:0,checkAllConstraints
FNDA:0,(anonymous_15)
FNDA:0,(anonymous_16)
DA:16,0
DA:17,0
DA:18,0
DA:28,0
DA:29,0
DA:31,0
DA:34,0
DA:35,0
DA:36,0
DA:49,0
DA:51,0
DA:52,0
DA:53,0
DA:62,0
DA:63,0
DA:73,0
DA:87,0
DA:89,0
DA:90,0
DA:92,0
DA:93,0
DA:102,0
DA:103,0
DA:113,0
DA:126,0
DA:128,0
DA:129,0
DA:130,0
DA:140,0
DA:153,0
DA:155,0
DA:156,0
DA:157,0
DA:161,0
DA:173,0
DA:176,0
DA:179,0
DA:182,0
DA:183,0
DA:184,0
DA:185,0
DA:186,0
DA:189,0
DA:195,0
DA:205,0
LF:45
LH:0
BRDA:34,0,0,0
BRDA:34,0,1,0
BRDA:52,1,0,0
BRDA:52,1,1,0
BRDA:62,2,0,0
BRDA:62,2,1,0
BRDA:86,3,0,0
BRDA:86,4,0,0
BRDA:92,5,0,0
BRDA:92,5,1,0
BRDA:102,6,0,0
BRDA:102,6,1,0
BRDA:129,7,0,0
BRDA:129,7,1,0
BRDA:152,8,0,0
BRDA:155,9,0,0
BRDA:155,9,1,0
BRDA:172,10,0,0
BRDA:173,11,0,0
BRDA:173,12,0,0
BRDA:173,13,0,0
BRDA:183,14,0,0
BRDA:183,14,1,0
BRDA:183,15,0,0
BRDA:183,15,1,0
BRF:25
BRH:0
end_of_record
TN:
SF:src\core\powerflow\opf\generator.js
FN:24,(anonymous_0)
FN:47,(anonymous_1)
FN:57,(anonymous_2)
FN:67,(anonymous_3)
FN:76,(anonymous_4)
FN:84,(anonymous_5)
FN:101,(anonymous_6)
FNF:7
FNH:0
FNDA:0,(anonymous_0)
FNDA:0,(anonymous_1)
FNDA:0,(anonymous_2)
FNDA:0,(anonymous_3)
FNDA:0,(anonymous_4)
FNDA:0,(anonymous_5)
FNDA:0,(anonymous_6)
DA:25,0
DA:26,0
DA:27,0
DA:28,0
DA:31,0
DA:38,0
DA:39,0
DA:48,0
DA:49,0
DA:58,0
DA:59,0
DA:68,0
DA:69,0
DA:77,0
DA:85,0
DA:102,0
DA:103,0
DA:107,0
LF:18
LH:0
BRDA:32,0,0,0
BRDA:32,0,1,0
BRDA:33,1,0,0
BRDA:33,1,1,0
BRDA:34,2,0,0
BRDA:34,2,1,0
BRDA:47,3,0,0
BRDA:57,4,0,0
BRDA:77,5,0,0
BRDA:77,5,1,0
BRF:10
BRH:0
end_of_record
TN:
SF:src\core\powerflow\opf\objective.js
FN:13,totalCost
FN:14,(anonymous_1)
FN:24,costGradient
FN:25,(anonymous_3)
FN:35,costHessian
FN:39,(anonymous_5)
FN:55,incrementalCost
FN:73,isConvex
FN:74,(anonymous_8)
FN:83,costReduction
FNF:10
FNH:0
FNDA:0,totalCost
FNDA:0,(anonymous_1)
FNDA:0,costGradient
FNDA:0,(anonymous_3)
FNDA:0,costHessian
FNDA:0,(anonymous_5)
FNDA:0,incrementalCost
FNDA:0,isConvex
FNDA:0,(anonymous_8)
FNDA:0,costReduction
DA:14,0
DA:15,0
DA:25,0
DA:26,0
DA:36,0
DA:37,0
DA:39,0
DA:41,0
DA:43,0
DA:46,0
DA:56,0
DA:58,0
DA:59,0
DA:60,0
DA:61,0
DA:62,0
DA:65,0
DA:74,0
DA:84,0
DA:87,0
DA:88,0
DA:89,0
DA:90,0
DA:91,0
DA:94,0
DA:97,0
LF:26
LH:0
BRF:0
BRH:0
end_of_record
TN:
SF:src\core\powerflow\opf\solver.js
FN:24,(anonymous_0)
FN:37,(anonymous_1)
FN:61,(anonymous_2)
FN:65,(anonymous_3)
FN:66,(anonymous_4)
FN:84,(anonymous_5)
FN:89,(anonymous_6)
FN:93,(anonymous_7)
FN:96,(anonymous_8)
FN:125,(anonymous_9)
FN:133,(anonymous_10)
FN:134,(anonymous_11)
FN:134,(anonymous_12)
FN:135,(anonymous_13)
FN:136,(anonymous_14)
FN:158,(anonymous_15)
FN:180,(anonymous_16)
FN:181,(anonymous_17)
FN:192,(anonymous_18)
FN:193,(anonymous_19)
FN:194,(anonymous_20)
FN:207,(anonymous_21)
FN:239,(anonymous_22)
FN:241,(anonymous_23)
FN:242,(anonymous_24)
FN:243,(anonymous_25)
FN:244,(anonymous_26)
FN:265,(anonymous_27)
FN:295,(anonymous_28)
FN:297,(anonymous_29)
FNF:30
FNH:0
FNDA:0,(anonymous_0)
FNDA:0,(anonymous_1)
FNDA:0,(anonymous_2)
FNDA:0,(anonymous_3)
FNDA:0,(anonymous_4)
FNDA:0,(anonymous_5)
FNDA:0,(anonymous_6)
FNDA:0,(anonymous_7)
FNDA:0,(anonymous_8)
FNDA:0,(anonymous_9)
FNDA:0,(anonymous_10)
FNDA:0,(anonymous_11)
FNDA:0,(anonymous_12)
FNDA:0,(anonymous_13)
FNDA:0,(anonymous_14)
FNDA:0,(anonymous_15)
FNDA:0,(anonymous_16)
FNDA:0,(anonymous_17)
FNDA:0,(anonymous_18)
FNDA:0,(anonymous_19)
FNDA:0,(anonymous_20)
FNDA:0,(anonymous_21)
FNDA:0,(anonymous_22)
FNDA:0,(anonymous_23)
FNDA:0,(anonymous_24)
FNDA:0,(anonymous_25)
FNDA:0,(anonymous_26)
FNDA:0,(anonymous_27)
FNDA:0,(anonymous_28)
FNDA:0,(anonymous_29)
DA:9,0
DA:10,0
DA:11,0
DA:16,0
DA:17,0
DA:25,0
DA:26,0
DA:36,0
DA:37,0
DA:38,0
DA:39,0
DA:52,0
DA:53,0
DA:54,0
DA:62,0
DA:65,0
DA:66,0
DA:67,0
DA:68,0
DA:72,0
DA:73,0
DA:75,0
DA:85,0
DA:86,0
DA:89,0
DA:93,0
DA:96,0
DA:100,0
DA:101,0
DA:103,0
DA:108,0
DA:109,0
DA:110,0
DA:111,0
DA:112,0
DA:113,0
DA:117,0
DA:126,0
DA:127,0
DA:130,0
DA:133,0
DA:134,0
DA:135,0
DA:136,0
DA:138,0
DA:139,0
DA:142,0
DA:143,0
DA:144,0
DA:145,0
DA:146,0
DA:150,0
DA:159,0
DA:160,0
DA:163,0
DA:164,0
DA:166,0
DA:169,0
DA:170,0
DA:173,0
DA:181,0
DA:182,0
DA:193,0
DA:194,0
DA:197,0
DA:208,0
DA:218,0
DA:220,0
DA:222,0
DA:225,0
DA:228,0
DA:231,0
DA:232,0
DA:233,0
DA:234,0
DA:238,0
DA:239,0
DA:240,0
DA:241,0
DA:242,0
DA:243,0
DA:244,0
DA:245,0
DA:248,0
DA:249,0
DA:250,0
DA:257,0
DA:261,0
DA:264,0
DA:265,0
DA:273,0
DA:274,0
DA:282,0
DA:286,0
DA:288,0
DA:296,0
DA:297,0
DA:305,0
LF:98
LH:0
BRDA:24,0,0,0
BRDA:38,1,0,0
BRDA:38,1,1,0
BRDA:38,2,0,0
BRDA:38,2,1,0
BRDA:42,3,0,0
BRDA:42,3,1,0
BRDA:43,4,0,0
BRDA:43,4,1,0
BRDA:44,5,0,0
BRDA:44,5,1,0
BRDA:67,6,0,0
BRDA:67,6,1,0
BRDA:72,7,0,0
BRDA:72,7,1,0
BRDA:103,8,0,0
BRDA:103,8,1,0
BRDA:110,9,0,0
BRDA:110,9,1,0
BRDA:112,10,0,0
BRDA:112,10,1,0
BRDA:143,11,0,0
BRDA:143,11,1,0
BRDA:145,12,0,0
BRDA:145,12,1,0
BRDA:198,13,0,0
BRDA:198,13,1,0
BRDA:231,14,0,0
BRDA:231,14,1,0
BRDA:238,15,0,0
BRDA:238,15,1,0
BRDA:248,16,0,0
BRDA:248,16,1,0
BRDA:283,17,0,0
BRDA:283,17,1,0
BRF:35
BRH:0
end_of_record
TN:
SF:src\core\powerflow\opf\scopf\contingencyGenerator.js
FN:13,generateN1Contingencies
FN:17,(anonymous_1)
FN:29,(anonymous_2)
FN:51,applyContingency
FN:56,(anonymous_4)
FN:61,(anonymous_5)
FN:77,generateRankedContingencies
FN:87,(anonymous_7)
FN:111,(anonymous_8)
FN:131,(anonymous_9)
FN:141,filterContingencies
FN:144,(anonymous_11)
FNF:12
FNH:0
FNDA:0,generateN1Contingencies
FNDA:0,(anonymous_1)
FNDA:0,(anonymous_2)
FNDA:0,applyContingency
FNDA:0,(anonymous_4)
FNDA:0,(anonymous_5)
FNDA:0,generateRankedContingencies
FNDA:0,(anonymous_7)
FNDA:0,(anonymous_8)
FNDA:0,(anonymous_9)
FNDA:0,filterContingencies
FNDA:0,(anonymous_11)
DA:14,0
DA:17,0
DA:18,0
DA:29,0
DA:30,0
DA:32,0
DA:42,0
DA:52,0
DA:54,0
DA:56,0
DA:59,0
DA:61,0
DA:62,0
DA:63,0
DA:64,0
DA:68,0
DA:82,0
DA:84,0
DA:86,0
DA:87,0
DA:89,0
DA:91,0
DA:97,0
DA:110,0
DA:111,0
DA:112,0
DA:114,0
DA:116,0
DA:130,0
DA:131,0
DA:142,0
DA:144,0
DA:145,0
DA:146,0
DA:148,0
DA:149,0
DA:150,0
DA:152,0
DA:156,0
LF:39
LH:0
BRDA:30,0,0,0
BRDA:30,0,1,0
BRDA:30,1,0,0
BRDA:30,1,1,0
BRDA:54,2,0,0
BRDA:54,2,1,0
BRDA:59,3,0,0
BRDA:59,3,1,0
BRDA:62,4,0,0
BRDA:62,4,1,0
BRDA:77,5,0,0
BRDA:79,6,0,0
BRDA:80,7,0,0
BRDA:81,8,0,0
BRDA:86,9,0,0
BRDA:86,9,1,0
BRDA:89,10,0,0
BRDA:89,10,1,0
BRDA:91,11,0,0
BRDA:91,11,1,0
BRDA:93,12,0,0
BRDA:93,12,1,0
BRDA:105,13,0,0
BRDA:105,13,1,0
BRDA:105,14,0,0
BRDA:105,14,1,0
BRDA:110,15,0,0
BRDA:110,15,1,0
BRDA:112,16,0,0
BRDA:112,16,1,0
BRDA:114,17,0,0
BRDA:114,17,1,0
BRDA:114,18,0,0
BRDA:114,18,1,0
BRDA:123,19,0,0
BRDA:123,19,1,0
BRDA:123,20,0,0
BRDA:123,20,1,0
BRDA:141,21,0,0
BRDA:142,22,0,0
BRDA:142,23,0,0
BRDA:142,24,0,0
BRDA:145,25,0,0
BRDA:145,25,1,0
BRDA:145,26,0,0
BRDA:145,26,1,0
BRDA:146,27,0,0
BRDA:146,27,1,0
BRDA:146,28,0,0
BRDA:146,28,1,0
BRDA:149,29,0,0
BRDA:149,29,1,0
BRDA:150,30,0,0
BRDA:150,30,1,0
BRF:54
BRH:0
end_of_record
TN:
SF:src\core\powerflow\opf\scopf\scopfSolver.js
FN:21,(anonymous_0)
FN:58,(anonymous_1)
FN:157,(anonymous_2)
FN:161,(anonymous_3)
FN:189,(anonymous_4)
FN:194,(anonymous_5)
FN:197,(anonymous_6)
FN:222,(anonymous_7)
FN:226,(anonymous_8)
FN:229,(anonymous_9)
FN:240,(anonymous_10)
FN:262,(anonymous_11)
FN:264,(anonymous_12)
FN:282,(anonymous_13)
FN:284,(anonymous_14)
FN:286,(anonymous_15)
FN:303,(anonymous_16)
FNF:17
FNH:0
FNDA:0,(anonymous_0)
FNDA:0,(anonymous_1)
FNDA:0,(anonymous_2)
FNDA:0,(anonymous_3)
FNDA:0,(anonymous_4)
FNDA:0,(anonymous_5)
FNDA:0,(anonymous_6)
FNDA:0,(anonymous_7)
FNDA:0,(anonymous_8)
FNDA:0,(anonymous_9)
FNDA:0,(anonymous_10)
FNDA:0,(anonymous_11)
FNDA:0,(anonymous_12)
FNDA:0,(anonymous_13)
FNDA:0,(anonymous_14)
FNDA:0,(anonymous_15)
FNDA:0,(anonymous_16)
DA:9,0
DA:13,0
DA:14,0
DA:22,0
DA:23,0
DA:38,0
DA:47,0
DA:49,0
DA:60,0
DA:62,0
DA:80,0
DA:81,0
DA:82,0
DA:83,0
DA:85,0
DA:87,0
DA:88,0
DA:93,0
DA:94,0
DA:108,0
DA:109,0
DA:110,0
DA:111,0
DA:113,0
DA:115,0
DA:116,0
DA:117,0
DA:118,0
DA:123,0
DA:124,0
DA:131,0
DA:132,0
DA:136,0
DA:137,0
DA:138,0
DA:139,0
DA:142,0
DA:146,0
DA:148,0
DA:158,0
DA:161,0
DA:162,0
DA:164,0
DA:170,0
DA:172,0
DA:181,0
DA:191,0
DA:194,0
DA:195,0
DA:196,0
DA:197,0
DA:199,0
DA:200,0
DA:201,0
DA:207,0
DA:215,0
DA:223,0
DA:226,0
DA:229,0
DA:241,0
DA:244,0
DA:246,0
DA:263,0
DA:264,0
DA:265,0
DA:266,0
DA:270,0
DA:273,0
DA:283,0
DA:284,0
DA:285,0
DA:286,0
DA:287,0
DA:291,0
DA:295,0
DA:304,0
DA:305,0
DA:307,0
DA:308,0
DA:309,0
DA:310,0
DA:312,0
DA:316,0
LF:83
LH:0
BRDA:21,0,0,0
BRDA:85,1,0,0
BRDA:85,1,1,0
BRDA:113,2,0,0
BRDA:113,2,1,0
BRDA:143,3,0,0
BRDA:143,3,1,0
BRDA:162,4,0,0
BRDA:162,4,1,0
BRDA:170,5,0,0
BRDA:170,5,1,0
BRDA:195,6,0,0
BRDA:195,6,1,0
BRDA:199,7,0,0
BRDA:199,7,1,0
BRDA:266,8,0,0
BRDA:266,8,1,0
BRDA:267,9,0,0
BRDA:267,9,1,0
BRDA:285,10,0,0
BRDA:285,10,1,0
BRDA:285,11,0,0
BRDA:285,11,1,0
BRDA:287,12,0,0
BRDA:287,12,1,0
BRDA:288,13,0,0
BRDA:288,13,1,0
BRDA:307,14,0,0
BRDA:307,14,1,0
BRDA:307,15,0,0
BRDA:307,15,1,0
BRDA:309,16,0,0
BRDA:309,16,1,0
BRDA:309,17,0,0
BRDA:309,17,1,0
BRF:35
BRH:0
end_of_record
TN:
SF:src\core\powerflow\opf\scopf\securityConstraints.js
FN:20,evaluateSecurityConstraints
FN:59,(anonymous_1)
FN:60,(anonymous_2)
FN:72,evaluateContingency
FN:140,applyContingency
FN:146,(anonymous_5)
FN:150,(anonymous_6)
FN:165,updateSystemGeneration
FN:166,(anonymous_8)
FN:167,(anonymous_9)
FN:181,checkVoltageViolations
FN:184,(anonymous_11)
FN:220,checkLineFlowViolations
FN:228,(anonymous_13)
FN:229,(anonymous_14)
FN:259,checkGenerationViolations
FN:262,(anonymous_16)
FN:293,calculateLineFlows
FN:296,(anonymous_18)
FN:342,determineSeverity
FN:343,(anonymous_20)
FN:345,(anonymous_21)
FNF:22
FNH:0
FNDA:0,evaluateSecurityConstraints
FNDA:0,(anonymous_1)
FNDA:0,(anonymous_2)
FNDA:0,evaluateContingency
FNDA:0,applyContingency
FNDA:0,(anonymous_5)
FNDA:0,(anonymous_6)
FNDA:0,updateSystemGeneration
FNDA:0,(anonymous_8)
FNDA:0,(anonymous_9)
FNDA:0,checkVoltageViolations
FNDA:0,(anonymous_11)
FNDA:0,checkLineFlowViolations
FNDA:0,(anonymous_13)
FNDA:0,(anonymous_14)
FNDA:0,checkGenerationViolations
FNDA:0,(anonymous_16)
FNDA:0,calculateLineFlows
FNDA:0,(anonymous_18)
FNDA:0,determineSeverity
FNDA:0,(anonymous_20)
FNDA:0,(anonymous_21)
DA:1,0
DA:9,0
DA:10,0
DA:33,0
DA:35,0
DA:36,0
DA:39,0
DA:40,0
DA:49,0
DA:50,0
DA:51,0
DA:55,0
DA:59,0
DA:60,0
DA:74,0
DA:77,0
DA:81,0
DA:91,0
DA:92,0
DA:102,0
DA:105,0
DA:112,0
DA:117,0
DA:123,0
DA:141,0
DA:143,0
DA:145,0
DA:146,0
DA:148,0
DA:150,0
DA:151,0
DA:152,0
DA:153,0
DA:157,0
DA:166,0
DA:167,0
DA:168,0
DA:169,0
DA:170,0
DA:182,0
DA:184,0
DA:185,0
DA:187,0
DA:188,0
DA:197,0
DA:198,0
DA:210,0
DA:221,0
DA:223,0
DA:225,0
DA:228,0
DA:229,0
DA:230,0
DA:231,0
DA:232,0
DA:234,0
DA:235,0
DA:250,0
DA:260,0
DA:262,0
DA:263,0
DA:264,0
DA:272,0
DA:273,0
DA:284,0
DA:294,0
DA:296,0
DA:297,0
DA:298,0
DA:300,0
DA:301,0
DA:302,0
DA:303,0
DA:304,0
DA:305,0
DA:308,0
DA:309,0
DA:320,0
DA:321,0
DA:323,0
DA:334,0
DA:343,0
DA:344,0
DA:345,0
DA:346,0
DA:348,0
DA:351,0
LF:87
LH:0
BRDA:24,0,0,0
BRDA:27,1,0,0
BRDA:28,2,0,0
BRDA:29,3,0,0
BRDA:30,4,0,0
BRDA:31,5,0,0
BRDA:32,6,0,0
BRDA:49,7,0,0
BRDA:49,7,1,0
BRDA:81,8,0,0
BRDA:81,8,1,0
BRDA:91,9,0,0
BRDA:91,9,1,0
BRDA:130,10,0,0
BRDA:130,10,1,0
BRDA:143,11,0,0
BRDA:143,11,1,0
BRDA:148,12,0,0
BRDA:148,12,1,0
BRDA:151,13,0,0
BRDA:151,13,1,0
BRDA:168,14,0,0
BRDA:168,14,1,0
BRDA:170,15,0,0
BRDA:170,15,1,0
BRDA:187,16,0,0
BRDA:187,16,1,0
BRDA:195,17,0,0
BRDA:195,17,1,0
BRDA:197,18,0,0
BRDA:197,18,1,0
BRDA:205,19,0,0
BRDA:205,19,1,0
BRDA:223,20,0,0
BRDA:223,20,1,0
BRDA:230,21,0,0
BRDA:230,21,1,0
BRDA:230,22,0,0
BRDA:230,22,1,0
BRDA:234,23,0,0
BRDA:234,23,1,0
BRDA:244,24,0,0
BRDA:244,24,1,0
BRDA:263,25,0,0
BRDA:263,25,1,0
BRDA:272,26,0,0
BRDA:272,26,1,0
BRDA:300,27,0,0
BRDA:300,27,1,0
BRDA:300,28,0,0
BRDA:300,28,1,0
BRDA:329,29,0,0
BRDA:329,29,1,0
BRDA:343,30,0,0
BRDA:343,30,1,0
BRDA:345,31,0,0
BRDA:345,31,1,0
BRF:57
BRH:0
end_of_record
TN:
SF:src\core\powerflow\solvers\fastDecoupled.js
FN:9,(anonymous_0)
FN:15,(anonymous_1)
FN:33,(anonymous_2)
FN:54,(anonymous_3)
FN:63,(anonymous_4)
FN:82,(anonymous_5)
FN:85,(anonymous_6)
FN:107,(anonymous_7)
FN:111,(anonymous_8)
FN:114,(anonymous_9)
FN:117,(anonymous_10)
FN:142,(anonymous_11)
FN:146,(anonymous_12)
FN:163,(anonymous_13)
FN:166,(anonymous_14)
FN:174,(anonymous_15)
FN:177,(anonymous_16)
FN:185,(anonymous_17)
FN:188,(anonymous_18)
FN:197,(anonymous_19)
FN:200,(anonymous_20)
FN:212,(anonymous_21)
FN:213,(anonymous_22)
FN:224,(anonymous_23)
FN:227,(anonymous_24)
FN:247,(anonymous_25)
FN:255,(anonymous_26)
FN:256,(anonymous_27)
FN:263,(anonymous_28)
FN:265,(anonymous_29)
FN:266,(anonymous_30)
FN:273,(anonymous_31)
FN:274,(anonymous_32)
FNF:33
FNH:0
FNDA:0,(anonymous_0)
FNDA:0,(anonymous_1)
FNDA:0,(anonymous_2)
FNDA:0,(anonymous_3)
FNDA:0,(anonymous_4)
FNDA:0,(anonymous_5)
FNDA:0,(anonymous_6)
FNDA:0,(anonymous_7)
FNDA:0,(anonymous_8)
FNDA:0,(anonymous_9)
FNDA:0,(anonymous_10)
FNDA:0,(anonymous_11)
FNDA:0,(anonymous_12)
FNDA:0,(anonymous_13)
FNDA:0,(anonymous_14)
FNDA:0,(anonymous_15)
FNDA:0,(anonymous_16)
FNDA:0,(anonymous_17)
FNDA:0,(anonymous_18)
FNDA:0,(anonymous_19)
FNDA:0,(anonymous_20)
FNDA:0,(anonymous_21)
FNDA:0,(anonymous_22)
FNDA:0,(anonymous_23)
FNDA:0,(anonymous_24)
FNDA:0,(anonymous_25)
FNDA:0,(anonymous_26)
FNDA:0,(anonymous_27)
FNDA:0,(anonymous_28)
FNDA:0,(anonymous_29)
FNDA:0,(anonymous_30)
FNDA:0,(anonymous_31)
FNDA:0,(anonymous_32)
DA:1,0
DA:10,0
DA:11,0
DA:12,0
DA:16,0
DA:19,0
DA:22,0
DA:24,0
DA:25,0
DA:26,0
DA:28,0
DA:30,0
DA:33,0
DA:34,0
DA:36,0
DA:38,0
DA:39,0
DA:41,0
DA:45,0
DA:56,0
DA:64,0
DA:66,0
DA:67,0
DA:70,0
DA:71,0
DA:73,0
DA:83,0
DA:85,0
DA:86,0
DA:87,0
DA:91,0
DA:92,0
DA:97,0
DA:104,0
DA:108,0
DA:109,0
DA:111,0
DA:112,0
DA:114,0
DA:117,0
DA:118,0
DA:119,0
DA:122,0
DA:128,0
DA:129,0
DA:130,0
DA:131,0
DA:133,0
DA:134,0
DA:135,0
DA:136,0
DA:139,0
DA:143,0
DA:144,0
DA:146,0
DA:147,0
DA:149,0
DA:150,0
DA:152,0
DA:154,0
DA:155,0
DA:160,0
DA:165,0
DA:166,0
DA:167,0
DA:168,0
DA:171,0
DA:176,0
DA:177,0
DA:178,0
DA:179,0
DA:182,0
DA:186,0
DA:188,0
DA:189,0
DA:190,0
DA:192,0
DA:198,0
DA:200,0
DA:201,0
DA:202,0
DA:203,0
DA:204,0
DA:205,0
DA:207,0
DA:213,0
DA:225,0
DA:227,0
DA:228,0
DA:229,0
DA:231,0
DA:232,0
DA:234,0
DA:244,0
DA:248,0
DA:256,0
DA:264,0
DA:265,0
DA:266,0
DA:274,0
DA:275,0
DA:276,0
DA:281,0
LF:103
LH:0
BRDA:9,0,0,0
BRDA:10,1,0,0
BRDA:10,1,1,0
BRDA:11,2,0,0
BRDA:11,2,1,0
BRDA:12,3,0,0
BRDA:12,3,1,0
BRDA:15,4,0,0
BRDA:28,5,0,0
BRDA:28,5,1,0
BRDA:36,6,0,0
BRDA:36,6,1,0
BRDA:63,7,0,0
BRDA:66,8,0,0
BRDA:66,8,1,0
BRDA:86,9,0,0
BRDA:86,9,1,0
BRDA:88,10,0,0
BRDA:88,10,1,0
BRDA:89,11,0,0
BRDA:89,11,1,0
BRDA:91,12,0,0
BRDA:91,12,1,0
BRDA:93,13,0,0
BRDA:93,13,1,0
BRDA:149,14,0,0
BRDA:149,14,1,0
BRDA:154,15,0,0
BRDA:154,15,1,0
BRDA:167,16,0,0
BRDA:167,16,1,0
BRDA:167,17,0,0
BRDA:167,17,1,0
BRDA:178,18,0,0
BRDA:178,18,1,0
BRDA:178,19,0,0
BRDA:178,19,1,0
BRDA:189,20,0,0
BRDA:189,20,1,0
BRDA:189,21,0,0
BRDA:189,21,1,0
BRDA:201,22,0,0
BRDA:201,22,1,0
BRDA:203,23,0,0
BRDA:203,23,1,0
BRDA:258,24,0,0
BRDA:258,24,1,0
BRDA:259,25,0,0
BRDA:259,25,1,0
BRDA:265,26,0,0
BRDA:265,26,1,0
BRDA:268,27,0,0
BRDA:268,27,1,0
BRDA:276,28,0,0
BRDA:276,28,1,0
BRF:55
BRH:0
end_of_record
TN:
SF:src\core\powerflow\solvers\newtonRaphson.js
FN:10,(anonymous_0)
FN:16,(anonymous_1)
FN:25,(anonymous_2)
FN:31,(anonymous_3)
FN:52,(anonymous_4)
FN:86,(anonymous_5)
FN:106,(anonymous_6)
FN:132,(anonymous_7)
FN:135,(anonymous_8)
FN:158,(anonymous_9)
FN:162,(anonymous_10)
FN:165,(anonymous_11)
FN:169,(anonymous_12)
FN:190,(anonymous_13)
FN:199,(anonymous_14)
FN:203,(anonymous_15)
FN:209,(anonymous_16)
FN:233,(anonymous_17)
FN:238,(anonymous_18)
FN:259,(anonymous_19)
FN:262,(anonymous_20)
FN:299,(anonymous_21)
FN:302,(anonymous_22)
FN:315,(anonymous_23)
FN:316,(anonymous_24)
FN:324,(anonymous_25)
FN:329,(anonymous_26)
FN:330,(anonymous_27)
FN:332,(anonymous_28)
FN:374,(anonymous_29)
FN:382,(anonymous_30)
FN:384,(anonymous_31)
FN:393,(anonymous_32)
FN:402,(anonymous_33)
FN:409,(anonymous_34)
FN:416,(anonymous_35)
FN:423,(anonymous_36)
FN:430,(anonymous_37)
FN:437,(anonymous_38)
FN:445,(anonymous_39)
FN:446,(anonymous_40)
FN:453,(anonymous_41)
FN:458,(anonymous_42)
FN:461,(anonymous_43)
FN:462,(anonymous_44)
FN:469,(anonymous_45)
FN:470,(anonymous_46)
FN:476,(anonymous_47)
FNF:48
FNH:0
FNDA:0,(anonymous_0)
FNDA:0,(anonymous_1)
FNDA:0,(anonymous_2)
FNDA:0,(anonymous_3)
FNDA:0,(anonymous_4)
FNDA:0,(anonymous_5)
FNDA:0,(anonymous_6)
FNDA:0,(anonymous_7)
FNDA:0,(anonymous_8)
FNDA:0,(anonymous_9)
FNDA:0,(anonymous_10)
FNDA:0,(anonymous_11)
FNDA:0,(anonymous_12)
FNDA:0,(anonymous_13)
FNDA:0,(anonymous_14)
FNDA:0,(anonymous_15)
FNDA:0,(anonymous_16)
FNDA:0,(anonymous_17)
FNDA:0,(anonymous_18)
FNDA:0,(anonymous_19)
FNDA:0,(anonymous_20)
FNDA:0,(anonymous_21)
FNDA:0,(anonymous_22)
FNDA:0,(anonymous_23)
FNDA:0,(anonymous_24)
FNDA:0,(anonymous_25)
FNDA:0,(anonymous_26)
FNDA:0,(anonymous_27)
FNDA:0,(anonymous_28)
FNDA:0,(anonymous_29)
FNDA:0,(anonymous_30)
FNDA:0,(anonymous_31)
FNDA:0,(anonymous_32)
FNDA:0,(anonymous_33)
FNDA:0,(anonymous_34)
FNDA:0,(anonymous_35)
FNDA:0,(anonymous_36)
FNDA:0,(anonymous_37)
FNDA:0,(anonymous_38)
FNDA:0,(anonymous_39)
FNDA:0,(anonymous_40)
FNDA:0,(anonymous_41)
FNDA:0,(anonymous_42)
FNDA:0,(anonymous_43)
FNDA:0,(anonymous_44)
FNDA:0,(anonymous_45)
FNDA:0,(anonymous_46)
FNDA:0,(anonymous_47)
DA:7,0
DA:11,0
DA:12,0
DA:13,0
DA:17,0
DA:24,0
DA:25,0
DA:26,0
DA:27,0
DA:30,0
DA:31,0
DA:33,0
DA:34,0
DA:38,0
DA:41,0
DA:43,0
DA:44,0
DA:45,0
DA:47,0
DA:49,0
DA:52,0
DA:53,0
DA:55,0
DA:57,0
DA:60,0
DA:63,0
DA:65,0
DA:70,0
DA:71,0
DA:72,0
DA:73,0
DA:76,0
DA:88,0
DA:89,0
DA:92,0
DA:95,0
DA:103,0
DA:108,0
DA:111,0
DA:117,0
DA:121,0
DA:123,0
DA:133,0
DA:135,0
DA:136,0
DA:137,0
DA:141,0
DA:142,0
DA:148,0
DA:155,0
DA:159,0
DA:160,0
DA:163,0
DA:165,0
DA:169,0
DA:170,0
DA:171,0
DA:172,0
DA:175,0
DA:179,0
DA:185,0
DA:186,0
DA:190,0
DA:191,0
DA:192,0
DA:196,0
DA:200,0
DA:201,0
DA:203,0
DA:204,0
DA:205,0
DA:208,0
DA:209,0
DA:210,0
DA:211,0
DA:212,0
DA:213,0
DA:217,0
DA:219,0
DA:221,0
DA:222,0
DA:223,0
DA:225,0
DA:230,0
DA:234,0
DA:235,0
DA:236,0
DA:238,0
DA:246,0
DA:247,0
DA:248,0
DA:249,0
DA:251,0
DA:256,0
DA:261,0
DA:262,0
DA:265,0
DA:267,0
DA:268,0
DA:269,0
DA:270,0
DA:275,0
DA:278,0
DA:279,0
DA:280,0
DA:281,0
DA:287,0
DA:288,0
DA:289,0
DA:290,0
DA:291,0
DA:293,0
DA:296,0
DA:300,0
DA:302,0
DA:303,0
DA:305,0
DA:306,0
DA:307,0
DA:309,0
DA:316,0
DA:325,0
DA:328,0
DA:329,0
DA:330,0
DA:332,0
DA:333,0
DA:334,0
DA:336,0
DA:337,0
DA:339,0
DA:343,0
DA:348,0
DA:349,0
DA:353,0
DA:357,0
DA:359,0
DA:370,0
DA:375,0
DA:383,0
DA:384,0
DA:385,0
DA:386,0
DA:387,0
DA:390,0
DA:394,0
DA:395,0
DA:396,0
DA:403,0
DA:410,0
DA:417,0
DA:424,0
DA:431,0
DA:439,0
DA:446,0
DA:455,0
DA:460,0
DA:461,0
DA:462,0
DA:470,0
DA:471,0
DA:472,0
DA:478,0
DA:479,0
DA:480,0
DA:484,0
LF:166
LH:0
BRDA:10,0,0,0
BRDA:11,1,0,0
BRDA:11,1,1,0
BRDA:12,2,0,0
BRDA:12,2,1,0
BRDA:13,3,0,0
BRDA:13,3,1,0
BRDA:16,4,0,0
BRDA:18,5,0,0
BRDA:18,5,1,0
BRDA:19,6,0,0
BRDA:19,6,1,0
BRDA:20,7,0,0
BRDA:20,7,1,0
BRDA:33,8,0,0
BRDA:33,8,1,0
BRDA:47,9,0,0
BRDA:47,9,1,0
BRDA:55,10,0,0
BRDA:55,10,1,0
BRDA:70,11,0,0
BRDA:70,11,1,0
BRDA:70,12,0,0
BRDA:70,12,1,0
BRDA:89,13,0,0
BRDA:89,13,1,0
BRDA:106,14,0,0
BRDA:126,15,0,0
BRDA:126,15,1,0
BRDA:136,16,0,0
BRDA:136,16,1,0
BRDA:138,17,0,0
BRDA:138,17,1,0
BRDA:139,18,0,0
BRDA:139,18,1,0
BRDA:141,19,0,0
BRDA:141,19,1,0
BRDA:143,20,0,0
BRDA:143,20,1,0
BRDA:191,21,0,0
BRDA:191,21,1,0
BRDA:219,22,0,0
BRDA:219,22,1,0
BRDA:223,23,0,0
BRDA:223,23,1,0
BRDA:248,24,0,0
BRDA:248,24,1,0
BRDA:269,25,0,0
BRDA:269,25,1,0
BRDA:303,26,0,0
BRDA:303,26,1,0
BRDA:307,27,0,0
BRDA:307,27,1,0
BRDA:318,28,0,0
BRDA:318,28,1,0
BRDA:319,29,0,0
BRDA:319,29,1,0
BRDA:320,30,0,0
BRDA:320,30,1,0
BRDA:320,31,0,0
BRDA:320,31,1,0
BRDA:330,32,0,0
BRDA:330,32,1,0
BRDA:340,33,0,0
BRDA:340,33,1,0
BRDA:341,34,0,0
BRDA:341,34,1,0
BRDA:344,35,0,0
BRDA:344,35,1,0
BRDA:345,36,0,0
BRDA:345,36,1,0
BRDA:348,37,0,0
BRDA:348,37,1,0
BRDA:357,38,0,0
BRDA:357,38,1,0
BRDA:363,39,0,0
BRDA:363,39,1,0
BRDA:365,40,0,0
BRDA:365,40,1,0
BRDA:385,41,0,0
BRDA:385,41,1,0
BRDA:387,42,0,0
BRDA:387,42,1,0
BRDA:448,43,0,0
BRDA:448,43,1,0
BRDA:449,44,0,0
BRDA:449,44,1,0
BRDA:461,45,0,0
BRDA:461,45,1,0
BRDA:464,46,0,0
BRDA:464,46,1,0
BRDA:472,47,0,0
BRDA:472,47,1,0
BRF:93
BRH:0
end_of_record
TN:
SF:src\core\powerflow\solvers\powerFlowSolver.js
FN:9,(anonymous_0)
FN:15,(anonymous_1)
FN:34,(anonymous_2)
FN:53,(anonymous_3)
FN:62,(anonymous_4)
FN:81,(anonymous_5)
FN:91,(anonymous_6)
FN:97,(anonymous_7)
FN:104,(anonymous_8)
FN:107,(anonymous_9)
FN:129,(anonymous_10)
FN:133,(anonymous_11)
FN:148,(anonymous_12)
FN:151,(anonymous_13)
FN:159,(anonymous_14)
FN:162,(anonymous_15)
FN:170,(anonymous_16)
FN:173,(anonymous_17)
FN:183,(anonymous_18)
FN:184,(anonymous_19)
FN:195,(anonymous_20)
FN:198,(anonymous_21)
FN:212,(anonymous_22)
FN:220,(anonymous_23)
FN:221,(anonymous_24)
FN:228,(anonymous_25)
FN:230,(anonymous_26)
FN:231,(anonymous_27)
FN:238,(anonymous_28)
FN:239,(anonymous_29)
FNF:30
FNH:0
FNDA:0,(anonymous_0)
FNDA:0,(anonymous_1)
FNDA:0,(anonymous_2)
FNDA:0,(anonymous_3)
FNDA:0,(anonymous_4)
FNDA:0,(anonymous_5)
FNDA:0,(anonymous_6)
FNDA:0,(anonymous_7)
FNDA:0,(anonymous_8)
FNDA:0,(anonymous_9)
FNDA:0,(anonymous_10)
FNDA:0,(anonymous_11)
FNDA:0,(anonymous_12)
FNDA:0,(anonymous_13)
FNDA:0,(anonymous_14)
FNDA:0,(anonymous_15)
FNDA:0,(anonymous_16)
FNDA:0,(anonymous_17)
FNDA:0,(anonymous_18)
FNDA:0,(anonymous_19)
FNDA:0,(anonymous_20)
FNDA:0,(anonymous_21)
FNDA:0,(anonymous_22)
FNDA:0,(anonymous_23)
FNDA:0,(anonymous_24)
FNDA:0,(anonymous_25)
FNDA:0,(anonymous_26)
FNDA:0,(anonymous_27)
FNDA:0,(anonymous_28)
FNDA:0,(anonymous_29)
DA:1,0
DA:10,0
DA:11,0
DA:12,0
DA:16,0
DA:19,0
DA:22,0
DA:25,0
DA:26,0
DA:27,0
DA:29,0
DA:31,0
DA:34,0
DA:35,0
DA:37,0
DA:39,0
DA:40,0
DA:44,0
DA:55,0
DA:63,0
DA:65,0
DA:66,0
DA:69,0
DA:70,0
DA:72,0
DA:82,0
DA:83,0
DA:86,0
DA:87,0
DA:91,0
DA:92,0
DA:93,0
DA:97,0
DA:98,0
DA:99,0
DA:105,0
DA:107,0
DA:108,0
DA:109,0
DA:113,0
DA:114,0
DA:119,0
DA:126,0
DA:130,0
DA:131,0
DA:133,0
DA:134,0
DA:136,0
DA:137,0
DA:138,0
DA:140,0
DA:141,0
DA:145,0
DA:150,0
DA:151,0
DA:152,0
DA:153,0
DA:156,0
DA:161,0
DA:162,0
DA:163,0
DA:164,0
DA:167,0
DA:171,0
DA:173,0
DA:174,0
DA:175,0
DA:176,0
DA:177,0
DA:178,0
DA:184,0
DA:196,0
DA:198,0
DA:199,0
DA:209,0
DA:213,0
DA:221,0
DA:229,0
DA:230,0
DA:231,0
DA:239,0
DA:240,0
DA:241,0
DA:246,0
LF:84
LH:0
BRDA:9,0,0,0
BRDA:10,1,0,0
BRDA:10,1,1,0
BRDA:11,2,0,0
BRDA:11,2,1,0
BRDA:12,3,0,0
BRDA:12,3,1,0
BRDA:15,4,0,0
BRDA:29,5,0,0
BRDA:29,5,1,0
BRDA:37,6,0,0
BRDA:37,6,1,0
BRDA:62,7,0,0
BRDA:65,8,0,0
BRDA:65,8,1,0
BRDA:82,9,0,0
BRDA:82,9,1,0
BRDA:82,10,0,0
BRDA:82,10,1,0
BRDA:86,11,0,0
BRDA:86,11,1,0
BRDA:86,12,0,0
BRDA:86,12,1,0
BRDA:92,13,0,0
BRDA:92,13,1,0
BRDA:98,14,0,0
BRDA:98,14,1,0
BRDA:98,15,0,0
BRDA:98,15,1,0
BRDA:108,16,0,0
BRDA:108,16,1,0
BRDA:110,17,0,0
BRDA:110,17,1,0
BRDA:111,18,0,0
BRDA:111,18,1,0
BRDA:113,19,0,0
BRDA:113,19,1,0
BRDA:115,20,0,0
BRDA:115,20,1,0
BRDA:136,21,0,0
BRDA:136,21,1,0
BRDA:140,22,0,0
BRDA:140,22,1,0
BRDA:152,23,0,0
BRDA:152,23,1,0
BRDA:152,24,0,0
BRDA:152,24,1,0
BRDA:163,25,0,0
BRDA:163,25,1,0
BRDA:163,26,0,0
BRDA:163,26,1,0
BRDA:174,27,0,0
BRDA:174,27,1,0
BRDA:177,28,0,0
BRDA:177,28,1,0
BRDA:223,29,0,0
BRDA:223,29,1,0
BRDA:224,30,0,0
BRDA:224,30,1,0
BRDA:230,31,0,0
BRDA:230,31,1,0
BRDA:233,32,0,0
BRDA:233,32,1,0
BRDA:241,33,0,0
BRDA:241,33,1,0
BRF:65
BRH:0
end_of_record
TN:
SF:src\core\powerflow\stability\dynamicSimulator.js
FN:16,(anonymous_0)
FN:36,(anonymous_1)
FN:37,(anonymous_2)
FN:61,(anonymous_3)
FN:107,(anonymous_4)
FN:108,(anonymous_5)
FN:109,(anonymous_6)
FN:134,(anonymous_7)
FN:136,(anonymous_8)
FN:137,(anonymous_9)
FN:157,(anonymous_10)
FN:158,(anonymous_11)
FN:173,(anonymous_12)
FN:178,(anonymous_13)
FN:200,(anonymous_14)
FN:219,(anonymous_15)
FN:225,(anonymous_16)
FN:255,(anonymous_17)
FN:256,(anonymous_18)
FN:268,(anonymous_19)
FN:269,(anonymous_20)
FN:284,(anonymous_21)
FN:291,(anonymous_22)
FNF:23
FNH:0
FNDA:0,(anonymous_0)
FNDA:0,(anonymous_1)
FNDA:0,(anonymous_2)
FNDA:0,(anonymous_3)
FNDA:0,(anonymous_4)
FNDA:0,(anonymous_5)
FNDA:0,(anonymous_6)
FNDA:0,(anonymous_7)
FNDA:0,(anonymous_8)
FNDA:0,(anonymous_9)
FNDA:0,(anonymous_10)
FNDA:0,(anonymous_11)
FNDA:0,(anonymous_12)
FNDA:0,(anonymous_13)
FNDA:0,(anonymous_14)
FNDA:0,(anonymous_15)
FNDA:0,(anonymous_16)
FNDA:0,(anonymous_17)
FNDA:0,(anonymous_18)
FNDA:0,(anonymous_19)
FNDA:0,(anonymous_20)
FNDA:0,(anonymous_21)
FNDA:0,(anonymous_22)
DA:8,0
DA:9,0
DA:10,0
DA:17,0
DA:18,0
DA:29,0
DA:30,0
DA:37,0
DA:38,0
DA:39,0
DA:62,0
DA:74,0
DA:75,0
DA:78,0
DA:80,0
DA:82,0
DA:85,0
DA:87,0
DA:88,0
DA:89,0
DA:90,0
DA:94,0
DA:97,0
DA:98,0
DA:99,0
DA:100,0
DA:101,0
DA:102,0
DA:106,0
DA:107,0
DA:108,0
DA:109,0
DA:110,0
DA:112,0
DA:116,0
DA:119,0
DA:121,0
DA:126,0
DA:136,0
DA:137,0
DA:138,0
DA:139,0
DA:146,0
DA:158,0
DA:159,0
DA:160,0
DA:161,0
DA:162,0
DA:164,0
DA:174,0
DA:175,0
DA:176,0
DA:178,0
DA:180,0
DA:181,0
DA:184,0
DA:185,0
DA:188,0
DA:192,0
DA:196,0
DA:200,0
DA:220,0
DA:223,0
DA:225,0
DA:227,0
DA:230,0
DA:233,0
DA:234,0
DA:238,0
DA:239,0
DA:241,0
DA:243,0
DA:249,0
DA:256,0
DA:257,0
DA:258,0
DA:259,0
DA:260,0
DA:269,0
DA:285,0
DA:291,0
DA:292,0
DA:293,0
DA:295,0
DA:296,0
DA:298,0
DA:299,0
DA:301,0
DA:302,0
DA:312,0
DA:316,0
LF:91
LH:0
BRDA:16,0,0,0
BRDA:38,1,0,0
BRDA:38,1,1,0
BRDA:38,2,0,0
BRDA:38,2,1,0
BRDA:43,3,0,0
BRDA:43,3,1,0
BRDA:44,4,0,0
BRDA:44,4,1,0
BRDA:45,5,0,0
BRDA:45,5,1,0
BRDA:87,6,0,0
BRDA:87,6,1,0
BRDA:98,7,0,0
BRDA:98,7,1,0
BRDA:117,8,0,0
BRDA:117,8,1,0
BRDA:119,9,0,0
BRDA:119,9,1,0
BRDA:138,10,0,0
BRDA:138,10,1,0
BRDA:160,11,0,0
BRDA:160,11,1,0
BRDA:188,12,0,0
BRDA:188,12,1,0
BRDA:189,13,0,0
BRDA:189,13,1,0
BRDA:208,14,0,0
BRDA:208,14,1,0
BRDA:238,15,0,0
BRDA:238,15,1,0
BRDA:239,16,0,0
BRDA:239,16,1,0
BRDA:301,17,0,0
BRDA:301,17,1,0
BRDA:301,18,0,0
BRDA:301,18,1,0
BRF:37
BRH:0
end_of_record
TN:
SF:src\core\powerflow\stability\faultModel.js
FN:14,createThreePhaseFault
FN:19,(anonymous_1)
FN:27,(anonymous_2)
FN:46,clearFault
FN:50,(anonymous_4)
FN:57,(anonymous_5)
FN:76,generateFaultScenarios
FN:87,(anonymous_7)
FN:94,(anonymous_8)
FN:112,(anonymous_9)
FN:138,applyFaultAtTime
FN:152,calculateFaultCurrent
FN:154,(anonymous_12)
FN:173,getFaultStatus
FN:189,generateCriticalFaults
FN:200,(anonymous_15)
FN:201,(anonymous_16)
FN:204,(anonymous_17)
FN:219,(anonymous_18)
FN:220,(anonymous_19)
FN:223,(anonymous_20)
FNF:21
FNH:5
FNDA:3,createThreePhaseFault
FNDA:4,(anonymous_1)
FNDA:10,(anonymous_2)
FNDA:0,clearFault
FNDA:0,(anonymous_4)
FNDA:0,(anonymous_5)
FNDA:0,generateFaultScenarios
FNDA:0,(anonymous_7)
FNDA:0,(anonymous_8)
FNDA:0,(anonymous_9)
FNDA:0,applyFaultAtTime
FNDA:3,calculateFaultCurrent
FNDA:4,(anonymous_12)
FNDA:0,getFaultStatus
FNDA:0,generateCriticalFaults
FNDA:0,(anonymous_15)
FNDA:0,(anonymous_16)
FNDA:0,(anonymous_17)
FNDA:0,(anonymous_18)
FNDA:0,(anonymous_19)
FNDA:0,(anonymous_20)
DA:15,3
DA:17,3
DA:19,4
DA:20,3
DA:22,3
DA:23,3
DA:27,3
DA:28,10
DA:30,6
DA:31,6
DA:32,6
DA:37,3
DA:47,0
DA:50,0
DA:51,0
DA:52,0
DA:53,0
DA:57,0
DA:58,0
DA:59,0
DA:60,0
DA:61,0
DA:63,0
DA:67,0
DA:82,0
DA:84,0
DA:87,0
DA:88,0
DA:89,0
DA:92,0
DA:94,0
DA:95,0
DA:97,0
DA:110,0
DA:112,0
DA:113,0
DA:128,0
DA:139,0
DA:140,0
DA:142,0
DA:153,3
DA:154,4
DA:155,3
DA:157,3
DA:158,3
DA:160,3
DA:164,0
DA:174,0
DA:175,0
DA:176,0
DA:177,0
DA:179,0
DA:193,0
DA:195,0
DA:197,0
DA:199,0
DA:200,0
DA:201,0
DA:204,0
DA:205,0
DA:216,0
DA:218,0
DA:219,0
DA:220,0
DA:223,0
DA:224,0
DA:240,0
DA:243,2
LF:68
LH:19
BRDA:17,0,0,3
BRDA:17,0,1,0
BRDA:20,1,0,3
BRDA:20,1,1,0
BRDA:28,2,0,6
BRDA:28,2,1,4
BRDA:28,3,0,10
BRDA:28,3,1,5
BRDA:30,4,0,6
BRDA:30,4,1,0
BRDA:31,5,0,6
BRDA:31,5,1,0
BRDA:51,6,0,0
BRDA:51,6,1,0
BRDA:58,7,0,0
BRDA:58,7,1,0
BRDA:58,8,0,0
BRDA:58,8,1,0
BRDA:59,9,0,0
BRDA:59,9,1,0
BRDA:59,10,0,0
BRDA:59,10,1,0
BRDA:76,11,0,0
BRDA:78,12,0,0
BRDA:79,13,0,0
BRDA:80,14,0,0
BRDA:81,15,0,0
BRDA:92,16,0,0
BRDA:92,16,1,0
BRDA:92,17,0,0
BRDA:92,17,1,0
BRDA:95,18,0,0
BRDA:95,18,1,0
BRDA:95,19,0,0
BRDA:95,19,1,0
BRDA:110,20,0,0
BRDA:110,20,1,0
BRDA:110,21,0,0
BRDA:110,21,1,0
BRDA:139,22,0,0
BRDA:139,22,1,0
BRDA:139,23,0,0
BRDA:139,23,1,0
BRDA:153,24,0,3
BRDA:153,24,1,0
BRDA:155,25,0,3
BRDA:155,25,1,0
BRDA:174,26,0,0
BRDA:174,26,1,0
BRDA:176,27,0,0
BRDA:176,27,1,0
BRDA:176,28,0,0
BRDA:176,28,1,0
BRDA:189,29,0,0
BRDA:191,30,0,0
BRDA:192,31,0,0
BRDA:197,32,0,0
BRDA:197,32,1,0
BRDA:200,33,0,0
BRDA:200,33,1,0
BRDA:216,34,0,0
BRDA:216,34,1,0
BRDA:219,35,0,0
BRDA:219,35,1,0
BRF:64
BRH:10
end_of_record
TN:
SF:src\core\powerflow\stability\stabilityCriteria.js
FN:14,checkAngleStability
FN:24,(anonymous_1)
FN:57,checkSpeedStability
FN:69,(anonymous_3)
FN:104,checkEqualAreaCriterion
FN:115,(anonymous_5)
FN:171,checkKineticEnergy
FN:181,(anonymous_7)
FN:216,checkSystemStability
FN:280,(anonymous_9)
FN:301,calculateStabilityIndices
FNF:11
FNH:0
FNDA:0,checkAngleStability
FNDA:0,(anonymous_1)
FNDA:0,checkSpeedStability
FNDA:0,(anonymous_3)
FNDA:0,checkEqualAreaCriterion
FNDA:0,(anonymous_5)
FNDA:0,checkKineticEnergy
FNDA:0,(anonymous_7)
FNDA:0,checkSystemStability
FNDA:0,(anonymous_9)
FNDA:0,calculateStabilityIndices
DA:18,0
DA:20,0
DA:21,0
DA:22,0
DA:24,0
DA:25,0
DA:27,0
DA:28,0
DA:30,0
DA:31,0
DA:32,0
DA:42,0
DA:63,0
DA:65,0
DA:66,0
DA:67,0
DA:69,0
DA:70,0
DA:71,0
DA:73,0
DA:78,0
DA:79,0
DA:89,0
DA:108,0
DA:110,0
DA:111,0
DA:115,0
DA:116,0
DA:117,0
DA:121,0
DA:122,0
DA:123,0
DA:124,0
DA:125,0
DA:126,0
DA:127,0
DA:128,0
DA:131,0
DA:136,0
DA:137,0
DA:138,0
DA:139,0
DA:140,0
DA:141,0
DA:142,0
DA:143,0
DA:145,0
DA:149,0
DA:150,0
DA:152,0
DA:175,0
DA:177,0
DA:178,0
DA:179,0
DA:181,0
DA:183,0
DA:185,0
DA:187,0
DA:189,0
DA:190,0
DA:191,0
DA:201,0
DA:220,0
DA:222,0
DA:235,0
DA:236,0
DA:237,0
DA:238,0
DA:240,0
DA:241,0
DA:243,0
DA:244,0
DA:249,0
DA:250,0
DA:251,0
DA:252,0
DA:254,0
DA:255,0
DA:257,0
DA:258,0
DA:263,0
DA:264,0
DA:265,0
DA:266,0
DA:268,0
DA:269,0
DA:271,0
DA:272,0
DA:278,0
DA:279,0
DA:280,0
DA:281,0
DA:282,0
DA:283,0
DA:286,0
DA:289,0
DA:290,0
DA:293,0
DA:302,0
DA:310,0
DA:311,0
DA:312,0
DA:313,0
DA:314,0
DA:315,0
DA:317,0
DA:322,0
DA:325,0
DA:328,0
DA:329,0
DA:330,0
DA:332,0
DA:337,0
DA:340,0
LF:114
LH:0
BRDA:14,0,0,0
BRDA:16,1,0,0
BRDA:17,2,0,0
BRDA:25,3,0,0
BRDA:25,3,1,0
BRDA:30,4,0,0
BRDA:30,4,1,0
BRDA:57,5,0,0
BRDA:59,6,0,0
BRDA:60,7,0,0
BRDA:61,8,0,0
BRDA:62,9,0,0
BRDA:73,10,0,0
BRDA:73,10,1,0
BRDA:74,11,0,0
BRDA:74,11,1,0
BRDA:74,11,2,0
BRDA:104,12,0,0
BRDA:106,13,0,0
BRDA:107,14,0,0
BRDA:110,15,0,0
BRDA:110,15,1,0
BRDA:116,16,0,0
BRDA:116,16,1,0
BRDA:125,17,0,0
BRDA:125,17,1,0
BRDA:128,18,0,0
BRDA:128,18,1,0
BRDA:140,19,0,0
BRDA:140,19,1,0
BRDA:143,20,0,0
BRDA:143,20,1,0
BRDA:159,21,0,0
BRDA:159,21,1,0
BRDA:171,22,0,0
BRDA:173,23,0,0
BRDA:174,24,0,0
BRDA:185,25,0,0
BRDA:185,25,1,0
BRDA:189,26,0,0
BRDA:189,26,1,0
BRDA:196,27,0,0
BRDA:196,27,1,0
BRDA:216,28,0,0
BRDA:216,29,0,0
BRDA:218,30,0,0
BRDA:219,31,0,0
BRDA:235,32,0,0
BRDA:235,32,1,0
BRDA:237,33,0,0
BRDA:237,33,1,0
BRDA:249,34,0,0
BRDA:249,34,1,0
BRDA:251,35,0,0
BRDA:251,35,1,0
BRDA:263,36,0,0
BRDA:263,36,1,0
BRDA:265,37,0,0
BRDA:265,37,1,0
BRDA:281,38,0,0
BRDA:281,38,1,0
BRDA:289,39,0,0
BRDA:289,39,1,0
BRDA:310,40,0,0
BRDA:310,40,1,0
BRDA:312,41,0,0
BRDA:312,41,1,0
BRDA:314,42,0,0
BRDA:314,42,1,0
BRF:69
BRH:0
end_of_record
TN:
SF:src\core\powerflow\stability\swingEquation.js
FN:18,swingEquation
FN:38,calculateElectricalPower
FN:57,updateGeneratorState
FN:91,isGeneratorStable
FN:107,calculateCriticalClearingTime
FN:135,calculateDampingRatio
FNF:6
FNH:0
FNDA:0,swingEquation
FNDA:0,calculateElectricalPower
FNDA:0,updateGeneratorState
FNDA:0,isGeneratorStable
FNDA:0,calculateCriticalClearingTime
FNDA:0,calculateDampingRatio
DA:1,0
DA:19,0
DA:20,0
DA:21,0
DA:24,0
DA:25,0
DA:27,0
DA:39,0
DA:40,0
DA:44,0
DA:46,0
DA:59,0
DA:60,0
DA:63,0
DA:66,0
DA:69,0
DA:70,0
DA:73,0
DA:74,0
DA:75,0
DA:77,0
DA:93,0
DA:94,0
DA:97,0
DA:108,0
DA:109,0
DA:113,0
DA:114,0
DA:116,0
DA:117,0
DA:119,0
DA:120,0
DA:123,0
DA:127,0
DA:136,0
DA:137,0
DA:138,0
DA:141,0
DA:144,0
DA:146,0
DA:149,0
LF:41
LH:0
BRDA:19,0,0,0
BRDA:19,0,1,0
BRDA:20,1,0,0
BRDA:20,1,1,0
BRDA:21,2,0,0
BRDA:21,2,1,0
BRDA:21,2,2,0
BRDA:39,3,0,0
BRDA:39,3,1,0
BRDA:40,4,0,0
BRDA:40,4,1,0
BRDA:59,5,0,0
BRDA:59,5,1,0
BRDA:60,6,0,0
BRDA:60,6,1,0
BRDA:94,7,0,0
BRDA:94,7,1,0
BRDA:97,8,0,0
BRDA:97,8,1,0
BRDA:108,9,0,0
BRDA:108,9,1,0
BRDA:109,10,0,0
BRDA:109,10,1,0
BRDA:109,10,2,0
BRDA:119,11,0,0
BRDA:119,11,1,0
BRDA:136,12,0,0
BRDA:136,12,1,0
BRDA:137,13,0,0
BRDA:137,13,1,0
BRDA:138,14,0,0
BRDA:138,14,1,0
BRF:32
BRH:0
end_of_record
TN:
SF:src\core\powerflow\stability\models\avr.js
FN:12,(anonymous_0)
FN:27,(anonymous_1)
FN:44,(anonymous_2)
FN:58,(anonymous_3)
FN:72,(anonymous_4)
FNF:5
FNH:0
FNDA:0,(anonymous_0)
FNDA:0,(anonymous_1)
FNDA:0,(anonymous_2)
FNDA:0,(anonymous_3)
FNDA:0,(anonymous_4)
DA:13,0
DA:14,0
DA:15,0
DA:16,0
DA:17,0
DA:18,0
DA:29,0
DA:32,0
DA:34,0
DA:45,0
DA:46,0
DA:49,0
DA:51,0
DA:59,0
DA:73,0
DA:77,0
LF:16
LH:0
BRDA:13,0,0,0
BRDA:13,0,1,0
BRDA:14,1,0,0
BRDA:14,1,1,0
BRDA:15,2,0,0
BRDA:15,2,1,0
BRDA:16,3,0,0
BRDA:16,3,1,0
BRDA:17,4,0,0
BRDA:17,4,1,0
BRDA:18,5,0,0
BRDA:18,5,1,0
BRF:12
BRH:0
end_of_record
TN:
SF:src\core\powerflow\stability\models\generatorModel.js
FN:12,(anonymous_0)
FN:73,(anonymous_1)
FN:106,(anonymous_2)
FN:131,(anonymous_3)
FN:156,(anonymous_4)
FN:180,(anonymous_5)
FN:193,(anonymous_6)
FN:205,(anonymous_7)
FN:218,(anonymous_8)
FN:249,(anonymous_9)
FN:271,(anonymous_10)
FN:286,(anonymous_11)
FNF:12
FNH:0
FNDA:0,(anonymous_0)
FNDA:0,(anonymous_1)
FNDA:0,(anonymous_2)
FNDA:0,(anonymous_3)
FNDA:0,(anonymous_4)
FNDA:0,(anonymous_5)
FNDA:0,(anonymous_6)
FNDA:0,(anonymous_7)
FNDA:0,(anonymous_8)
FNDA:0,(anonymous_9)
FNDA:0,(anonymous_10)
FNDA:0,(anonymous_11)
DA:13,0
DA:14,0
DA:17,0
DA:18,0
DA:19,0
DA:20,0
DA:21,0
DA:22,0
DA:23,0
DA:24,0
DA:27,0
DA:28,0
DA:29,0
DA:32,0
DA:33,0
DA:34,0
DA:37,0
DA:47,0
DA:57,0
DA:74,0
DA:75,0
DA:78,0
DA:79,0
DA:82,0
DA:83,0
DA:86,0
DA:87,0
DA:89,0
DA:107,0
DA:108,0
DA:111,0
DA:114,0
DA:117,0
DA:122,0
DA:132,0
DA:133,0
DA:136,0
DA:139,0
DA:142,0
DA:147,0
DA:157,0
DA:160,0
DA:163,0
DA:166,0
DA:169,0
DA:171,0
DA:182,0
DA:183,0
DA:195,0
DA:196,0
DA:207,0
DA:208,0
DA:220,0
DA:223,0
DA:224,0
DA:225,0
DA:228,0
DA:231,0
DA:242,0
DA:250,0
DA:272,0
DA:273,0
DA:274,0
DA:275,0
DA:276,0
DA:277,0
DA:278,0
DA:279,0
DA:287,0
DA:288,0
DA:290,0
DA:291,0
DA:293,0
DA:303,0
LF:74
LH:0
BRDA:17,0,0,0
BRDA:17,0,1,0
BRDA:18,1,0,0
BRDA:18,1,1,0
BRDA:19,2,0,0
BRDA:19,2,1,0
BRDA:20,3,0,0
BRDA:20,3,1,0
BRDA:21,4,0,0
BRDA:21,4,1,0
BRDA:22,5,0,0
BRDA:22,5,1,0
BRDA:23,6,0,0
BRDA:23,6,1,0
BRDA:24,7,0,0
BRDA:24,7,1,0
BRDA:27,8,0,0
BRDA:27,8,1,0
BRDA:28,9,0,0
BRDA:28,9,1,0
BRDA:29,10,0,0
BRDA:29,10,1,0
BRDA:32,11,0,0
BRDA:32,11,1,0
BRDA:32,11,2,0
BRDA:33,12,0,0
BRDA:33,12,1,0
BRDA:34,13,0,0
BRDA:34,13,1,0
BRDA:38,14,0,0
BRDA:38,14,1,0
BRDA:39,15,0,0
BRDA:39,15,1,0
BRDA:40,16,0,0
BRDA:40,16,1,0
BRDA:41,17,0,0
BRDA:41,17,1,0
BRDA:42,18,0,0
BRDA:42,18,1,0
BRDA:48,19,0,0
BRDA:48,19,1,0
BRDA:49,20,0,0
BRDA:49,20,1,0
BRDA:50,21,0,0
BRDA:50,21,1,0
BRDA:50,21,2,0
BRDA:51,22,0,0
BRDA:51,22,1,0
BRDA:52,23,0,0
BRDA:52,23,1,0
BRDA:58,24,0,0
BRDA:58,24,1,0
BRDA:59,25,0,0
BRDA:59,25,1,0
BRDA:60,26,0,0
BRDA:60,26,1,0
BRDA:61,27,0,0
BRDA:61,27,1,0
BRDA:62,28,0,0
BRDA:62,28,1,0
BRDA:259,29,0,0
BRDA:259,29,1,0
BRDA:260,30,0,0
BRDA:260,30,1,0
BRDA:263,31,0,0
BRDA:263,31,1,0
BRDA:264,32,0,0
BRDA:264,32,1,0
BRDA:277,33,0,0
BRDA:277,33,1,0
BRDA:294,34,0,0
BRDA:294,34,1,0
BRF:72
BRH:0
end_of_record
TN:
SF:src\core\powerflow\stability\models\governor.js
FN:12,(anonymous_0)
FN:26,(anonymous_1)
FN:42,(anonymous_2)
FN:56,(anonymous_3)
FN:71,(anonymous_4)
FNF:5
FNH:0
FNDA:0,(anonymous_0)
FNDA:0,(anonymous_1)
FNDA:0,(anonymous_2)
FNDA:0,(anonymous_3)
FNDA:0,(anonymous_4)
DA:13,0
DA:14,0
DA:15,0
DA:16,0
DA:17,0
DA:18,0
DA:28,0
DA:31,0
DA:33,0
DA:43,0
DA:44,0
DA:47,0
DA:49,0
DA:57,0
DA:72,0
DA:76,0
LF:16
LH:0
BRDA:13,0,0,0
BRDA:13,0,1,0
BRDA:14,1,0,0
BRDA:14,1,1,0
BRDA:15,2,0,0
BRDA:15,2,1,0
BRDA:15,2,2,0
BRDA:16,3,0,0
BRDA:16,3,1,0
BRDA:17,4,0,0
BRDA:17,4,1,0
BRDA:18,5,0,0
BRDA:18,5,1,0
BRDA:18,5,2,0
BRF:14
BRH:0
end_of_record
TN:
SF:src\core\powerflow\stability\models\pss.js
FN:12,(anonymous_0)
FN:26,(anonymous_1)
FN:49,(anonymous_2)
FN:60,(anonymous_3)
FN:71,(anonymous_4)
FN:81,(anonymous_5)
FN:95,(anonymous_6)
FNF:7
FNH:0
FNDA:0,(anonymous_0)
FNDA:0,(anonymous_1)
FNDA:0,(anonymous_2)
FNDA:0,(anonymous_3)
FNDA:0,(anonymous_4)
FNDA:0,(anonymous_5)
FNDA:0,(anonymous_6)
DA:13,0
DA:14,0
DA:15,0
DA:16,0
DA:17,0
DA:18,0
DA:28,0
DA:31,0
DA:34,0
DA:37,0
DA:39,0
DA:41,0
DA:51,0
DA:52,0
DA:62,0
DA:63,0
DA:73,0
DA:74,0
DA:82,0
DA:96,0
DA:100,0
LF:21
LH:0
BRDA:13,0,0,0
BRDA:13,0,1,0
BRDA:14,1,0,0
BRDA:14,1,1,0
BRDA:15,2,0,0
BRDA:15,2,1,0
BRDA:16,3,0,0
BRDA:16,3,1,0
BRDA:17,4,0,0
BRDA:17,4,1,0
BRF:10
BRH:0
end_of_record
TN:
SF:src\core\protection\CTSaturation.js
FN:26,(anonymous_0)
FN:55,(anonymous_1)
FN:95,(anonymous_2)
FN:124,(anonymous_3)
FN:133,(anonymous_4)
FN:141,(anonymous_5)
FN:148,(anonymous_6)
FN:162,(anonymous_7)
FN:186,(anonymous_8)
FN:215,(anonymous_9)
FN:256,(anonymous_10)
FN:272,(anonymous_11)
FNF:12
FNH:0
FNDA:0,(anonymous_0)
FNDA:0,(anonymous_1)
FNDA:0,(anonymous_2)
FNDA:0,(anonymous_3)
FNDA:0,(anonymous_4)
FNDA:0,(anonymous_5)
FNDA:0,(anonymous_6)
FNDA:0,(anonymous_7)
FNDA:0,(anonymous_8)
FNDA:0,(anonymous_9)
FNDA:0,(anonymous_10)
FNDA:0,(anonymous_11)
DA:1,0
DA:27,0
DA:28,0
DA:29,0
DA:30,0
DA:31,0
DA:34,0
DA:41,0
DA:57,0
DA:61,0
DA:64,0
DA:67,0
DA:70,0
DA:73,0
DA:74,0
DA:75,0
DA:76,0
DA:77,0
DA:79,0
DA:96,0
DA:98,0
DA:100,0
DA:104,0
DA:107,0
DA:109,0
DA:111,0
DA:113,0
DA:115,0
DA:125,0
DA:126,0
DA:134,0
DA:142,0
DA:149,0
DA:163,0
DA:187,0
DA:188,0
DA:191,0
DA:194,0
DA:195,0
DA:198,0
DA:217,0
DA:220,0
DA:223,0
DA:224,0
DA:225,0
DA:227,0
DA:230,0
DA:231,0
DA:234,0
DA:235,0
DA:236,0
DA:240,0
DA:257,0
DA:265,0
DA:273,0
DA:280,0
LF:56
LH:0
BRDA:26,0,0,0
BRDA:27,1,0,0
BRDA:27,1,1,0
BRDA:28,2,0,0
BRDA:28,2,1,0
BRDA:29,3,0,0
BRDA:29,3,1,0
BRDA:30,4,0,0
BRDA:30,4,1,0
BRDA:31,5,0,0
BRDA:31,5,1,0
BRDA:34,6,0,0
[...]
DA:223,0
DA:225,0
DA:229,0
DA:236,0
DA:237,0
DA:238,0
DA:242,0
DA:256,0
DA:257,0
DA:258,0
DA:260,0
DA:275,0
DA:276,0
DA:278,0
DA:279,0
DA:281,0
DA:282,0
DA:284,0
DA:294,0
DA:295,0
DA:297,0
DA:298,0
DA:300,0
DA:312,0
DA:313,0
DA:314,0
DA:316,0
DA:317,0
DA:328,0
DA:329,0
DA:330,0
DA:332,0
DA:333,0
DA:343,0
DA:344,0
DA:346,0
DA:347,0
DA:350,0
DA:351,0
DA:352,0
DA:363,0
DA:364,0
DA:365,0
DA:367,0
DA:368,0
DA:379,0
DA:380,0
DA:381,0
DA:383,0
DA:384,0
DA:395,0
DA:396,0
DA:399,0
DA:406,0
DA:407,0
DA:408,0
DA:411,0
DA:412,0
DA:418,0
DA:421,2
LF:130
LH:3
BRDA:21,0,0,42
BRDA:33,1,0,0
BRDA:34,2,0,0
BRDA:34,2,1,0
BRDA:34,3,0,0
BRDA:34,3,1,0
BRDA:37,4,0,0
BRDA:37,4,1,0
BRDA:37,5,0,0
BRDA:37,5,1,0
BRDA:40,6,0,0
BRDA:40,6,1,0
BRDA:40,7,0,0
BRDA:40,7,1,0
BRDA:66,8,0,0
BRDA:66,8,1,0
BRDA:66,9,0,0
BRDA:66,9,1,0
BRDA:69,10,0,0
BRDA:69,10,1,0
BRDA:69,11,0,0
BRDA:69,11,1,0
BRDA:84,12,0,0
BRDA:84,12,1,0
BRDA:84,13,0,0
BRDA:84,13,1,0
BRDA:88,14,0,0
BRDA:88,14,1,0
BRDA:89,15,0,0
BRDA:89,15,1,0
BRDA:96,16,0,0
BRDA:96,16,1,0
BRDA:96,17,0,0
BRDA:96,17,1,0
BRDA:101,18,0,0
BRDA:101,18,1,0
BRDA:102,19,0,0
BRDA:102,19,1,0
BRDA:109,20,0,0
BRDA:109,20,1,0
BRDA:124,21,0,0
BRDA:124,21,1,0
BRDA:124,22,0,0
BRDA:124,22,1,0
BRDA:127,23,0,0
BRDA:127,23,1,0
BRDA:127,24,0,0
BRDA:127,24,1,0
BRDA:130,25,0,0
BRDA:130,25,1,0
BRDA:143,26,0,0
BRDA:143,26,1,0
BRDA:143,27,0,0
BRDA:143,27,1,0
BRDA:146,28,0,0
BRDA:146,28,1,0
BRDA:146,29,0,0
BRDA:146,29,1,0
BRDA:164,30,0,0
BRDA:164,30,1,0
BRDA:164,31,0,0
BRDA:164,31,1,0
BRDA:167,32,0,0
BRDA:167,32,1,0
BRDA:167,33,0,0
BRDA:167,33,1,0
BRDA:180,34,0,0
BRDA:180,34,1,0
BRDA:185,35,0,0
BRDA:185,35,1,0
BRDA:207,36,0,0
BRDA:207,36,1,0
BRDA:208,37,0,0
BRDA:208,37,1,0
BRDA:208,38,0,0
BRDA:208,38,1,0
BRDA:214,39,0,0
BRDA:214,39,1,0
BRDA:215,40,0,0
BRDA:215,40,1,0
BRDA:215,41,0,0
BRDA:215,41,1,0
BRDA:221,42,0,0
BRDA:221,42,1,0
BRDA:222,43,0,0
BRDA:222,43,1,0
BRDA:225,44,0,0
BRDA:225,44,1,0
BRDA:226,45,0,0
BRDA:226,45,1,0
BRDA:236,46,0,0
BRDA:236,46,1,0
BRDA:237,47,0,0
BRDA:237,47,1,0
BRDA:255,48,0,0
BRDA:275,49,0,0
BRDA:275,49,1,0
BRDA:275,50,0,0
BRDA:275,50,1,0
BRDA:278,51,0,0
BRDA:278,51,1,0
BRDA:278,52,0,0
BRDA:278,52,1,0
BRDA:281,53,0,0
BRDA:281,53,1,0
BRDA:294,54,0,0
BRDA:294,54,1,0
BRDA:294,55,0,0
BRDA:294,55,1,0
BRDA:297,56,0,0
BRDA:297,56,1,0
BRDA:297,57,0,0
BRDA:297,57,1,0
BRDA:313,58,0,0
BRDA:313,58,1,0
BRDA:313,59,0,0
BRDA:313,59,1,0
BRDA:329,60,0,0
BRDA:329,60,1,0
BRDA:329,61,0,0
BRDA:329,61,1,0
BRDA:343,62,0,0
BRDA:343,62,1,0
BRDA:343,63,0,0
BRDA:343,63,1,0
BRDA:346,64,0,0
BRDA:346,64,1,0
BRDA:346,65,0,0
BRDA:346,65,1,0
BRDA:351,66,0,0
BRDA:351,66,1,0
BRDA:364,67,0,0
BRDA:364,67,1,0
BRDA:364,68,0,0
BRDA:364,68,1,0
BRDA:380,69,0,0
BRDA:380,69,1,0
BRDA:380,70,0,0
BRDA:380,70,1,0
BRDA:395,71,0,0
BRDA:395,71,1,0
BRDA:395,72,0,0
BRDA:395,72,1,0
BRDA:407,73,0,0
BRDA:407,73,1,0
BRDA:411,74,0,0
BRDA:411,74,1,0
BRDA:411,75,0,0
BRDA:411,75,1,0
BRF:149
BRH:1
end_of_record
TN:
SF:src\shared\utils\engineVersioning.js
FN:7,(anonymous_0)
FN:52,(anonymous_1)
FN:63,(anonymous_2)
FN:82,(anonymous_3)
FN:108,(anonymous_4)
FN:153,(anonymous_5)
FN:177,(anonymous_6)
FN:232,(anonymous_7)
FN:251,(anonymous_8)
FN:270,(anonymous_9)
FN:283,(anonymous_10)
FN:303,(anonymous_11)
FN:305,(anonymous_12)
FN:321,(anonymous_13)
FN:323,(anonymous_14)
FN:348,(anonymous_15)
FN:369,(anonymous_16)
FN:370,(anonymous_17)
FN:371,(anonymous_18)
FN:372,(anonymous_19)
FN:373,(anonymous_20)
FN:374,(anonymous_21)
FN:375,(anonymous_22)
FN:376,(anonymous_23)
FNF:24
FNH:0
FNDA:0,(anonymous_0)
FNDA:0,(anonymous_1)
FNDA:0,(anonymous_2)
FNDA:0,(anonymous_3)
FNDA:0,(anonymous_4)
FNDA:0,(anonymous_5)
FNDA:0,(anonymous_6)
FNDA:0,(anonymous_7)
FNDA:0,(anonymous_8)
FNDA:0,(anonymous_9)
FNDA:0,(anonymous_10)
FNDA:0,(anonymous_11)
FNDA:0,(anonymous_12)
FNDA:0,(anonymous_13)
FNDA:0,(anonymous_14)
FNDA:0,(anonymous_15)
FNDA:0,(anonymous_16)
FNDA:0,(anonymous_17)
FNDA:0,(anonymous_18)
FNDA:0,(anonymous_19)
FNDA:0,(anonymous_20)
FNDA:0,(anonymous_21)
FNDA:0,(anonymous_22)
FNDA:0,(anonymous_23)
DA:8,0
DA:9,0
DA:30,0
DA:53,0
DA:64,0
DA:66,0
DA:67,0
DA:70,0
DA:83,0
DA:85,0
DA:86,0
DA:93,0
DA:95,0
DA:110,0
DA:147,0
DA:154,0
DA:155,0
DA:162,0
DA:163,0
DA:165,0
DA:178,0
DA:180,0
DA:181,0
DA:184,0
DA:185,0
DA:188,0
DA:190,0
DA:191,0
DA:196,0
DA:198,0
DA:216,0
DA:217,0
DA:220,0
DA:221,0
DA:225,0
DA:226,0
DA:234,0
DA:235,0
DA:245,0
DA:253,0
DA:256,0
DA:257,0
DA:264,0
DA:271,0
DA:273,0
DA:274,0
DA:283,0
DA:284,0
DA:285,0
DA:287,0
DA:288,0
DA:289,0
DA:291,0
DA:292,0
DA:296,0
DA:304,0
DA:305,0
DA:306,0
DA:308,0
DA:322,0
DA:323,0
DA:324,0
DA:325,0
DA:327,0
DA:328,0
DA:329,0
DA:331,0
DA:332,0
DA:336,0
DA:339,0
DA:349,0
DA:350,0
DA:354,0
DA:355,0
DA:357,0
DA:366,0
DA:368,0
DA:369,0
DA:370,0
DA:371,0
DA:372,0
DA:373,0
DA:374,0
DA:375,0
DA:376,0
LF:85
LH:0
BRDA:66,0,0,0
BRDA:66,0,1,0
BRDA:85,1,0,0
BRDA:85,1,1,0
BRDA:98,2,0,0
BRDA:98,2,1,0
BRDA:147,3,0,0
BRDA:147,3,1,0
BRDA:154,4,0,0
BRDA:154,4,1,0
BRDA:154,5,0,0
BRDA:154,5,1,0
BRDA:177,6,0,0
BRDA:180,7,0,0
BRDA:180,7,1,0
BRDA:184,8,0,0
BRDA:184,8,1,0
BRDA:190,9,0,0
BRDA:190,9,1,0
BRDA:216,10,0,0
BRDA:216,10,1,0
BRDA:216,11,0,0
BRDA:216,11,1,0
BRDA:220,12,0,0
BRDA:220,12,1,0
BRDA:220,13,0,0
BRDA:220,13,1,0
BRDA:234,14,0,0
BRDA:234,14,1,0
BRDA:234,15,0,0
BRDA:234,15,1,0
BRDA:256,16,0,0
BRDA:256,16,1,0
BRDA:256,17,0,0
BRDA:256,17,1,0
BRDA:288,18,0,0
BRDA:288,18,1,0
BRDA:289,19,0,0
BRDA:289,19,1,0
BRDA:291,20,0,0
BRDA:291,20,1,0
BRDA:328,21,0,0
BRDA:328,21,1,0
BRDA:329,22,0,0
BRDA:329,22,1,0
BRDA:331,23,0,0
BRDA:331,23,1,0
BRDA:349,24,0,0
BRDA:349,24,1,0
BRF:49
BRH:0
end_of_record
TN:
SF:src\shared\utils\errorHandler.js
FN:8,(anonymous_0)
FN:23,(anonymous_1)
FN:31,(anonymous_2)
FN:36,(anonymous_3)
FNF:4
FNH:0
FNDA:0,(anonymous_0)
FNDA:0,(anonymous_1)
FNDA:0,(anonymous_2)
FNDA:0,(anonymous_3)
DA:9,0
DA:18,0
DA:20,0
DA:24,0
DA:25,0
DA:26,0
DA:27,0
DA:28,0
DA:32,0
DA:33,0
DA:37,0
DA:38,0
DA:42,0
LF:13
LH:0
BRDA:8,0,0,0
BRDA:12,1,0,0
BRDA:12,1,1,0
BRDA:23,2,0,0
BRF:4
BRH:0
end_of_record
TN:
SF:src\shared\utils\observability.js
FN:9,(anonymous_0)
FN:48,(anonymous_1)
FN:63,(anonymous_2)
FN:89,(anonymous_3)
FN:139,(anonymous_4)
FN:160,(anonymous_5)
FN:207,(anonymous_6)
FN:218,(anonymous_7)
FN:229,(anonymous_8)
FN:240,(anonymous_9)
FN:252,(anonymous_10)
FN:262,(anonymous_11)
FN:276,(anonymous_12)
FN:323,(anonymous_13)
FN:373,(anonymous_14)
FN:414,(anonymous_15)
FN:419,(anonymous_16)
FN:420,(anonymous_17)
FN:421,(anonymous_18)
FN:422,(anonymous_19)
FN:423,(anonymous_20)
FN:424,(anonymous_21)
FN:425,(anonymous_22)
FN:426,(anonymous_23)
FN:427,(anonymous_24)
FNF:25
FNH:0
FNDA:0,(anonymous_0)
FNDA:0,(anonymous_1)
FNDA:0,(anonymous_2)
FNDA:0,(anonymous_3)
FNDA:0,(anonymous_4)
FNDA:0,(anonymous_5)
FNDA:0,(anonymous_6)
FNDA:0,(anonymous_7)
FNDA:0,(anonymous_8)
FNDA:0,(anonymous_9)
FNDA:0,(anonymous_10)
FNDA:0,(anonymous_11)
FNDA:0,(anonymous_12)
FNDA:0,(anonymous_13)
FNDA:0,(anonymous_14)
FNDA:0,(anonymous_15)
FNDA:0,(anonymous_16)
FNDA:0,(anonymous_17)
FNDA:0,(anonymous_18)
FNDA:0,(anonymous_19)
FNDA:0,(anonymous_20)
FNDA:0,(anonymous_21)
FNDA:0,(anonymous_22)
FNDA:0,(anonymous_23)
FNDA:0,(anonymous_24)
DA:1,0
DA:10,0
DA:41,0
DA:42,0
DA:49,0
DA:50,0
DA:57,0
DA:64,0
DA:65,0
DA:67,0
DA:68,0
DA:71,0
DA:77,0
DA:79,0
DA:91,0
DA:92,0
DA:94,0
DA:95,0
DA:97,0
DA:101,0
DA:102,0
DA:106,0
DA:107,0
DA:111,0
DA:115,0
DA:116,0
DA:118,0
DA:119,0
DA:120,0
DA:123,0
DA:125,0
DA:126,0
DA:128,0
DA:133,0
DA:140,0
DA:154,0
DA:161,0
DA:163,0
DA:164,0
DA:167,0
DA:168,0
DA:172,0
DA:180,0
DA:181,0
DA:185,0
DA:201,0
DA:208,0
DA:209,0
DA:211,0
DA:219,0
DA:220,0
DA:222,0
DA:231,0
DA:232,0
DA:241,0
DA:242,0
DA:245,0
DA:246,0
DA:253,0
DA:254,0
DA:255,0
DA:263,0
DA:265,0
DA:277,0
DA:279,0
DA:283,0
DA:284,0
DA:287,0
DA:288,0
DA:290,0
DA:291,0
DA:292,0
DA:295,0
DA:296,0
DA:297,0
DA:300,0
DA:301,0
DA:302,0
DA:305,0
DA:324,0
DA:325,0
DA:327,0
DA:374,0
DA:405,0
DA:406,0
DA:411,0
DA:414,0
DA:415,0
DA:418,0
DA:419,0
DA:420,0
DA:421,0
DA:422,0
DA:423,0
DA:424,0
DA:425,0
DA:426,0
DA:427,0
LF:98
LH:0
BRDA:48,0,0,0
BRDA:63,1,0,0
BRDA:65,2,0,0
BRDA:65,2,1,0
BRDA:89,3,0,0
BRDA:91,4,0,0
BRDA:91,4,1,0
BRDA:94,5,0,0
BRDA:94,5,1,0
BRDA:101,6,0,0
BRDA:101,6,1,0
BRDA:103,7,0,0
BRDA:103,7,1,0
BRDA:106,8,0,0
BRDA:106,8,1,0
BRDA:108,9,0,0
BRDA:108,9,1,0
BRDA:115,10,0,0
BRDA:115,10,1,0
BRDA:118,11,0,0
BRDA:118,11,1,0
BRDA:119,12,0,0
BRDA:119,12,1,0
BRDA:125,13,0,0
BRDA:125,13,1,0
BRDA:142,14,0,0
BRDA:142,14,1,0
BRDA:160,15,0,0
BRDA:163,16,0,0
BRDA:163,16,1,0
BRDA:165,17,0,0
BRDA:165,17,1,0
BRDA:167,18,0,0
BRDA:167,18,1,0
BRDA:169,19,0,0
BRDA:169,19,1,0
BRDA:180,20,0,0
BRDA:180,20,1,0
BRDA:232,21,0,0
BRDA:232,21,1,0
BRDA:252,22,0,0
BRDA:256,23,0,0
BRDA:256,23,1,0
BRDA:279,24,0,0
BRDA:279,24,1,0
BRDA:290,25,0,0
BRDA:290,25,1,0
BRDA:295,26,0,0
BRDA:295,26,1,0
BRDA:300,27,0,0
BRDA:300,27,1,0
BRDA:339,28,0,0
BRDA:339,28,1,0
BRF:53
BRH:0
end_of_record
TN:
SF:src\shared\utils\precision.js
FN:26,toElectricalPrecision
FN:39,toDisplayPrecision
FN:50,getPrecisionForType
FN:101,formatElectricalValue
FN:116,roundToPrecision
FN:131,validatePrecision
FN:158,convertPrecision
FNF:7
FNH:1
FNDA:42,toElectricalPrecision
FNDA:0,toDisplayPrecision
FNDA:0,getPrecisionForType
FNDA:0,formatElectricalValue
FNDA:0,roundToPrecision
FNDA:0,validatePrecision
FNDA:0,convertPrecision
DA:9,2
DA:27,42
DA:28,0
DA:30,42
DA:40,0
DA:41,0
DA:51,0
DA:53,0
DA:56,0
DA:62,0
DA:69,0
DA:77,0
DA:82,0
DA:87,0
DA:90,0
DA:102,0
DA:103,0
DA:106,0
DA:107,0
DA:117,0
DA:118,0
DA:121,0
DA:122,0
DA:132,0
DA:133,0
DA:136,0
DA:137,0
DA:138,0
DA:141,0
DA:143,0
DA:159,0
DA:160,0
DA:162,0
DA:163,0
DA:167,0
DA:168,0
DA:171,2
LF:37
LH:4
BRDA:26,0,0,0
BRDA:27,1,0,0
BRDA:27,1,1,42
BRDA:27,2,0,42
BRDA:27,2,1,42
BRDA:27,2,2,42
BRDA:39,3,0,0
BRDA:50,4,0,0
BRDA:51,5,0,0
BRDA:51,5,1,0
BRDA:53,6,0,0
BRDA:53,6,1,0
BRDA:53,6,2,0
BRDA:53,6,3,0
BRDA:53,6,4,0
BRDA:53,6,5,0
BRDA:53,6,6,0
BRDA:53,6,7,0
BRDA:53,6,8,0
BRDA:53,6,9,0
BRDA:53,6,10,0
BRDA:53,6,11,0
BRDA:53,6,12,0
BRDA:53,6,13,0
BRDA:53,6,14,0
BRDA:53,6,15,0
BRDA:53,6,16,0
BRDA:53,6,17,0
BRDA:53,6,18,0
BRDA:53,6,19,0
BRDA:53,6,20,0
BRDA:53,6,21,0
BRDA:53,6,22,0
BRDA:53,6,23,0
BRDA:56,7,0,0
BRDA:56,7,1,0
BRDA:62,8,0,0
BRDA:62,8,1,0
BRDA:69,9,0,0
BRDA:69,9,1,0
BRDA:77,10,0,0
BRDA:77,10,1,0
BRDA:90,11,0,0
BRDA:90,11,1,0
BRDA:101,12,0,0
BRDA:101,13,0,0
BRDA:102,14,0,0
BRDA:102,14,1,0
BRDA:102,15,0,0
BRDA:102,15,1,0
BRDA:102,15,2,0
BRDA:116,16,0,0
BRDA:117,17,0,0
BRDA:117,17,1,0
BRDA:117,18,0,0
BRDA:117,18,1,0
BRDA:117,18,2,0
BRDA:131,19,0,0
BRDA:132,20,0,0
BRDA:132,20,1,0
BRDA:132,21,0,0
BRDA:132,21,1,0
BRDA:132,21,2,0
BRDA:145,22,0,0
BRDA:145,22,1,0
BRDA:162,23,0,0
BRDA:162,23,1,0
BRF:67
BRH:4
end_of_record
TN:
SF:src\shared\utils\validator.js
FN:6,validateICCInput
FN:45,validateSystemInput
FN:109,validateAmpacityInput
FN:153,sanitizeInput
FNF:4
FNH:0
FNDA:0,validateICCInput
FNDA:0,validateSystemInput
FNDA:0,validateAmpacityInput
FNDA:0,sanitizeInput
DA:7,0
DA:8,0
DA:11,0
DA:12,0
DA:15,0
DA:16,0
DA:17,0
DA:19,0
DA:20,0
DA:24,0
DA:25,0
DA:26,0
DA:28,0
DA:29,0
DA:33,0
DA:34,0
DA:35,0
DA:37,0
DA:38,0
DA:42,0
DA:46,0
DA:47,0
DA:50,0
DA:56,0
DA:57,0
DA:58,0
DA:62,0
DA:63,0
DA:66,0
DA:67,0
DA:70,0
DA:71,0
DA:72,0
DA:74,0
DA:75,0
DA:78,0
DA:79,0
DA:82,0
DA:83,0
DA:86,0
DA:87,0
DA:90,0
DA:91,0
DA:94,0
DA:95,0
DA:98,0
DA:99,0
DA:102,0
DA:103,0
DA:106,0
DA:110,0
DA:111,0
DA:114,0
DA:116,0
DA:117,0
DA:118,0
DA:122,0
DA:123,0
DA:126,0
DA:127,0
DA:130,0
DA:131,0
DA:132,0
DA:134,0
DA:135,0
DA:138,0
DA:139,0
DA:142,0
DA:143,0
DA:146,0
DA:147,0
DA:150,0
DA:154,0
DA:155,0
DA:158,0
DA:159,0
DA:166,0
DA:167,0
DA:168,0
DA:172,0
DA:175,0
LF:81
LH:0
BRDA:7,0,0,0
BRDA:7,0,1,0
BRDA:11,1,0,0
BRDA:11,1,1,0
BRDA:11,2,0,0
BRDA:11,2,1,0
BRDA:11,3,0,0
BRDA:11,3,1,0
BRDA:15,4,0,0
BRDA:15,4,1,0
BRDA:16,5,0,0
BRDA:16,5,1,0
BRDA:16,6,0,0
BRDA:16,6,1,0
BRDA:19,7,0,0
BRDA:19,7,1,0
BRDA:19,8,0,0
BRDA:19,8,1,0
BRDA:24,9,0,0
BRDA:24,9,1,0
BRDA:25,10,0,0
BRDA:25,10,1,0
BRDA:25,11,0,0
BRDA:25,11,1,0
BRDA:28,12,0,0
BRDA:28,12,1,0
BRDA:33,13,0,0
BRDA:33,13,1,0
BRDA:34,14,0,0
BRDA:34,14,1,0
BRDA:34,15,0,0
BRDA:34,15,1,0
BRDA:37,16,0,0
BRDA:37,16,1,0
BRDA:46,17,0,0
BRDA:46,17,1,0
BRDA:57,18,0,0
BRDA:57,18,1,0
BRDA:57,19,0,0
BRDA:57,19,1,0
BRDA:62,20,0,0
BRDA:62,20,1,0
BRDA:62,21,0,0
BRDA:62,21,1,0
BRDA:66,22,0,0
BRDA:66,22,1,0
BRDA:71,23,0,0
BRDA:71,23,1,0
BRDA:74,24,0,0
BRDA:74,24,1,0
BRDA:78,25,0,0
BRDA:78,25,1,0
BRDA:78,26,0,0
BRDA:78,26,1,0
BRDA:78,26,2,0
BRDA:82,27,0,0
BRDA:82,27,1,0
BRDA:82,28,0,0
BRDA:82,28,1,0
BRDA:82,28,2,0
BRDA:86,29,0,0
BRDA:86,29,1,0
BRDA:86,30,0,0
BRDA:86,30,1,0
BRDA:86,30,2,0
BRDA:90,31,0,0
BRDA:90,31,1,0
BRDA:90,32,0,0
BRDA:90,32,1,0
BRDA:90,32,2,0
BRDA:94,33,0,0
BRDA:94,33,1,0
BRDA:94,34,0,0
BRDA:94,34,1,0
BRDA:94,34,2,0
BRDA:98,35,0,0
BRDA:98,35,1,0
BRDA:98,36,0,0
BRDA:98,36,1,0
BRDA:98,36,2,0
BRDA:102,37,0,0
BRDA:102,37,1,0
BRDA:110,38,0,0
BRDA:110,38,1,0
BRDA:117,39,0,0
BRDA:117,39,1,0
BRDA:117,40,0,0
BRDA:117,40,1,0
BRDA:122,41,0,0
BRDA:122,41,1,0
BRDA:122,42,0,0
BRDA:122,42,1,0
BRDA:126,43,0,0
BRDA:126,43,1,0
BRDA:131,44,0,0
BRDA:131,44,1,0
BRDA:134,45,0,0
BRDA:134,45,1,0
BRDA:138,46,0,0
BRDA:138,46,1,0
BRDA:138,47,0,0
BRDA:138,47,1,0
BRDA:138,47,2,0
BRDA:142,48,0,0
BRDA:142,48,1,0
BRDA:142,49,0,0
BRDA:142,49,1,0
BRDA:142,49,2,0
BRDA:146,50,0,0
BRDA:146,50,1,0
BRDA:146,51,0,0
BRDA:146,51,1,0
BRDA:146,51,2,0
BRDA:154,52,0,0
BRDA:154,52,1,0
BRDA:154,53,0,0
BRDA:154,53,1,0
BRDA:167,54,0,0
BRDA:167,54,1,0
BRF:119
BRH:0
end_of_record
TN:
SF:src\utils\logger.js
FN:11,log
FN:21,error
FN:29,info
FN:37,warn
FNF:4
FNH:0
FNDA:0,log
FNDA:0,error
FNDA:0,info
FNDA:0,warn
DA:6,0
DA:12,0
DA:14,0
DA:23,0
DA:31,0
DA:39,0
DA:42,0
LF:7
LH:0
BRDA:12,0,0,0
BRDA:12,0,1,0
BRF:2
BRH:0
end_of_record
TN:
SF:src\utils\validator.js
FN:12,validateICCInput
FN:59,validateSystemInput
FN:149,validateAmpacityInput
FN:203,sanitizeInput
FNF:4
FNH:0
FNDA:0,validateICCInput
FNDA:0,validateSystemInput
FNDA:0,validateAmpacityInput
FNDA:0,sanitizeInput
DA:13,0
DA:14,0
DA:17,0
DA:18,0
DA:22,0
DA:23,0
DA:24,0
DA:26,0
DA:27,0
DA:31,0
DA:32,0
DA:33,0
DA:35,0
DA:36,0
DA:41,0
DA:42,0
DA:43,0
DA:45,0
DA:46,0
DA:50,0
DA:60,0
DA:61,0
DA:65,0
DA:79,0
DA:80,0
DA:81,0
DA:86,0
DA:87,0
DA:89,0
DA:90,0
DA:94,0
DA:95,0
DA:99,0
DA:100,0
DA:101,0
DA:103,0
DA:104,0
DA:108,0
DA:109,0
DA:113,0
DA:114,0
DA:116,0
DA:117,0
DA:121,0
DA:122,0
DA:126,0
DA:127,0
DA:131,0
DA:132,0
DA:136,0
DA:137,0
DA:140,0
DA:150,0
DA:151,0
DA:155,0
DA:157,0
DA:158,0
DA:159,0
DA:164,0
DA:165,0
DA:169,0
DA:170,0
DA:174,0
DA:175,0
DA:176,0
DA:178,0
DA:179,0
DA:183,0
DA:184,0
DA:188,0
DA:189,0
DA:191,0
DA:192,0
DA:195,0
DA:204,0
DA:205,0
DA:208,0
DA:209,0
DA:216,0
DA:217,0
DA:218,0
DA:222,0
DA:225,0
LF:83
LH:0
BRDA:13,0,0,0
BRDA:13,0,1,0
BRDA:17,1,0,0
BRDA:17,1,1,0
BRDA:17,2,0,0
BRDA:17,2,1,0
BRDA:17,3,0,0
BRDA:17,3,1,0
BRDA:22,4,0,0
BRDA:22,4,1,0
BRDA:23,5,0,0
BRDA:23,5,1,0
BRDA:23,6,0,0
BRDA:23,6,1,0
BRDA:26,7,0,0
BRDA:26,7,1,0
BRDA:26,8,0,0
BRDA:26,8,1,0
BRDA:31,9,0,0
BRDA:31,9,1,0
BRDA:32,10,0,0
BRDA:32,10,1,0
BRDA:32,11,0,0
BRDA:32,11,1,0
BRDA:35,12,0,0
BRDA:35,12,1,0
BRDA:41,13,0,0
BRDA:41,13,1,0
BRDA:42,14,0,0
BRDA:42,14,1,0
BRDA:42,15,0,0
BRDA:42,15,1,0
BRDA:45,16,0,0
BRDA:45,16,1,0
BRDA:60,17,0,0
BRDA:60,17,1,0
BRDA:80,18,0,0
BRDA:80,18,1,0
BRDA:80,19,0,0
BRDA:80,19,1,0
BRDA:86,20,0,0
BRDA:86,20,1,0
BRDA:86,21,0,0
BRDA:86,21,1,0
BRDA:89,22,0,0
BRDA:89,22,1,0
BRDA:94,23,0,0
BRDA:94,23,1,0
BRDA:100,24,0,0
BRDA:100,24,1,0
BRDA:103,25,0,0
BRDA:103,25,1,0
BRDA:108,26,0,0
BRDA:108,26,1,0
BRDA:108,27,0,0
BRDA:108,27,1,0
BRDA:108,27,2,0
BRDA:113,28,0,0
BRDA:113,28,1,0
BRDA:113,29,0,0
BRDA:113,29,1,0
BRDA:113,29,2,0
BRDA:116,30,0,0
BRDA:116,30,1,0
BRDA:116,31,0,0
BRDA:116,31,1,0
BRDA:116,31,2,0
BRDA:121,32,0,0
BRDA:121,32,1,0
BRDA:121,33,0,0
BRDA:121,33,1,0
BRDA:121,33,2,0
BRDA:126,34,0,0
BRDA:126,34,1,0
BRDA:126,35,0,0
BRDA:126,35,1,0
BRDA:126,35,2,0
BRDA:131,36,0,0
BRDA:131,36,1,0
BRDA:131,37,0,0
BRDA:131,37,1,0
BRDA:131,37,2,0
BRDA:136,38,0,0
BRDA:136,38,1,0
BRDA:150,39,0,0
BRDA:150,39,1,0
BRDA:158,40,0,0
BRDA:158,40,1,0
BRDA:158,41,0,0
BRDA:158,41,1,0
BRDA:164,42,0,0
BRDA:164,42,1,0
BRDA:164,43,0,0
BRDA:164,43,1,0
BRDA:169,44,0,0
BRDA:169,44,1,0
BRDA:175,45,0,0
BRDA:175,45,1,0
BRDA:178,46,0,0
BRDA:178,46,1,0
BRDA:183,47,0,0
BRDA:183,47,1,0
BRDA:183,48,0,0
BRDA:183,48,1,0
BRDA:183,48,2,0
BRDA:188,49,0,0
BRDA:188,49,1,0
BRDA:188,50,0,0
BRDA:188,50,1,0
BRDA:188,50,2,0
BRDA:191,51,0,0
BRDA:191,51,1,0
BRDA:191,52,0,0
BRDA:191,52,1,0
BRDA:191,52,2,0
BRDA:204,53,0,0
BRDA:204,53,1,0
BRDA:204,54,0,0
BRDA:204,54,1,0
BRDA:217,55,0,0
BRDA:217,55,1,0
BRF:121
BRH:0
end_of_record
TN:
SF:src\validation\electrical.schemas.js
FN:84,validateInput
FN:89,(anonymous_1)
FN:106,validateSchema
FN:107,(anonymous_3)
FNF:4
FNH:0
FNDA:0,validateInput
FNDA:0,(anonymous_1)
FNDA:0,validateSchema
FNDA:0,(anonymous_3)
DA:6,0
DA:11,0
DA:32,0
DA:61,0
DA:74,0
DA:85,0
DA:86,0
DA:87,0
DA:89,0
DA:95,0
DA:107,0
DA:108,0
DA:110,0
DA:111,0
DA:118,0
DA:119,0
DA:123,0
LF:17
LH:0
BRDA:110,0,0,0
BRDA:110,0,1,0
BRF:2
BRH:0
end_of_record
TN:
SF:src\validation\electrical.standards.validator.js
FN:11,(anonymous_0)
FN:63,(anonymous_1)
FN:120,(anonymous_2)
FN:126,(anonymous_3)
FN:179,(anonymous_4)
FN:233,(anonymous_5)
FN:278,(anonymous_6)
FN:283,(anonymous_7)
FN:321,(anonymous_8)
FN:336,(anonymous_9)
FN:350,(anonymous_10)
FN:353,(anonymous_11)
FN:362,(anonymous_12)
FN:375,(anonymous_13)
FN:382,(anonymous_14)
FN:389,(anonymous_15)
FNF:16
FNH:0
FNDA:0,(anonymous_0)
FNDA:0,(anonymous_1)
FNDA:0,(anonymous_2)
FNDA:0,(anonymous_3)
FNDA:0,(anonymous_4)
FNDA:0,(anonymous_5)
FNDA:0,(anonymous_6)
FNDA:0,(anonymous_7)
FNDA:0,(anonymous_8)
FNDA:0,(anonymous_9)
FNDA:0,(anonymous_10)
FNDA:0,(anonymous_11)
FNDA:0,(anonymous_12)
FNDA:0,(anonymous_13)
FNDA:0,(anonymous_14)
FNDA:0,(anonymous_15)
DA:8,0
DA:12,0
DA:64,0
DA:65,0
DA:66,0
DA:69,0
DA:70,0
DA:71,0
DA:72,0
DA:82,0
DA:83,0
DA:84,0
DA:85,0
DA:95,0
DA:96,0
DA:97,0
DA:106,0
DA:121,0
DA:122,0
DA:123,0
DA:127,0
DA:128,0
DA:129,0
DA:130,0
DA:141,0
DA:142,0
DA:143,0
DA:144,0
DA:154,0
DA:155,0
DA:156,0
DA:165,0
DA:180,0
DA:181,0
DA:182,0
DA:185,0
DA:186,0
DA:187,0
DA:189,0
DA:190,0
DA:196,0
DA:197,0
DA:207,0
DA:208,0
DA:209,0
DA:210,0
DA:219,0
DA:234,0
DA:235,0
DA:236,0
DA:239,0
DA:240,0
DA:241,0
DA:242,0
DA:252,0
DA:253,0
DA:254,0
DA:263,0
DA:279,0
DA:280,0
DA:281,0
DA:283,0
DA:284,0
DA:286,0
DA:287,0
DA:288,0
DA:289,0
DA:291,0
DA:293,0
DA:294,0
DA:295,0
DA:296,0
DA:298,0
DA:300,0
DA:301,0
DA:302,0
DA:303,0
DA:305,0
DA:307,0
DA:308,0
DA:309,0
DA:310,0
DA:312,0
DA:316,0
DA:321,0
DA:337,0
DA:338,0
DA:339,0
DA:341,0
DA:342,0
DA:351,0
DA:353,0
DA:354,0
DA:363,0
DA:364,0
DA:365,0
DA:367,0
DA:368,0
DA:369,0
DA:370,0
DA:371,0
DA:372,0
DA:373,0
DA:375,0
DA:376,0
DA:377,0
DA:378,0
DA:380,0
DA:381,0
DA:382,0
DA:383,0
DA:387,0
DA:388,0
DA:389,0
DA:390,0
DA:393,0
DA:396,0
DA:400,0
LF:118
LH:0
BRDA:69,0,0,0
BRDA:69,0,1,0
BRDA:70,1,0,0
BRDA:70,1,1,0
BRDA:71,2,0,0
BRDA:71,2,1,0
BRDA:82,3,0,0
BRDA:82,3,1,0
BRDA:84,4,0,0
BRDA:84,4,1,0
BRDA:84,5,0,0
BRDA:84,5,1,0
BRDA:95,6,0,0
BRDA:95,6,1,0
BRDA:96,7,0,0
BRDA:96,7,1,0
BRDA:127,8,0,0
BRDA:127,8,1,0
BRDA:128,9,0,0
BRDA:128,9,1,0
BRDA:129,10,0,0
BRDA:129,10,1,0
BRDA:141,11,0,0
BRDA:141,11,1,0
BRDA:143,12,0,0
BRDA:143,12,1,0
BRDA:143,13,0,0
BRDA:143,13,1,0
BRDA:154,14,0,0
BRDA:154,14,1,0
BRDA:155,15,0,0
BRDA:155,15,1,0
BRDA:185,16,0,0
BRDA:185,16,1,0
BRDA:189,17,0,0
BRDA:189,17,1,0
BRDA:196,18,0,0
BRDA:196,18,1,0
BRDA:207,19,0,0
BRDA:207,19,1,0
BRDA:209,20,0,0
BRDA:209,20,1,0
BRDA:239,21,0,0
BRDA:239,21,1,0
BRDA:241,22,0,0
BRDA:241,22,1,0
BRDA:241,23,0,0
BRDA:241,23,1,0
BRDA:252,24,0,0
BRDA:252,24,1,0
BRDA:253,25,0,0
BRDA:253,25,1,0
BRDA:278,26,0,0
BRDA:284,27,0,0
BRDA:284,27,1,0
BRDA:284,27,2,0
BRDA:284,27,3,0
BRDA:286,28,0,0
BRDA:286,28,1,0
BRDA:293,29,0,0
BRDA:293,29,1,0
BRDA:300,30,0,0
BRDA:300,30,1,0
BRDA:307,31,0,0
BRDA:307,31,1,0
BRDA:351,32,0,0
BRDA:351,32,1,0
BRDA:368,33,0,0
BRDA:368,33,1,0
BRDA:377,34,0,0
BRDA:377,34,1,0
BRDA:380,35,0,0
BRDA:380,35,1,0
BRDA:383,36,0,0
BRDA:383,36,1,0
BRDA:383,36,2,0
BRDA:387,37,0,0
BRDA:387,37,1,0
BRDA:390,38,0,0
BRDA:390,38,1,0
BRDA:390,38,2,0
BRF:81
BRH:0
end_of_record
