TN:
SF:src\app.js
FNF:0
FNH:0
DA:1,0
DA:2,0
DA:4,0
DA:6,0
DA:7,0
DA:9,0
LF:6
LH:0
BRF:0
BRH:0
end_of_record
TN:
SF:src\api\controllers\distributed.controller.js
FN:17,(anonymous_0)
FN:48,(anonymous_1)
FN:100,(anonymous_2)
FN:152,(anonymous_3)
FN:200,(anonymous_4)
FN:248,(anonymous_5)
FN:275,(anonymous_6)
FN:302,(anonymous_7)
FN:327,(anonymous_8)
FN:354,generateMonteCarloScenarios
FN:373,(anonymous_10)
FN:384,(anonymous_11)
FN:394,(anonymous_12)
FN:416,generateStabilityEvents
FNF:14
FNH:0
FNDA:0,(anonymous_0)
FNDA:0,(anonymous_1)
FNDA:0,(anonymous_2)
FNDA:0,(anonymous_3)
FNDA:0,(anonymous_4)
FNDA:0,(anonymous_5)
FNDA:0,(anonymous_6)
FNDA:0,(anonymous_7)
FNDA:0,(anonymous_8)
FNDA:0,generateMonteCarloScenarios
FNDA:0,(anonymous_10)
FNDA:0,(anonymous_11)
FNDA:0,(anonymous_12)
FNDA:0,generateStabilityEvents
DA:7,0
DA:10,0
DA:17,0
DA:18,0
DA:19,0
DA:20,0
DA:27,0
DA:30,0
DA:36,0
DA:48,0
DA:49,0
DA:50,0
DA:51,0
DA:54,0
DA:57,0
DA:70,0
DA:79,0
DA:88,0
DA:100,0
DA:101,0
DA:102,0
DA:103,0
DA:106,0
DA:109,0
DA:122,0
DA:131,0
DA:140,0
DA:152,0
DA:153,0
DA:154,0
DA:155,0
DA:158,0
DA:161,0
DA:170,0
DA:179,0
DA:188,0
DA:200,0
DA:201,0
DA:202,0
DA:203,0
DA:206,0
DA:209,0
DA:218,0
DA:227,0
DA:236,0
DA:248,0
DA:249,0
DA:250,0
DA:252,0
DA:253,0
DA:256,0
DA:258,0
DA:263,0
DA:275,0
DA:276,0
DA:277,0
DA:279,0
DA:280,0
DA:283,0
DA:285,0
DA:290,0
DA:302,0
DA:303,0
DA:304,0
DA:305,0
DA:308,0
DA:310,0
DA:315,0
DA:327,0
DA:328,0
DA:329,0
DA:330,0
DA:333,0
DA:334,0
DA:336,0
DA:341,0
DA:360,0
DA:362,0
DA:364,0
DA:365,0
DA:373,0
DA:374,0
DA:376,0
DA:384,0
DA:385,0
DA:386,0
DA:394,0
DA:395,0
DA:396,0
DA:404,0
DA:407,0
DA:422,0
DA:424,0
DA:426,0
DA:427,0
DA:429,0
DA:431,0
DA:433,0
DA:440,0
DA:441,0
DA:442,0
DA:443,0
DA:444,0
DA:445,0
DA:448,0
DA:451,0
LF:106
LH:0
BRDA:19,0,0,0
BRDA:19,0,1,0
BRDA:21,1,0,0
BRDA:21,1,1,0
BRDA:22,2,0,0
BRDA:22,2,1,0
BRDA:23,3,0,0
BRDA:23,3,1,0
BRDA:24,4,0,0
BRDA:24,4,1,0
BRDA:50,5,0,0
BRDA:50,5,1,0
BRDA:54,6,0,0
BRDA:64,7,0,0
BRDA:64,7,1,0
BRDA:67,8,0,0
BRDA:67,8,1,0
BRDA:75,9,0,0
BRDA:75,9,1,0
BRDA:102,10,0,0
BRDA:102,10,1,0
BRDA:106,11,0,0
BRDA:116,12,0,0
BRDA:116,12,1,0
BRDA:119,13,0,0
BRDA:119,13,1,0
BRDA:127,14,0,0
BRDA:127,14,1,0
BRDA:154,15,0,0
BRDA:154,15,1,0
BRDA:158,16,0,0
BRDA:165,17,0,0
BRDA:165,17,1,0
BRDA:167,18,0,0
BRDA:167,18,1,0
BRDA:175,19,0,0
BRDA:175,19,1,0
BRDA:202,20,0,0
BRDA:202,20,1,0
BRDA:206,21,0,0
BRDA:213,22,0,0
BRDA:213,22,1,0
BRDA:215,23,0,0
BRDA:215,23,1,0
BRDA:223,24,0,0
BRDA:223,24,1,0
BRDA:252,25,0,0
BRDA:252,25,1,0
BRDA:279,26,0,0
BRDA:279,26,1,0
BRDA:304,27,0,0
BRDA:304,27,1,0
BRDA:329,28,0,0
BRDA:329,28,1,0
BRDA:354,29,0,0
BRDA:356,30,0,0
BRDA:357,31,0,0
BRDA:358,32,0,0
BRDA:359,33,0,0
BRDA:374,34,0,0
BRDA:374,34,1,0
BRDA:385,35,0,0
BRDA:385,35,1,0
BRDA:395,36,0,0
BRDA:395,36,1,0
BRDA:395,37,0,0
BRDA:395,37,1,0
BRDA:416,38,0,0
BRDA:418,39,0,0
BRDA:419,40,0,0
BRDA:420,41,0,0
BRDA:421,42,0,0
BRDA:440,43,0,0
BRDA:440,43,1,0
BRDA:443,44,0,0
BRDA:443,44,1,0
BRF:76
BRH:0
end_of_record
TN:
SF:src\api\middlewares\errorHandler.js
FN:23,(anonymous_0)
FN:74,(anonymous_1)
FN:75,(anonymous_2)
FN:85,(anonymous_3)
FNF:4
FNH:0
FNDA:0,(anonymous_0)
FNDA:0,(anonymous_1)
FNDA:0,(anonymous_2)
FNDA:0,(anonymous_3)
DA:14,0
DA:23,0
DA:25,0
DA:26,0
DA:27,0
DA:28,0
DA:32,0
DA:36,0
DA:37,0
DA:46,0
DA:47,0
DA:56,0
DA:58,0
DA:62,0
DA:74,0
DA:75,0
DA:76,0
DA:85,0
DA:86,0
DA:93,0
LF:20
LH:0
BRDA:26,0,0,0
BRDA:26,0,1,0
BRDA:27,1,0,0
BRDA:27,1,1,0
BRDA:27,2,0,0
BRDA:27,2,1,0
BRDA:36,3,0,0
BRDA:36,3,1,0
BRDA:46,4,0,0
BRDA:46,4,1,0
BRDA:46,5,0,0
BRDA:46,5,1,0
BRDA:51,6,0,0
BRDA:51,6,1,0
BRDA:56,7,0,0
BRDA:56,7,1,0
BRDA:58,8,0,0
BRDA:58,8,1,0
BRDA:59,9,0,0
BRDA:59,9,1,0
BRF:20
BRH:0
end_of_record
TN:
SF:src\api\routes\distributed.routes.js
FNF:0
FNH:0
DA:7,0
DA:8,0
DA:13,0
DA:14,0
DA:15,0
DA:20,0
DA:21,0
DA:26,0
DA:27,0
DA:28,0
DA:29,0
DA:34,0
LF:12
LH:0
BRF:0
BRH:0
end_of_record
TN:
SF:src\application\services\opf.js
FN:16,runOPF
FNF:1
FNH:0
FNDA:0,runOPF
DA:7,0
DA:8,0
DA:22,0
DA:25,0
DA:28,0
DA:30,0
DA:31,0
DA:35,0
DA:43,0
DA:51,0
DA:53,0
DA:67,0
LF:12
LH:0
BRDA:16,0,0,0
BRDA:18,1,0,0
BRDA:19,2,0,0
BRDA:20,3,0,0
BRDA:21,4,0,0
BRDA:30,5,0,0
BRDA:30,5,1,0
BRDA:45,6,0,0
BRDA:45,6,1,0
BRF:9
BRH:0
end_of_record
TN:
SF:src\application\services\powerflow.js
FN:15,runPowerFlow
FNF:1
FNH:0
FNDA:0,runPowerFlow
DA:7,0
DA:16,0
DA:19,0
DA:22,0
DA:24,0
DA:25,0
DA:27,0
DA:28,0
DA:30,0
DA:34,0
DA:42,0
DA:54,0
LF:12
LH:0
BRDA:15,0,0,0
BRDA:16,1,0,0
BRDA:16,2,0,0
BRDA:16,3,0,0
BRDA:22,4,0,0
BRDA:22,4,1,0
BRDA:22,4,2,0
BRDA:36,5,0,0
BRDA:36,5,1,0
BRF:9
BRH:0
end_of_record
TN:
SF:src\core\powerflow\fastDecoupled.js
FN:17,buildBprime
FN:28,(anonymous_1)
FN:45,buildBdoubleprime
FN:49,(anonymous_3)
FN:68,solveFDLF
FN:83,(anonymous_5)
FN:98,(anonymous_6)
FN:112,(anonymous_7)
FN:113,(anonymous_8)
FN:223,solveLinearSystem
FN:225,(anonymous_10)
FNF:11
FNH:0
FNDA:0,buildBprime
FNDA:0,(anonymous_1)
FNDA:0,buildBdoubleprime
FNDA:0,(anonymous_3)
FNDA:0,solveFDLF
FNDA:0,(anonymous_5)
FNDA:0,(anonymous_6)
FNDA:0,(anonymous_7)
FNDA:0,(anonymous_8)
FNDA:0,solveLinearSystem
FNDA:0,(anonymous_10)
DA:9,0
DA:18,0
DA:19,0
DA:21,0
DA:22,0
DA:25,0
DA:26,0
DA:28,0
DA:30,0
DA:31,0
DA:32,0
DA:36,0
DA:46,0
DA:47,0
DA:49,0
DA:51,0
DA:52,0
DA:53,0
DA:57,0
DA:73,0
DA:76,0
DA:79,0
DA:80,0
DA:81,0
DA:83,0
DA:84,0
DA:85,0
DA:86,0
DA:89,0
DA:90,0
DA:91,0
DA:94,0
DA:95,0
DA:98,0
DA:99,0
DA:100,0
DA:101,0
DA:102,0
DA:107,0
DA:112,0
DA:113,0
DA:116,0
DA:117,0
DA:118,0
DA:120,0
DA:121,0
DA:124,0
DA:125,0
DA:127,0
DA:128,0
DA:129,0
DA:131,0
DA:132,0
DA:133,0
DA:134,0
DA:136,0
DA:138,0
DA:144,0
DA:145,0
DA:148,0
DA:149,0
DA:150,0
DA:155,0
DA:156,0
DA:157,0
DA:160,0
DA:161,0
DA:163,0
DA:164,0
DA:165,0
DA:170,0
DA:173,0
DA:177,0
DA:178,0
DA:179,0
DA:180,0
DA:181,0
DA:182,0
DA:183,0
DA:185,0
DA:186,0
DA:187,0
DA:192,0
DA:193,0
DA:194,0
DA:195,0
DA:196,0
DA:197,0
DA:198,0
DA:199,0
DA:201,0
DA:202,0
DA:203,0
DA:208,0
DA:224,0
DA:225,0
DA:228,0
DA:229,0
DA:230,0
DA:232,0
DA:236,0
DA:238,0
DA:239,0
DA:240,0
DA:241,0
DA:242,0
DA:243,0
DA:248,0
DA:249,0
DA:253,0
DA:254,0
DA:258,0
DA:259,0
DA:260,0
DA:261,0
DA:267,0
DA:268,0
DA:269,0
DA:270,0
DA:271,0
DA:273,0
DA:276,0
DA:279,0
LF:123
LH:0
BRDA:22,0,0,0
BRDA:22,0,1,0
BRDA:68,1,0,0
BRDA:70,2,0,0
BRDA:71,3,0,0
BRDA:72,4,0,0
BRDA:84,5,0,0
BRDA:84,5,1,0
BRDA:85,6,0,0
BRDA:85,6,1,0
BRDA:86,7,0,0
BRDA:86,7,1,0
BRDA:89,8,0,0
BRDA:89,8,1,0
BRDA:99,9,0,0
BRDA:99,9,1,0
BRDA:100,10,0,0
BRDA:100,10,1,0
BRDA:101,11,0,0
BRDA:101,11,1,0
BRDA:149,12,0,0
BRDA:149,12,1,0
BRDA:163,13,0,0
BRDA:163,13,1,0
BRDA:179,14,0,0
BRDA:179,14,1,0
BRDA:179,15,0,0
BRDA:179,15,1,0
BRDA:194,16,0,0
BRDA:194,16,1,0
BRDA:241,17,0,0
BRDA:241,17,1,0
BRDA:248,18,0,0
BRDA:248,18,1,0
BRDA:253,19,0,0
BRDA:253,19,1,0
BRDA:254,20,0,0
BRDA:254,20,1,0
BRF:38
BRH:0
end_of_record
TN:
SF:src\core\powerflow\jacobian.js
FN:35,buildJacobian
FN:43,(anonymous_1)
FN:54,(anonymous_2)
FN:55,(anonymous_3)
FN:67,(anonymous_4)
FNF:5
FNH:0
FNDA:0,buildJacobian
FNDA:0,(anonymous_1)
FNDA:0,(anonymous_2)
FNDA:0,(anonymous_3)
FNDA:0,(anonymous_4)
DA:36,0
DA:39,0
DA:40,0
DA:41,0
DA:43,0
DA:44,0
DA:45,0
DA:46,0
DA:49,0
DA:50,0
DA:51,0
DA:54,0
DA:55,0
DA:58,0
DA:59,0
DA:60,0
DA:64,0
DA:66,0
DA:67,0
DA:69,0
DA:74,0
DA:75,0
DA:76,0
DA:78,0
DA:79,0
DA:81,0
DA:83,0
DA:84,0
DA:85,0
DA:87,0
DA:88,0
DA:89,0
DA:91,0
DA:94,0
DA:97,0
DA:98,0
DA:99,0
DA:101,0
DA:105,0
DA:111,0
DA:112,0
DA:114,0
DA:115,0
DA:117,0
DA:119,0
DA:120,0
DA:121,0
DA:122,0
DA:124,0
DA:126,0
DA:129,0
DA:131,0
DA:136,0
DA:142,0
DA:143,0
DA:144,0
DA:146,0
DA:147,0
DA:149,0
DA:151,0
DA:152,0
DA:153,0
DA:155,0
DA:156,0
DA:157,0
DA:159,0
DA:162,0
DA:165,0
DA:166,0
DA:167,0
DA:169,0
DA:173,0
DA:179,0
DA:180,0
DA:182,0
DA:183,0
DA:185,0
DA:187,0
DA:188,0
DA:189,0
DA:190,0
DA:192,0
DA:194,0
DA:197,0
DA:202,0
DA:205,0
DA:208,0
LF:87
LH:0
BRDA:44,0,0,0
BRDA:44,0,1,0
BRDA:45,1,0,0
BRDA:45,1,1,0
BRDA:46,2,0,0
BRDA:46,2,1,0
BRDA:49,3,0,0
BRDA:49,3,1,0
BRDA:60,4,0,0
BRDA:60,4,1,0
BRDA:81,5,0,0
BRDA:81,5,1,0
BRDA:85,6,0,0
BRDA:85,6,1,0
BRDA:117,7,0,0
BRDA:117,7,1,0
BRDA:149,8,0,0
BRDA:149,8,1,0
BRDA:153,9,0,0
BRDA:153,9,1,0
BRDA:185,10,0,0
BRDA:185,10,1,0
BRF:22
BRH:0
end_of_record
TN:
SF:src\core\powerflow\lineSearch.js
FN:16,lineSearch
FN:41,applyUpdate
FN:42,(anonymous_2)
FNF:3
FNH:0
FNDA:0,lineSearch
FNDA:0,applyUpdate
FNDA:0,(anonymous_2)
DA:17,0
DA:18,0
DA:20,0
DA:21,0
DA:22,0
DA:24,0
DA:25,0
DA:28,0
DA:31,0
DA:42,0
DA:43,0
DA:46,0
DA:47,0
DA:48,0
DA:49,0
DA:50,0
DA:51,0
DA:53,0
DA:54,0
DA:55,0
DA:59,0
DA:62,0
LF:22
LH:0
BRDA:16,0,0,0
BRDA:24,1,0,0
BRDA:24,1,1,0
BRDA:47,2,0,0
BRDA:47,2,1,0
BRF:5
BRH:0
end_of_record
TN:
SF:src\core\powerflow\mismatch.js
FN:19,calcMismatch
FN:51,(anonymous_1)
FN:57,(anonymous_2)
FNF:3
FNH:0
FNDA:0,calcMismatch
FNDA:0,(anonymous_1)
FNDA:0,(anonymous_2)
DA:20,0
DA:23,0
DA:24,0
DA:26,0
DA:27,0
DA:28,0
DA:29,0
DA:31,0
DA:32,0
DA:33,0
DA:34,0
DA:36,0
DA:37,0
DA:39,0
DA:41,0
DA:43,0
DA:48,0
DA:49,0
DA:51,0
DA:52,0
DA:53,0
DA:57,0
DA:58,0
DA:59,0
DA:63,0
DA:66,0
LF:26
LH:0
BRDA:52,0,0,0
BRDA:52,0,1,0
BRDA:58,1,0,0
BRDA:58,1,1,0
BRF:4
BRH:0
end_of_record
TN:
SF:src\core\powerflow\pvControl.js
FN:16,enforcePVLimits
FN:21,(anonymous_1)
FN:43,(anonymous_2)
FNF:3
FNH:0
FNDA:0,enforcePVLimits
FNDA:0,(anonymous_1)
FNDA:0,(anonymous_2)
DA:17,0
DA:18,0
DA:21,0
DA:22,0
DA:23,0
DA:25,0
DA:27,0
DA:28,0
DA:29,0
DA:30,0
DA:32,0
DA:33,0
DA:34,0
DA:37,0
DA:42,0
DA:43,0
DA:44,0
DA:45,0
DA:46,0
DA:47,0
DA:49,0
DA:50,0
DA:51,0
DA:53,0
DA:56,0
DA:60,0
DA:63,0
LF:27
LH:0
BRDA:25,0,0,0
BRDA:25,0,1,0
BRDA:30,1,0,0
BRDA:30,1,1,0
BRDA:45,2,0,0
BRDA:45,2,1,0
BRDA:45,3,0,0
BRDA:45,3,1,0
BRDA:47,4,0,0
BRDA:47,4,1,0
BRDA:47,5,0,0
BRDA:47,5,1,0
BRF:12
BRH:0
end_of_record
TN:
SF:src\core\powerflow\solver.js
FN:26,solveLinearSystem
FN:28,(anonymous_1)
FN:87,initializeVoltages
FN:88,(anonymous_3)
FN:121,applyCorrections
FN:122,(anonymous_5)
FN:130,(anonymous_6)
FN:155,(anonymous_7)
FN:181,solve
FN:199,(anonymous_9)
FN:246,(anonymous_10)
FN:253,(anonymous_11)
FN:256,(anonymous_12)
FNF:13
FNH:0
FNDA:0,solveLinearSystem
FNDA:0,(anonymous_1)
FNDA:0,initializeVoltages
FNDA:0,(anonymous_3)
FNDA:0,applyCorrections
FNDA:0,(anonymous_5)
FNDA:0,(anonymous_6)
FNDA:0,(anonymous_7)
FNDA:0,solve
FNDA:0,(anonymous_9)
FNDA:0,(anonymous_10)
FNDA:0,(anonymous_11)
FNDA:0,(anonymous_12)
DA:13,0
DA:14,0
DA:15,0
DA:16,0
DA:17,0
DA:18,0
DA:27,0
DA:28,0
DA:31,0
DA:32,0
DA:33,0
DA:35,0
DA:39,0
DA:41,0
DA:42,0
DA:43,0
DA:44,0
DA:45,0
DA:46,0
DA:51,0
DA:52,0
DA:56,0
DA:57,0
DA:61,0
DA:62,0
DA:63,0
DA:64,0
DA:70,0
DA:71,0
DA:72,0
DA:73,0
DA:74,0
DA:76,0
DA:79,0
DA:88,0
DA:89,0
DA:90,0
DA:92,0
DA:94,0
DA:98,0
DA:99,0
DA:101,0
DA:103,0
DA:109,0
DA:122,0
DA:123,0
DA:126,0
DA:127,0
DA:128,0
DA:130,0
DA:131,0
DA:132,0
DA:133,0
DA:136,0
DA:139,0
DA:140,0
DA:142,0
DA:143,0
DA:144,0
DA:145,0
DA:146,0
DA:148,0
DA:149,0
DA:150,0
DA:155,0
DA:156,0
DA:157,0
DA:158,0
DA:159,0
DA:160,0
DA:162,0
DA:163,0
DA:164,0
DA:168,0
DA:190,0
DA:193,0
DA:196,0
DA:197,0
DA:199,0
DA:200,0
DA:201,0
DA:205,0
DA:208,0
DA:209,0
DA:210,0
DA:212,0
DA:213,0
DA:216,0
DA:217,0
DA:218,0
DA:221,0
DA:222,0
DA:223,0
DA:224,0
DA:228,0
DA:229,0
DA:230,0
DA:234,0
DA:237,0
DA:240,0
DA:241,0
DA:245,0
DA:246,0
DA:247,0
DA:248,0
DA:251,0
DA:252,0
DA:253,0
DA:256,0
DA:257,0
DA:261,0
DA:270,0
LF:112
LH:0
BRDA:44,0,0,0
BRDA:44,0,1,0
BRDA:51,1,0,0
BRDA:51,1,1,0
BRDA:56,2,0,0
BRDA:56,2,1,0
BRDA:57,3,0,0
BRDA:57,3,1,0
BRDA:89,4,0,0
BRDA:89,4,1,0
BRDA:90,5,0,0
BRDA:90,5,1,0
BRDA:92,6,0,0
BRDA:92,6,1,0
BRDA:98,7,0,0
BRDA:98,7,1,0
BRDA:99,8,0,0
BRDA:99,8,1,0
BRDA:101,9,0,0
BRDA:101,9,1,0
BRDA:131,10,0,0
BRDA:131,10,1,0
BRDA:132,11,0,0
BRDA:132,11,1,0
BRDA:133,12,0,0
BRDA:133,12,1,0
BRDA:136,13,0,0
BRDA:136,13,1,0
BRDA:140,14,0,0
BRDA:140,14,1,0
BRDA:142,15,0,0
BRDA:142,15,1,0
BRDA:156,16,0,0
BRDA:156,16,1,0
BRDA:181,17,0,0
BRDA:183,18,0,0
BRDA:184,19,0,0
BRDA:185,20,0,0
BRDA:186,21,0,0
BRDA:187,22,0,0
BRDA:188,23,0,0
BRDA:189,24,0,0
BRDA:200,25,0,0
BRDA:200,25,1,0
BRDA:201,26,0,0
BRDA:201,26,1,0
BRDA:221,27,0,0
BRDA:221,27,1,0
BRDA:228,28,0,0
BRDA:228,28,1,0
BRDA:240,29,0,0
BRDA:240,29,1,0
BRDA:245,30,0,0
BRDA:245,30,1,0
BRF:54
BRH:0
end_of_record
TN:
SF:src\core\powerflow\trustRegion.js
FN:14,applyTrustRegion
FN:16,(anonymous_1)
FN:21,(anonymous_2)
FNF:3
FNH:0
FNDA:0,applyTrustRegion
FNDA:0,(anonymous_1)
FNDA:0,(anonymous_2)
DA:16,0
DA:18,0
DA:20,0
DA:21,0
DA:24,0
DA:27,0
LF:6
LH:0
BRDA:14,0,0,0
BRDA:18,1,0,0
BRDA:18,1,1,0
BRF:3
BRH:0
end_of_record
TN:
SF:src\core\powerflow\contingency\evaluator.js
FN:14,calculateFlows
FN:18,(anonymous_1)
FN:57,evaluateViolations
FN:68,(anonymous_3)
FN:93,(anonymous_4)
FN:94,(anonymous_5)
FN:124,rankContingencies
FN:126,(anonymous_7)
FN:139,(anonymous_8)
FN:147,getSecurityIndex
FN:151,(anonymous_10)
FN:162,getCriticalContingencies
FN:163,(anonymous_12)
FNF:13
FNH:0
FNDA:0,calculateFlows
FNDA:0,(anonymous_1)
FNDA:0,evaluateViolations
FNDA:0,(anonymous_3)
FNDA:0,(anonymous_4)
FNDA:0,(anonymous_5)
FNDA:0,rankContingencies
FNDA:0,(anonymous_7)
FNDA:0,(anonymous_8)
FNDA:0,getSecurityIndex
FNDA:0,(anonymous_10)
FNDA:0,getCriticalContingencies
FNDA:0,(anonymous_12)
DA:15,0
DA:16,0
DA:18,0
DA:19,0
DA:20,0
DA:22,0
DA:23,0
DA:24,0
DA:25,0
DA:26,0
DA:29,0
DA:30,0
DA:35,0
DA:36,0
DA:38,0
DA:47,0
DA:58,0
DA:60,0
DA:68,0
DA:69,0
DA:71,0
DA:72,0
DA:80,0
DA:81,0
DA:82,0
DA:87,0
DA:92,0
DA:93,0
DA:94,0
DA:95,0
DA:96,0
DA:98,0
DA:99,0
DA:104,0
DA:105,0
DA:106,0
DA:111,0
DA:116,0
DA:125,0
DA:128,0
DA:132,0
DA:137,0
DA:139,0
DA:148,0
DA:150,0
DA:151,0
DA:154,0
DA:163,0
DA:166,0
LF:49
LH:0
BRDA:57,0,0,0
BRDA:58,1,0,0
BRDA:58,2,0,0
BRDA:58,3,0,0
BRDA:71,4,0,0
BRDA:71,4,1,0
BRDA:71,5,0,0
BRDA:71,5,1,0
BRDA:76,6,0,0
BRDA:76,6,1,0
BRDA:81,7,0,0
BRDA:81,7,1,0
BRDA:81,8,0,0
BRDA:81,8,1,0
BRDA:85,9,0,0
BRDA:85,9,1,0
BRDA:95,10,0,0
BRDA:95,10,1,0
BRDA:95,11,0,0
BRDA:95,11,1,0
BRDA:98,12,0,0
BRDA:98,12,1,0
BRDA:105,13,0,0
BRDA:105,13,1,0
BRDA:128,14,0,0
BRDA:128,14,1,0
BRDA:129,15,0,0
BRDA:129,15,1,0
BRDA:132,16,0,0
BRDA:132,16,1,0
BRDA:133,17,0,0
BRDA:133,17,1,0
BRDA:134,18,0,0
BRDA:134,18,1,0
BRDA:148,19,0,0
BRDA:148,19,1,0
BRDA:151,20,0,0
BRDA:151,20,1,0
BRDA:151,20,2,0
BRDA:163,21,0,0
BRDA:163,21,1,0
BRF:41
BRH:0
end_of_record
TN:
SF:src\core\powerflow\contingency\generator.js
FN:13,generateN1Contingencies
FN:17,(anonymous_1)
FN:23,(anonymous_2)
FN:28,(anonymous_3)
FN:33,(anonymous_4)
FN:46,cloneModel
FN:56,removeLine
FN:58,(anonymous_7)
FN:68,removeGenerator
FN:70,(anonymous_9)
FN:84,generateN2Contingencies
FN:87,(anonymous_11)
FN:97,(anonymous_12)
FN:100,(anonymous_13)
FN:117,(anonymous_14)
FN:119,(anonymous_15)
FN:120,(anonymous_16)
FNF:17
FNH:0
FNDA:0,generateN1Contingencies
FNDA:0,(anonymous_1)
FNDA:0,(anonymous_2)
FNDA:0,(anonymous_3)
FNDA:0,(anonymous_4)
FNDA:0,cloneModel
FNDA:0,removeLine
FNDA:0,(anonymous_7)
FNDA:0,removeGenerator
FNDA:0,(anonymous_9)
FNDA:0,generateN2Contingencies
FNDA:0,(anonymous_11)
FNDA:0,(anonymous_12)
FNDA:0,(anonymous_13)
FNDA:0,(anonymous_14)
FNDA:0,(anonymous_15)
FNDA:0,(anonymous_16)
DA:14,0
DA:17,0
DA:18,0
DA:23,0
DA:28,0
DA:29,0
DA:30,0
DA:33,0
DA:38,0
DA:47,0
DA:57,0
DA:58,0
DA:59,0
DA:69,0
DA:70,0
DA:71,0
DA:72,0
DA:73,0
DA:75,0
DA:85,0
DA:86,0
DA:87,0
DA:89,0
DA:92,0
DA:93,0
DA:94,0
DA:98,0
DA:99,0
DA:100,0
DA:102,0
DA:105,0
DA:110,0
DA:111,0
DA:112,0
DA:114,0
DA:118,0
DA:119,0
DA:120,0
DA:121,0
DA:122,0
DA:123,0
DA:125,0
DA:128,0
DA:130,0
DA:133,0
DA:136,0
LF:46
LH:0
BRDA:29,0,0,0
BRDA:29,0,1,0
BRDA:29,1,0,0
BRDA:29,1,1,0
BRDA:71,2,0,0
BRDA:71,2,1,0
BRDA:84,3,0,0
BRDA:87,4,0,0
BRDA:87,4,1,0
BRDA:92,5,0,0
BRDA:92,5,1,0
BRDA:93,6,0,0
BRDA:93,6,1,0
BRDA:100,7,0,0
BRDA:100,7,1,0
BRDA:112,8,0,0
BRDA:112,8,1,0
BRDA:121,9,0,0
BRDA:121,9,1,0
BRDA:130,10,0,0
BRDA:130,10,1,0
BRF:21
BRH:0
end_of_record
TN:
SF:src\core\powerflow\contingency\runner.js
FN:27,runN1Contingency
FN:101,(anonymous_1)
FN:104,(anonymous_2)
FN:107,(anonymous_3)
FN:122,runN2Contingency
FN:192,(anonymous_5)
FN:195,(anonymous_6)
FN:198,(anonymous_7)
FNF:8
FNH:0
FNDA:0,runN1Contingency
FNDA:0,(anonymous_1)
FNDA:0,(anonymous_2)
FNDA:0,(anonymous_3)
FNDA:0,runN2Contingency
FNDA:0,(anonymous_5)
FNDA:0,(anonymous_6)
FNDA:0,(anonymous_7)
DA:8,0
DA:9,0
DA:13,0
DA:19,0
DA:35,0
DA:39,0
DA:44,0
DA:45,0
DA:48,0
DA:49,0
DA:52,0
DA:54,0
DA:55,0
DA:60,0
DA:61,0
DA:64,0
DA:65,0
DA:69,0
DA:77,0
DA:92,0
DA:94,0
DA:101,0
DA:104,0
DA:108,0
DA:131,0
DA:135,0
DA:140,0
DA:141,0
DA:144,0
DA:145,0
DA:148,0
DA:150,0
DA:151,0
DA:156,0
DA:157,0
DA:160,0
DA:161,0
DA:164,0
DA:172,0
DA:183,0
DA:185,0
DA:192,0
DA:195,0
DA:199,0
DA:207,0
LF:45
LH:0
BRDA:27,0,0,0
BRDA:29,1,0,0
BRDA:30,2,0,0
BRDA:31,3,0,0
BRDA:32,4,0,0
BRDA:33,5,0,0
BRDA:34,6,0,0
BRDA:39,7,0,0
BRDA:39,7,1,0
BRDA:56,8,0,0
BRDA:56,8,1,0
BRDA:60,9,0,0
BRDA:60,9,1,0
BRDA:69,10,0,0
BRDA:69,10,1,0
BRDA:101,11,0,0
BRDA:101,11,1,0
BRDA:104,12,0,0
BRDA:104,12,1,0
BRDA:108,13,0,0
BRDA:108,13,1,0
BRDA:108,13,2,0
BRDA:122,14,0,0
BRDA:124,15,0,0
BRDA:125,16,0,0
BRDA:126,17,0,0
BRDA:127,18,0,0
BRDA:128,19,0,0
BRDA:129,20,0,0
BRDA:130,21,0,0
BRDA:135,22,0,0
BRDA:135,22,1,0
BRDA:152,23,0,0
BRDA:152,23,1,0
BRDA:156,24,0,0
BRDA:156,24,1,0
BRDA:164,25,0,0
BRDA:164,25,1,0
BRDA:192,26,0,0
BRDA:192,26,1,0
BRDA:195,27,0,0
BRDA:195,27,1,0
BRDA:199,28,0,0
BRDA:199,28,1,0
BRDA:199,28,2,0
BRF:45
BRH:0
end_of_record
TN:
SF:src\core\powerflow\dynamics\integrators\rk4.js
FN:15,rk4Step
FN:19,(anonymous_1)
FN:22,(anonymous_2)
FN:25,(anonymous_3)
FN:30,(anonymous_4)
FN:42,rk4Adaptive
FN:48,(anonymous_6)
FN:74,integrate
FNF:8
FNH:0
FNDA:0,rk4Step
FNDA:0,(anonymous_1)
FNDA:0,(anonymous_2)
FNDA:0,(anonymous_3)
FNDA:0,(anonymous_4)
FNDA:0,rk4Adaptive
FNDA:0,(anonymous_6)
FNDA:0,integrate
DA:17,0
DA:19,0
DA:20,0
DA:22,0
DA:23,0
DA:25,0
DA:26,0
DA:29,0
DA:30,0
DA:44,0
DA:45,0
DA:48,0
DA:51,0
DA:52,0
DA:53,0
DA:54,0
DA:55,0
DA:58,0
DA:75,0
DA:76,0
DA:77,0
DA:78,0
DA:80,0
DA:81,0
DA:83,0
DA:90,0
DA:91,0
DA:92,0
DA:95,0
DA:98,0
LF:30
LH:0
BRDA:42,0,0,0
BRDA:52,1,0,0
BRDA:52,1,1,0
BRDA:54,2,0,0
BRDA:54,2,1,0
BRDA:74,3,0,0
BRF:6
BRH:0
end_of_record
TN:
SF:src\core\powerflow\dynamics\models\generator.js
FN:21,(anonymous_0)
FN:40,(anonymous_1)
FN:52,(anonymous_2)
FN:72,(anonymous_3)
FN:86,(anonymous_4)
FN:122,(anonymous_5)
FN:130,(anonymous_6)
FN:142,(anonymous_7)
FNF:8
FNH:0
FNDA:0,(anonymous_0)
FNDA:0,(anonymous_1)
FNDA:0,(anonymous_2)
FNDA:0,(anonymous_3)
FNDA:0,(anonymous_4)
FNDA:0,(anonymous_5)
FNDA:0,(anonymous_6)
FNDA:0,(anonymous_7)
DA:22,0
DA:23,0
DA:24,0
DA:25,0
DA:28,0
DA:29,0
DA:30,0
DA:41,0
DA:42,0
DA:54,0
DA:57,0
DA:60,0
DA:62,0
DA:73,0
DA:75,0
DA:76,0
DA:88,0
DA:90,0
DA:95,0
DA:97,0
DA:102,0
DA:104,0
DA:109,0
DA:112,0
DA:114,0
DA:123,0
DA:131,0
DA:143,0
DA:144,0
DA:145,0
DA:149,0
LF:31
LH:0
BRF:0
BRH:0
end_of_record
TN:
SF:src\core\powerflow\dynamics\solver\dynamicSolver.js
FN:19,(anonymous_0)
FN:34,(anonymous_1)
FN:55,(anonymous_2)
FN:56,(anonymous_3)
FN:57,(anonymous_4)
FN:74,(anonymous_5)
FN:90,(anonymous_6)
FN:94,(anonymous_7)
FN:105,(anonymous_8)
FN:134,(anonymous_9)
FN:135,(anonymous_10)
FN:142,(anonymous_11)
FN:154,(anonymous_12)
FN:174,(anonymous_13)
FN:180,(anonymous_14)
FN:184,(anonymous_15)
FN:198,(anonymous_16)
FN:199,(anonymous_17)
FN:216,(anonymous_18)
FN:218,(anonymous_19)
FN:219,(anonymous_20)
FN:228,(anonymous_21)
FN:230,(anonymous_22)
FN:241,(anonymous_23)
FN:243,(anonymous_24)
FN:252,rk4Step
FN:254,(anonymous_26)
FN:256,(anonymous_27)
FN:258,(anonymous_28)
FN:262,(anonymous_29)
FNF:30
FNH:0
FNDA:0,(anonymous_0)
FNDA:0,(anonymous_1)
FNDA:0,(anonymous_2)
FNDA:0,(anonymous_3)
FNDA:0,(anonymous_4)
FNDA:0,(anonymous_5)
FNDA:0,(anonymous_6)
FNDA:0,(anonymous_7)
FNDA:0,(anonymous_8)
FNDA:0,(anonymous_9)
FNDA:0,(anonymous_10)
FNDA:0,(anonymous_11)
FNDA:0,(anonymous_12)
FNDA:0,(anonymous_13)
FNDA:0,(anonymous_14)
FNDA:0,(anonymous_15)
FNDA:0,(anonymous_16)
FNDA:0,(anonymous_17)
FNDA:0,(anonymous_18)
FNDA:0,(anonymous_19)
FNDA:0,(anonymous_20)
FNDA:0,(anonymous_21)
FNDA:0,(anonymous_22)
FNDA:0,(anonymous_23)
FNDA:0,(anonymous_24)
FNDA:0,rk4Step
FNDA:0,(anonymous_26)
FNDA:0,(anonymous_27)
FNDA:0,(anonymous_28)
FNDA:0,(anonymous_29)
DA:9,0
DA:10,0
DA:11,0
DA:12,0
DA:20,0
DA:21,0
DA:32,0
DA:33,0
DA:34,0
DA:35,0
DA:36,0
DA:44,0
DA:45,0
DA:56,0
DA:57,0
DA:58,0
DA:60,0
DA:61,0
DA:75,0
DA:77,0
DA:78,0
DA:80,0
DA:91,0
DA:94,0
DA:96,0
DA:97,0
DA:98,0
DA:104,0
DA:105,0
DA:107,0
DA:108,0
DA:109,0
DA:110,0
DA:113,0
DA:114,0
DA:115,0
DA:117,0
DA:118,0
DA:121,0
DA:122,0
DA:126,0
DA:135,0
DA:143,0
DA:153,0
DA:154,0
DA:155,0
DA:156,0
DA:159,0
DA:160,0
DA:162,0
DA:164,0
DA:167,0
DA:171,0
DA:172,0
DA:174,0
DA:178,0
DA:180,0
DA:184,0
DA:185,0
DA:186,0
DA:190,0
DA:191,0
DA:192,0
DA:193,0
DA:197,0
DA:198,0
DA:199,0
DA:202,0
DA:203,0
DA:205,0
DA:206,0
DA:209,0
DA:217,0
DA:218,0
DA:219,0
DA:229,0
DA:230,0
DA:231,0
DA:232,0
DA:242,0
DA:243,0
DA:244,0
DA:245,0
DA:253,0
DA:254,0
DA:255,0
DA:256,0
DA:257,0
DA:258,0
DA:259,0
DA:261,0
DA:262,0
DA:266,0
LF:93
LH:0
BRDA:19,0,0,0
BRDA:35,1,0,0
BRDA:35,1,1,0
BRDA:35,2,0,0
BRDA:35,2,1,0
BRDA:38,3,0,0
BRDA:38,3,1,0
BRDA:39,4,0,0
BRDA:39,4,1,0
BRDA:41,5,0,0
BRDA:41,5,1,0
BRDA:58,6,0,0
BRDA:58,6,1,0
BRDA:62,7,0,0
BRDA:62,7,1,0
BRDA:77,8,0,0
BRDA:77,8,1,0
BRDA:97,9,0,0
BRDA:97,9,1,0
BRDA:107,10,0,0
BRDA:107,10,1,0
BRDA:107,11,0,0
BRDA:107,11,1,0
BRDA:162,12,0,0
BRDA:162,12,1,0
BRDA:171,13,0,0
BRDA:171,13,1,0
BRDA:190,14,0,0
BRDA:190,14,1,0
BRDA:229,15,0,0
BRDA:229,15,1,0
BRDA:231,16,0,0
BRDA:231,16,1,0
BRDA:242,17,0,0
BRDA:242,17,1,0
BRDA:244,18,0,0
BRDA:244,18,1,0
BRF:37
BRH:0
end_of_record
TN:
SF:src\core\powerflow\opf\constraints.js
FN:15,powerBalanceMismatch
FN:16,(anonymous_1)
FN:17,(anonymous_2)
FN:27,enforcePowerBalance
FN:28,(anonymous_4)
FN:29,(anonymous_5)
FN:48,checkGenerationLimits
FN:51,(anonymous_7)
FN:86,checkVoltageLimits
FN:89,(anonymous_9)
FN:125,checkLineFlowLimits
FN:128,(anonymous_11)
FN:152,calculatePenalty
FN:156,(anonymous_13)
FN:172,checkAllConstraints
FN:183,(anonymous_15)
FN:185,(anonymous_16)
FNF:17
FNH:0
FNDA:0,powerBalanceMismatch
FNDA:0,(anonymous_1)
FNDA:0,(anonymous_2)
FNDA:0,enforcePowerBalance
FNDA:0,(anonymous_4)
FNDA:0,(anonymous_5)
FNDA:0,checkGenerationLimits
FNDA:0,(anonymous_7)
FNDA:0,checkVoltageLimits
FNDA:0,(anonymous_9)
FNDA:0,checkLineFlowLimits
FNDA:0,(anonymous_11)
FNDA:0,calculatePenalty
FNDA:0,(anonymous_13)
FNDA:0,checkAllConstraints
FNDA:0,(anonymous_15)
FNDA:0,(anonymous_16)
DA:16,0
DA:17,0
DA:18,0
DA:28,0
DA:29,0
DA:31,0
DA:34,0
DA:35,0
DA:36,0
DA:49,0
DA:51,0
DA:52,0
DA:53,0
DA:62,0
DA:63,0
DA:73,0
DA:87,0
DA:89,0
DA:90,0
DA:92,0
DA:93,0
DA:102,0
DA:103,0
DA:113,0
DA:126,0
DA:128,0
DA:129,0
DA:130,0
DA:140,0
DA:153,0
DA:155,0
DA:156,0
DA:157,0
DA:161,0
DA:173,0
DA:176,0
DA:179,0
DA:182,0
DA:183,0
DA:184,0
DA:185,0
DA:186,0
DA:189,0
DA:195,0
DA:205,0
LF:45
LH:0
BRDA:34,0,0,0
BRDA:34,0,1,0
BRDA:52,1,0,0
BRDA:52,1,1,0
BRDA:62,2,0,0
BRDA:62,2,1,0
BRDA:86,3,0,0
BRDA:86,4,0,0
BRDA:92,5,0,0
BRDA:92,5,1,0
BRDA:102,6,0,0
BRDA:102,6,1,0
BRDA:129,7,0,0
BRDA:129,7,1,0
BRDA:152,8,0,0
BRDA:155,9,0,0
BRDA:155,9,1,0
BRDA:172,10,0,0
BRDA:173,11,0,0
BRDA:173,12,0,0
BRDA:173,13,0,0
BRDA:183,14,0,0
BRDA:183,14,1,0
BRDA:183,15,0,0
BRDA:183,15,1,0
BRF:25
BRH:0
end_of_record
TN:
SF:src\core\powerflow\opf\generator.js
FN:24,(anonymous_0)
FN:47,(anonymous_1)
FN:57,(anonymous_2)
FN:67,(anonymous_3)
FN:76,(anonymous_4)
FN:84,(anonymous_5)
FN:101,(anonymous_6)
FNF:7
FNH:0
FNDA:0,(anonymous_0)
FNDA:0,(anonymous_1)
FNDA:0,(anonymous_2)
FNDA:0,(anonymous_3)
FNDA:0,(anonymous_4)
FNDA:0,(anonymous_5)
FNDA:0,(anonymous_6)
DA:25,0
DA:26,0
DA:27,0
DA:28,0
DA:31,0
DA:38,0
DA:39,0
DA:48,0
DA:49,0
DA:58,0
DA:59,0
DA:68,0
DA:69,0
DA:77,0
DA:85,0
DA:102,0
DA:103,0
DA:107,0
LF:18
LH:0
BRDA:32,0,0,0
BRDA:32,0,1,0
BRDA:33,1,0,0
BRDA:33,1,1,0
BRDA:34,2,0,0
BRDA:34,2,1,0
BRDA:47,3,0,0
BRDA:57,4,0,0
BRDA:77,5,0,0
BRDA:77,5,1,0
BRF:10
BRH:0
end_of_record
TN:
SF:src\core\powerflow\opf\objective.js
FN:13,totalCost
FN:14,(anonymous_1)
FN:24,costGradient
FN:25,(anonymous_3)
FN:35,costHessian
FN:39,(anonymous_5)
FN:55,incrementalCost
FN:73,isConvex
FN:74,(anonymous_8)
FN:83,costReduction
FNF:10
FNH:0
FNDA:0,totalCost
FNDA:0,(anonymous_1)
FNDA:0,costGradient
FNDA:0,(anonymous_3)
FNDA:0,costHessian
FNDA:0,(anonymous_5)
FNDA:0,incrementalCost
FNDA:0,isConvex
FNDA:0,(anonymous_8)
FNDA:0,costReduction
DA:14,0
DA:15,0
DA:25,0
DA:26,0
DA:36,0
DA:37,0
DA:39,0
DA:41,0
DA:43,0
DA:46,0
DA:56,0
DA:58,0
DA:59,0
DA:60,0
DA:61,0
DA:62,0
DA:65,0
DA:74,0
DA:84,0
DA:87,0
DA:88,0
DA:89,0
DA:90,0
DA:91,0
DA:94,0
DA:97,0
LF:26
LH:0
BRF:0
BRH:0
end_of_record
TN:
SF:src\core\powerflow\opf\solver.js
FN:24,(anonymous_0)
FN:37,(anonymous_1)
FN:61,(anonymous_2)
FN:65,(anonymous_3)
FN:66,(anonymous_4)
FN:84,(anonymous_5)
FN:89,(anonymous_6)
FN:93,(anonymous_7)
FN:96,(anonymous_8)
FN:125,(anonymous_9)
FN:133,(anonymous_10)
FN:134,(anonymous_11)
FN:134,(anonymous_12)
FN:135,(anonymous_13)
FN:136,(anonymous_14)
FN:158,(anonymous_15)
FN:180,(anonymous_16)
FN:181,(anonymous_17)
FN:192,(anonymous_18)
FN:193,(anonymous_19)
FN:194,(anonymous_20)
FN:207,(anonymous_21)
FN:239,(anonymous_22)
FN:241,(anonymous_23)
FN:242,(anonymous_24)
FN:243,(anonymous_25)
FN:244,(anonymous_26)
FN:265,(anonymous_27)
FN:295,(anonymous_28)
FN:297,(anonymous_29)
FNF:30
FNH:0
FNDA:0,(anonymous_0)
FNDA:0,(anonymous_1)
FNDA:0,(anonymous_2)
FNDA:0,(anonymous_3)
FNDA:0,(anonymous_4)
FNDA:0,(anonymous_5)
FNDA:0,(anonymous_6)
FNDA:0,(anonymous_7)
FNDA:0,(anonymous_8)
FNDA:0,(anonymous_9)
FNDA:0,(anonymous_10)
FNDA:0,(anonymous_11)
FNDA:0,(anonymous_12)
FNDA:0,(anonymous_13)
FNDA:0,(anonymous_14)
FNDA:0,(anonymous_15)
FNDA:0,(anonymous_16)
FNDA:0,(anonymous_17)
FNDA:0,(anonymous_18)
FNDA:0,(anonymous_19)
FNDA:0,(anonymous_20)
FNDA:0,(anonymous_21)
FNDA:0,(anonymous_22)
FNDA:0,(anonymous_23)
FNDA:0,(anonymous_24)
FNDA:0,(anonymous_25)
FNDA:0,(anonymous_26)
FNDA:0,(anonymous_27)
FNDA:0,(anonymous_28)
FNDA:0,(anonymous_29)
DA:9,0
DA:10,0
DA:11,0
DA:16,0
DA:17,0
DA:25,0
DA:26,0
DA:36,0
DA:37,0
DA:38,0
DA:39,0
DA:52,0
DA:53,0
DA:54,0
DA:62,0
DA:65,0
DA:66,0
DA:67,0
DA:68,0
DA:72,0
DA:73,0
DA:75,0
DA:85,0
DA:86,0
DA:89,0
DA:93,0
DA:96,0
DA:100,0
DA:101,0
DA:103,0
DA:108,0
DA:109,0
DA:110,0
DA:111,0
DA:112,0
DA:113,0
DA:117,0
DA:126,0
DA:127,0
DA:130,0
DA:133,0
DA:134,0
DA:135,0
DA:136,0
DA:138,0
DA:139,0
DA:142,0
DA:143,0
DA:144,0
DA:145,0
DA:146,0
DA:150,0
DA:159,0
DA:160,0
DA:163,0
DA:164,0
DA:166,0
DA:169,0
DA:170,0
DA:173,0
DA:181,0
DA:182,0
DA:193,0
DA:194,0
DA:197,0
DA:208,0
DA:218,0
DA:220,0
DA:222,0
DA:225,0
DA:228,0
DA:231,0
DA:232,0
DA:233,0
DA:234,0
DA:238,0
DA:239,0
DA:240,0
DA:241,0
DA:242,0
DA:243,0
DA:244,0
DA:245,0
DA:248,0
DA:249,0
DA:250,0
DA:257,0
DA:261,0
DA:264,0
DA:265,0
DA:273,0
DA:274,0
DA:282,0
DA:286,0
DA:288,0
DA:296,0
DA:297,0
DA:305,0
LF:98
LH:0
BRDA:24,0,0,0
BRDA:38,1,0,0
BRDA:38,1,1,0
BRDA:38,2,0,0
BRDA:38,2,1,0
BRDA:42,3,0,0
BRDA:42,3,1,0
BRDA:43,4,0,0
BRDA:43,4,1,0
BRDA:44,5,0,0
BRDA:44,5,1,0
BRDA:67,6,0,0
BRDA:67,6,1,0
BRDA:72,7,0,0
BRDA:72,7,1,0
BRDA:103,8,0,0
BRDA:103,8,1,0
BRDA:110,9,0,0
BRDA:110,9,1,0
BRDA:112,10,0,0
BRDA:112,10,1,0
BRDA:143,11,0,0
BRDA:143,11,1,0
BRDA:145,12,0,0
BRDA:145,12,1,0
BRDA:198,13,0,0
BRDA:198,13,1,0
BRDA:231,14,0,0
BRDA:231,14,1,0
BRDA:238,15,0,0
BRDA:238,15,1,0
BRDA:248,16,0,0
BRDA:248,16,1,0
BRDA:283,17,0,0
BRDA:283,17,1,0
BRF:35
BRH:0
end_of_record
TN:
SF:src\core\powerflow\opf\scopf\contingencyGenerator.js
FN:13,generateN1Contingencies
FN:17,(anonymous_1)
FN:29,(anonymous_2)
FN:51,applyContingency
FN:56,(anonymous_4)
FN:61,(anonymous_5)
FN:77,generateRankedContingencies
FN:87,(anonymous_7)
FN:111,(anonymous_8)
FN:131,(anonymous_9)
FN:141,filterContingencies
FN:144,(anonymous_11)
FNF:12
FNH:0
FNDA:0,generateN1Contingencies
FNDA:0,(anonymous_1)
FNDA:0,(anonymous_2)
FNDA:0,applyContingency
FNDA:0,(anonymous_4)
FNDA:0,(anonymous_5)
FNDA:0,generateRankedContingencies
FNDA:0,(anonymous_7)
FNDA:0,(anonymous_8)
FNDA:0,(anonymous_9)
FNDA:0,filterContingencies
FNDA:0,(anonymous_11)
DA:14,0
DA:17,0
DA:18,0
DA:29,0
DA:30,0
DA:32,0
DA:42,0
DA:52,0
DA:54,0
DA:56,0
DA:59,0
DA:61,0
DA:62,0
DA:63,0
DA:64,0
DA:68,0
DA:82,0
DA:84,0
DA:86,0
DA:87,0
DA:89,0
DA:91,0
DA:97,0
DA:110,0
DA:111,0
DA:112,0
DA:114,0
DA:116,0
DA:130,0
DA:131,0
DA:142,0
DA:144,0
DA:145,0
DA:146,0
DA:148,0
DA:149,0
DA:150,0
DA:152,0
DA:156,0
LF:39
LH:0
BRDA:30,0,0,0
BRDA:30,0,1,0
BRDA:30,1,0,0
BRDA:30,1,1,0
BRDA:54,2,0,0
BRDA:54,2,1,0
BRDA:59,3,0,0
BRDA:59,3,1,0
BRDA:62,4,0,0
BRDA:62,4,1,0
BRDA:77,5,0,0
BRDA:79,6,0,0
BRDA:80,7,0,0
BRDA:81,8,0,0
BRDA:86,9,0,0
BRDA:86,9,1,0
BRDA:89,10,0,0
BRDA:89,10,1,0
BRDA:91,11,0,0
BRDA:91,11,1,0
BRDA:93,12,0,0
BRDA:93,12,1,0
BRDA:105,13,0,0
BRDA:105,13,1,0
BRDA:105,14,0,0
BRDA:105,14,1,0
BRDA:110,15,0,0
BRDA:110,15,1,0
BRDA:112,16,0,0
BRDA:112,16,1,0
BRDA:114,17,0,0
BRDA:114,17,1,0
BRDA:114,18,0,0
BRDA:114,18,1,0
BRDA:123,19,0,0
BRDA:123,19,1,0
BRDA:123,20,0,0
BRDA:123,20,1,0
BRDA:141,21,0,0
BRDA:142,22,0,0
BRDA:142,23,0,0
BRDA:142,24,0,0
BRDA:145,25,0,0
BRDA:145,25,1,0
BRDA:145,26,0,0
BRDA:145,26,1,0
BRDA:146,27,0,0
BRDA:146,27,1,0
BRDA:146,28,0,0
BRDA:146,28,1,0
BRDA:149,29,0,0
BRDA:149,29,1,0
BRDA:150,30,0,0
BRDA:150,30,1,0
BRF:54
BRH:0
end_of_record
TN:
SF:src\core\powerflow\opf\scopf\scopfSolver.js
FN:21,(anonymous_0)
FN:58,(anonymous_1)
FN:157,(anonymous_2)
FN:161,(anonymous_3)
FN:189,(anonymous_4)
FN:194,(anonymous_5)
FN:197,(anonymous_6)
FN:222,(anonymous_7)
FN:226,(anonymous_8)
FN:229,(anonymous_9)
FN:240,(anonymous_10)
FN:262,(anonymous_11)
FN:264,(anonymous_12)
FN:282,(anonymous_13)
FN:284,(anonymous_14)
FN:286,(anonymous_15)
FN:303,(anonymous_16)
FNF:17
FNH:0
FNDA:0,(anonymous_0)
FNDA:0,(anonymous_1)
FNDA:0,(anonymous_2)
FNDA:0,(anonymous_3)
FNDA:0,(anonymous_4)
FNDA:0,(anonymous_5)
FNDA:0,(anonymous_6)
FNDA:0,(anonymous_7)
FNDA:0,(anonymous_8)
FNDA:0,(anonymous_9)
FNDA:0,(anonymous_10)
FNDA:0,(anonymous_11)
FNDA:0,(anonymous_12)
FNDA:0,(anonymous_13)
FNDA:0,(anonymous_14)
FNDA:0,(anonymous_15)
FNDA:0,(anonymous_16)
DA:9,0
DA:13,0
DA:14,0
DA:22,0
DA:23,0
DA:38,0
DA:47,0
DA:49,0
DA:60,0
DA:62,0
DA:80,0
DA:81,0
DA:82,0
DA:83,0
DA:85,0
DA:87,0
DA:88,0
DA:93,0
DA:94,0
DA:108,0
DA:109,0
DA:110,0
DA:111,0
DA:113,0
DA:115,0
DA:116,0
DA:117,0
DA:118,0
DA:123,0
DA:124,0
DA:131,0
DA:132,0
DA:136,0
DA:137,0
DA:138,0
DA:139,0
DA:142,0
DA:146,0
DA:148,0
DA:158,0
DA:161,0
DA:162,0
DA:164,0
DA:170,0
DA:172,0
DA:181,0
DA:191,0
DA:194,0
DA:195,0
DA:196,0
DA:197,0
DA:199,0
DA:200,0
DA:201,0
DA:207,0
DA:215,0
DA:223,0
DA:226,0
DA:229,0
DA:241,0
DA:244,0
DA:246,0
DA:263,0
DA:264,0
DA:265,0
DA:266,0
DA:270,0
DA:273,0
DA:283,0
DA:284,0
DA:285,0
DA:286,0
DA:287,0
DA:291,0
DA:295,0
DA:304,0
DA:305,0
DA:307,0
DA:308,0
DA:309,0
DA:310,0
DA:312,0
DA:316,0
LF:83
LH:0
BRDA:21,0,0,0
BRDA:85,1,0,0
BRDA:85,1,1,0
BRDA:113,2,0,0
BRDA:113,2,1,0
BRDA:143,3,0,0
BRDA:143,3,1,0
BRDA:162,4,0,0
BRDA:162,4,1,0
BRDA:170,5,0,0
BRDA:170,5,1,0
BRDA:195,6,0,0
BRDA:195,6,1,0
BRDA:199,7,0,0
BRDA:199,7,1,0
BRDA:266,8,0,0
BRDA:266,8,1,0
BRDA:267,9,0,0
BRDA:267,9,1,0
BRDA:285,10,0,0
BRDA:285,10,1,0
BRDA:285,11,0,0
BRDA:285,11,1,0
BRDA:287,12,0,0
BRDA:287,12,1,0
BRDA:288,13,0,0
BRDA:288,13,1,0
BRDA:307,14,0,0
BRDA:307,14,1,0
BRDA:307,15,0,0
BRDA:307,15,1,0
BRDA:309,16,0,0
BRDA:309,16,1,0
BRDA:309,17,0,0
BRDA:309,17,1,0
BRF:35
BRH:0
end_of_record
TN:
SF:src\core\powerflow\opf\scopf\securityConstraints.js
FN:19,evaluateSecurityConstraints
FN:58,(anonymous_1)
FN:59,(anonymous_2)
FN:71,evaluateContingency
FN:139,applyContingency
FN:145,(anonymous_5)
FN:149,(anonymous_6)
FN:164,updateSystemGeneration
FN:165,(anonymous_8)
FN:166,(anonymous_9)
FN:180,checkVoltageViolations
FN:183,(anonymous_11)
FN:219,checkLineFlowViolations
FN:227,(anonymous_13)
FN:228,(anonymous_14)
FN:258,checkGenerationViolations
FN:261,(anonymous_16)
FN:292,calculateLineFlows
FN:295,(anonymous_18)
FN:341,determineSeverity
FN:342,(anonymous_20)
FN:344,(anonymous_21)
FNF:22
FNH:0
FNDA:0,evaluateSecurityConstraints
FNDA:0,(anonymous_1)
FNDA:0,(anonymous_2)
FNDA:0,evaluateContingency
FNDA:0,applyContingency
FNDA:0,(anonymous_5)
FNDA:0,(anonymous_6)
FNDA:0,updateSystemGeneration
FNDA:0,(anonymous_8)
FNDA:0,(anonymous_9)
FNDA:0,checkVoltageViolations
FNDA:0,(anonymous_11)
FNDA:0,checkLineFlowViolations
FNDA:0,(anonymous_13)
FNDA:0,(anonymous_14)
FNDA:0,checkGenerationViolations
FNDA:0,(anonymous_16)
FNDA:0,calculateLineFlows
FNDA:0,(anonymous_18)
FNDA:0,determineSeverity
FNDA:0,(anonymous_20)
FNDA:0,(anonymous_21)
DA:8,0
DA:9,0
DA:32,0
DA:34,0
DA:35,0
DA:38,0
DA:39,0
DA:48,0
DA:49,0
DA:50,0
DA:54,0
DA:58,0
DA:59,0
DA:73,0
DA:76,0
DA:80,0
DA:90,0
DA:91,0
DA:101,0
DA:104,0
DA:111,0
DA:116,0
DA:122,0
DA:140,0
DA:142,0
DA:144,0
DA:145,0
DA:147,0
DA:149,0
DA:150,0
DA:151,0
DA:152,0
DA:156,0
DA:165,0
DA:166,0
DA:167,0
DA:168,0
DA:169,0
DA:181,0
DA:183,0
DA:184,0
DA:186,0
DA:187,0
DA:196,0
DA:197,0
DA:209,0
DA:220,0
DA:222,0
DA:224,0
DA:227,0
DA:228,0
DA:229,0
DA:230,0
DA:231,0
DA:233,0
DA:234,0
DA:249,0
DA:259,0
DA:261,0
DA:262,0
DA:263,0
DA:271,0
DA:272,0
DA:283,0
DA:293,0
DA:295,0
DA:296,0
DA:297,0
DA:299,0
DA:300,0
DA:301,0
DA:302,0
DA:303,0
DA:304,0
DA:307,0
DA:308,0
DA:319,0
DA:320,0
DA:322,0
DA:333,0
DA:342,0
DA:343,0
DA:344,0
DA:345,0
DA:347,0
DA:350,0
LF:86
LH:0
BRDA:23,0,0,0
BRDA:26,1,0,0
BRDA:27,2,0,0
BRDA:28,3,0,0
BRDA:29,4,0,0
BRDA:30,5,0,0
BRDA:31,6,0,0
BRDA:48,7,0,0
BRDA:48,7,1,0
BRDA:80,8,0,0
BRDA:80,8,1,0
BRDA:90,9,0,0
BRDA:90,9,1,0
BRDA:129,10,0,0
BRDA:129,10,1,0
BRDA:142,11,0,0
BRDA:142,11,1,0
BRDA:147,12,0,0
BRDA:147,12,1,0
BRDA:150,13,0,0
BRDA:150,13,1,0
BRDA:167,14,0,0
BRDA:167,14,1,0
BRDA:169,15,0,0
BRDA:169,15,1,0
BRDA:186,16,0,0
BRDA:186,16,1,0
BRDA:194,17,0,0
BRDA:194,17,1,0
BRDA:196,18,0,0
BRDA:196,18,1,0
BRDA:204,19,0,0
BRDA:204,19,1,0
BRDA:222,20,0,0
BRDA:222,20,1,0
BRDA:229,21,0,0
BRDA:229,21,1,0
BRDA:229,22,0,0
BRDA:229,22,1,0
BRDA:233,23,0,0
BRDA:233,23,1,0
BRDA:243,24,0,0
BRDA:243,24,1,0
BRDA:262,25,0,0
BRDA:262,25,1,0
BRDA:271,26,0,0
BRDA:271,26,1,0
BRDA:299,27,0,0
BRDA:299,27,1,0
BRDA:299,28,0,0
BRDA:299,28,1,0
BRDA:328,29,0,0
BRDA:328,29,1,0
BRDA:342,30,0,0
BRDA:342,30,1,0
BRDA:344,31,0,0
BRDA:344,31,1,0
BRF:57
BRH:0
end_of_record
TN:
SF:src\core\powerflow\solvers\fastDecoupled.js
FN:8,(anonymous_0)
FN:14,(anonymous_1)
FN:32,(anonymous_2)
FN:53,(anonymous_3)
FN:62,(anonymous_4)
FN:81,(anonymous_5)
FN:84,(anonymous_6)
FN:106,(anonymous_7)
FN:110,(anonymous_8)
FN:113,(anonymous_9)
FN:116,(anonymous_10)
FN:141,(anonymous_11)
FN:145,(anonymous_12)
FN:162,(anonymous_13)
FN:165,(anonymous_14)
FN:173,(anonymous_15)
FN:176,(anonymous_16)
FN:184,(anonymous_17)
FN:187,(anonymous_18)
FN:196,(anonymous_19)
FN:199,(anonymous_20)
FN:211,(anonymous_21)
FN:212,(anonymous_22)
FN:223,(anonymous_23)
FN:226,(anonymous_24)
FN:246,(anonymous_25)
FN:254,(anonymous_26)
FN:255,(anonymous_27)
FN:262,(anonymous_28)
FN:264,(anonymous_29)
FN:265,(anonymous_30)
FN:272,(anonymous_31)
FN:273,(anonymous_32)
FNF:33
FNH:0
FNDA:0,(anonymous_0)
FNDA:0,(anonymous_1)
FNDA:0,(anonymous_2)
FNDA:0,(anonymous_3)
FNDA:0,(anonymous_4)
FNDA:0,(anonymous_5)
FNDA:0,(anonymous_6)
FNDA:0,(anonymous_7)
FNDA:0,(anonymous_8)
FNDA:0,(anonymous_9)
FNDA:0,(anonymous_10)
FNDA:0,(anonymous_11)
FNDA:0,(anonymous_12)
FNDA:0,(anonymous_13)
FNDA:0,(anonymous_14)
FNDA:0,(anonymous_15)
FNDA:0,(anonymous_16)
FNDA:0,(anonymous_17)
FNDA:0,(anonymous_18)
FNDA:0,(anonymous_19)
FNDA:0,(anonymous_20)
FNDA:0,(anonymous_21)
FNDA:0,(anonymous_22)
FNDA:0,(anonymous_23)
FNDA:0,(anonymous_24)
FNDA:0,(anonymous_25)
FNDA:0,(anonymous_26)
FNDA:0,(anonymous_27)
FNDA:0,(anonymous_28)
FNDA:0,(anonymous_29)
FNDA:0,(anonymous_30)
FNDA:0,(anonymous_31)
FNDA:0,(anonymous_32)
DA:9,0
DA:10,0
DA:11,0
DA:15,0
DA:18,0
DA:21,0
DA:23,0
DA:24,0
DA:25,0
DA:27,0
DA:29,0
DA:32,0
DA:33,0
DA:35,0
DA:37,0
DA:38,0
DA:40,0
DA:44,0
DA:55,0
DA:63,0
DA:65,0
DA:66,0
DA:69,0
DA:70,0
DA:72,0
DA:82,0
DA:84,0
DA:85,0
DA:86,0
DA:90,0
DA:91,0
DA:96,0
DA:103,0
DA:107,0
DA:108,0
DA:110,0
DA:111,0
DA:113,0
DA:116,0
DA:117,0
DA:118,0
DA:121,0
DA:127,0
DA:128,0
DA:129,0
DA:130,0
DA:132,0
DA:133,0
DA:134,0
DA:135,0
DA:138,0
DA:142,0
DA:143,0
DA:145,0
DA:146,0
DA:148,0
DA:149,0
DA:151,0
DA:153,0
DA:154,0
DA:159,0
DA:164,0
DA:165,0
DA:166,0
DA:167,0
DA:170,0
DA:175,0
DA:176,0
DA:177,0
DA:178,0
DA:181,0
DA:185,0
DA:187,0
DA:188,0
DA:189,0
DA:191,0
DA:197,0
DA:199,0
DA:200,0
DA:201,0
DA:202,0
DA:203,0
DA:204,0
DA:206,0
DA:212,0
DA:224,0
DA:226,0
DA:227,0
DA:228,0
DA:230,0
DA:231,0
DA:233,0
DA:243,0
DA:247,0
DA:255,0
DA:263,0
DA:264,0
DA:265,0
DA:273,0
DA:274,0
DA:275,0
DA:280,2
LF:102
LH:1
BRDA:8,0,0,0
BRDA:9,1,0,0
BRDA:9,1,1,0
BRDA:10,2,0,0
BRDA:10,2,1,0
BRDA:11,3,0,0
BRDA:11,3,1,0
BRDA:14,4,0,0
BRDA:27,5,0,0
BRDA:27,5,1,0
BRDA:35,6,0,0
BRDA:35,6,1,0
BRDA:62,7,0,0
BRDA:65,8,0,0
BRDA:65,8,1,0
BRDA:85,9,0,0
BRDA:85,9,1,0
BRDA:87,10,0,0
BRDA:87,10,1,0
BRDA:88,11,0,0
BRDA:88,11,1,0
BRDA:90,12,0,0
BRDA:90,12,1,0
BRDA:92,13,0,0
BRDA:92,13,1,0
BRDA:148,14,0,0
BRDA:148,14,1,0
BRDA:153,15,0,0
BRDA:153,15,1,0
BRDA:166,16,0,0
BRDA:166,16,1,0
BRDA:166,17,0,0
BRDA:166,17,1,0
BRDA:177,18,0,0
BRDA:177,18,1,0
BRDA:177,19,0,0
BRDA:177,19,1,0
BRDA:188,20,0,0
BRDA:188,20,1,0
BRDA:188,21,0,0
BRDA:188,21,1,0
BRDA:200,22,0,0
BRDA:200,22,1,0
BRDA:202,23,0,0
BRDA:202,23,1,0
BRDA:257,24,0,0
BRDA:257,24,1,0
BRDA:258,25,0,0
BRDA:258,25,1,0
BRDA:264,26,0,0
BRDA:264,26,1,0
BRDA:267,27,0,0
BRDA:267,27,1,0
BRDA:275,28,0,0
BRDA:275,28,1,0
BRF:55
BRH:0
end_of_record
TN:
SF:src\core\powerflow\solvers\newtonRaphson.js
FN:8,(anonymous_0)
FN:14,(anonymous_1)
FN:23,(anonymous_2)
FN:29,(anonymous_3)
FN:50,(anonymous_4)
FN:84,(anonymous_5)
FN:104,(anonymous_6)
FN:130,(anonymous_7)
FN:133,(anonymous_8)
FN:156,(anonymous_9)
FN:160,(anonymous_10)
FN:163,(anonymous_11)
FN:167,(anonymous_12)
FN:188,(anonymous_13)
FN:197,(anonymous_14)
FN:201,(anonymous_15)
FN:207,(anonymous_16)
FN:231,(anonymous_17)
FN:236,(anonymous_18)
FN:257,(anonymous_19)
FN:260,(anonymous_20)
FN:297,(anonymous_21)
FN:300,(anonymous_22)
FN:313,(anonymous_23)
FN:314,(anonymous_24)
FN:322,(anonymous_25)
FN:327,(anonymous_26)
FN:328,(anonymous_27)
FN:330,(anonymous_28)
FN:371,(anonymous_29)
FN:379,(anonymous_30)
FN:381,(anonymous_31)
FN:390,(anonymous_32)
FN:399,(anonymous_33)
FN:406,(anonymous_34)
FN:413,(anonymous_35)
FN:420,(anonymous_36)
FN:427,(anonymous_37)
FN:434,(anonymous_38)
FN:442,(anonymous_39)
FN:443,(anonymous_40)
FN:450,(anonymous_41)
FN:455,(anonymous_42)
FN:458,(anonymous_43)
FN:459,(anonymous_44)
FN:466,(anonymous_45)
FN:467,(anonymous_46)
FN:473,(anonymous_47)
FNF:48
FNH:44
FNDA:26,(anonymous_0)
FNDA:106,(anonymous_1)
FNDA:6173,(anonymous_2)
FNDA:3549,(anonymous_3)
FNDA:125580,(anonymous_4)
FNDA:2,(anonymous_5)
FNDA:1,(anonymous_6)
FNDA:105,(anonymous_7)
FNDA:3546,(anonymous_8)
FNDA:107,(anonymous_9)
FNDA:3550,(anonymous_10)
FNDA:188052,(anonymous_11)
FNDA:6174,(anonymous_12)
FNDA:3550,(anonymous_13)
FNDA:2100,(anonymous_14)
FNDA:70920,(anonymous_15)
FNDA:3760880,(anonymous_16)
FNDA:2100,(anonymous_17)
FNDA:125580,(anonymous_18)
FNDA:2100,(anonymous_19)
FNDA:125580,(anonymous_20)
FNDA:2100,(anonymous_21)
FNDA:70920,(anonymous_22)
FNDA:105,(anonymous_23)
FNDA:3546,(anonymous_24)
FNDA:105,(anonymous_25)
FNDA:3546,(anonymous_26)
FNDA:2839,(anonymous_27)
FNDA:6172,(anonymous_28)
FNDA:0,(anonymous_29)
FNDA:2100,(anonymous_30)
FNDA:70920,(anonymous_31)
FNDA:6174,(anonymous_32)
FNDA:3847690,(anonymous_33)
FNDA:3785576,(anonymous_34)
FNDA:6172,(anonymous_35)
FNDA:7546452,(anonymous_36)
FNDA:6172,(anonymous_37)
FNDA:2,(anonymous_38)
FNDA:0,(anonymous_39)
FNDA:0,(anonymous_40)
FNDA:0,(anonymous_41)
FNDA:1,(anonymous_42)
FNDA:3,(anonymous_43)
FNDA:2,(anonymous_44)
FNDA:1,(anonymous_45)
FNDA:2,(anonymous_46)
FNDA:6172,(anonymous_47)
DA:9,26
DA:10,26
DA:11,26
DA:15,106
DA:22,106
DA:23,106
DA:24,6173
DA:25,6173
DA:28,106
DA:29,3549
DA:31,106
DA:32,1
DA:36,105
DA:39,105
DA:41,105
DA:42,105
DA:43,105
DA:45,105
DA:47,2100
DA:50,125580
DA:51,2100
DA:53,2100
DA:55,2100
DA:58,2100
DA:61,2100
DA:63,2100
DA:68,105
DA:69,105
DA:70,105
DA:71,105
DA:74,105
DA:86,2
DA:87,2
DA:90,2
DA:93,2
DA:101,2
DA:106,1
DA:109,1
DA:115,1
DA:119,1
DA:121,1
DA:131,105
DA:133,105
DA:134,3546
DA:135,106
DA:139,3440
DA:140,601
DA:146,2839
DA:153,105
DA:157,107
DA:158,107
DA:161,3550
DA:163,188052
DA:167,107
DA:168,6174
DA:169,6174
DA:170,6174
DA:173,6174
DA:177,6174
DA:183,6174
DA:184,6174
DA:188,107
DA:189,3550
DA:190,0
DA:194,107
DA:198,2100
DA:199,2100
DA:201,2100
DA:202,70920
DA:203,70920
DA:206,70920
DA:207,70920
DA:208,3760880
DA:209,3760880
DA:210,3760880
DA:211,3760880
DA:215,70920
DA:217,70920
DA:219,56780
DA:220,56780
DA:221,14140
DA:223,12020
DA:228,2100
DA:232,2100
DA:233,2100
DA:234,2100
DA:236,125580
DA:244,2100
DA:245,125580
DA:246,12004180
DA:247,125580
DA:249,11878600
DA:254,2100
DA:259,2100
DA:260,125580
DA:263,2100
DA:265,125580
DA:266,125580
DA:267,5939300
DA:268,0
DA:273,125580
DA:276,125580
DA:277,5939300
DA:278,5939300
DA:279,656703580
DA:285,2100
DA:286,2100
DA:287,125580
DA:288,125580
DA:289,5939300
DA:291,125580
DA:294,2100
DA:298,2100
DA:300,2100
DA:301,70920
DA:303,56780
DA:304,56780
DA:305,14140
DA:307,12020
DA:314,3546
DA:323,105
DA:326,105
DA:327,3546
DA:328,2839
DA:330,105
DA:331,6172
DA:332,6172
DA:334,6172
DA:335,6172
DA:337,6172
DA:341,6172
DA:346,6172
DA:347,6172
DA:351,6172
DA:355,6172
DA:357,6172
DA:367,105
DA:372,0
DA:380,2100
DA:381,2100
DA:382,70920
DA:383,56780
DA:384,14140
DA:387,2100
DA:391,6174
DA:392,6174
DA:393,6174
DA:400,3847690
DA:407,3785576
DA:414,6172
DA:421,7546452
DA:428,6172
DA:436,2
DA:443,0
DA:452,0
DA:457,1
DA:458,3
DA:459,2
DA:467,1
DA:468,2
DA:469,2
DA:475,6172
DA:479,2
LF:163
LH:158
BRDA:8,0,0,0
BRDA:9,1,0,26
BRDA:9,1,1,26
BRDA:10,2,0,26
BRDA:10,2,1,26
BRDA:11,3,0,26
BRDA:11,3,1,26
BRDA:14,4,0,0
BRDA:16,5,0,106
BRDA:16,5,1,1
BRDA:17,6,0,106
BRDA:17,6,1,1
BRDA:18,7,0,106
BRDA:18,7,1,106
BRDA:31,8,0,1
BRDA:31,8,1,105
BRDA:45,9,0,2205
BRDA:45,9,1,2100
BRDA:53,10,0,2100
BRDA:53,10,1,0
BRDA:68,11,0,105
BRDA:68,11,1,0
BRDA:68,12,0,105
BRDA:68,12,1,105
BRDA:87,13,0,2
BRDA:87,13,1,0
BRDA:104,14,0,0
BRDA:124,15,0,1
BRDA:124,15,1,0
BRDA:134,16,0,106
BRDA:134,16,1,3440
BRDA:136,17,0,106
BRDA:136,17,1,0
BRDA:137,18,0,106
BRDA:137,18,1,106
BRDA:139,19,0,601
BRDA:139,19,1,2839
BRDA:141,20,0,601
BRDA:141,20,1,0
BRDA:189,21,0,0
BRDA:189,21,1,3550
BRDA:217,22,0,56780
BRDA:217,22,1,14140
BRDA:221,23,0,12020
BRDA:221,23,1,2120
BRDA:246,24,0,125580
BRDA:246,24,1,11878600
BRDA:267,25,0,0
BRDA:267,25,1,5939300
BRDA:301,26,0,56780
BRDA:301,26,1,14140
BRDA:305,27,0,12020
BRDA:305,27,1,2120
BRDA:316,28,0,3546
BRDA:316,28,1,2839
BRDA:317,29,0,3546
BRDA:317,29,1,3546
BRDA:318,30,0,3546
BRDA:318,30,1,2839
BRDA:318,31,0,3546
BRDA:318,31,1,3546
BRDA:328,32,0,2839
BRDA:328,32,1,0
BRDA:338,33,0,6172
BRDA:338,33,1,4645
BRDA:339,34,0,6172
BRDA:339,34,1,6172
BRDA:342,35,0,6172
BRDA:342,35,1,5313
BRDA:343,36,0,6172
BRDA:343,36,1,6172
BRDA:346,37,0,6172
BRDA:346,37,1,0
BRDA:355,38,0,6172
BRDA:355,38,1,0
BRDA:361,39,0,6172
BRDA:361,39,1,6172
BRDA:362,40,0,6172
BRDA:362,40,1,6172
BRDA:382,41,0,56780
BRDA:382,41,1,14140
BRDA:384,42,0,12020
BRDA:384,42,1,2120
BRDA:445,43,0,0
BRDA:445,43,1,0
BRDA:446,44,0,0
BRDA:446,44,1,0
BRDA:458,45,0,3
BRDA:458,45,1,2
BRDA:461,46,0,2
BRDA:461,46,1,1
BRDA:469,47,0,2
BRDA:469,47,1,0
BRF:93
BRH:74
end_of_record
TN:
SF:src\core\powerflow\solvers\powerFlowSolver.js
FN:8,(anonymous_0)
FN:14,(anonymous_1)
FN:33,(anonymous_2)
FN:52,(anonymous_3)
FN:61,(anonymous_4)
FN:80,(anonymous_5)
FN:90,(anonymous_6)
FN:96,(anonymous_7)
FN:103,(anonymous_8)
FN:106,(anonymous_9)
FN:128,(anonymous_10)
FN:132,(anonymous_11)
FN:147,(anonymous_12)
FN:150,(anonymous_13)
FN:158,(anonymous_14)
FN:161,(anonymous_15)
FN:169,(anonymous_16)
FN:172,(anonymous_17)
FN:182,(anonymous_18)
FN:183,(anonymous_19)
FN:194,(anonymous_20)
FN:197,(anonymous_21)
FN:211,(anonymous_22)
FN:219,(anonymous_23)
FN:220,(anonymous_24)
FN:227,(anonymous_25)
FN:229,(anonymous_26)
FN:230,(anonymous_27)
FN:237,(anonymous_28)
FN:238,(anonymous_29)
FNF:30
FNH:0
FNDA:0,(anonymous_0)
FNDA:0,(anonymous_1)
FNDA:0,(anonymous_2)
FNDA:0,(anonymous_3)
FNDA:0,(anonymous_4)
FNDA:0,(anonymous_5)
FNDA:0,(anonymous_6)
FNDA:0,(anonymous_7)
FNDA:0,(anonymous_8)
FNDA:0,(anonymous_9)
FNDA:0,(anonymous_10)
FNDA:0,(anonymous_11)
FNDA:0,(anonymous_12)
FNDA:0,(anonymous_13)
FNDA:0,(anonymous_14)
FNDA:0,(anonymous_15)
FNDA:0,(anonymous_16)
FNDA:0,(anonymous_17)
FNDA:0,(anonymous_18)
FNDA:0,(anonymous_19)
FNDA:0,(anonymous_20)
FNDA:0,(anonymous_21)
FNDA:0,(anonymous_22)
FNDA:0,(anonymous_23)
FNDA:0,(anonymous_24)
FNDA:0,(anonymous_25)
FNDA:0,(anonymous_26)
FNDA:0,(anonymous_27)
FNDA:0,(anonymous_28)
FNDA:0,(anonymous_29)
DA:9,0
DA:10,0
DA:11,0
DA:15,0
DA:18,0
DA:21,0
DA:24,0
DA:25,0
DA:26,0
DA:28,0
DA:30,0
DA:33,0
DA:34,0
DA:36,0
DA:38,0
DA:39,0
DA:43,0
DA:54,0
DA:62,0
DA:64,0
DA:65,0
DA:68,0
DA:69,0
DA:71,0
DA:81,0
DA:82,0
DA:85,0
DA:86,0
DA:90,0
DA:91,0
DA:92,0
DA:96,0
DA:97,0
DA:98,0
DA:104,0
DA:106,0
DA:107,0
DA:108,0
DA:112,0
DA:113,0
DA:118,0
DA:125,0
DA:129,0
DA:130,0
DA:132,0
DA:133,0
DA:135,0
DA:136,0
DA:137,0
DA:139,0
DA:140,0
DA:144,0
DA:149,0
DA:150,0
DA:151,0
DA:152,0
DA:155,0
DA:160,0
DA:161,0
DA:162,0
DA:163,0
DA:166,0
DA:170,0
DA:172,0
DA:173,0
DA:174,0
DA:175,0
DA:176,0
DA:177,0
DA:183,0
DA:195,0
DA:197,0
DA:198,0
DA:208,0
DA:212,0
DA:220,0
DA:228,0
DA:229,0
DA:230,0
DA:238,0
DA:239,0
DA:240,0
DA:245,2
LF:83
LH:1
BRDA:8,0,0,0
BRDA:9,1,0,0
BRDA:9,1,1,0
BRDA:10,2,0,0
BRDA:10,2,1,0
BRDA:11,3,0,0
BRDA:11,3,1,0
BRDA:14,4,0,0
BRDA:28,5,0,0
BRDA:28,5,1,0
BRDA:36,6,0,0
BRDA:36,6,1,0
BRDA:61,7,0,0
BRDA:64,8,0,0
BRDA:64,8,1,0
BRDA:81,9,0,0
BRDA:81,9,1,0
BRDA:81,10,0,0
BRDA:81,10,1,0
BRDA:85,11,0,0
BRDA:85,11,1,0
BRDA:85,12,0,0
BRDA:85,12,1,0
BRDA:91,13,0,0
BRDA:91,13,1,0
BRDA:97,14,0,0
BRDA:97,14,1,0
BRDA:97,15,0,0
BRDA:97,15,1,0
BRDA:107,16,0,0
BRDA:107,16,1,0
BRDA:109,17,0,0
BRDA:109,17,1,0
BRDA:110,18,0,0
BRDA:110,18,1,0
BRDA:112,19,0,0
BRDA:112,19,1,0
BRDA:114,20,0,0
BRDA:114,20,1,0
BRDA:135,21,0,0
BRDA:135,21,1,0
BRDA:139,22,0,0
BRDA:139,22,1,0
BRDA:151,23,0,0
BRDA:151,23,1,0
BRDA:151,24,0,0
BRDA:151,24,1,0
BRDA:162,25,0,0
BRDA:162,25,1,0
BRDA:162,26,0,0
BRDA:162,26,1,0
BRDA:173,27,0,0
BRDA:173,27,1,0
BRDA:176,28,0,0
BRDA:176,28,1,0
BRDA:222,29,0,0
BRDA:222,29,1,0
BRDA:223,30,0,0
BRDA:223,30,1,0
BRDA:229,31,0,0
BRDA:229,31,1,0
BRDA:232,32,0,0
BRDA:232,32,1,0
BRDA:240,33,0,0
BRDA:240,33,1,0
BRF:65
BRH:0
end_of_record
TN:
SF:src\core\powerflow\stability\dynamicSimulator.js
FN:16,(anonymous_0)
FN:36,(anonymous_1)
FN:37,(anonymous_2)
FN:61,(anonymous_3)
FN:107,(anonymous_4)
FN:108,(anonymous_5)
FN:109,(anonymous_6)
FN:134,(anonymous_7)
FN:136,(anonymous_8)
FN:137,(anonymous_9)
FN:157,(anonymous_10)
FN:158,(anonymous_11)
FN:173,(anonymous_12)
FN:178,(anonymous_13)
FN:200,(anonymous_14)
FN:219,(anonymous_15)
FN:225,(anonymous_16)
FN:255,(anonymous_17)
FN:256,(anonymous_18)
FN:268,(anonymous_19)
FN:269,(anonymous_20)
FN:284,(anonymous_21)
FN:291,(anonymous_22)
FNF:23
FNH:0
FNDA:0,(anonymous_0)
FNDA:0,(anonymous_1)
FNDA:0,(anonymous_2)
FNDA:0,(anonymous_3)
FNDA:0,(anonymous_4)
FNDA:0,(anonymous_5)
FNDA:0,(anonymous_6)
FNDA:0,(anonymous_7)
FNDA:0,(anonymous_8)
FNDA:0,(anonymous_9)
FNDA:0,(anonymous_10)
FNDA:0,(anonymous_11)
FNDA:0,(anonymous_12)
FNDA:0,(anonymous_13)
FNDA:0,(anonymous_14)
FNDA:0,(anonymous_15)
FNDA:0,(anonymous_16)
FNDA:0,(anonymous_17)
FNDA:0,(anonymous_18)
FNDA:0,(anonymous_19)
FNDA:0,(anonymous_20)
FNDA:0,(anonymous_21)
FNDA:0,(anonymous_22)
DA:8,0
DA:9,0
DA:10,0
DA:17,0
DA:18,0
DA:29,0
DA:30,0
DA:37,0
DA:38,0
DA:39,0
DA:62,0
DA:74,0
DA:75,0
DA:78,0
DA:80,0
DA:82,0
DA:85,0
DA:87,0
DA:88,0
DA:89,0
DA:90,0
DA:94,0
DA:97,0
DA:98,0
DA:99,0
DA:100,0
DA:101,0
DA:102,0
DA:106,0
DA:107,0
DA:108,0
DA:109,0
DA:110,0
DA:112,0
DA:116,0
DA:119,0
DA:121,0
DA:126,0
DA:136,0
DA:137,0
DA:138,0
DA:139,0
DA:146,0
DA:158,0
DA:159,0
DA:160,0
DA:161,0
DA:162,0
DA:164,0
DA:174,0
DA:175,0
DA:176,0
DA:178,0
DA:180,0
DA:181,0
DA:184,0
DA:185,0
DA:188,0
DA:192,0
DA:196,0
DA:200,0
DA:220,0
DA:223,0
DA:225,0
DA:227,0
DA:230,0
DA:233,0
DA:234,0
DA:238,0
DA:239,0
DA:241,0
DA:243,0
DA:249,0
DA:256,0
DA:257,0
DA:258,0
DA:259,0
DA:260,0
DA:269,0
DA:285,0
DA:291,0
DA:292,0
DA:293,0
DA:295,0
DA:296,0
DA:298,0
DA:299,0
DA:301,0
DA:302,0
DA:312,0
DA:316,0
LF:91
LH:0
BRDA:16,0,0,0
BRDA:38,1,0,0
BRDA:38,1,1,0
BRDA:38,2,0,0
BRDA:38,2,1,0
BRDA:43,3,0,0
BRDA:43,3,1,0
BRDA:44,4,0,0
BRDA:44,4,1,0
BRDA:45,5,0,0
BRDA:45,5,1,0
BRDA:87,6,0,0
BRDA:87,6,1,0
BRDA:98,7,0,0
BRDA:98,7,1,0
BRDA:117,8,0,0
BRDA:117,8,1,0
BRDA:119,9,0,0
BRDA:119,9,1,0
BRDA:138,10,0,0
BRDA:138,10,1,0
BRDA:160,11,0,0
BRDA:160,11,1,0
BRDA:188,12,0,0
BRDA:188,12,1,0
BRDA:189,13,0,0
BRDA:189,13,1,0
BRDA:208,14,0,0
BRDA:208,14,1,0
BRDA:238,15,0,0
BRDA:238,15,1,0
BRDA:239,16,0,0
BRDA:239,16,1,0
BRDA:301,17,0,0
BRDA:301,17,1,0
BRDA:301,18,0,0
BRDA:301,18,1,0
BRF:37
BRH:0
end_of_record
TN:
SF:src\core\powerflow\stability\faultModel.js
FN:14,createThreePhaseFault
FN:19,(anonymous_1)
FN:27,(anonymous_2)
FN:46,clearFault
FN:50,(anonymous_4)
FN:57,(anonymous_5)
FN:76,generateFaultScenarios
FN:87,(anonymous_7)
FN:94,(anonymous_8)
FN:112,(anonymous_9)
FN:138,applyFaultAtTime
FN:152,calculateFaultCurrent
FN:154,(anonymous_12)
FN:173,getFaultStatus
FN:189,generateCriticalFaults
FN:200,(anonymous_15)
FN:201,(anonymous_16)
FN:204,(anonymous_17)
FN:219,(anonymous_18)
FN:220,(anonymous_19)
FN:223,(anonymous_20)
FNF:21
FNH:0
FNDA:0,createThreePhaseFault
FNDA:0,(anonymous_1)
FNDA:0,(anonymous_2)
FNDA:0,clearFault
FNDA:0,(anonymous_4)
FNDA:0,(anonymous_5)
FNDA:0,generateFaultScenarios
FNDA:0,(anonymous_7)
FNDA:0,(anonymous_8)
FNDA:0,(anonymous_9)
FNDA:0,applyFaultAtTime
FNDA:0,calculateFaultCurrent
FNDA:0,(anonymous_12)
FNDA:0,getFaultStatus
FNDA:0,generateCriticalFaults
FNDA:0,(anonymous_15)
FNDA:0,(anonymous_16)
FNDA:0,(anonymous_17)
FNDA:0,(anonymous_18)
FNDA:0,(anonymous_19)
FNDA:0,(anonymous_20)
DA:15,0
DA:17,0
DA:19,0
DA:20,0
DA:22,0
DA:23,0
DA:27,0
DA:28,0
DA:30,0
DA:31,0
DA:32,0
DA:37,0
DA:47,0
DA:50,0
DA:51,0
DA:52,0
DA:53,0
DA:57,0
DA:58,0
DA:59,0
DA:60,0
DA:61,0
DA:63,0
DA:67,0
DA:82,0
DA:84,0
DA:87,0
DA:88,0
DA:89,0
DA:92,0
DA:94,0
DA:95,0
DA:97,0
DA:110,0
DA:112,0
DA:113,0
DA:128,0
DA:139,0
DA:140,0
DA:142,0
DA:153,0
DA:154,0
DA:155,0
DA:157,0
DA:158,0
DA:160,0
DA:164,0
DA:174,0
DA:175,0
DA:176,0
DA:177,0
DA:179,0
DA:193,0
DA:195,0
DA:197,0
DA:199,0
DA:200,0
DA:201,0
DA:204,0
DA:205,0
DA:216,0
DA:218,0
DA:219,0
DA:220,0
DA:223,0
DA:224,0
DA:240,0
DA:243,0
LF:68
LH:0
BRDA:17,0,0,0
BRDA:17,0,1,0
BRDA:20,1,0,0
BRDA:20,1,1,0
BRDA:28,2,0,0
BRDA:28,2,1,0
BRDA:28,3,0,0
BRDA:28,3,1,0
BRDA:30,4,0,0
BRDA:30,4,1,0
BRDA:31,5,0,0
BRDA:31,5,1,0
BRDA:51,6,0,0
BRDA:51,6,1,0
BRDA:58,7,0,0
BRDA:58,7,1,0
BRDA:58,8,0,0
BRDA:58,8,1,0
BRDA:59,9,0,0
BRDA:59,9,1,0
BRDA:59,10,0,0
BRDA:59,10,1,0
BRDA:76,11,0,0
BRDA:78,12,0,0
BRDA:79,13,0,0
BRDA:80,14,0,0
BRDA:81,15,0,0
BRDA:92,16,0,0
BRDA:92,16,1,0
BRDA:92,17,0,0
BRDA:92,17,1,0
BRDA:95,18,0,0
BRDA:95,18,1,0
BRDA:95,19,0,0
BRDA:95,19,1,0
BRDA:110,20,0,0
BRDA:110,20,1,0
BRDA:110,21,0,0
BRDA:110,21,1,0
BRDA:139,22,0,0
BRDA:139,22,1,0
BRDA:139,23,0,0
BRDA:139,23,1,0
BRDA:153,24,0,0
BRDA:153,24,1,0
BRDA:155,25,0,0
BRDA:155,25,1,0
BRDA:174,26,0,0
BRDA:174,26,1,0
BRDA:176,27,0,0
BRDA:176,27,1,0
BRDA:176,28,0,0
BRDA:176,28,1,0
BRDA:189,29,0,0
BRDA:191,30,0,0
BRDA:192,31,0,0
BRDA:197,32,0,0
BRDA:197,32,1,0
BRDA:200,33,0,0
BRDA:200,33,1,0
BRDA:216,34,0,0
BRDA:216,34,1,0
BRDA:219,35,0,0
BRDA:219,35,1,0
BRF:64
BRH:0
end_of_record
TN:
SF:src\core\powerflow\stability\stabilityCriteria.js
FN:14,checkAngleStability
FN:24,(anonymous_1)
FN:57,checkSpeedStability
FN:69,(anonymous_3)
FN:104,checkEqualAreaCriterion
FN:115,(anonymous_5)
FN:171,checkKineticEnergy
FN:181,(anonymous_7)
FN:216,checkSystemStability
FN:280,(anonymous_9)
FN:301,calculateStabilityIndices
FNF:11
FNH:0
FNDA:0,checkAngleStability
FNDA:0,(anonymous_1)
FNDA:0,checkSpeedStability
FNDA:0,(anonymous_3)
FNDA:0,checkEqualAreaCriterion
FNDA:0,(anonymous_5)
FNDA:0,checkKineticEnergy
FNDA:0,(anonymous_7)
FNDA:0,checkSystemStability
FNDA:0,(anonymous_9)
FNDA:0,calculateStabilityIndices
DA:18,0
DA:20,0
DA:21,0
DA:22,0
DA:24,0
DA:25,0
DA:27,0
DA:28,0
DA:30,0
DA:31,0
DA:32,0
DA:42,0
DA:63,0
DA:65,0
DA:66,0
DA:67,0
DA:69,0
DA:70,0
DA:71,0
DA:73,0
DA:78,0
DA:79,0
DA:89,0
DA:108,0
DA:110,0
DA:111,0
DA:115,0
DA:116,0
DA:117,0
DA:121,0
DA:122,0
DA:123,0
DA:124,0
DA:125,0
DA:126,0
DA:127,0
DA:128,0
DA:131,0
DA:136,0
DA:137,0
DA:138,0
DA:139,0
DA:140,0
DA:141,0
DA:142,0
DA:143,0
DA:145,0
DA:149,0
DA:150,0
DA:152,0
DA:175,0
DA:177,0
DA:178,0
DA:179,0
DA:181,0
DA:183,0
DA:185,0
DA:187,0
DA:189,0
DA:190,0
DA:191,0
DA:201,0
DA:220,0
DA:222,0
DA:235,0
DA:236,0
DA:237,0
DA:238,0
DA:240,0
DA:241,0
DA:243,0
DA:244,0
DA:249,0
DA:250,0
DA:251,0
DA:252,0
DA:254,0
DA:255,0
DA:257,0
DA:258,0
DA:263,0
DA:264,0
DA:265,0
DA:266,0
DA:268,0
DA:269,0
DA:271,0
DA:272,0
DA:278,0
DA:279,0
DA:280,0
DA:281,0
DA:282,0
DA:283,0
DA:286,0
DA:289,0
DA:290,0
DA:293,0
DA:302,0
DA:310,0
DA:311,0
DA:312,0
DA:313,0
DA:314,0
DA:315,0
DA:317,0
DA:322,0
DA:325,0
DA:328,0
DA:329,0
DA:330,0
DA:332,0
DA:337,0
DA:340,0
LF:114
LH:0
BRDA:14,0,0,0
BRDA:16,1,0,0
BRDA:17,2,0,0
BRDA:25,3,0,0
BRDA:25,3,1,0
BRDA:30,4,0,0
BRDA:30,4,1,0
BRDA:57,5,0,0
BRDA:59,6,0,0
BRDA:60,7,0,0
BRDA:61,8,0,0
BRDA:62,9,0,0
BRDA:73,10,0,0
BRDA:73,10,1,0
BRDA:74,11,0,0
BRDA:74,11,1,0
BRDA:74,11,2,0
BRDA:104,12,0,0
BRDA:106,13,0,0
BRDA:107,14,0,0
BRDA:110,15,0,0
BRDA:110,15,1,0
BRDA:116,16,0,0
BRDA:116,16,1,0
BRDA:125,17,0,0
BRDA:125,17,1,0
BRDA:128,18,0,0
BRDA:128,18,1,0
BRDA:140,19,0,0
BRDA:140,19,1,0
BRDA:143,20,0,0
BRDA:143,20,1,0
BRDA:159,21,0,0
BRDA:159,21,1,0
BRDA:171,22,0,0
BRDA:173,23,0,0
BRDA:174,24,0,0
BRDA:185,25,0,0
BRDA:185,25,1,0
BRDA:189,26,0,0
BRDA:189,26,1,0
BRDA:196,27,0,0
BRDA:196,27,1,0
BRDA:216,28,0,0
BRDA:216,29,0,0
BRDA:218,30,0,0
BRDA:219,31,0,0
BRDA:235,32,0,0
BRDA:235,32,1,0
BRDA:237,33,0,0
BRDA:237,33,1,0
BRDA:249,34,0,0
BRDA:249,34,1,0
BRDA:251,35,0,0
BRDA:251,35,1,0
BRDA:263,36,0,0
BRDA:263,36,1,0
BRDA:265,37,0,0
BRDA:265,37,1,0
BRDA:281,38,0,0
BRDA:281,38,1,0
BRDA:289,39,0,0
BRDA:289,39,1,0
BRDA:310,40,0,0
BRDA:310,40,1,0
BRDA:312,41,0,0
BRDA:312,41,1,0
BRDA:314,42,0,0
BRDA:314,42,1,0
BRF:69
BRH:0
end_of_record
TN:
SF:src\core\powerflow\stability\swingEquation.js
FN:17,swingEquation
FN:37,calculateElectricalPower
FN:56,updateGeneratorState
FN:90,isGeneratorStable
FN:106,calculateCriticalClearingTime
FN:134,calculateDampingRatio
FNF:6
FNH:0
FNDA:0,swingEquation
FNDA:0,calculateElectricalPower
FNDA:0,updateGeneratorState
FNDA:0,isGeneratorStable
FNDA:0,calculateCriticalClearingTime
FNDA:0,calculateDampingRatio
DA:18,0
DA:19,0
DA:20,0
DA:23,0
DA:24,0
DA:26,0
DA:38,0
DA:39,0
DA:43,0
DA:45,0
DA:58,0
DA:59,0
DA:62,0
DA:65,0
DA:68,0
DA:69,0
DA:72,0
DA:73,0
DA:74,0
DA:76,0
DA:92,0
DA:93,0
DA:96,0
DA:107,0
DA:108,0
DA:112,0
DA:113,0
DA:115,0
DA:116,0
DA:118,0
DA:119,0
DA:122,0
DA:126,0
DA:135,0
DA:136,0
DA:137,0
DA:140,0
DA:143,0
DA:145,0
DA:148,0
LF:40
LH:0
BRDA:18,0,0,0
BRDA:18,0,1,0
BRDA:19,1,0,0
BRDA:19,1,1,0
BRDA:20,2,0,0
BRDA:20,2,1,0
BRDA:20,2,2,0
BRDA:38,3,0,0
BRDA:38,3,1,0
BRDA:39,4,0,0
BRDA:39,4,1,0
BRDA:58,5,0,0
BRDA:58,5,1,0
BRDA:59,6,0,0
BRDA:59,6,1,0
BRDA:93,7,0,0
BRDA:93,7,1,0
BRDA:96,8,0,0
BRDA:96,8,1,0
BRDA:107,9,0,0
BRDA:107,9,1,0
BRDA:108,10,0,0
BRDA:108,10,1,0
BRDA:108,10,2,0
BRDA:118,11,0,0
BRDA:118,11,1,0
BRDA:135,12,0,0
BRDA:135,12,1,0
BRDA:136,13,0,0
BRDA:136,13,1,0
BRDA:137,14,0,0
BRDA:137,14,1,0
BRF:32
BRH:0
end_of_record
TN:
SF:src\core\powerflow\stability\models\avr.js
FN:12,(anonymous_0)
FN:27,(anonymous_1)
FN:44,(anonymous_2)
FN:58,(anonymous_3)
FN:72,(anonymous_4)
FNF:5
FNH:0
FNDA:0,(anonymous_0)
FNDA:0,(anonymous_1)
FNDA:0,(anonymous_2)
FNDA:0,(anonymous_3)
FNDA:0,(anonymous_4)
DA:13,0
DA:14,0
DA:15,0
DA:16,0
DA:17,0
DA:18,0
DA:29,0
DA:32,0
DA:34,0
DA:45,0
DA:46,0
DA:49,0
DA:51,0
DA:59,0
DA:73,0
DA:77,0
LF:16
LH:0
BRDA:13,0,0,0
BRDA:13,0,1,0
BRDA:14,1,0,0
BRDA:14,1,1,0
BRDA:15,2,0,0
BRDA:15,2,1,0
BRDA:16,3,0,0
BRDA:16,3,1,0
BRDA:17,4,0,0
BRDA:17,4,1,0
BRDA:18,5,0,0
BRDA:18,5,1,0
BRF:12
BRH:0
end_of_record
TN:
SF:src\core\powerflow\stability\models\generatorModel.js
FN:12,(anonymous_0)
FN:73,(anonymous_1)
FN:106,(anonymous_2)
FN:131,(anonymous_3)
FN:156,(anonymous_4)
FN:180,(anonymous_5)
FN:193,(anonymous_6)
FN:205,(anonymous_7)
FN:218,(anonymous_8)
FN:249,(anonymous_9)
FN:271,(anonymous_10)
FN:286,(anonymous_11)
FNF:12
FNH:0
FNDA:0,(anonymous_0)
FNDA:0,(anonymous_1)
FNDA:0,(anonymous_2)
FNDA:0,(anonymous_3)
FNDA:0,(anonymous_4)
FNDA:0,(anonymous_5)
FNDA:0,(anonymous_6)
FNDA:0,(anonymous_7)
FNDA:0,(anonymous_8)
FNDA:0,(anonymous_9)
FNDA:0,(anonymous_10)
FNDA:0,(anonymous_11)
DA:13,0
DA:14,0
DA:17,0
DA:18,0
DA:19,0
DA:20,0
DA:21,0
DA:22,0
DA:23,0
DA:24,0
DA:27,0
DA:28,0
DA:29,0
DA:32,0
DA:33,0
DA:34,0
DA:37,0
DA:47,0
DA:57,0
DA:74,0
DA:75,0
DA:78,0
DA:79,0
DA:82,0
DA:83,0
DA:86,0
DA:87,0
DA:89,0
DA:107,0
DA:108,0
DA:111,0
DA:114,0
DA:117,0
DA:122,0
DA:132,0
DA:133,0
DA:136,0
DA:139,0
DA:142,0
DA:147,0
DA:157,0
DA:160,0
DA:163,0
DA:166,0
DA:169,0
DA:171,0
DA:182,0
DA:183,0
DA:195,0
DA:196,0
DA:207,0
DA:208,0
DA:220,0
DA:223,0
DA:224,0
DA:225,0
DA:228,0
DA:231,0
DA:242,0
DA:250,0
DA:272,0
DA:273,0
DA:274,0
DA:275,0
DA:276,0
DA:277,0
DA:278,0
DA:279,0
DA:287,0
DA:288,0
DA:290,0
DA:291,0
DA:293,0
DA:303,0
LF:74
LH:0
BRDA:17,0,0,0
BRDA:17,0,1,0
BRDA:18,1,0,0
BRDA:18,1,1,0
BRDA:19,2,0,0
BRDA:19,2,1,0
BRDA:20,3,0,0
BRDA:20,3,1,0
BRDA:21,4,0,0
BRDA:21,4,1,0
BRDA:22,5,0,0
BRDA:22,5,1,0
BRDA:23,6,0,0
BRDA:23,6,1,0
BRDA:24,7,0,0
BRDA:24,7,1,0
BRDA:27,8,0,0
BRDA:27,8,1,0
BRDA:28,9,0,0
BRDA:28,9,1,0
BRDA:29,10,0,0
BRDA:29,10,1,0
BRDA:32,11,0,0
BRDA:32,11,1,0
BRDA:32,11,2,0
BRDA:33,12,0,0
BRDA:33,12,1,0
BRDA:34,13,0,0
BRDA:34,13,1,0
BRDA:38,14,0,0
BRDA:38,14,1,0
BRDA:39,15,0,0
BRDA:39,15,1,0
BRDA:40,16,0,0
BRDA:40,16,1,0
BRDA:41,17,0,0
BRDA:41,17,1,0
BRDA:42,18,0,0
BRDA:42,18,1,0
BRDA:48,19,0,0
BRDA:48,19,1,0
BRDA:49,20,0,0
BRDA:49,20,1,0
BRDA:50,21,0,0
BRDA:50,21,1,0
BRDA:50,21,2,0
BRDA:51,22,0,0
BRDA:51,22,1,0
BRDA:52,23,0,0
BRDA:52,23,1,0
BRDA:58,24,0,0
BRDA:58,24,1,0
BRDA:59,25,0,0
BRDA:59,25,1,0
BRDA:60,26,0,0
BRDA:60,26,1,0
BRDA:61,27,0,0
BRDA:61,27,1,0
BRDA:62,28,0,0
BRDA:62,28,1,0
BRDA:259,29,0,0
BRDA:259,29,1,0
BRDA:260,30,0,0
BRDA:260,30,1,0
BRDA:263,31,0,0
BRDA:263,31,1,0
BRDA:264,32,0,0
BRDA:264,32,1,0
BRDA:277,33,0,0
BRDA:277,33,1,0
BRDA:294,34,0,0
BRDA:294,34,1,0
BRF:72
BRH:0
end_of_record
TN:
SF:src\core\powerflow\stability\models\governor.js
FN:12,(anonymous_0)
FN:26,(anonymous_1)
FN:42,(anonymous_2)
FN:56,(anonymous_3)
FN:71,(anonymous_4)
FNF:5
FNH:0
FNDA:0,(anonymous_0)
FNDA:0,(anonymous_1)
FNDA:0,(anonymous_2)
FNDA:0,(anonymous_3)
FNDA:0,(anonymous_4)
DA:13,0
DA:14,0
DA:15,0
DA:16,0
DA:17,0
DA:18,0
DA:28,0
DA:31,0
DA:33,0
DA:43,0
DA:44,0
DA:47,0
DA:49,0
DA:57,0
DA:72,0
DA:76,0
LF:16
LH:0
BRDA:13,0,0,0
BRDA:13,0,1,0
BRDA:14,1,0,0
BRDA:14,1,1,0
BRDA:15,2,0,0
BRDA:15,2,1,0
BRDA:15,2,2,0
BRDA:16,3,0,0
BRDA:16,3,1,0
BRDA:17,4,0,0
BRDA:17,4,1,0
BRDA:18,5,0,0
BRDA:18,5,1,0
BRDA:18,5,2,0
BRF:14
BRH:0
end_of_record
TN:
SF:src\core\powerflow\stability\models\pss.js
FN:12,(anonymous_0)
FN:26,(anonymous_1)
FN:49,(anonymous_2)
FN:60,(anonymous_3)
FN:71,(anonymous_4)
FN:81,(anonymous_5)
FN:95,(anonymous_6)
FNF:7
FNH:0
FNDA:0,(anonymous_0)
FNDA:0,(anonymous_1)
FNDA:0,(anonymous_2)
FNDA:0,(anonymous_3)
FNDA:0,(anonymous_4)
FNDA:0,(anonymous_5)
FNDA:0,(anonymous_6)
DA:13,0
DA:14,0
DA:15,0
DA:16,0
DA:17,0
DA:18,0
DA:28,0
DA:31,0
DA:34,0
DA:37,0
DA:39,0
DA:41,0
DA:51,0
DA:52,0
DA:62,0
DA:63,0
DA:73,0
DA:74,0
DA:82,0
DA:96,0
DA:100,0
LF:21
LH:0
BRDA:13,0,0,0
BRDA:13,0,1,0
BRDA:14,1,0,0
BRDA:14,1,1,0
BRDA:15,2,0,0
BRDA:15,2,1,0
BRDA:16,3,0,0
BRDA:16,3,1,0
BRDA:17,4,0,0
BRDA:17,4,1,0
BRF:10
BRH:0
end_of_record
TN:
SF:src\core\protection\CTSaturation.js
FN:25,(anonymous_0)
FN:54,(anonymous_1)
FN:94,(anonymous_2)
FN:123,(anonymous_3)
FN:132,(anonymous_4)
FN:140,(anonymous_5)
FN:147,(anonymous_6)
FN:161,(anonymous_7)
FN:185,(anonymous_8)
FN:214,(anonymous_9)
FN:255,(anonymous_10)
FN:271,(anonymous_11)
FNF:12
FNH:0
FNDA:0,(anonymous_0)
FNDA:0,(anonymous_1)
FNDA:0,(anonymous_2)
FNDA:0,(anonymous_3)
FNDA:0,(anonymous_4)
FNDA:0,(anonymous_5)
FNDA:0,(anonymous_6)
FNDA:0,(anonymous_7)
FNDA:0,(anonymous_8)
FNDA:0,(anonymous_9)
FNDA:0,(anonymous_10)
FNDA:0,(anonymous_11)
DA:26,0
DA:27,0
DA:28,0
DA:29,0
DA:30,0
DA:33,0
DA:40,0
DA:56,0
DA:60,0
DA:63,0
DA:66,0
DA:69,0
DA:72,0
DA:73,0
DA:74,0
DA:75,0
DA:76,0
DA:78,0
DA:95,0
DA:97,0
DA:99,0
DA:103,0
DA:106,0
DA:108,0
DA:110,0
DA:112,0
DA:114,0
DA:124,0
DA:125,0
DA:133,0
DA:141,0
DA:148,0
DA:162,0
DA:186,0
DA:187,0
DA:190,0
DA:193,0
DA:194,0
DA:197,0
DA:216,0
DA:219,0
DA:222,0
DA:223,0
DA:224,0
DA:226,0
DA:229,0
DA:230,0
DA:233,0
DA:234,0
DA:235,0
DA:239,0
DA:256,0
DA:264,0
DA:272,0
DA:279,0
LF:55
LH:0
BRDA:25,0,0,0
BRDA:26,1,0,0
BRDA:26,1,1,0
BRDA:27,2,0,0
BRDA:27,2,1,0
BRDA:28,3,0,0
BRDA:28,3,1,0
BRDA:29,4,0,0
BRDA:29,4,1,0
BRDA:30,5,0,0
BRDA:30,5,1,0
BRDA:33,6,0,0
BRDA:33,6,1,0
BRDA:97,7,0,0
BRDA:97,7,1,0
BRDA:106,8,0,0
BRDA:106,8,1,0
BRDA:106,8,2,0
BRDA:106,8,3,0
BRDA:124,9,0,0
BRDA:124,9,1,0
BRDA:185,10,0,0
BRDA:186,11,0,0
BRDA:186,11,1,0
BRDA:187,12,0,0
BRDA:187,12,1,0
BRDA:190,13,0,0
BRDA:190,13,1,0
BRDA:193,14,0,0
BRDA:193,14,1,0
BRDA:194,15,0,0
BRDA:194,15,1,0
BRDA:214,16,0,0
BRDA:233,17,0,0
BRDA:233,17,1,0
BRDA:233,18,0,0
BRDA:233,18,1,0
BRF:37
BRH:0
end_of_record
TN:
SF:src\core\protection\DirectionalProtection.js
FN:27,(anonymous_0)
FN:70,(anonymous_1)
FN:106,(anonymous_2)
FN:121,(anonymous_3)
FN:150,(anonymous_4)
FN:225,(anonymous_5)
FN:239,(anonymous_6)
FN:256,(anonymous_7)
FN:268,(anonymous_8)
FN:282,(anonymous_9)
FN:290,(anonymous_10)
FN:300,(anonymous_11)
FN:344,(anonymous_12)
FNF:13
FNH:0
FNDA:0,(anonymous_0)
FNDA:0,(anonymous_1)
FNDA:0,(anonymous_2)
FNDA:0,(anonymous_3)
FNDA:0,(anonymous_4)
FNDA:0,(anonymous_5)
FNDA:0,(anonymous_6)
FNDA:0,(anonymous_7)
FNDA:0,(anonymous_8)
FNDA:0,(anonymous_9)
FNDA:0,(anonymous_10)
FNDA:0,(anonymous_11)
FNDA:0,(anonymous_12)
DA:28,0
DA:29,0
DA:30,0
DA:31,0
DA:32,0
DA:36,0
DA:52,0
DA:71,0
DA:76,0
DA:79,0
DA:80,0
DA:83,0
DA:86,0
DA:90,0
DA:91,0
DA:93,0
DA:108,0
DA:110,0
DA:113,0
DA:122,0
DA:123,0
DA:124,0
DA:133,0
DA:151,0
DA:154,0
DA:156,0
DA:160,0
DA:165,0
DA:168,0
DA:169,0
DA:170,0
DA:171,0
DA:180,0
DA:181,0
DA:184,0
DA:185,0
DA:186,0
DA:187,0
DA:197,0
DA:198,0
DA:199,0
DA:210,0
DA:211,0
DA:212,0
DA:226,0
DA:240,0
DA:257,0
DA:269,0
DA:283,0
DA:291,0
DA:301,0
DA:304,0
DA:345,0
DA:347,0
DA:348,0
DA:352,0
DA:354,0
DA:355,0
DA:356,0
DA:357,0
DA:358,0
DA:363,0
DA:364,0
DA:365,0
DA:374,0
DA:378,0
LF:66
LH:0
BRDA:27,0,0,0
BRDA:28,1,0,0
BRDA:28,1,1,0
BRDA:29,2,0,0
BRDA:29,2,1,0
BRDA:30,3,0,0
BRDA:30,3,1,0
BRDA:31,4,0,0
BRDA:31,4,1,0
BRDA:32,5,0,0
BRDA:32,5,1,0
BRDA:36,6,0,0
BRDA:36,6,1,0
BRDA:76,7,0,0
BRDA:76,7,1,0
BRDA:76,8,0,0
BRDA:76,8,1,0
BRDA:80,9,0,0
BRDA:80,9,1,0
BRDA:80,10,0,0
BRDA:80,10,1,0
BRDA:86,11,0,0
BRDA:86,11,1,0
BRDA:95,12,0,0
BRDA:95,12,1,0
BRDA:96,13,0,0
BRDA:96,13,1,0
BRDA:108,14,0,0
BRDA:108,14,1,0
BRDA:108,15,0,0
BRDA:108,15,1,0
BRDA:110,16,0,0
BRDA:110,16,1,0
BRDA:113,17,0,0
BRDA:113,17,1,0
BRDA:123,18,0,0
BRDA:123,18,1,0
BRDA:168,19,0,0
BRDA:168,19,1,0
BRDA:184,20,0,0
BRDA:184,20,1,0
BRDA:184,21,0,0
BRDA:184,21,1,0
BRDA:197,22,0,0
BRDA:197,22,1,0
BRDA:197,23,0,0
BRDA:197,23,1,0
BRDA:300,24,0,0
BRDA:304,25,0,0
BRDA:304,25,1,0
BRDA:344,26,0,0
BRDA:347,27,0,0
BRDA:347,27,1,0
BRDA:347,28,0,0
BRDA:347,28,1,0
BRDA:355,29,0,0
BRDA:355,29,1,0
BRDA:355,30,0,0
BRDA:355,30,1,0
BRDA:356,31,0,0
BRDA:356,31,1,0
BRDA:363,32,0,0
BRDA:363,32,1,0
BRF:63
BRH:0
end_of_record
TN:
SF:src\core\protection\LSIGBreaker.js
FN:28,(anonymous_0)
FN:111,(anonymous_1)
FN:138,(anonymous_2)
FN:176,(anonymous_3)
FN:214,(anonymous_4)
FN:244,(anonymous_5)
FN:285,(anonymous_6)
FN:360,(anonymous_7)
FN:417,(anonymous_8)
FN:426,(anonymous_9)
FN:450,(anonymous_10)
FN:459,(anonymous_11)
FN:476,(anonymous_12)
FN:495,(anonymous_13)
FN:506,(anonymous_14)
FN:517,(anonymous_15)
FN:528,(anonymous_16)
FN:540,(anonymous_17)
FN:563,(anonymous_18)
FN:582,(anonymous_19)
FN:639,(anonymous_20)
FNF:21
FNH:0
FNDA:0,(anonymous_0)
FNDA:0,(anonymous_1)
FNDA:0,(anonymous_2)
FNDA:0,(anonymous_3)
FNDA:0,(anonymous_4)
FNDA:0,(anonymous_5)
FNDA:0,(anonymous_6)
FNDA:0,(anonymous_7)
FNDA:0,(anonymous_8)
FNDA:0,(anonymous_9)
FNDA:0,(anonymous_10)
FNDA:0,(anonymous_11)
FNDA:0,(anonymous_12)
FNDA:0,(anonymous_13)
FNDA:0,(anonymous_14)
FNDA:0,(anonymous_15)
FNDA:0,(anonymous_16)
FNDA:0,(anonymous_17)
FNDA:0,(anonymous_18)
FNDA:0,(anonymous_19)
FNDA:0,(anonymous_20)
DA:29,0
DA:30,0
DA:33,0
DA:41,0
DA:49,0
DA:55,0
DA:63,0
DA:78,0
DA:100,0
DA:112,0
DA:115,0
DA:117,0
DA:119,0
DA:121,0
DA:123,0
DA:125,0
DA:127,0
DA:129,0
DA:139,0
DA:140,0
DA:143,0
DA:146,0
DA:147,0
DA:155,0
DA:162,0
DA:177,0
DA:178,0
DA:181,0
DA:184,0
DA:185,0
DA:193,0
DA:200,0
DA:215,0
DA:216,0
DA:219,0
DA:222,0
DA:223,0
DA:231,0
DA:245,0
DA:246,0
DA:249,0
DA:252,0
DA:253,0
DA:261,0
DA:268,0
DA:287,0
DA:290,0
DA:292,0
DA:295,0
DA:296,0
DA:297,0
DA:298,0
DA:301,0
DA:303,0
DA:305,0
DA:309,0
DA:317,0
DA:319,0
DA:323,0
DA:331,0
DA:333,0
DA:337,0
DA:345,0
DA:347,0
DA:351,0
DA:360,0
DA:363,0
DA:364,0
DA:365,0
DA:368,0
DA:370,0
DA:372,0
DA:374,0
DA:376,0
DA:377,0
DA:378,0
DA:382,0
DA:383,0
DA:384,0
DA:385,0
DA:386,0
DA:387,0
DA:388,0
DA:390,0
DA:418,0
DA:419,0
DA:427,0
DA:451,0
DA:452,0
DA:453,0
DA:460,0
DA:461,0
DA:462,0
DA:463,0
DA:466,0
DA:467,0
DA:468,0
DA:469,0
DA:477,0
DA:496,0
DA:507,0
DA:518,0
DA:529,0
DA:541,0
DA:543,0
DA:544,0
DA:546,0
DA:547,0
DA:549,0
DA:550,0
DA:552,0
DA:553,0
DA:564,0
DA:567,0
DA:587,0
DA:589,0
DA:590,0
DA:594,0
DA:596,0
DA:598,0
DA:599,0
DA:611,0
DA:613,0
DA:615,0
DA:616,0
DA:627,0
DA:640,0
DA:642,0
DA:644,0
DA:645,0
DA:647,0
DA:648,0
DA:658,0
DA:660,0
DA:661,0
DA:663,0
DA:664,0
DA:674,0
DA:678,0
LF:139
LH:0
BRDA:28,0,0,0
BRDA:29,1,0,0
BRDA:29,1,1,0
BRDA:30,2,0,0
BRDA:30,2,1,0
BRDA:33,3,0,0
BRDA:33,3,1,0
BRDA:41,4,0,0
BRDA:41,4,1,0
BRDA:49,5,0,0
BRDA:49,5,1,0
BRDA:55,6,0,0
BRDA:55,6,1,0
BRDA:63,7,0,0
BRDA:63,7,1,0
BRDA:100,8,0,0
BRDA:100,8,1,0
BRDA:112,9,0,0
BRDA:112,9,1,0
BRDA:117,10,0,0
BRDA:117,10,1,0
BRDA:117,10,2,0
BRDA:117,10,3,0
BRDA:117,10,4,0
BRDA:117,10,5,0
BRDA:139,11,0,0
BRDA:139,11,1,0
BRDA:146,12,0,0
BRDA:146,12,1,0
BRDA:177,13,0,0
BRDA:177,13,1,0
BRDA:184,14,0,0
BRDA:184,14,1,0
BRDA:215,15,0,0
BRDA:215,15,1,0
BRDA:222,16,0,0
BRDA:222,16,1,0
BRDA:245,17,0,0
BRDA:245,17,1,0
BRDA:252,18,0,0
BRDA:252,18,1,0
BRDA:285,19,0,0
BRDA:303,20,0,0
BRDA:303,20,1,0
BRDA:317,21,0,0
BRDA:317,21,1,0
BRDA:331,22,0,0
BRDA:331,22,1,0
BRDA:345,23,0,0
BRDA:345,23,1,0
BRDA:364,24,0,0
BRDA:364,24,1,0
BRDA:365,25,0,0
BRDA:365,25,1,0
BRDA:368,26,0,0
BRDA:368,26,1,0
BRDA:368,27,0,0
BRDA:368,27,1,0
BRDA:418,28,0,0
BRDA:418,28,1,0
BRDA:541,29,0,0
BRDA:541,29,1,0
BRDA:541,29,2,0
BRDA:541,29,3,0
BRDA:563,30,0,0
BRDA:567,31,0,0
BRDA:567,31,1,0
BRDA:584,32,0,0
BRDA:585,33,0,0
BRDA:589,34,0,0
BRDA:589,34,1,0
BRDA:594,35,0,0
BRDA:594,35,1,0
BRDA:594,36,0,0
BRDA:594,36,1,0
BRDA:598,37,0,0
BRDA:598,37,1,0
BRDA:611,38,0,0
BRDA:611,38,1,0
BRDA:611,39,0,0
BRDA:611,39,1,0
BRDA:615,40,0,0
BRDA:615,40,1,0
BRDA:639,41,0,0
BRDA:639,42,0,0
BRDA:642,43,0,0
BRDA:642,43,1,0
BRDA:645,44,0,0
BRDA:645,44,1,0
BRDA:658,45,0,0
BRDA:658,45,1,0
BRDA:661,46,0,0
BRDA:661,46,1,0
BRF:93
BRH:0
end_of_record
TN:
SF:src\core\protection\PhaseGroundProtection.js
FN:25,(anonymous_0)
FN:64,(anonymous_1)
FN:95,(anonymous_2)
FN:101,(anonymous_3)
FN:102,(anonymous_4)
FN:103,(anonymous_5)
FN:106,(anonymous_6)
FN:111,(anonymous_7)
FN:118,(anonymous_8)
FN:121,(anonymous_9)
FN:122,(anonymous_10)
FN:124,(anonymous_11)
FN:132,(anonymous_12)
FN:134,(anonymous_13)
FN:147,(anonymous_14)
FN:152,(anonymous_15)
FN:153,(anonymous_16)
FN:162,(anonymous_17)
FN:211,(anonymous_18)
FN:243,(anonymous_19)
FN:275,(anonymous_20)
FN:317,(anonymous_21)
FN:348,(anonymous_22)
FN:361,(anonymous_23)
FN:379,(anonymous_24)
FN:390,(anonymous_25)
FN:402,(anonymous_26)
FN:427,(anonymous_27)
FNF:28
FNH:0
FNDA:0,(anonymous_0)
FNDA:0,(anonymous_1)
FNDA:0,(anonymous_2)
FNDA:0,(anonymous_3)
FNDA:0,(anonymous_4)
FNDA:0,(anonymous_5)
FNDA:0,(anonymous_6)
FNDA:0,(anonymous_7)
FNDA:0,(anonymous_8)
FNDA:0,(anonymous_9)
FNDA:0,(anonymous_10)
FNDA:0,(anonymous_11)
FNDA:0,(anonymous_12)
FNDA:0,(anonymous_13)
FNDA:0,(anonymous_14)
FNDA:0,(anonymous_15)
FNDA:0,(anonymous_16)
FNDA:0,(anonymous_17)
FNDA:0,(anonymous_18)
FNDA:0,(anonymous_19)
FNDA:0,(anonymous_20)
FNDA:0,(anonymous_21)
FNDA:0,(anonymous_22)
FNDA:0,(anonymous_23)
FNDA:0,(anonymous_24)
FNDA:0,(anonymous_25)
FNDA:0,(anonymous_26)
FNDA:0,(anonymous_27)
DA:26,0
DA:27,0
DA:30,0
DA:38,0
DA:46,0
DA:65,0
DA:68,0
DA:69,0
DA:70,0
DA:73,0
DA:74,0
DA:77,0
DA:83,0
DA:96,0
DA:97,0
DA:98,0
DA:101,0
DA:102,0
DA:103,0
DA:107,0
DA:112,0
DA:118,0
DA:121,0
DA:122,0
DA:125,0
DA:126,0
DA:127,0
DA:128,0
DA:129,0
DA:133,0
DA:135,0
DA:148,0
DA:149,0
DA:152,0
DA:153,0
DA:163,0
DA:167,0
DA:168,0
DA:171,0
DA:174,0
DA:175,0
DA:176,0
DA:179,0
DA:181,0
DA:212,0
DA:213,0
DA:219,0
DA:220,0
DA:228,0
DA:244,0
DA:245,0
DA:251,0
DA:252,0
DA:260,0
DA:277,0
DA:281,0
DA:282,0
DA:283,0
DA:284,0
DA:285,0
DA:286,0
DA:289,0
DA:290,0
DA:293,0
DA:294,0
DA:297,0
DA:299,0
DA:300,0
DA:303,0
DA:318,0
DA:320,0
DA:321,0
DA:322,0
DA:325,0
DA:326,0
DA:329,0
DA:330,0
DA:333,0
DA:334,0
DA:337,0
DA:338,0
DA:341,0
DA:349,0
DA:362,0
DA:380,0
DA:391,0
DA:403,0
DA:406,0
DA:414,0
DA:428,0
DA:431,0
DA:432,0
DA:436,0
DA:438,0
DA:442,0
DA:446,0
DA:457,0
LF:97
LH:0
BRDA:25,0,0,0
BRDA:26,1,0,0
BRDA:26,1,1,0
BRDA:27,2,0,0
BRDA:27,2,1,0
BRDA:30,3,0,0
BRDA:30,3,1,0
BRDA:38,4,0,0
BRDA:38,4,1,0
BRDA:96,5,0,0
BRDA:96,5,1,0
BRDA:97,6,0,0
BRDA:97,6,1,0
BRDA:102,7,0,0
BRDA:102,7,1,0
BRDA:122,8,0,0
BRDA:122,8,1,0
BRDA:135,9,0,0
BRDA:135,9,1,0
BRDA:171,10,0,0
BRDA:171,10,1,0
BRDA:196,11,0,0
BRDA:196,11,1,0
BRDA:212,12,0,0
BRDA:212,12,1,0
BRDA:219,13,0,0
BRDA:219,13,1,0
BRDA:244,14,0,0
BRDA:244,14,1,0
BRDA:251,15,0,0
BRDA:251,15,1,0
BRDA:297,16,0,0
BRDA:297,16,1,0
BRDA:299,17,0,0
BRDA:299,17,1,0
BRDA:325,18,0,0
BRDA:325,18,1,0
BRDA:325,19,0,0
BRDA:325,19,1,0
BRDA:329,20,0,0
BRDA:329,20,1,0
BRDA:329,21,0,0
BRDA:329,21,1,0
BRDA:333,22,0,0
BRDA:333,22,1,0
BRDA:333,23,0,0
BRDA:333,23,1,0
BRDA:337,24,0,0
BRDA:337,24,1,0
BRDA:337,25,0,0
BRDA:337,25,1,0
BRDA:402,26,0,0
BRDA:406,27,0,0
BRDA:406,27,1,0
BRDA:414,28,0,0
BRDA:414,28,1,0
BRDA:431,29,0,0
BRDA:431,29,1,0
BRF:58
BRH:0
end_of_record
TN:
SF:src\core\protection\ProtectionCoordination.js
FN:17,(anonymous_0)
FN:34,(anonymous_1)
FN:47,(anonymous_2)
FN:62,(anonymous_3)
FN:69,(anonymous_4)
FN:81,analyzeCoordination
FN:97,(anonymous_6)
FN:149,analyzeCascadeCoordination
FN:156,(anonymous_8)
FN:204,buildSelectivityMatrix
FN:207,(anonymous_10)
FN:209,(anonymous_11)
FN:216,(anonymous_12)
FN:220,(anonymous_13)
FN:235,autoAdjustSettings
FN:244,(anonymous_15)
FN:297,(anonymous_16)
FN:308,evaluateSelectivity
FN:309,(anonymous_18)
FN:318,(anonymous_19)
FN:329,(anonymous_20)
FN:353,generateCoordinationReport
FN:361,(anonymous_22)
FN:363,(anonymous_23)
FN:369,(anonymous_24)
FNF:25
FNH:0
FNDA:0,(anonymous_0)
FNDA:0,(anonymous_1)
FNDA:0,(anonymous_2)
FNDA:0,(anonymous_3)
FNDA:0,(anonymous_4)
FNDA:0,analyzeCoordination
FNDA:0,(anonymous_6)
FNDA:0,analyzeCascadeCoordination
FNDA:0,(anonymous_8)
FNDA:0,buildSelectivityMatrix
FNDA:0,(anonymous_10)
FNDA:0,(anonymous_11)
FNDA:0,(anonymous_12)
FNDA:0,(anonymous_13)
FNDA:0,autoAdjustSettings
FNDA:0,(anonymous_15)
FNDA:0,(anonymous_16)
FNDA:0,evaluateSelectivity
FNDA:0,(anonymous_18)
FNDA:0,(anonymous_19)
FNDA:0,(anonymous_20)
FNDA:0,generateCoordinationReport
FNDA:0,(anonymous_22)
FNDA:0,(anonymous_23)
FNDA:0,(anonymous_24)
DA:11,0
DA:18,0
DA:19,0
DA:20,0
DA:21,0
DA:22,0
DA:23,0
DA:24,0
DA:25,0
DA:26,0
DA:27,0
DA:28,0
DA:35,0
DA:48,0
DA:63,0
DA:70,0
DA:90,0
DA:92,0
DA:93,0
DA:94,0
DA:97,0
DA:99,0
DA:101,0
DA:104,0
DA:106,0
DA:107,0
DA:110,0
DA:112,0
DA:122,0
DA:123,0
DA:125,0
DA:126,0
DA:128,0
DA:153,0
DA:156,0
DA:158,0
DA:159,0
DA:164,0
DA:165,0
DA:168,0
DA:169,0
DA:170,0
DA:172,0
DA:177,0
DA:182,0
DA:183,0
DA:188,0
DA:190,0
DA:205,0
DA:207,0
DA:209,0
DA:216,0
DA:218,0
DA:220,0
DA:226,0
DA:241,0
DA:244,0
DA:246,0
DA:249,0
DA:250,0
DA:252,0
DA:254,0
DA:262,0
DA:263,0
DA:264,0
DA:267,0
DA:276,0
DA:279,0
DA:281,0
DA:291,0
DA:297,0
DA:309,0
DA:318,0
DA:320,0
DA:321,0
DA:329,0
DA:331,0
DA:333,0
DA:337,0
DA:355,0
DA:357,0
DA:361,0
DA:363,0
DA:369,0
DA:378,0
LF:85
LH:0
BRDA:19,0,0,0
BRDA:19,0,1,0
BRDA:21,1,0,0
BRDA:21,1,1,0
BRDA:22,2,0,0
BRDA:22,2,1,0
BRDA:23,3,0,0
BRDA:23,3,1,0
BRDA:24,4,0,0
BRDA:24,4,1,0
BRDA:25,5,0,0
BRDA:25,5,1,0
BRDA:26,6,0,0
BRDA:26,6,1,0
BRDA:27,7,0,0
BRDA:27,7,1,0
BRDA:28,8,0,0
BRDA:28,8,1,0
BRDA:81,9,0,0
BRDA:83,10,0,0
BRDA:88,11,0,0
BRDA:89,12,0,0
BRDA:106,13,0,0
BRDA:106,13,1,0
BRDA:137,14,0,0
BRDA:137,14,1,0
BRDA:149,15,0,0
BRDA:151,16,0,0
BRDA:152,17,0,0
BRDA:158,18,0,0
BRDA:158,18,1,0
BRDA:182,19,0,0
BRDA:182,19,1,0
BRDA:194,20,0,0
BRDA:194,20,1,0
BRDA:235,21,0,0
BRDA:237,22,0,0
BRDA:238,23,0,0
BRDA:239,24,0,0
BRDA:240,25,0,0
BRDA:252,26,0,0
BRDA:252,26,1,0
BRDA:320,27,0,0
BRDA:320,27,1,0
BRDA:333,28,0,0
BRDA:333,28,1,0
BRDA:344,29,0,0
BRDA:344,29,1,0
BRDA:359,30,0,0
BRDA:359,30,1,0
BRDA:365,31,0,0
BRDA:365,31,1,0
BRF:52
BRH:0
end_of_record
TN:
SF:src\core\protection\TCCCurves.js
FN:44,calculateOperatingTime
FN:84,generateTCCCurve
FN:126,evaluateTrip
FN:173,calculateCoordinationTMS
FN:219,calculateLSIGCoordination
FN:264,getCurveConstants
FN:272,getAvailableCurves
FN:274,(anonymous_7)
FN:283,compareCurves
FNF:9
FNH:0
FNDA:0,calculateOperatingTime
FNDA:0,generateTCCCurve
FNDA:0,evaluateTrip
FNDA:0,calculateCoordinationTMS
FNDA:0,calculateLSIGCoordination
FNDA:0,getCurveConstants
FNDA:0,getAvailableCurves
FNDA:0,(anonymous_7)
FNDA:0,compareCurves
DA:22,0
DA:33,0
DA:51,0
DA:54,0
DA:56,0
DA:59,0
DA:60,0
DA:64,0
DA:65,0
DA:67,0
DA:70,0
DA:74,0
DA:76,0
DA:93,0
DA:95,0
DA:98,0
DA:99,0
DA:100,0
DA:102,0
DA:103,0
DA:105,0
DA:113,0
DA:114,0
DA:118,0
DA:135,0
DA:137,0
DA:145,0
DA:147,0
DA:148,0
DA:150,0
DA:159,0
DA:160,0
DA:161,0
DA:162,0
DA:165,0
DA:182,0
DA:185,0
DA:194,0
DA:197,0
DA:205,0
DA:207,0
DA:228,0
DA:231,0
DA:240,0
DA:249,0
DA:251,0
DA:265,0
DA:266,0
DA:273,0
DA:274,0
DA:289,0
DA:291,0
DA:299,0
DA:307,0
DA:309,0
DA:318,0
LF:56
LH:0
BRDA:49,0,0,0
BRDA:50,1,0,0
BRDA:54,2,0,0
BRDA:54,2,1,0
BRDA:59,3,0,0
BRDA:59,3,1,0
BRDA:64,4,0,0
BRDA:64,4,1,0
BRDA:65,5,0,0
BRDA:65,5,1,0
BRDA:88,6,0,0
BRDA:89,7,0,0
BRDA:90,8,0,0
BRDA:91,9,0,0
BRDA:92,10,0,0
BRDA:113,11,0,0
BRDA:113,11,1,0
BRDA:113,12,0,0
BRDA:113,12,1,0
BRDA:131,13,0,0
BRDA:132,14,0,0
BRDA:133,15,0,0
BRDA:145,16,0,0
BRDA:145,16,1,0
BRDA:148,17,0,0
BRDA:148,17,1,0
BRDA:159,18,0,0
BRDA:159,18,1,0
BRDA:159,19,0,0
BRDA:159,19,1,0
BRDA:178,20,0,0
BRDA:179,21,0,0
BRDA:180,22,0,0
BRDA:181,23,0,0
BRDA:226,24,0,0
BRDA:227,25,0,0
BRDA:255,26,0,0
BRDA:255,26,1,0
BRDA:264,27,0,0
BRDA:265,28,0,0
BRDA:265,28,1,0
BRDA:266,29,0,0
BRDA:266,29,1,0
BRDA:272,30,0,0
BRDA:273,31,0,0
BRDA:273,31,1,0
BRDA:288,32,0,0
BRF:47
BRH:0
end_of_record
TN:
SF:src\core\protection\ThermalMemory.js
FN:23,(anonymous_0)
FN:46,(anonymous_1)
FN:96,(anonymous_2)
FN:104,(anonymous_3)
FN:111,(anonymous_4)
FN:126,(anonymous_5)
FN:137,(anonymous_6)
FN:159,(anonymous_7)
FN:193,(anonymous_8)
FN:252,(anonymous_9)
FN:266,(anonymous_10)
FNF:11
FNH:0
FNDA:0,(anonymous_0)
FNDA:0,(anonymous_1)
FNDA:0,(anonymous_2)
FNDA:0,(anonymous_3)
FNDA:0,(anonymous_4)
FNDA:0,(anonymous_5)
FNDA:0,(anonymous_6)
FNDA:0,(anonymous_7)
FNDA:0,(anonymous_8)
FNDA:0,(anonymous_9)
FNDA:0,(anonymous_10)
DA:24,0
DA:25,0
DA:26,0
DA:29,0
DA:49,0
DA:53,0
DA:54,0
DA:58,0
DA:59,0
DA:61,0
DA:64,0
DA:68,0
DA:71,0
DA:74,0
DA:75,0
DA:79,0
DA:82,0
DA:97,0
DA:105,0
DA:112,0
DA:127,0
DA:128,0
DA:129,0
DA:130,0
DA:138,0
DA:160,0
DA:161,0
DA:164,0
DA:171,0
DA:174,0
DA:177,0
DA:195,0
DA:198,0
DA:202,0
DA:206,0
DA:207,0
DA:210,0
DA:211,0
DA:212,0
DA:216,0
DA:217,0
DA:218,0
DA:219,0
DA:223,0
DA:224,0
DA:225,0
DA:229,0
DA:230,0
DA:231,0
DA:232,0
DA:236,0
DA:253,0
DA:259,0
DA:267,0
DA:274,0
LF:55
LH:0
BRDA:23,0,0,0
BRDA:24,1,0,0
BRDA:24,1,1,0
BRDA:25,2,0,0
BRDA:25,2,1,0
BRDA:26,3,0,0
BRDA:26,3,1,0
BRDA:46,4,0,0
BRDA:58,5,0,0
BRDA:58,5,1,0
BRDA:74,6,0,0
BRDA:74,6,1,0
BRDA:74,7,0,0
BRDA:74,7,1,0
BRDA:159,8,0,0
BRDA:160,9,0,0
BRDA:160,9,1,0
BRDA:161,10,0,0
BRDA:161,10,1,0
BRDA:165,11,0,0
BRDA:165,11,1,0
BRDA:166,12,0,0
BRDA:166,12,1,0
BRDA:171,13,0,0
BRDA:171,13,1,0
BRDA:174,14,0,0
BRDA:174,14,1,0
BRDA:193,15,0,0
BRDA:210,16,0,0
BRDA:210,16,1,0
BRDA:217,17,0,0
BRDA:217,17,1,0
BRDA:217,18,0,0
BRDA:217,18,1,0
BRDA:223,19,0,0
BRDA:223,19,1,0
BRDA:223,20,0,0
BRDA:223,20,1,0
BRDA:229,21,0,0
BRDA:229,21,1,0
BRDA:229,22,0,0
BRDA:229,22,1,0
BRF:42
BRH:0
end_of_record
TN:
SF:src\core\validation\ConsistencyValidator.js
FN:20,(anonymous_0)
FN:39,(anonymous_1)
FN:86,(anonymous_2)
FN:88,(anonymous_3)
FN:96,(anonymous_4)
FN:104,(anonymous_5)
FN:120,(anonymous_6)
FN:128,(anonymous_7)
FN:175,(anonymous_8)
FN:216,(anonymous_9)
FN:269,(anonymous_10)
FN:292,(anonymous_11)
FN:324,(anonymous_12)
FN:326,(anonymous_13)
FN:340,(anonymous_14)
FN:342,(anonymous_15)
FN:357,(anonymous_16)
FN:388,(anonymous_17)
FN:410,(anonymous_18)
FN:431,(anonymous_19)
FN:454,(anonymous_20)
FN:468,(anonymous_21)
FN:480,(anonymous_22)
FN:494,(anonymous_23)
FNF:24
FNH:0
FNDA:0,(anonymous_0)
FNDA:0,(anonymous_1)
FNDA:0,(anonymous_2)
FNDA:0,(anonymous_3)
FNDA:0,(anonymous_4)
FNDA:0,(anonymous_5)
FNDA:0,(anonymous_6)
FNDA:0,(anonymous_7)
FNDA:0,(anonymous_8)
FNDA:0,(anonymous_9)
FNDA:0,(anonymous_10)
FNDA:0,(anonymous_11)
FNDA:0,(anonymous_12)
FNDA:0,(anonymous_13)
FNDA:0,(anonymous_14)
FNDA:0,(anonymous_15)
FNDA:0,(anonymous_16)
FNDA:0,(anonymous_17)
FNDA:0,(anonymous_18)
FNDA:0,(anonymous_19)
FNDA:0,(anonymous_20)
FNDA:0,(anonymous_21)
FNDA:0,(anonymous_22)
FNDA:0,(anonymous_23)
DA:21,0
DA:26,0
DA:40,0
DA:43,0
DA:46,0
DA:52,0
DA:54,0
DA:55,0
DA:59,0
DA:60,0
DA:63,0
DA:64,0
DA:67,0
DA:68,0
DA:69,0
DA:70,0
DA:72,0
DA:78,0
DA:87,0
DA:88,0
DA:96,0
DA:104,0
DA:121,0
DA:129,0
DA:130,0
DA:134,0
DA:138,0
DA:142,0
DA:144,0
DA:145,0
DA:149,0
DA:153,0
DA:155,0
DA:156,0
DA:162,0
DA:176,0
DA:177,0
DA:181,0
DA:185,0
DA:189,0
DA:193,0
DA:196,0
DA:197,0
DA:203,0
DA:217,0
DA:218,0
DA:222,0
DA:226,0
DA:230,0
DA:235,0
DA:236,0
DA:240,0
DA:244,0
DA:247,0
DA:248,0
DA:254,0
DA:271,0
DA:292,0
DA:293,0
DA:294,0
DA:298,0
DA:301,0
DA:302,0
DA:309,0
DA:325,0
DA:326,0
DA:329,0
DA:330,0
DA:332,0
DA:341,0
DA:342,0
DA:345,0
DA:346,0
DA:348,0
DA:358,0
DA:360,0
DA:362,0
DA:363,0
DA:364,0
DA:365,0
DA:368,0
DA:369,0
DA:370,0
DA:371,0
DA:373,0
DA:374,0
DA:379,0
DA:389,0
DA:391,0
DA:392,0
DA:395,0
DA:396,0
DA:398,0
DA:401,0
DA:411,0
DA:413,0
DA:414,0
DA:417,0
DA:418,0
DA:420,0
DA:423,0
DA:432,0
DA:433,0
DA:434,0
DA:436,0
DA:455,0
DA:469,0
DA:470,0
DA:481,0
DA:482,0
DA:499,0
DA:501,0
DA:508,0
LF:113
LH:0
BRDA:20,0,0,0
BRDA:22,1,0,0
BRDA:22,1,1,0
BRDA:129,2,0,0
BRDA:129,2,1,0
BRDA:129,3,0,0
BRDA:129,3,1,0
BRDA:138,4,0,0
BRDA:138,4,1,0
BRDA:142,5,0,0
BRDA:142,5,1,0
BRDA:144,6,0,0
BRDA:144,6,1,0
BRDA:144,7,0,0
BRDA:144,7,1,0
BRDA:155,8,0,0
BRDA:155,8,1,0
BRDA:176,9,0,0
BRDA:176,9,1,0
BRDA:176,10,0,0
BRDA:176,10,1,0
BRDA:196,11,0,0
BRDA:196,11,1,0
BRDA:217,12,0,0
BRDA:217,12,1,0
BRDA:217,13,0,0
BRDA:217,13,1,0
BRDA:230,14,0,0
BRDA:230,14,1,0
BRDA:235,15,0,0
BRDA:235,15,1,0
BRDA:247,16,0,0
BRDA:247,16,1,0
BRDA:293,17,0,0
BRDA:293,17,1,0
BRDA:301,18,0,0
BRDA:301,18,1,0
BRDA:325,19,0,0
BRDA:325,19,1,0
BRDA:326,20,0,0
BRDA:326,20,1,0
BRDA:326,20,2,0
BRDA:329,21,0,0
BRDA:329,21,1,0
BRDA:341,22,0,0
BRDA:341,22,1,0
BRDA:342,23,0,0
BRDA:342,23,1,0
BRDA:342,23,2,0
BRDA:345,24,0,0
BRDA:345,24,1,0
BRDA:358,25,0,0
BRDA:358,25,1,0
BRDA:358,26,0,0
BRDA:358,26,1,0
BRDA:368,27,0,0
BRDA:368,27,1,0
BRDA:368,28,0,0
BRDA:368,28,1,0
BRDA:389,29,0,0
BRDA:389,29,1,0
BRDA:389,30,0,0
BRDA:389,30,1,0
BRDA:411,31,0,0
BRDA:411,31,1,0
BRDA:411,32,0,0
BRDA:411,32,1,0
BRDA:437,33,0,0
BRDA:437,33,1,0
BRDA:469,34,0,0
BRDA:469,34,1,0
BRDA:480,35,0,0
BRDA:497,36,0,0
BRF:73
BRH:0
end_of_record
TN:
SF:src\core\validation\CrossEngineValidator.js
FN:25,(anonymous_0)
FN:44,(anonymous_1)
FN:95,(anonymous_2)
FN:186,(anonymous_3)
FN:259,(anonymous_4)
FN:346,(anonymous_5)
FN:371,(anonymous_6)
FN:403,(anonymous_7)
FN:423,(anonymous_8)
FN:445,(anonymous_9)
FN:464,(anonymous_10)
FNF:11
FNH:0
FNDA:0,(anonymous_0)
FNDA:0,(anonymous_1)
FNDA:0,(anonymous_2)
FNDA:0,(anonymous_3)
FNDA:0,(anonymous_4)
FNDA:0,(anonymous_5)
FNDA:0,(anonymous_6)
FNDA:0,(anonymous_7)
FNDA:0,(anonymous_8)
FNDA:0,(anonymous_9)
FNDA:0,(anonymous_10)
DA:18,0
DA:26,0
DA:31,0
DA:45,0
DA:47,0
DA:55,0
[...]
BRDA:65,3,1,0
BRDA:84,4,0,0
BRDA:84,4,1,0
BRDA:93,5,0,0
BRDA:93,5,1,0
BRDA:109,6,0,0
BRDA:109,6,1,0
BRDA:111,7,0,0
BRDA:111,7,1,0
BRF:16
BRH:0
end_of_record
TN:
SF:src\infrastructure\infra\config\ToleranceConfig.js
FN:21,(anonymous_0)
FN:29,(anonymous_1)
FN:37,(anonymous_2)
FN:48,(anonymous_3)
FN:56,(anonymous_4)
FN:65,(anonymous_5)
FN:78,(anonymous_6)
FN:91,(anonymous_7)
FN:103,(anonymous_8)
FN:111,(anonymous_9)
FN:121,(anonymous_10)
FN:148,(anonymous_11)
FN:163,(anonymous_12)
FN:200,(anonymous_13)
FNF:14
FNH:0
FNDA:0,(anonymous_0)
FNDA:0,(anonymous_1)
FNDA:0,(anonymous_2)
FNDA:0,(anonymous_3)
FNDA:0,(anonymous_4)
FNDA:0,(anonymous_5)
FNDA:0,(anonymous_6)
FNDA:0,(anonymous_7)
FNDA:0,(anonymous_8)
FNDA:0,(anonymous_9)
FNDA:0,(anonymous_10)
FNDA:0,(anonymous_11)
FNDA:0,(anonymous_12)
FNDA:0,(anonymous_13)
DA:22,0
DA:30,0
DA:38,0
DA:49,0
DA:57,0
DA:66,0
DA:67,0
DA:69,0
DA:79,0
DA:80,0
DA:82,0
DA:92,0
DA:93,0
DA:95,0
DA:104,0
DA:112,0
DA:122,0
DA:137,0
DA:149,0
DA:151,0
DA:152,0
DA:155,0
DA:156,0
DA:164,0
DA:201,0
DA:203,0
DA:205,0
DA:216,0
LF:28
LH:0
BRDA:65,0,0,0
BRDA:66,1,0,0
BRDA:66,1,1,0
BRDA:78,2,0,0
BRDA:79,3,0,0
BRDA:79,3,1,0
BRDA:91,4,0,0
BRDA:92,5,0,0
BRDA:92,5,1,0
BRDA:121,6,0,0
BRDA:137,7,0,0
BRDA:137,7,1,0
BRDA:148,8,0,0
BRDA:151,9,0,0
BRDA:151,9,1,0
BRDA:200,10,0,0
BRDA:200,11,0,0
BRDA:203,12,0,0
BRDA:203,12,1,0
BRDA:207,13,0,0
BRDA:207,13,1,0
BRDA:208,14,0,0
BRDA:208,14,1,0
BRDA:209,15,0,0
BRDA:209,15,1,0
BRDA:210,16,0,0
BRDA:210,16,1,0
BRDA:211,17,0,0
BRDA:211,17,1,0
BRF:29
BRH:0
end_of_record
TN:
SF:src\infrastructure\queue\queue.js
FN:11,(anonymous_0)
FN:38,(anonymous_1)
FN:61,(anonymous_2)
FN:67,(anonymous_3)
FN:73,(anonymous_4)
FN:88,(anonymous_5)
FN:116,(anonymous_6)
FN:122,(anonymous_7)
FN:144,(anonymous_8)
FN:159,(anonymous_9)
FN:188,(anonymous_10)
FN:211,(anonymous_11)
FN:224,(anonymous_12)
FN:237,(anonymous_13)
FN:252,(anonymous_14)
FN:267,(anonymous_15)
FN:277,(anonymous_16)
FN:290,(anonymous_17)
FNF:18
FNH:0
FNDA:0,(anonymous_0)
FNDA:0,(anonymous_1)
FNDA:0,(anonymous_2)
FNDA:0,(anonymous_3)
FNDA:0,(anonymous_4)
FNDA:0,(anonymous_5)
FNDA:0,(anonymous_6)
FNDA:0,(anonymous_7)
FNDA:0,(anonymous_8)
FNDA:0,(anonymous_9)
FNDA:0,(anonymous_10)
FNDA:0,(anonymous_11)
FNDA:0,(anonymous_12)
FNDA:0,(anonymous_13)
FNDA:0,(anonymous_14)
FNDA:0,(anonymous_15)
FNDA:0,(anonymous_16)
FNDA:0,(anonymous_17)
DA:7,0
DA:8,0
DA:12,0
DA:21,0
DA:22,0
DA:23,0
DA:39,0
DA:57,0
DA:58,0
DA:61,0
DA:62,0
DA:64,0
DA:67,0
DA:68,0
DA:70,0
DA:73,0
DA:75,0
DA:78,0
DA:89,0
DA:90,0
DA:91,0
DA:94,0
DA:102,0
DA:104,0
DA:106,0
DA:117,0
DA:118,0
DA:119,0
DA:122,0
DA:123,0
DA:129,0
DA:131,0
DA:133,0
DA:135,0
DA:145,0
DA:146,0
DA:147,0
DA:150,0
DA:151,0
DA:160,0
DA:161,0
DA:162,0
DA:165,0
DA:166,0
DA:167,0
DA:168,0
DA:170,0
DA:189,0
DA:191,0
DA:192,0
DA:195,0
DA:212,0
DA:213,0
DA:214,0
DA:216,0
DA:225,0
DA:226,0
DA:227,0
DA:229,0
DA:238,0
DA:239,0
DA:240,0
DA:241,0
DA:243,0
DA:253,0
DA:255,0
DA:256,0
DA:257,0
DA:269,0
DA:272,0
DA:273,0
DA:277,0
DA:280,0
DA:283,0
DA:291,0
DA:292,0
DA:293,0
DA:299,0
DA:308,0
LF:79
LH:0
BRDA:11,0,0,0
BRDA:13,1,0,0
BRDA:13,1,1,0
BRDA:14,2,0,0
BRDA:14,2,1,0
BRDA:15,3,0,0
BRDA:15,3,1,0
BRDA:16,4,0,0
BRDA:16,4,1,0
BRDA:17,5,0,0
BRDA:17,5,1,0
BRDA:38,6,0,0
BRDA:45,7,0,0
BRDA:45,7,1,0
BRDA:47,8,0,0
BRDA:47,8,1,0
BRDA:48,9,0,0
BRDA:48,9,1,0
BRDA:52,10,0,0
BRDA:52,10,1,0
BRDA:53,11,0,0
BRDA:53,11,1,0
BRDA:88,12,0,0
BRDA:90,13,0,0
BRDA:90,13,1,0
BRDA:95,14,0,0
BRDA:95,14,1,0
BRDA:96,15,0,0
BRDA:96,15,1,0
BRDA:97,16,0,0
BRDA:97,16,1,0
BRDA:116,17,0,0
BRDA:118,18,0,0
BRDA:118,18,1,0
BRDA:125,19,0,0
BRDA:125,19,1,0
BRDA:146,20,0,0
BRDA:146,20,1,0
BRDA:161,21,0,0
BRDA:161,21,1,0
BRDA:178,22,0,0
BRDA:178,22,1,0
BRDA:213,23,0,0
BRDA:213,23,1,0
BRDA:226,24,0,0
BRDA:226,24,1,0
BRDA:239,25,0,0
BRDA:239,25,1,0
BRDA:255,26,0,0
BRDA:255,26,1,0
BRF:50
BRH:0
end_of_record
TN:
SF:src\infrastructure\scheduler\jobScheduler.js
FN:12,(anonymous_0)
FN:48,(anonymous_1)
FN:67,(anonymous_2)
FN:122,(anonymous_3)
FN:135,(anonymous_4)
FN:171,(anonymous_5)
FN:213,(anonymous_6)
FN:240,(anonymous_7)
FN:269,(anonymous_8)
FN:302,(anonymous_9)
FN:318,(anonymous_10)
FN:334,(anonymous_11)
FN:338,(anonymous_12)
FN:343,(anonymous_13)
FN:344,(anonymous_14)
FN:350,(anonymous_15)
FN:354,(anonymous_16)
FN:360,(anonymous_17)
FN:361,(anonymous_18)
FN:368,(anonymous_19)
FN:375,(anonymous_20)
FNF:21
FNH:0
FNDA:0,(anonymous_0)
FNDA:0,(anonymous_1)
FNDA:0,(anonymous_2)
FNDA:0,(anonymous_3)
FNDA:0,(anonymous_4)
FNDA:0,(anonymous_5)
FNDA:0,(anonymous_6)
FNDA:0,(anonymous_7)
FNDA:0,(anonymous_8)
FNDA:0,(anonymous_9)
FNDA:0,(anonymous_10)
FNDA:0,(anonymous_11)
FNDA:0,(anonymous_12)
FNDA:0,(anonymous_13)
FNDA:0,(anonymous_14)
FNDA:0,(anonymous_15)
FNDA:0,(anonymous_16)
FNDA:0,(anonymous_17)
FNDA:0,(anonymous_18)
FNDA:0,(anonymous_19)
FNDA:0,(anonymous_20)
DA:7,0
DA:8,0
DA:9,0
DA:13,0
DA:22,0
DA:27,0
DA:32,0
DA:33,0
DA:42,0
DA:50,0
DA:52,0
DA:53,0
DA:55,0
DA:57,0
DA:68,0
DA:69,0
DA:78,0
DA:80,0
DA:93,0
DA:94,0
DA:101,0
DA:107,0
DA:109,0
DA:113,0
DA:126,0
DA:129,0
DA:131,0
DA:133,0
DA:134,0
DA:136,0
DA:144,0
DA:145,0
DA:148,0
DA:149,0
DA:150,0
DA:154,0
DA:158,0
DA:159,0
DA:177,0
DA:179,0
DA:188,0
DA:189,0
DA:194,0
DA:201,0
DA:205,0
DA:214,0
DA:215,0
DA:216,0
DA:220,0
DA:221,0
DA:222,0
DA:223,0
DA:231,0
DA:241,0
DA:242,0
DA:243,0
DA:246,0
DA:248,0
DA:251,0
DA:252,0
DA:255,0
DA:257,0
DA:260,0
DA:261,0
DA:270,0
DA:271,0
DA:273,0
DA:303,0
DA:310,0
DA:319,0
DA:326,0
DA:335,0
DA:336,0
DA:338,0
DA:339,0
DA:340,0
DA:343,0
DA:344,0
DA:347,0
DA:348,0
DA:350,0
DA:351,0
DA:354,0
DA:355,0
DA:359,0
DA:360,0
DA:361,0
DA:369,0
DA:377,0
DA:379,0
DA:382,0
DA:385,0
DA:389,0
LF:93
LH:0
BRDA:12,0,0,0
BRDA:14,1,0,0
BRDA:14,1,1,0
BRDA:16,2,0,0
BRDA:16,2,1,0
BRDA:17,3,0,0
BRDA:17,3,1,0
BRDA:18,4,0,0
BRDA:18,4,1,0
BRDA:23,5,0,0
BRDA:23,5,1,0
BRDA:24,6,0,0
BRDA:24,6,1,0
BRDA:29,7,0,0
BRDA:29,7,1,0
BRDA:67,8,0,0
BRDA:68,9,0,0
BRDA:68,9,1,0
BRDA:73,10,0,0
BRDA:74,11,0,0
BRDA:75,12,0,0
BRDA:76,13,0,0
BRDA:77,14,0,0
BRDA:122,15,0,0
BRDA:124,16,0,0
BRDA:125,17,0,0
BRDA:131,18,0,0
BRDA:131,18,1,0
BRDA:171,19,0,0
BRDA:173,20,0,0
BRDA:174,21,0,0
BRDA:175,22,0,0
BRDA:176,23,0,0
BRDA:188,24,0,0
BRDA:188,24,1,0
BRDA:190,25,0,0
BRDA:190,25,1,0
BRDA:215,26,0,0
BRDA:215,26,1,0
BRDA:222,27,0,0
BRDA:222,27,1,0
BRDA:226,28,0,0
BRDA:226,28,1,0
BRDA:242,29,0,0
BRDA:242,29,1,0
BRDA:276,30,0,0
BRDA:276,30,1,0
BRDA:283,31,0,0
BRDA:283,31,1,0
BRDA:288,32,0,0
BRDA:288,32,1,0
BRDA:310,33,0,0
BRDA:310,33,1,0
BRDA:326,34,0,0
BRDA:326,34,1,0
BRDA:339,35,0,0
BRDA:339,35,1,0
BRDA:343,36,0,0
BRDA:343,36,1,0
BRDA:347,37,0,0
BRDA:347,37,1,0
BRDA:351,38,0,0
BRDA:351,38,1,0
BRF:63
BRH:0
end_of_record
TN:
SF:src\infrastructure\workers\job.worker.js
FN:23,handleJob
FN:67,(anonymous_1)
FN:68,(anonymous_2)
FN:91,applyContingency
FN:95,(anonymous_4)
FN:101,(anonymous_5)
FN:116,runMonteCarlo
FN:181,applyScenarioModifications
FN:186,(anonymous_8)
FN:187,(anonymous_9)
FN:197,(anonymous_10)
FN:198,(anonymous_11)
FN:208,(anonymous_12)
FN:209,(anonymous_13)
FN:225,calculateScenarioMetrics
FN:227,(anonymous_15)
FN:231,(anonymous_16)
FN:237,(anonymous_17)
FN:251,(anonymous_18)
FN:259,(anonymous_19)
FN:268,(anonymous_20)
FN:292,calculateMonteCarloStats
FN:293,(anonymous_22)
FN:294,(anonymous_23)
FN:297,(anonymous_24)
FN:301,(anonymous_25)
FN:303,(anonymous_26)
FN:307,(anonymous_27)
FN:341,calculateStandardDeviation
FN:342,(anonymous_29)
FN:344,(anonymous_30)
FN:349,(anonymous_31)
FN:373,(anonymous_32)
FNF:33
FNH:0
FNDA:0,handleJob
FNDA:0,(anonymous_1)
FNDA:0,(anonymous_2)
FNDA:0,applyContingency
FNDA:0,(anonymous_4)
FNDA:0,(anonymous_5)
FNDA:0,runMonteCarlo
FNDA:0,applyScenarioModifications
FNDA:0,(anonymous_8)
FNDA:0,(anonymous_9)
FNDA:0,(anonymous_10)
FNDA:0,(anonymous_11)
FNDA:0,(anonymous_12)
FNDA:0,(anonymous_13)
FNDA:0,calculateScenarioMetrics
FNDA:0,(anonymous_15)
FNDA:0,(anonymous_16)
FNDA:0,(anonymous_17)
FNDA:0,(anonymous_18)
FNDA:0,(anonymous_19)
FNDA:0,(anonymous_20)
FNDA:0,calculateMonteCarloStats
FNDA:0,(anonymous_22)
FNDA:0,(anonymous_23)
FNDA:0,(anonymous_24)
FNDA:0,(anonymous_25)
FNDA:0,(anonymous_26)
FNDA:0,(anonymous_27)
FNDA:0,calculateStandardDeviation
FNDA:0,(anonymous_29)
FNDA:0,(anonymous_30)
FNDA:0,(anonymous_31)
FNDA:0,(anonymous_32)
DA:7,0
DA:8,0
DA:9,0
DA:10,0
DA:11,0
DA:14,0
DA:17,0
DA:24,0
DA:27,0
DA:29,0
DA:33,0
DA:36,0
DA:37,0
DA:40,0
DA:41,0
DA:44,0
DA:45,0
DA:47,0
DA:48,0
DA:49,0
DA:54,0
DA:55,0
DA:62,0
DA:67,0
DA:68,0
DA:72,0
DA:75,0
DA:76,0
DA:79,0
DA:82,0
DA:92,0
DA:94,0
DA:95,0
DA:96,0
DA:97,0
DA:98,0
DA:100,0
DA:101,0
DA:102,0
DA:103,0
DA:107,0
DA:118,0
DA:122,0
DA:124,0
DA:126,0
DA:129,0
DA:132,0
DA:137,0
DA:138,0
DA:144,0
DA:148,0
DA:150,0
DA:160,0
DA:163,0
DA:167,0
DA:182,0
DA:185,0
DA:186,0
DA:187,0
DA:188,0
DA:189,0
DA:196,0
DA:197,0
DA:198,0
DA:199,0
DA:200,0
DA:201,0
DA:207,0
DA:208,0
DA:209,0
DA:210,0
DA:211,0
DA:216,0
DA:226,0
DA:227,0
DA:230,0
DA:231,0
DA:236,0
DA:237,0
DA:238,0
DA:239,0
DA:240,0
DA:243,0
DA:244,0
DA:250,0
DA:251,0
DA:252,0
DA:253,0
DA:254,0
DA:258,0
DA:260,0
DA:261,0
DA:267,0
DA:269,0
DA:270,0
DA:276,0
DA:293,0
DA:294,0
DA:297,0
DA:298,0
DA:301,0
DA:303,0
DA:304,0
DA:307,0
DA:310,0
DA:342,0
DA:344,0
DA:345,0
DA:349,0
DA:350,0
DA:351,0
DA:352,0
DA:353,0
DA:355,0
DA:363,0
DA:373,0
DA:374,0
LF:117
LH:0
BRDA:27,0,0,0
BRDA:27,0,1,0
BRDA:27,0,2,0
BRDA:27,0,3,0
BRDA:27,0,4,0
BRDA:27,0,5,0
BRDA:30,1,0,0
BRDA:30,1,1,0
BRDA:94,2,0,0
BRDA:94,2,1,0
BRDA:96,3,0,0
BRDA:96,3,1,0
BRDA:100,4,0,0
BRDA:100,4,1,0
BRDA:102,5,0,0
BRDA:102,5,1,0
BRDA:137,6,0,0
BRDA:137,6,1,0
BRDA:185,7,0,0
BRDA:185,7,1,0
BRDA:188,8,0,0
BRDA:188,8,1,0
BRDA:188,9,0,0
BRDA:188,9,1,0
BRDA:189,10,0,0
BRDA:189,10,1,0
BRDA:196,11,0,0
BRDA:196,11,1,0
BRDA:199,12,0,0
BRDA:199,12,1,0
BRDA:200,13,0,0
BRDA:200,13,1,0
BRDA:201,14,0,0
BRDA:201,14,1,0
BRDA:207,15,0,0
BRDA:207,15,1,0
BRDA:210,16,0,0
BRDA:210,16,1,0
BRDA:210,17,0,0
BRDA:210,17,1,0
BRDA:211,18,0,0
BRDA:211,18,1,0
BRDA:227,19,0,0
BRDA:227,19,1,0
BRDA:231,20,0,0
BRDA:231,20,1,0
BRDA:239,21,0,0
BRDA:239,21,1,0
BRDA:243,22,0,0
BRDA:243,22,1,0
BRDA:243,23,0,0
BRDA:243,23,1,0
BRDA:253,24,0,0
BRDA:253,24,1,0
BRDA:253,25,0,0
BRDA:253,25,1,0
BRDA:261,26,0,0
BRDA:261,26,1,0
BRDA:270,27,0,0
BRDA:270,27,1,0
BRDA:298,28,0,0
BRDA:298,28,1,0
BRDA:304,29,0,0
BRDA:304,29,1,0
BRF:64
BRH:0
end_of_record
TN:
SF:src\infrastructure\workers\powerflow.worker.js
FN:14,(anonymous_0)
FNF:1
FNH:0
FNDA:0,(anonymous_0)
DA:8,0
DA:9,0
DA:14,0
DA:15,0
DA:16,0
DA:19,0
DA:20,0
DA:25,0
DA:31,0
DA:36,0
LF:10
LH:0
BRDA:19,0,0,0
BRDA:19,0,1,0
BRDA:21,1,0,0
BRDA:21,1,1,0
BRDA:22,2,0,0
BRDA:22,2,1,0
BRDA:26,3,0,0
BRDA:26,3,1,0
BRDA:27,4,0,0
BRDA:27,4,1,0
BRF:10
BRH:0
end_of_record
TN:
SF:src\infrastructure\workers\simulation.worker.js
FN:15,handleSimulation
FN:58,(anonymous_1)
FN:59,(anonymous_2)
FN:78,applyContingency
FN:82,(anonymous_4)
FN:88,(anonymous_5)
FN:98,(anonymous_6)
FN:122,(anonymous_7)
FNF:8
FNH:0
FNDA:0,handleSimulation
FNDA:0,(anonymous_1)
FNDA:0,(anonymous_2)
FNDA:0,applyContingency
FNDA:0,(anonymous_4)
FNDA:0,(anonymous_5)
FNDA:0,(anonymous_6)
FNDA:0,(anonymous_7)
DA:7,0
DA:8,0
DA:9,0
DA:18,0
DA:20,0
DA:24,0
DA:27,0
DA:28,0
DA:31,0
DA:32,0
DA:35,0
DA:36,0
DA:38,0
DA:39,0
DA:40,0
DA:45,0
DA:46,0
DA:53,0
DA:58,0
DA:59,0
DA:63,0
DA:66,0
DA:69,0
DA:79,0
DA:81,0
DA:82,0
DA:83,0
DA:84,0
DA:85,0
DA:87,0
DA:88,0
DA:89,0
DA:90,0
DA:94,0
DA:98,0
DA:99,0
DA:100,0
DA:101,0
DA:102,0
DA:104,0
DA:112,0
DA:122,0
DA:123,0
LF:43
LH:0
BRDA:18,0,0,0
BRDA:18,0,1,0
BRDA:18,0,2,0
BRDA:18,0,3,0
BRDA:18,0,4,0
BRDA:21,1,0,0
BRDA:21,1,1,0
BRDA:81,2,0,0
BRDA:81,2,1,0
BRDA:83,3,0,0
BRDA:83,3,1,0
BRDA:87,4,0,0
BRDA:87,4,1,0
BRDA:89,5,0,0
BRDA:89,5,1,0
BRF:15
BRH:0
end_of_record
TN:
SF:src\infrastructure\workers\workerPool.js
FN:12,(anonymous_0)
FN:34,(anonymous_1)
FN:45,(anonymous_2)
FN:65,(anonymous_3)
FN:66,(anonymous_4)
FN:86,(anonymous_5)
FN:112,(anonymous_6)
FN:130,(anonymous_7)
FN:139,(anonymous_8)
FN:156,(anonymous_9)
FN:160,(anonymous_10)
FN:174,(anonymous_11)
FN:196,(anonymous_12)
FN:209,(anonymous_13)
FN:215,(anonymous_14)
FN:219,(anonymous_15)
FN:230,(anonymous_16)
FNF:17
FNH:0
FNDA:0,(anonymous_0)
FNDA:0,(anonymous_1)
FNDA:0,(anonymous_2)
FNDA:0,(anonymous_3)
FNDA:0,(anonymous_4)
FNDA:0,(anonymous_5)
FNDA:0,(anonymous_6)
FNDA:0,(anonymous_7)
FNDA:0,(anonymous_8)
FNDA:0,(anonymous_9)
FNDA:0,(anonymous_10)
FNDA:0,(anonymous_11)
FNDA:0,(anonymous_12)
FNDA:0,(anonymous_13)
FNDA:0,(anonymous_14)
FNDA:0,(anonymous_15)
FNDA:0,(anonymous_16)
DA:1,0
DA:8,0
DA:9,0
DA:13,0
DA:14,0
DA:15,0
DA:16,0
DA:17,0
DA:18,0
DA:19,0
DA:20,0
DA:35,0
DA:47,0
DA:52,0
DA:53,0
DA:57,0
DA:66,0
DA:67,0
DA:68,0
DA:70,0
DA:78,0
DA:79,0
DA:88,0
DA:94,0
DA:95,0
DA:96,0
DA:100,0
DA:101,0
DA:102,0
DA:106,0
DA:107,0
DA:108,0
DA:110,0
DA:112,0
DA:113,0
DA:116,0
DA:117,0
DA:120,0
DA:121,0
DA:123,0
DA:124,0
DA:127,0
DA:130,0
DA:131,0
DA:132,0
DA:133,0
DA:136,0
DA:139,0
DA:140,0
DA:142,0
DA:147,0
DA:158,0
DA:160,0
DA:161,0
DA:164,0
DA:165,0
DA:176,0
DA:180,0
DA:181,0
DA:182,0
DA:183,0
DA:184,0
DA:188,0
DA:189,0
DA:197,0
DA:211,0
DA:214,0
DA:215,0
DA:219,0
DA:220,0
DA:223,0
DA:231,0
DA:257,0
LF:73
LH:0
BRDA:12,0,0,0
BRDA:14,1,0,0
BRDA:14,1,1,0
BRDA:15,2,0,0
BRDA:15,2,1,0
BRDA:106,3,0,0
BRDA:106,3,1,0
BRDA:174,4,0,0
BRDA:240,5,0,0
BRDA:240,5,1,0
BRF:10
BRH:0
end_of_record
TN:
SF:src\shared\math\Complex.js
FN:8,(anonymous_0)
FN:13,(anonymous_1)
FN:17,(anonymous_2)
FN:21,(anonymous_3)
FN:25,(anonymous_4)
FN:29,(anonymous_5)
FN:33,(anonymous_6)
FN:43,(anonymous_7)
FN:55,(anonymous_8)
FN:59,(anonymous_9)
FN:64,(anonymous_10)
FN:74,(anonymous_11)
FN:78,(anonymous_12)
FN:85,(anonymous_13)
FN:92,(anonymous_14)
FN:101,(anonymous_15)
FN:105,(anonymous_16)
FN:109,(anonymous_17)
FN:113,(anonymous_18)
FNF:19
FNH:14
FNDA:85,(anonymous_0)
FNDA:10,(anonymous_1)
FNDA:10,(anonymous_2)
FNDA:7,(anonymous_3)
FNDA:3,(anonymous_4)
FNDA:2,(anonymous_5)
FNDA:4,(anonymous_6)
FNDA:4,(anonymous_7)
FNDA:3,(anonymous_8)
FNDA:2,(anonymous_9)
FNDA:6,(anonymous_10)
FNDA:3,(anonymous_11)
FNDA:4,(anonymous_12)
FNDA:4,(anonymous_13)
FNDA:0,(anonymous_14)
FNDA:0,(anonymous_15)
FNDA:0,(anonymous_16)
FNDA:0,(anonymous_17)
FNDA:0,(anonymous_18)
DA:9,85
DA:10,85
DA:14,10
DA:18,10
DA:22,7
DA:26,3
DA:30,2
DA:34,4
DA:35,2
DA:37,2
DA:44,4
DA:45,2
DA:48,2
DA:49,2
DA:56,3
DA:60,2
DA:61,2
DA:65,6
DA:66,5
DA:67,4
DA:69,3
DA:70,3
DA:71,3
DA:75,3
DA:79,4
DA:86,4
DA:87,3
DA:88,2
DA:89,1
DA:93,0
DA:102,0
DA:106,0
DA:110,0
DA:114,0
DA:118,2
LF:35
LH:30
BRDA:8,0,0,0
BRDA:8,1,0,1
BRDA:34,2,0,2
BRDA:34,2,1,2
BRDA:44,3,0,2
BRDA:44,3,1,2
BRDA:65,4,0,1
BRDA:65,4,1,5
BRDA:66,5,0,1
BRDA:66,5,1,4
BRDA:67,6,0,1
BRDA:67,6,1,3
BRDA:78,7,0,2
BRDA:80,8,0,4
BRDA:80,8,1,2
BRDA:86,9,0,1
BRDA:86,9,1,3
BRDA:87,10,0,1
BRDA:87,10,1,2
BRDA:88,11,0,1
BRDA:88,11,1,1
BRF:21
BRH:20
end_of_record
TN:
SF:src\shared\utils\electricalUtils.js
FN:13,toElectricalPrecision
FN:28,calculateVoltageDrop
FN:60,calculatePowerLoss
FN:78,calculateShortCircuitCurrent
FN:118,calculatePowerFactor
FN:137,calculateApparentPower
FN:156,convertPowerUnits
FN:196,validateElectricalParams
FN:248,calculateThreePhasePower
FN:267,calculatePerUnit
FN:286,convertPerUnitToActual
FNF:11
FNH:11
FNDA:10216,toElectricalPrecision
FNDA:12,calculateVoltageDrop
FNDA:7,calculatePowerLoss
FNDA:10,calculateShortCircuitCurrent
FNDA:13,calculatePowerFactor
FNDA:14,calculateApparentPower
FNDA:9,convertPowerUnits
FNDA:4,validateElectricalParams
FNDA:5,calculateThreePhasePower
FNDA:7,calculatePerUnit
FNDA:6,convertPerUnitToActual
DA:14,10216
DA:15,10
DA:17,10206
DA:29,12
DA:30,2
DA:32,10
DA:33,1
DA:35,9
DA:36,1
DA:39,8
DA:44,8
DA:45,8
DA:47,8
DA:61,7
DA:62,1
DA:64,6
DA:65,1
DA:68,5
DA:69,5
DA:79,10
DA:80,1
DA:83,9
DA:84,8
DA:85,3
DA:87,5
DA:88,5
DA:91,1
DA:92,1
DA:96,0
DA:100,0
DA:103,0
DA:104,0
DA:105,0
DA:108,0
DA:109,0
DA:119,13
DA:120,1
DA:122,12
DA:123,1
DA:125,11
DA:126,3
DA:128,8
DA:138,14
DA:139,2
DA:141,12
DA:142,2
DA:145,10
DA:146,10
DA:157,9
DA:158,1
DA:160,8
DA:161,0
DA:164,8
DA:173,8
DA:174,1
DA:178,7
DA:179,1
DA:184,6
DA:185,6
DA:187,6
DA:188,6
DA:197,4
DA:200,4
DA:201,2
DA:202,1
DA:207,4
DA:208,2
DA:209,1
DA:214,4
DA:215,0
DA:216,0
DA:218,0
DA:222,0
DA:229,4
DA:230,1
DA:231,0
DA:235,4
DA:249,5
DA:250,3
DA:251,3
DA:253,3
DA:268,7
DA:269,1
DA:271,6
DA:272,1
DA:274,5
DA:275,1
DA:277,4
DA:287,6
DA:288,1
DA:290,5
DA:291,0
DA:293,5
DA:297,3
DA:299,3
LF:95
LH:81
BRDA:13,0,0,10212
BRDA:14,1,0,10
BRDA:14,1,1,10206
BRDA:14,2,0,10216
BRDA:14,2,1,10208
BRDA:28,3,0,10
BRDA:29,4,0,2
BRDA:29,4,1,10
BRDA:29,5,0,12
BRDA:29,5,1,11
BRDA:32,6,0,1
BRDA:32,6,1,9
BRDA:32,7,0,10
BRDA:32,7,1,9
BRDA:35,8,0,1
BRDA:35,8,1,8
BRDA:35,9,0,9
BRDA:35,9,1,8
BRDA:61,10,0,1
BRDA:61,10,1,6
BRDA:61,11,0,7
BRDA:61,11,1,6
BRDA:64,12,0,1
BRDA:64,12,1,5
BRDA:64,13,0,6
BRDA:64,13,1,5
BRDA:79,14,0,1
BRDA:79,14,1,9
BRDA:79,15,0,10
BRDA:79,15,1,9
BRDA:83,16,0,8
BRDA:83,16,1,1
BRDA:84,17,0,3
BRDA:84,17,1,5
BRDA:91,18,0,1
BRDA:91,18,1,0
BRDA:91,19,0,1
BRDA:91,19,1,1
BRDA:96,20,0,0
BRDA:96,20,1,0
BRDA:97,21,0,0
BRDA:97,21,1,0
BRDA:104,22,0,0
BRDA:104,22,1,0
BRDA:119,23,0,1
BRDA:119,23,1,12
BRDA:119,24,0,13
BRDA:119,24,1,12
BRDA:122,25,0,1
BRDA:122,25,1,11
BRDA:122,26,0,12
BRDA:122,26,1,11
BRDA:125,27,0,3
BRDA:125,27,1,8
BRDA:138,28,0,2
BRDA:138,28,1,12
BRDA:138,29,0,14
BRDA:138,29,1,12
BRDA:141,30,0,2
BRDA:141,30,1,10
BRDA:141,31,0,12
BRDA:141,31,1,10
BRDA:157,32,0,1
BRDA:157,32,1,8
BRDA:157,33,0,9
BRDA:157,33,1,8
BRDA:160,34,0,0
BRDA:160,34,1,8
BRDA:160,35,0,8
BRDA:160,35,1,8
BRDA:173,36,0,1
BRDA:173,36,1,7
BRDA:178,37,0,1
BRDA:178,37,1,6
BRDA:200,38,0,2
BRDA:200,38,1,2
BRDA:201,39,0,1
BRDA:201,39,1,1
BRDA:201,40,0,2
BRDA:201,40,1,1
BRDA:207,41,0,2
BRDA:207,41,1,2
BRDA:208,42,0,1
BRDA:208,42,1,1
BRDA:208,43,0,2
BRDA:208,43,1,1
BRDA:214,44,0,0
BRDA:214,44,1,4
BRDA:215,45,0,0
BRDA:215,45,1,0
BRDA:218,46,0,0
BRDA:218,46,1,0
BRDA:219,47,0,0
BRDA:219,47,1,0
BRDA:229,48,0,1
BRDA:229,48,1,3
BRDA:230,49,0,0
BRDA:230,49,1,1
BRDA:248,50,0,0
BRDA:268,51,0,1
BRDA:268,51,1,6
BRDA:268,52,0,7
BRDA:268,52,1,6
BRDA:271,53,0,1
BRDA:271,53,1,5
BRDA:271,54,0,6
BRDA:271,54,1,5
BRDA:274,55,0,1
BRDA:274,55,1,4
BRDA:287,56,0,1
BRDA:287,56,1,5
BRDA:287,57,0,6
BRDA:287,57,1,5
BRDA:290,58,0,0
BRDA:290,58,1,5
BRDA:290,59,0,5
BRDA:290,59,1,5
BRF:117
BRH:99
end_of_record
TN:
SF:src\shared\utils\electricalUtilsMissing.js
FN:7,toElectricalPrecision
FN:22,convertVoltage
FN:61,convertCurrent
FN:87,convertPower
FN:117,convertImpedance
FN:155,calculateReactivePower
FN:175,validateElectricalValue
FN:236,formatElectricalValue
FNF:8
FNH:8
FNDA:2075,toElectricalPrecision
FNDA:2030,convertVoltage
FNDA:21,convertCurrent
FNDA:9,convertPower
FNDA:9,convertImpedance
FNDA:3,calculateReactivePower
FNDA:97,validateElectricalValue
FNDA:5,formatElectricalValue
DA:8,2075
DA:9,0
DA:11,2075
DA:23,2030
DA:31,2030
DA:35,2
DA:40,2028
DA:41,4
DA:43,2024
DA:47,2028
DA:48,12
DA:50,2016
DA:62,21
DA:69,21
DA:73,0
DA:76,21
DA:77,21
DA:88,9
DA:98,9
DA:102,0
DA:105,9
DA:106,9
DA:118,9
DA:126,9
DA:130,0
DA:135,9
DA:136,2
DA:138,7
DA:142,9
DA:143,3
DA:145,6
DA:156,3
DA:157,0
DA:159,3
DA:160,0
DA:163,3
DA:164,3
DA:165,3
DA:176,97
DA:177,0
DA:183,97
DA:211,97
DA:212,97
DA:213,1
DA:219,96
DA:220,23
DA:226,73
DA:237,5
DA:238,0
DA:240,5
DA:241,5
DA:244,3
LF:52
LH:44
BRDA:7,0,0,2070
BRDA:8,1,0,0
BRDA:8,1,1,2075
BRDA:8,2,0,2075
BRDA:8,2,1,2075
BRDA:22,3,0,2014
BRDA:31,4,0,2
BRDA:31,4,1,2028
BRDA:32,5,0,2030
BRDA:32,5,1,2030
BRDA:40,6,0,4
BRDA:40,6,1,2024
BRDA:47,7,0,12
BRDA:47,7,1,2016
BRDA:69,8,0,0
BRDA:69,8,1,21
BRDA:70,9,0,21
BRDA:70,9,1,21
BRDA:98,10,0,0
BRDA:98,10,1,9
BRDA:99,11,0,9
BRDA:99,11,1,9
BRDA:117,12,0,4
BRDA:126,13,0,0
BRDA:126,13,1,9
BRDA:127,14,0,9
BRDA:127,14,1,9
BRDA:135,15,0,2
BRDA:135,15,1,7
BRDA:142,16,0,3
BRDA:142,16,1,6
BRDA:156,17,0,0
BRDA:156,17,1,3
BRDA:156,18,0,3
BRDA:156,18,1,3
BRDA:159,19,0,0
BRDA:159,19,1,3
BRDA:159,20,0,3
BRDA:159,20,1,3
BRDA:164,21,0,0
BRDA:164,21,1,3
BRDA:176,22,0,0
BRDA:176,22,1,97
BRDA:176,23,0,97
BRDA:176,23,1,97
BRDA:212,24,0,1
BRDA:212,24,1,96
BRDA:219,25,0,23
BRDA:219,25,1,73
BRDA:219,26,0,96
BRDA:219,26,1,82
BRDA:236,27,0,3
BRDA:237,28,0,0
BRDA:237,28,1,5
BRDA:237,29,0,5
BRDA:237,29,1,5
BRF:56
BRH:47
end_of_record
